{"uid":"4d712c7e98d33d9a","name":"TC_13_01 with parameters: NoReg, id, CCSTV.   2023-02-15 21:51:14.956932","fullName":"tests.Capital.us_01_capital_test.Test_US_01#test_13_01_widget_new_to_trading","historyId":"28f13dcde2fd631c00e12a4da83dd52d","time":{"start":1676497874959,"stop":1676497879980,"duration":5021},"description":"\n        Check: widget \"New to trading?\" -> button \"Practise for free\"\n        Language: All. Licence: All.\n        ","descriptionHtml":"<pre><code>    Check: widget &quot;New to trading?&quot; -&gt; button &quot;Practise for free&quot;\n    Language: All. Licence: All.\n</code></pre>\n","status":"broken","statusMessage":"selenium.common.exceptions.NoSuchElementException: Message: no such element: Unable to locate element: {\"method\":\"css selector\",\"selector\":\"div.newToTrade a.js_signup\"}\n  (Session info: chrome=109.0.5414.119)\nStacktrace:\n#0 0x5635fadc9303 <unknown>\n#1 0x5635fab9dd37 <unknown>\n#2 0x5635fabda5b2 <unknown>\n#3 0x5635fabda6c1 <unknown>\n#4 0x5635fac14b34 <unknown>\n#5 0x5635fabfa9ad <unknown>\n#6 0x5635fac1288c <unknown>\n#7 0x5635fabfa753 <unknown>\n#8 0x5635fabcda14 <unknown>\n#9 0x5635fabceb7e <unknown>\n#10 0x5635fae1832e <unknown>\n#11 0x5635fae1bc0e <unknown>\n#12 0x5635fadfe610 <unknown>\n#13 0x5635fae1cc23 <unknown>\n#14 0x5635fadf0545 <unknown>\n#15 0x5635fae3d6a8 <unknown>\n#16 0x5635fae3d836 <unknown>\n#17 0x5635fae58d13 <unknown>\n#18 0x7f59386e7b43 <unknown>","statusTrace":"self = <us_01_capital_test.Test_US_01 object at 0x7f53286e8e80>\nworker_id = 'gw0'\nd = <selenium.webdriver.chrome.webdriver.WebDriver (session=\"a68d1605a4c257d40173c28e1d342572\")>\ncur_login = 'Empty', cur_password = 'Empty', cur_role = 'NoReg'\ncur_language = 'id', cur_license = 'CCSTV', prob_run_tc = ''\ndatetime_now = '2023-02-15 21:51:14.956932'\n\n    @allure.feature(\"F_13 | Testing 'New to trading?' widget\")\n    @allure.story(\"S_13.01 | Testing 'Practise for free' button on the 'Explore our platform' widget\")\n    @allure.step(\"Run test for widget 'New to trading?'.\")\n    @allure.title(\"TC_13_01 with parameters: {cur_role}, {cur_language}, {cur_license}.   {datetime_now}\")\n    def test_13_01_widget_new_to_trading(\n            self, worker_id, d, cur_login, cur_password, cur_role, cur_language, cur_license, prob_run_tc, datetime_now\n    ):\n        \"\"\"\n        Check: widget \"New to trading?\" -> button \"Practise for free\"\n        Language: All. Licence: All.\n        \"\"\"\n        if prob_run_tc != \"\":\n            pytest.skip(f\"{prob_run_tc}   {datetime_now}\")\n    \n        print(f\"worker_id = {worker_id}\")\n    \n        page = Conditions(d, \"\")\n        test_link = page.preconditions(\n            d, CapitalComPageSrc.URL, \"\", cur_login, cur_password, cur_role, cur_language, cur_license\n        )\n    \n        page = Capital(d, test_link)\n        if not page.current_page_is(test_link):\n            page.open_page()\n    \n>       page.tc1301_widget_new_to_trading_button_practise_for_free_click(cur_language)\n\ntests/Capital/us_01_capital_test.py:1507: \n_ _ _ _ _ _ _ _ _ _ _ _ _ _ _ _ _ _ _ _ _ _ _ _ _ _ _ _ _ _ _ _ _ _ _ _ _ _ _ _ \npages/capital.py:372: in tc1301_widget_new_to_trading_button_practise_for_free_click\n    button = self.browser.find_element(*WidgetNewToTrading.BUTTON_PRACTISE_FOR_FREE_DE)\n../../../.cache/pypoetry/virtualenvs/testcapitalcom-G_ZVEfM_-py3.10/lib/python3.10/site-packages/selenium/webdriver/remote/webdriver.py:830: in find_element\n    return self.execute(Command.FIND_ELEMENT, {\"using\": by, \"value\": value})[\"value\"]\n../../../.cache/pypoetry/virtualenvs/testcapitalcom-G_ZVEfM_-py3.10/lib/python3.10/site-packages/selenium/webdriver/remote/webdriver.py:440: in execute\n    self.error_handler.check_response(response)\n_ _ _ _ _ _ _ _ _ _ _ _ _ _ _ _ _ _ _ _ _ _ _ _ _ _ _ _ _ _ _ _ _ _ _ _ _ _ _ _ \n\nself = <selenium.webdriver.remote.errorhandler.ErrorHandler object at 0x7f5328af9030>\nresponse = {'status': 404, 'value': '{\"value\":{\"error\":\"no such element\",\"message\":\"no such element: Unable to locate element: {\\...\\\\n#16 0x5635fae3d836 \\\\u003Cunknown>\\\\n#17 0x5635fae58d13 \\\\u003Cunknown>\\\\n#18 0x7f59386e7b43 \\\\u003Cunknown>\\\\n\"}}'}\n\n    def check_response(self, response: Dict[str, Any]) -> None:\n        \"\"\"Checks that a JSON response from the WebDriver does not have an\n        error.\n    \n        :Args:\n         - response - The JSON response from the WebDriver server as a dictionary\n           object.\n    \n        :Raises: If the response contains an error message.\n        \"\"\"\n        status = response.get(\"status\", None)\n        if not status or status == ErrorCode.SUCCESS:\n            return\n        value = None\n        message = response.get(\"message\", \"\")\n        screen: str = response.get(\"screen\", \"\")\n        stacktrace = None\n        if isinstance(status, int):\n            value_json = response.get(\"value\", None)\n            if value_json and isinstance(value_json, str):\n                import json\n    \n                try:\n                    value = json.loads(value_json)\n                    if len(value.keys()) == 1:\n                        value = value[\"value\"]\n                    status = value.get(\"error\", None)\n                    if not status:\n                        status = value.get(\"status\", ErrorCode.UNKNOWN_ERROR)\n                        message = value.get(\"value\") or value.get(\"message\")\n                        if not isinstance(message, str):\n                            value = message\n                            message = message.get(\"message\")\n                    else:\n                        message = value.get(\"message\", None)\n                except ValueError:\n                    pass\n    \n        exception_class: Type[WebDriverException]\n        if status in ErrorCode.NO_SUCH_ELEMENT:\n            exception_class = NoSuchElementException\n        elif status in ErrorCode.NO_SUCH_FRAME:\n            exception_class = NoSuchFrameException\n        elif status in ErrorCode.NO_SUCH_SHADOW_ROOT:\n            exception_class = NoSuchShadowRootException\n        elif status in ErrorCode.NO_SUCH_WINDOW:\n            exception_class = NoSuchWindowException\n        elif status in ErrorCode.STALE_ELEMENT_REFERENCE:\n            exception_class = StaleElementReferenceException\n        elif status in ErrorCode.ELEMENT_NOT_VISIBLE:\n            exception_class = ElementNotVisibleException\n        elif status in ErrorCode.INVALID_ELEMENT_STATE:\n            exception_class = InvalidElementStateException\n        elif (\n            status in ErrorCode.INVALID_SELECTOR\n            or status in ErrorCode.INVALID_XPATH_SELECTOR\n            or status in ErrorCode.INVALID_XPATH_SELECTOR_RETURN_TYPER\n        ):\n            exception_class = InvalidSelectorException\n        elif status in ErrorCode.ELEMENT_IS_NOT_SELECTABLE:\n            exception_class = ElementNotSelectableException\n        elif status in ErrorCode.ELEMENT_NOT_INTERACTABLE:\n            exception_class = ElementNotInteractableException\n        elif status in ErrorCode.INVALID_COOKIE_DOMAIN:\n            exception_class = InvalidCookieDomainException\n        elif status in ErrorCode.UNABLE_TO_SET_COOKIE:\n            exception_class = UnableToSetCookieException\n        elif status in ErrorCode.TIMEOUT:\n            exception_class = TimeoutException\n        elif status in ErrorCode.SCRIPT_TIMEOUT:\n            exception_class = TimeoutException\n        elif status in ErrorCode.UNKNOWN_ERROR:\n            exception_class = WebDriverException\n        elif status in ErrorCode.UNEXPECTED_ALERT_OPEN:\n            exception_class = UnexpectedAlertPresentException\n        elif status in ErrorCode.NO_ALERT_OPEN:\n            exception_class = NoAlertPresentException\n        elif status in ErrorCode.IME_NOT_AVAILABLE:\n            exception_class = ImeNotAvailableException\n        elif status in ErrorCode.IME_ENGINE_ACTIVATION_FAILED:\n            exception_class = ImeActivationFailedException\n        elif status in ErrorCode.MOVE_TARGET_OUT_OF_BOUNDS:\n            exception_class = MoveTargetOutOfBoundsException\n        elif status in ErrorCode.JAVASCRIPT_ERROR:\n            exception_class = JavascriptException\n        elif status in ErrorCode.SESSION_NOT_CREATED:\n            exception_class = SessionNotCreatedException\n        elif status in ErrorCode.INVALID_ARGUMENT:\n            exception_class = InvalidArgumentException\n        elif status in ErrorCode.NO_SUCH_COOKIE:\n            exception_class = NoSuchCookieException\n        elif status in ErrorCode.UNABLE_TO_CAPTURE_SCREEN:\n            exception_class = ScreenshotException\n        elif status in ErrorCode.ELEMENT_CLICK_INTERCEPTED:\n            exception_class = ElementClickInterceptedException\n        elif status in ErrorCode.INSECURE_CERTIFICATE:\n            exception_class = InsecureCertificateException\n        elif status in ErrorCode.INVALID_COORDINATES:\n            exception_class = InvalidCoordinatesException\n        elif status in ErrorCode.INVALID_SESSION_ID:\n            exception_class = InvalidSessionIdException\n        elif status in ErrorCode.UNKNOWN_METHOD:\n            exception_class = UnknownMethodException\n        else:\n            exception_class = WebDriverException\n        if not value:\n            value = response[\"value\"]\n        if isinstance(value, str):\n            raise exception_class(value)\n        if message == \"\" and \"message\" in value:\n            message = value[\"message\"]\n    \n        screen = None  # type: ignore[assignment]\n        if \"screen\" in value:\n            screen = value[\"screen\"]\n    \n        stacktrace = None\n        st_value = value.get(\"stackTrace\") or value.get(\"stacktrace\")\n        if st_value:\n            if isinstance(st_value, str):\n                stacktrace = st_value.split(\"\\n\")\n            else:\n                stacktrace = []\n                try:\n                    for frame in st_value:\n                        line = frame.get(\"lineNumber\", \"\")\n                        file = frame.get(\"fileName\", \"<anonymous>\")\n                        if line:\n                            file = f\"{file}:{line}\"\n                        meth = frame.get(\"methodName\", \"<anonymous>\")\n                        if \"className\" in frame:\n                            meth = f\"{frame['className']}.{meth}\"\n                        msg = \"    at %s (%s)\"\n                        msg = msg % (meth, file)\n                        stacktrace.append(msg)\n                except TypeError:\n                    pass\n        if exception_class == UnexpectedAlertPresentException:\n            alert_text = None\n            if \"data\" in value:\n                alert_text = value[\"data\"].get(\"text\")\n            elif \"alert\" in value:\n                alert_text = value[\"alert\"].get(\"text\")\n            raise exception_class(message, screen, stacktrace, alert_text)  # type: ignore[call-arg]  # mypy is not smart enough here\n>       raise exception_class(message, screen, stacktrace)\nE       selenium.common.exceptions.NoSuchElementException: Message: no such element: Unable to locate element: {\"method\":\"css selector\",\"selector\":\"div.newToTrade a.js_signup\"}\nE         (Session info: chrome=109.0.5414.119)\nE       Stacktrace:\nE       #0 0x5635fadc9303 <unknown>\nE       #1 0x5635fab9dd37 <unknown>\nE       #2 0x5635fabda5b2 <unknown>\nE       #3 0x5635fabda6c1 <unknown>\nE       #4 0x5635fac14b34 <unknown>\nE       #5 0x5635fabfa9ad <unknown>\nE       #6 0x5635fac1288c <unknown>\nE       #7 0x5635fabfa753 <unknown>\nE       #8 0x5635fabcda14 <unknown>\nE       #9 0x5635fabceb7e <unknown>\nE       #10 0x5635fae1832e <unknown>\nE       #11 0x5635fae1bc0e <unknown>\nE       #12 0x5635fadfe610 <unknown>\nE       #13 0x5635fae1cc23 <unknown>\nE       #14 0x5635fadf0545 <unknown>\nE       #15 0x5635fae3d6a8 <unknown>\nE       #16 0x5635fae3d836 <unknown>\nE       #17 0x5635fae58d13 <unknown>\nE       #18 0x7f59386e7b43 <unknown>\n\n../../../.cache/pypoetry/virtualenvs/testcapitalcom-G_ZVEfM_-py3.10/lib/python3.10/site-packages/selenium/webdriver/remote/errorhandler.py:245: NoSuchElementException","flaky":false,"newFailed":false,"newBroken":false,"newPassed":false,"retriesCount":0,"retriesStatusChange":false,"beforeStages":[{"name":"worker_id","time":{"start":1676495027182,"stop":1676495027182,"duration":0},"status":"passed","steps":[],"attachments":[],"parameters":[],"stepsCount":0,"attachmentsCount":0,"shouldDisplayMessage":false,"hasContent":false},{"name":"browser","time":{"start":1676495027182,"stop":1676495027183,"duration":1},"status":"passed","steps":[],"attachments":[],"parameters":[],"stepsCount":0,"attachmentsCount":0,"shouldDisplayMessage":false,"hasContent":false},{"name":"d","time":{"start":1676495027183,"stop":1676495037314,"duration":10131},"status":"passed","steps":[],"attachments":[],"parameters":[],"stepsCount":0,"attachmentsCount":0,"shouldDisplayMessage":false,"hasContent":false},{"name":"cur_role","time":{"start":1676495037314,"stop":1676495037315,"duration":1},"status":"passed","steps":[],"attachments":[],"parameters":[],"stepsCount":0,"attachmentsCount":0,"shouldDisplayMessage":false,"hasContent":false},{"name":"go","time":{"start":1676495037314,"stop":1676495037314,"duration":0},"status":"passed","steps":[],"attachments":[],"parameters":[],"stepsCount":0,"attachmentsCount":0,"shouldDisplayMessage":false,"hasContent":false},{"name":"cur_language","time":{"start":1676497616503,"stop":1676497616503,"duration":0},"status":"passed","steps":[],"attachments":[],"parameters":[],"stepsCount":0,"attachmentsCount":0,"shouldDisplayMessage":false,"hasContent":false},{"name":"cur_license","time":{"start":1676497791637,"stop":1676497791637,"duration":0},"status":"passed","steps":[],"attachments":[],"parameters":[],"stepsCount":0,"attachmentsCount":0,"shouldDisplayMessage":false,"hasContent":false},{"name":"prob_run_tc","time":{"start":1676497874955,"stop":1676497874955,"duration":0},"status":"passed","steps":[],"attachments":[],"parameters":[],"stepsCount":0,"attachmentsCount":0,"shouldDisplayMessage":false,"hasContent":false},{"name":"datetime_now","time":{"start":1676497874957,"stop":1676497874957,"duration":0},"status":"passed","steps":[],"attachments":[],"parameters":[],"stepsCount":0,"attachmentsCount":0,"shouldDisplayMessage":false,"hasContent":false}],"testStage":{"description":"\n        Check: widget \"New to trading?\" -> button \"Practise for free\"\n        Language: All. Licence: All.\n        ","status":"broken","statusMessage":"selenium.common.exceptions.NoSuchElementException: Message: no such element: Unable to locate element: {\"method\":\"css selector\",\"selector\":\"div.newToTrade a.js_signup\"}\n  (Session info: chrome=109.0.5414.119)\nStacktrace:\n#0 0x5635fadc9303 <unknown>\n#1 0x5635fab9dd37 <unknown>\n#2 0x5635fabda5b2 <unknown>\n#3 0x5635fabda6c1 <unknown>\n#4 0x5635fac14b34 <unknown>\n#5 0x5635fabfa9ad <unknown>\n#6 0x5635fac1288c <unknown>\n#7 0x5635fabfa753 <unknown>\n#8 0x5635fabcda14 <unknown>\n#9 0x5635fabceb7e <unknown>\n#10 0x5635fae1832e <unknown>\n#11 0x5635fae1bc0e <unknown>\n#12 0x5635fadfe610 <unknown>\n#13 0x5635fae1cc23 <unknown>\n#14 0x5635fadf0545 <unknown>\n#15 0x5635fae3d6a8 <unknown>\n#16 0x5635fae3d836 <unknown>\n#17 0x5635fae58d13 <unknown>\n#18 0x7f59386e7b43 <unknown>","statusTrace":"self = <us_01_capital_test.Test_US_01 object at 0x7f53286e8e80>\nworker_id = 'gw0'\nd = <selenium.webdriver.chrome.webdriver.WebDriver (session=\"a68d1605a4c257d40173c28e1d342572\")>\ncur_login = 'Empty', cur_password = 'Empty', cur_role = 'NoReg'\ncur_language = 'id', cur_license = 'CCSTV', prob_run_tc = ''\ndatetime_now = '2023-02-15 21:51:14.956932'\n\n    @allure.feature(\"F_13 | Testing 'New to trading?' widget\")\n    @allure.story(\"S_13.01 | Testing 'Practise for free' button on the 'Explore our platform' widget\")\n    @allure.step(\"Run test for widget 'New to trading?'.\")\n    @allure.title(\"TC_13_01 with parameters: {cur_role}, {cur_language}, {cur_license}.   {datetime_now}\")\n    def test_13_01_widget_new_to_trading(\n            self, worker_id, d, cur_login, cur_password, cur_role, cur_language, cur_license, prob_run_tc, datetime_now\n    ):\n        \"\"\"\n        Check: widget \"New to trading?\" -> button \"Practise for free\"\n        Language: All. Licence: All.\n        \"\"\"\n        if prob_run_tc != \"\":\n            pytest.skip(f\"{prob_run_tc}   {datetime_now}\")\n    \n        print(f\"worker_id = {worker_id}\")\n    \n        page = Conditions(d, \"\")\n        test_link = page.preconditions(\n            d, CapitalComPageSrc.URL, \"\", cur_login, cur_password, cur_role, cur_language, cur_license\n        )\n    \n        page = Capital(d, test_link)\n        if not page.current_page_is(test_link):\n            page.open_page()\n    \n>       page.tc1301_widget_new_to_trading_button_practise_for_free_click(cur_language)\n\ntests/Capital/us_01_capital_test.py:1507: \n_ _ _ _ _ _ _ _ _ _ _ _ _ _ _ _ _ _ _ _ _ _ _ _ _ _ _ _ _ _ _ _ _ _ _ _ _ _ _ _ \npages/capital.py:372: in tc1301_widget_new_to_trading_button_practise_for_free_click\n    button = self.browser.find_element(*WidgetNewToTrading.BUTTON_PRACTISE_FOR_FREE_DE)\n../../../.cache/pypoetry/virtualenvs/testcapitalcom-G_ZVEfM_-py3.10/lib/python3.10/site-packages/selenium/webdriver/remote/webdriver.py:830: in find_element\n    return self.execute(Command.FIND_ELEMENT, {\"using\": by, \"value\": value})[\"value\"]\n../../../.cache/pypoetry/virtualenvs/testcapitalcom-G_ZVEfM_-py3.10/lib/python3.10/site-packages/selenium/webdriver/remote/webdriver.py:440: in execute\n    self.error_handler.check_response(response)\n_ _ _ _ _ _ _ _ _ _ _ _ _ _ _ _ _ _ _ _ _ _ _ _ _ _ _ _ _ _ _ _ _ _ _ _ _ _ _ _ \n\nself = <selenium.webdriver.remote.errorhandler.ErrorHandler object at 0x7f5328af9030>\nresponse = {'status': 404, 'value': '{\"value\":{\"error\":\"no such element\",\"message\":\"no such element: Unable to locate element: {\\...\\\\n#16 0x5635fae3d836 \\\\u003Cunknown>\\\\n#17 0x5635fae58d13 \\\\u003Cunknown>\\\\n#18 0x7f59386e7b43 \\\\u003Cunknown>\\\\n\"}}'}\n\n    def check_response(self, response: Dict[str, Any]) -> None:\n        \"\"\"Checks that a JSON response from the WebDriver does not have an\n        error.\n    \n        :Args:\n         - response - The JSON response from the WebDriver server as a dictionary\n           object.\n    \n        :Raises: If the response contains an error message.\n        \"\"\"\n        status = response.get(\"status\", None)\n        if not status or status == ErrorCode.SUCCESS:\n            return\n        value = None\n        message = response.get(\"message\", \"\")\n        screen: str = response.get(\"screen\", \"\")\n        stacktrace = None\n        if isinstance(status, int):\n            value_json = response.get(\"value\", None)\n            if value_json and isinstance(value_json, str):\n                import json\n    \n                try:\n                    value = json.loads(value_json)\n                    if len(value.keys()) == 1:\n                        value = value[\"value\"]\n                    status = value.get(\"error\", None)\n                    if not status:\n                        status = value.get(\"status\", ErrorCode.UNKNOWN_ERROR)\n                        message = value.get(\"value\") or value.get(\"message\")\n                        if not isinstance(message, str):\n                            value = message\n                            message = message.get(\"message\")\n                    else:\n                        message = value.get(\"message\", None)\n                except ValueError:\n                    pass\n    \n        exception_class: Type[WebDriverException]\n        if status in ErrorCode.NO_SUCH_ELEMENT:\n            exception_class = NoSuchElementException\n        elif status in ErrorCode.NO_SUCH_FRAME:\n            exception_class = NoSuchFrameException\n        elif status in ErrorCode.NO_SUCH_SHADOW_ROOT:\n            exception_class = NoSuchShadowRootException\n        elif status in ErrorCode.NO_SUCH_WINDOW:\n            exception_class = NoSuchWindowException\n        elif status in ErrorCode.STALE_ELEMENT_REFERENCE:\n            exception_class = StaleElementReferenceException\n        elif status in ErrorCode.ELEMENT_NOT_VISIBLE:\n            exception_class = ElementNotVisibleException\n        elif status in ErrorCode.INVALID_ELEMENT_STATE:\n            exception_class = InvalidElementStateException\n        elif (\n            status in ErrorCode.INVALID_SELECTOR\n            or status in ErrorCode.INVALID_XPATH_SELECTOR\n            or status in ErrorCode.INVALID_XPATH_SELECTOR_RETURN_TYPER\n        ):\n            exception_class = InvalidSelectorException\n        elif status in ErrorCode.ELEMENT_IS_NOT_SELECTABLE:\n            exception_class = ElementNotSelectableException\n        elif status in ErrorCode.ELEMENT_NOT_INTERACTABLE:\n            exception_class = ElementNotInteractableException\n        elif status in ErrorCode.INVALID_COOKIE_DOMAIN:\n            exception_class = InvalidCookieDomainException\n        elif status in ErrorCode.UNABLE_TO_SET_COOKIE:\n            exception_class = UnableToSetCookieException\n        elif status in ErrorCode.TIMEOUT:\n            exception_class = TimeoutException\n        elif status in ErrorCode.SCRIPT_TIMEOUT:\n            exception_class = TimeoutException\n        elif status in ErrorCode.UNKNOWN_ERROR:\n            exception_class = WebDriverException\n        elif status in ErrorCode.UNEXPECTED_ALERT_OPEN:\n            exception_class = UnexpectedAlertPresentException\n        elif status in ErrorCode.NO_ALERT_OPEN:\n            exception_class = NoAlertPresentException\n        elif status in ErrorCode.IME_NOT_AVAILABLE:\n            exception_class = ImeNotAvailableException\n        elif status in ErrorCode.IME_ENGINE_ACTIVATION_FAILED:\n            exception_class = ImeActivationFailedException\n        elif status in ErrorCode.MOVE_TARGET_OUT_OF_BOUNDS:\n            exception_class = MoveTargetOutOfBoundsException\n        elif status in ErrorCode.JAVASCRIPT_ERROR:\n            exception_class = JavascriptException\n        elif status in ErrorCode.SESSION_NOT_CREATED:\n            exception_class = SessionNotCreatedException\n        elif status in ErrorCode.INVALID_ARGUMENT:\n            exception_class = InvalidArgumentException\n        elif status in ErrorCode.NO_SUCH_COOKIE:\n            exception_class = NoSuchCookieException\n        elif status in ErrorCode.UNABLE_TO_CAPTURE_SCREEN:\n            exception_class = ScreenshotException\n        elif status in ErrorCode.ELEMENT_CLICK_INTERCEPTED:\n            exception_class = ElementClickInterceptedException\n        elif status in ErrorCode.INSECURE_CERTIFICATE:\n            exception_class = InsecureCertificateException\n        elif status in ErrorCode.INVALID_COORDINATES:\n            exception_class = InvalidCoordinatesException\n        elif status in ErrorCode.INVALID_SESSION_ID:\n            exception_class = InvalidSessionIdException\n        elif status in ErrorCode.UNKNOWN_METHOD:\n            exception_class = UnknownMethodException\n        else:\n            exception_class = WebDriverException\n        if not value:\n            value = response[\"value\"]\n        if isinstance(value, str):\n            raise exception_class(value)\n        if message == \"\" and \"message\" in value:\n            message = value[\"message\"]\n    \n        screen = None  # type: ignore[assignment]\n        if \"screen\" in value:\n            screen = value[\"screen\"]\n    \n        stacktrace = None\n        st_value = value.get(\"stackTrace\") or value.get(\"stacktrace\")\n        if st_value:\n            if isinstance(st_value, str):\n                stacktrace = st_value.split(\"\\n\")\n            else:\n                stacktrace = []\n                try:\n                    for frame in st_value:\n                        line = frame.get(\"lineNumber\", \"\")\n                        file = frame.get(\"fileName\", \"<anonymous>\")\n                        if line:\n                            file = f\"{file}:{line}\"\n                        meth = frame.get(\"methodName\", \"<anonymous>\")\n                        if \"className\" in frame:\n                            meth = f\"{frame['className']}.{meth}\"\n                        msg = \"    at %s (%s)\"\n                        msg = msg % (meth, file)\n                        stacktrace.append(msg)\n                except TypeError:\n                    pass\n        if exception_class == UnexpectedAlertPresentException:\n            alert_text = None\n            if \"data\" in value:\n                alert_text = value[\"data\"].get(\"text\")\n            elif \"alert\" in value:\n                alert_text = value[\"alert\"].get(\"text\")\n            raise exception_class(message, screen, stacktrace, alert_text)  # type: ignore[call-arg]  # mypy is not smart enough here\n>       raise exception_class(message, screen, stacktrace)\nE       selenium.common.exceptions.NoSuchElementException: Message: no such element: Unable to locate element: {\"method\":\"css selector\",\"selector\":\"div.newToTrade a.js_signup\"}\nE         (Session info: chrome=109.0.5414.119)\nE       Stacktrace:\nE       #0 0x5635fadc9303 <unknown>\nE       #1 0x5635fab9dd37 <unknown>\nE       #2 0x5635fabda5b2 <unknown>\nE       #3 0x5635fabda6c1 <unknown>\nE       #4 0x5635fac14b34 <unknown>\nE       #5 0x5635fabfa9ad <unknown>\nE       #6 0x5635fac1288c <unknown>\nE       #7 0x5635fabfa753 <unknown>\nE       #8 0x5635fabcda14 <unknown>\nE       #9 0x5635fabceb7e <unknown>\nE       #10 0x5635fae1832e <unknown>\nE       #11 0x5635fae1bc0e <unknown>\nE       #12 0x5635fadfe610 <unknown>\nE       #13 0x5635fae1cc23 <unknown>\nE       #14 0x5635fadf0545 <unknown>\nE       #15 0x5635fae3d6a8 <unknown>\nE       #16 0x5635fae3d836 <unknown>\nE       #17 0x5635fae58d13 <unknown>\nE       #18 0x7f59386e7b43 <unknown>\n\n../../../.cache/pypoetry/virtualenvs/testcapitalcom-G_ZVEfM_-py3.10/lib/python3.10/site-packages/selenium/webdriver/remote/errorhandler.py:245: NoSuchElementException","steps":[{"name":"Run test for widget 'New to trading?'.","time":{"start":1676497874960,"stop":1676497879980,"duration":5020},"status":"broken","statusMessage":"selenium.common.exceptions.NoSuchElementException: Message: no such element: Unable to locate element: {\"method\":\"css selector\",\"selector\":\"div.newToTrade a.js_signup\"}\n  (Session info: chrome=109.0.5414.119)\nStacktrace:\n#0 0x5635fadc9303 <unknown>\n#1 0x5635fab9dd37 <unknown>\n#2 0x5635fabda5b2 <unknown>\n#3 0x5635fabda6c1 <unknown>\n#4 0x5635fac14b34 <unknown>\n#5 0x5635fabfa9ad <unknown>\n#6 0x5635fac1288c <unknown>\n#7 0x5635fabfa753 <unknown>\n#8 0x5635fabcda14 <unknown>\n#9 0x5635fabceb7e <unknown>\n#10 0x5635fae1832e <unknown>\n#11 0x5635fae1bc0e <unknown>\n#12 0x5635fadfe610 <unknown>\n#13 0x5635fae1cc23 <unknown>\n#14 0x5635fadf0545 <unknown>\n#15 0x5635fae3d6a8 <unknown>\n#16 0x5635fae3d836 <unknown>\n#17 0x5635fae58d13 <unknown>\n#18 0x7f59386e7b43 <unknown>\n\n","statusTrace":"  File \"/home/runner/.cache/pypoetry/virtualenvs/testcapitalcom-G_ZVEfM_-py3.10/lib/python3.10/site-packages/allure_commons/_allure.py\", line 192, in impl\n    return func(*a, **kw)\n  File \"/home/runner/work/TestCapitalCom/TestCapitalCom/tests/Capital/us_01_capital_test.py\", line 1507, in test_13_01_widget_new_to_trading\n    page.tc1301_widget_new_to_trading_button_practise_for_free_click(cur_language)\n  File \"/home/runner/.cache/pypoetry/virtualenvs/testcapitalcom-G_ZVEfM_-py3.10/lib/python3.10/site-packages/allure_commons/_allure.py\", line 192, in impl\n    return func(*a, **kw)\n  File \"/home/runner/work/TestCapitalCom/TestCapitalCom/pages/capital.py\", line 372, in tc1301_widget_new_to_trading_button_practise_for_free_click\n    button = self.browser.find_element(*WidgetNewToTrading.BUTTON_PRACTISE_FOR_FREE_DE)\n  File \"/home/runner/.cache/pypoetry/virtualenvs/testcapitalcom-G_ZVEfM_-py3.10/lib/python3.10/site-packages/selenium/webdriver/remote/webdriver.py\", line 830, in find_element\n    return self.execute(Command.FIND_ELEMENT, {\"using\": by, \"value\": value})[\"value\"]\n  File \"/home/runner/.cache/pypoetry/virtualenvs/testcapitalcom-G_ZVEfM_-py3.10/lib/python3.10/site-packages/selenium/webdriver/remote/webdriver.py\", line 440, in execute\n    self.error_handler.check_response(response)\n  File \"/home/runner/.cache/pypoetry/virtualenvs/testcapitalcom-G_ZVEfM_-py3.10/lib/python3.10/site-packages/selenium/webdriver/remote/errorhandler.py\", line 245, in check_response\n    raise exception_class(message, screen, stacktrace)\n","steps":[{"name":"Set preconditions","time":{"start":1676497874960,"stop":1676497874960,"duration":0},"status":"passed","steps":[],"attachments":[],"parameters":[{"name":"d","value":"<selenium.webdriver.chrome.webdriver.WebDriver (session=\"a68d1605a4c257d40173c28e1d342572\")>"},{"name":"host","value":"'https://capital.com'"},{"name":"end_point","value":"''"},{"name":"login","value":"'Empty'"},{"name":"password","value":"'Empty'"},{"name":"cur_role","value":"'NoReg'"},{"name":"cur_language","value":"'id'"},{"name":"cur_license","value":"'CCSTV'"}],"stepsCount":0,"attachmentsCount":0,"shouldDisplayMessage":false,"hasContent":true},{"name":"2023-02-15 21:03:42.187295.   Click button 'Practise for free' on widget 'New to trading?'.","time":{"start":1676497874963,"stop":1676497879980,"duration":5017},"status":"broken","statusMessage":"selenium.common.exceptions.NoSuchElementException: Message: no such element: Unable to locate element: {\"method\":\"css selector\",\"selector\":\"div.newToTrade a.js_signup\"}\n  (Session info: chrome=109.0.5414.119)\nStacktrace:\n#0 0x5635fadc9303 <unknown>\n#1 0x5635fab9dd37 <unknown>\n#2 0x5635fabda5b2 <unknown>\n#3 0x5635fabda6c1 <unknown>\n#4 0x5635fac14b34 <unknown>\n#5 0x5635fabfa9ad <unknown>\n#6 0x5635fac1288c <unknown>\n#7 0x5635fabfa753 <unknown>\n#8 0x5635fabcda14 <unknown>\n#9 0x5635fabceb7e <unknown>\n#10 0x5635fae1832e <unknown>\n#11 0x5635fae1bc0e <unknown>\n#12 0x5635fadfe610 <unknown>\n#13 0x5635fae1cc23 <unknown>\n#14 0x5635fadf0545 <unknown>\n#15 0x5635fae3d6a8 <unknown>\n#16 0x5635fae3d836 <unknown>\n#17 0x5635fae58d13 <unknown>\n#18 0x7f59386e7b43 <unknown>\n\n","statusTrace":"  File \"/home/runner/.cache/pypoetry/virtualenvs/testcapitalcom-G_ZVEfM_-py3.10/lib/python3.10/site-packages/allure_commons/_allure.py\", line 192, in impl\n    return func(*a, **kw)\n  File \"/home/runner/work/TestCapitalCom/TestCapitalCom/pages/capital.py\", line 372, in tc1301_widget_new_to_trading_button_practise_for_free_click\n    button = self.browser.find_element(*WidgetNewToTrading.BUTTON_PRACTISE_FOR_FREE_DE)\n  File \"/home/runner/.cache/pypoetry/virtualenvs/testcapitalcom-G_ZVEfM_-py3.10/lib/python3.10/site-packages/selenium/webdriver/remote/webdriver.py\", line 830, in find_element\n    return self.execute(Command.FIND_ELEMENT, {\"using\": by, \"value\": value})[\"value\"]\n  File \"/home/runner/.cache/pypoetry/virtualenvs/testcapitalcom-G_ZVEfM_-py3.10/lib/python3.10/site-packages/selenium/webdriver/remote/webdriver.py\", line 440, in execute\n    self.error_handler.check_response(response)\n  File \"/home/runner/.cache/pypoetry/virtualenvs/testcapitalcom-G_ZVEfM_-py3.10/lib/python3.10/site-packages/selenium/webdriver/remote/errorhandler.py\", line 245, in check_response\n    raise exception_class(message, screen, stacktrace)\n","steps":[],"attachments":[],"parameters":[{"name":"language","value":"'id'"}],"stepsCount":0,"attachmentsCount":0,"shouldDisplayMessage":true,"hasContent":true}],"attachments":[],"parameters":[{"name":"worker_id","value":"'gw0'"},{"name":"d","value":"<selenium.webdriver.chrome.webdriver.WebDriver (session=\"a68d1605a4c257d40173c28e1d342572\")>"},{"name":"cur_login","value":"'Empty'"},{"name":"cur_password","value":"'Empty'"},{"name":"cur_role","value":"'NoReg'"},{"name":"cur_language","value":"'id'"},{"name":"cur_license","value":"'CCSTV'"},{"name":"prob_run_tc","value":"''"},{"name":"datetime_now","value":"'2023-02-15 21:51:14.956932'"}],"stepsCount":2,"attachmentsCount":0,"shouldDisplayMessage":false,"hasContent":true}],"attachments":[{"uid":"cec1dae62c20c03c","name":"Screeshot","source":"cec1dae62c20c03c.png","type":"image/png","size":374339},{"uid":"17cb25597d41f92e","name":"stdout","source":"17cb25597d41f92e.txt","type":"text/plain","size":16}],"parameters":[],"stepsCount":3,"attachmentsCount":2,"shouldDisplayMessage":true,"hasContent":true},"afterStages":[{"name":"go::0","time":{"start":1676500341243,"stop":1676500341419,"duration":176},"status":"passed","steps":[],"attachments":[],"parameters":[],"stepsCount":0,"attachmentsCount":0,"shouldDisplayMessage":false,"hasContent":false}],"labels":[{"name":"epic","value":"US_01 | Testing 'Log In' / 'Signup' elements on the main page capital.com"},{"name":"feature","value":"F_13 | Testing 'New to trading?' widget"},{"name":"story","value":"S_13.01 | Testing 'Practise for free' button on the 'Explore our platform' widget"},{"name":"tag","value":"us_01"},{"name":"parentSuite","value":"tests.Capital"},{"name":"suite","value":"us_01_capital_test"},{"name":"subSuite","value":"Test_US_01"},{"name":"host","value":"fv-az749-517"},{"name":"thread","value":"2991-MainThread"},{"name":"framework","value":"pytest"},{"name":"language","value":"cpython3"},{"name":"package","value":"tests.Capital.us_01_capital_test"},{"name":"resultFormat","value":"allure2"}],"parameters":[{"name":"cur_language","value":"'id'"},{"name":"cur_license","value":"'CCSTV'"},{"name":"cur_login","value":"'Empty'"},{"name":"cur_password","value":"'Empty'"},{"name":"cur_role","value":"'NoReg'"},{"name":"go","value":"'chrome'"}],"links":[],"hidden":false,"retry":false,"extra":{"severity":"normal","retries":[],"categories":[{"name":"Test defects","matchedStatuses":[],"flaky":false}],"tags":["us_01"]},"source":"4d712c7e98d33d9a.json","parameterValues":["'id'","'CCSTV'","'Empty'","'Empty'","'NoReg'","'chrome'"]}