{"uid":"a3e013a92a0d5385","name":"TC_03_03 with parameters: NoReg, , CYSEC.   2023-02-15 21:30:05.374830","fullName":"tests.Capital.us_01_capital_test.Test_US_01#test_03_03_banner_main_tab1_button_open_account","historyId":"81a5fa583fd309ddd450d085691c19e9","time":{"start":1676496605376,"stop":1676496621681,"duration":16305},"description":"\n        Check: tab \"Spread betting\" -> button \"Open account\"\n        Language: only En. Licence: All.\n        ","descriptionHtml":"<pre><code>    Check: tab &quot;Spread betting&quot; -&gt; button &quot;Open account&quot;\n    Language: only En. Licence: All.\n</code></pre>\n","status":"skipped","statusMessage":"XFAIL\n\nselenium.common.exceptions.NoSuchElementException: Message: no such element: Unable to locate element: {\"method\":\"css selector\",\"selector\":\"div.bannersHome__buttons > a[data-type='topbanner_spread_betting']\"}\n  (Session info: chrome=109.0.5414.119)\nStacktrace:\n#0 0x55cd6cd8f303 <unknown>\n#1 0x55cd6cb63d37 <unknown>\n#2 0x55cd6cba05b2 <unknown>\n#3 0x55cd6cba06c1 <unknown>\n#4 0x55cd6cbdab34 <unknown>\n#5 0x55cd6cbc09ad <unknown>\n#6 0x55cd6cbd888c <unknown>\n#7 0x55cd6cbc0753 <unknown>\n#8 0x55cd6cb93a14 <unknown>\n#9 0x55cd6cb94b7e <unknown>\n#10 0x55cd6cdde32e <unknown>\n#11 0x55cd6cde1c0e <unknown>\n#12 0x55cd6cdc4610 <unknown>\n#13 0x55cd6cde2c23 <unknown>\n#14 0x55cd6cdb6545 <unknown>\n#15 0x55cd6ce036a8 <unknown>\n#16 0x55cd6ce03836 <unknown>\n#17 0x55cd6ce1ed13 <unknown>\n#18 0x7efe54cc8b43 <unknown>","statusTrace":"self = <us_01_capital_test.Test_US_01 object at 0x7fa4e7967d30>\nworker_id = 'gw1'\nd = <selenium.webdriver.chrome.webdriver.WebDriver (session=\"6b2d3be1644142c4dd9c6a192fcf6f74\")>\ncur_login = 'Empty', cur_password = 'Empty', cur_role = 'NoReg'\ncur_language = '', cur_license = 'CYSEC', prob_run_tc = ''\ndatetime_now = '2023-02-15 21:30:05.374830'\n\n    @pytest.mark.xfail\n    @allure.feature(\"TS_01 | Testing 'Log In' / 'Signup' elements on the main page capital.com\")\n    @allure.feature(\"F_03 | Testing '1' tab 'Main' banner. Only for 'En' language\")\n    @allure.story(\"S_03.03 | Testing 'Open account' button on the 1 tab 'Main' banner\")\n    @allure.step(\"Start test button 'Open account' on tab1 'Main' banner.\")\n    @allure.title(\"TC_03_03 with parameters: {cur_role}, {cur_language}, {cur_license}.   {datetime_now}\")\n    def test_03_03_banner_main_tab1_button_open_account(\n            self, worker_id, d, cur_login, cur_password, cur_role, cur_language, cur_license, prob_run_tc, datetime_now\n    ):\n        \"\"\"\n        Check: tab \"Spread betting\" -> button \"Open account\"\n        Language: only En. Licence: All.\n        \"\"\"\n        if cur_language in [\"\"]:\n            if prob_run_tc != \"\":\n                pytest.skip(f\"{prob_run_tc}   {datetime_now}\")\n    \n            print(f\"worker_id = {worker_id}\")\n    \n            page = Conditions(d, \"\")\n            test_link = page.preconditions(\n                d, CapitalComPageSrc.URL, \"\", cur_login, cur_password, cur_role, cur_language, cur_license\n            )\n    \n            page = Capital(d, test_link)\n            if not page.current_page_is(test_link):\n                page.open_page()\n    \n            page.banner_main_tab1_click()\n>           page.banner_main_tab1_button_open_account_click()\n\ntests/Capital/us_01_capital_test.py:411: \n_ _ _ _ _ _ _ _ _ _ _ _ _ _ _ _ _ _ _ _ _ _ _ _ _ _ _ _ _ _ _ _ _ _ _ _ _ _ _ _ \npages/capital.py:65: in banner_main_tab1_button_open_account_click\n    self.browser.find_element(*MainBanner.TAB1_OPEN_ACCOUNT).click()\n../../../.cache/pypoetry/virtualenvs/testcapitalcom-G_ZVEfM_-py3.10/lib/python3.10/site-packages/selenium/webdriver/remote/webdriver.py:830: in find_element\n    return self.execute(Command.FIND_ELEMENT, {\"using\": by, \"value\": value})[\"value\"]\n../../../.cache/pypoetry/virtualenvs/testcapitalcom-G_ZVEfM_-py3.10/lib/python3.10/site-packages/selenium/webdriver/remote/webdriver.py:440: in execute\n    self.error_handler.check_response(response)\n_ _ _ _ _ _ _ _ _ _ _ _ _ _ _ _ _ _ _ _ _ _ _ _ _ _ _ _ _ _ _ _ _ _ _ _ _ _ _ _ \n\nself = <selenium.webdriver.remote.errorhandler.ErrorHandler object at 0x7fa4e5c0f820>\nresponse = {'status': 404, 'value': '{\"value\":{\"error\":\"no such element\",\"message\":\"no such element: Unable to locate element: {\\...\\\\n#16 0x55cd6ce03836 \\\\u003Cunknown>\\\\n#17 0x55cd6ce1ed13 \\\\u003Cunknown>\\\\n#18 0x7efe54cc8b43 \\\\u003Cunknown>\\\\n\"}}'}\n\n    def check_response(self, response: Dict[str, Any]) -> None:\n        \"\"\"Checks that a JSON response from the WebDriver does not have an\n        error.\n    \n        :Args:\n         - response - The JSON response from the WebDriver server as a dictionary\n           object.\n    \n        :Raises: If the response contains an error message.\n        \"\"\"\n        status = response.get(\"status\", None)\n        if not status or status == ErrorCode.SUCCESS:\n            return\n        value = None\n        message = response.get(\"message\", \"\")\n        screen: str = response.get(\"screen\", \"\")\n        stacktrace = None\n        if isinstance(status, int):\n            value_json = response.get(\"value\", None)\n            if value_json and isinstance(value_json, str):\n                import json\n    \n                try:\n                    value = json.loads(value_json)\n                    if len(value.keys()) == 1:\n                        value = value[\"value\"]\n                    status = value.get(\"error\", None)\n                    if not status:\n                        status = value.get(\"status\", ErrorCode.UNKNOWN_ERROR)\n                        message = value.get(\"value\") or value.get(\"message\")\n                        if not isinstance(message, str):\n                            value = message\n                            message = message.get(\"message\")\n                    else:\n                        message = value.get(\"message\", None)\n                except ValueError:\n                    pass\n    \n        exception_class: Type[WebDriverException]\n        if status in ErrorCode.NO_SUCH_ELEMENT:\n            exception_class = NoSuchElementException\n        elif status in ErrorCode.NO_SUCH_FRAME:\n            exception_class = NoSuchFrameException\n        elif status in ErrorCode.NO_SUCH_SHADOW_ROOT:\n            exception_class = NoSuchShadowRootException\n        elif status in ErrorCode.NO_SUCH_WINDOW:\n            exception_class = NoSuchWindowException\n        elif status in ErrorCode.STALE_ELEMENT_REFERENCE:\n            exception_class = StaleElementReferenceException\n        elif status in ErrorCode.ELEMENT_NOT_VISIBLE:\n            exception_class = ElementNotVisibleException\n        elif status in ErrorCode.INVALID_ELEMENT_STATE:\n            exception_class = InvalidElementStateException\n        elif (\n            status in ErrorCode.INVALID_SELECTOR\n            or status in ErrorCode.INVALID_XPATH_SELECTOR\n            or status in ErrorCode.INVALID_XPATH_SELECTOR_RETURN_TYPER\n        ):\n            exception_class = InvalidSelectorException\n        elif status in ErrorCode.ELEMENT_IS_NOT_SELECTABLE:\n            exception_class = ElementNotSelectableException\n        elif status in ErrorCode.ELEMENT_NOT_INTERACTABLE:\n            exception_class = ElementNotInteractableException\n        elif status in ErrorCode.INVALID_COOKIE_DOMAIN:\n            exception_class = InvalidCookieDomainException\n        elif status in ErrorCode.UNABLE_TO_SET_COOKIE:\n            exception_class = UnableToSetCookieException\n        elif status in ErrorCode.TIMEOUT:\n            exception_class = TimeoutException\n        elif status in ErrorCode.SCRIPT_TIMEOUT:\n            exception_class = TimeoutException\n        elif status in ErrorCode.UNKNOWN_ERROR:\n            exception_class = WebDriverException\n        elif status in ErrorCode.UNEXPECTED_ALERT_OPEN:\n            exception_class = UnexpectedAlertPresentException\n        elif status in ErrorCode.NO_ALERT_OPEN:\n            exception_class = NoAlertPresentException\n        elif status in ErrorCode.IME_NOT_AVAILABLE:\n            exception_class = ImeNotAvailableException\n        elif status in ErrorCode.IME_ENGINE_ACTIVATION_FAILED:\n            exception_class = ImeActivationFailedException\n        elif status in ErrorCode.MOVE_TARGET_OUT_OF_BOUNDS:\n            exception_class = MoveTargetOutOfBoundsException\n        elif status in ErrorCode.JAVASCRIPT_ERROR:\n            exception_class = JavascriptException\n        elif status in ErrorCode.SESSION_NOT_CREATED:\n            exception_class = SessionNotCreatedException\n        elif status in ErrorCode.INVALID_ARGUMENT:\n            exception_class = InvalidArgumentException\n        elif status in ErrorCode.NO_SUCH_COOKIE:\n            exception_class = NoSuchCookieException\n        elif status in ErrorCode.UNABLE_TO_CAPTURE_SCREEN:\n            exception_class = ScreenshotException\n        elif status in ErrorCode.ELEMENT_CLICK_INTERCEPTED:\n            exception_class = ElementClickInterceptedException\n        elif status in ErrorCode.INSECURE_CERTIFICATE:\n            exception_class = InsecureCertificateException\n        elif status in ErrorCode.INVALID_COORDINATES:\n            exception_class = InvalidCoordinatesException\n        elif status in ErrorCode.INVALID_SESSION_ID:\n            exception_class = InvalidSessionIdException\n        elif status in ErrorCode.UNKNOWN_METHOD:\n            exception_class = UnknownMethodException\n        else:\n            exception_class = WebDriverException\n        if not value:\n            value = response[\"value\"]\n        if isinstance(value, str):\n            raise exception_class(value)\n        if message == \"\" and \"message\" in value:\n            message = value[\"message\"]\n    \n        screen = None  # type: ignore[assignment]\n        if \"screen\" in value:\n            screen = value[\"screen\"]\n    \n        stacktrace = None\n        st_value = value.get(\"stackTrace\") or value.get(\"stacktrace\")\n        if st_value:\n            if isinstance(st_value, str):\n                stacktrace = st_value.split(\"\\n\")\n            else:\n                stacktrace = []\n                try:\n                    for frame in st_value:\n                        line = frame.get(\"lineNumber\", \"\")\n                        file = frame.get(\"fileName\", \"<anonymous>\")\n                        if line:\n                            file = f\"{file}:{line}\"\n                        meth = frame.get(\"methodName\", \"<anonymous>\")\n                        if \"className\" in frame:\n                            meth = f\"{frame['className']}.{meth}\"\n                        msg = \"    at %s (%s)\"\n                        msg = msg % (meth, file)\n                        stacktrace.append(msg)\n                except TypeError:\n                    pass\n        if exception_class == UnexpectedAlertPresentException:\n            alert_text = None\n            if \"data\" in value:\n                alert_text = value[\"data\"].get(\"text\")\n            elif \"alert\" in value:\n                alert_text = value[\"alert\"].get(\"text\")\n            raise exception_class(message, screen, stacktrace, alert_text)  # type: ignore[call-arg]  # mypy is not smart enough here\n>       raise exception_class(message, screen, stacktrace)\nE       selenium.common.exceptions.NoSuchElementException: Message: no such element: Unable to locate element: {\"method\":\"css selector\",\"selector\":\"div.bannersHome__buttons > a[data-type='topbanner_spread_betting']\"}\nE         (Session info: chrome=109.0.5414.119)\nE       Stacktrace:\nE       #0 0x55cd6cd8f303 <unknown>\nE       #1 0x55cd6cb63d37 <unknown>\nE       #2 0x55cd6cba05b2 <unknown>\nE       #3 0x55cd6cba06c1 <unknown>\nE       #4 0x55cd6cbdab34 <unknown>\nE       #5 0x55cd6cbc09ad <unknown>\nE       #6 0x55cd6cbd888c <unknown>\nE       #7 0x55cd6cbc0753 <unknown>\nE       #8 0x55cd6cb93a14 <unknown>\nE       #9 0x55cd6cb94b7e <unknown>\nE       #10 0x55cd6cdde32e <unknown>\nE       #11 0x55cd6cde1c0e <unknown>\nE       #12 0x55cd6cdc4610 <unknown>\nE       #13 0x55cd6cde2c23 <unknown>\nE       #14 0x55cd6cdb6545 <unknown>\nE       #15 0x55cd6ce036a8 <unknown>\nE       #16 0x55cd6ce03836 <unknown>\nE       #17 0x55cd6ce1ed13 <unknown>\nE       #18 0x7efe54cc8b43 <unknown>\n\n../../../.cache/pypoetry/virtualenvs/testcapitalcom-G_ZVEfM_-py3.10/lib/python3.10/site-packages/selenium/webdriver/remote/errorhandler.py:245: NoSuchElementException","flaky":false,"newFailed":false,"newBroken":false,"newPassed":false,"retriesCount":0,"retriesStatusChange":false,"beforeStages":[{"name":"browser","time":{"start":1676495027181,"stop":1676495027181,"duration":0},"status":"passed","steps":[],"attachments":[],"parameters":[],"stepsCount":0,"attachmentsCount":0,"shouldDisplayMessage":false,"hasContent":false},{"name":"d","time":{"start":1676495027181,"stop":1676495037314,"duration":10133},"status":"passed","steps":[],"attachments":[],"parameters":[],"stepsCount":0,"attachmentsCount":0,"shouldDisplayMessage":false,"hasContent":false},{"name":"worker_id","time":{"start":1676495027181,"stop":1676495027181,"duration":0},"status":"passed","steps":[],"attachments":[],"parameters":[],"stepsCount":0,"attachmentsCount":0,"shouldDisplayMessage":false,"hasContent":false},{"name":"cur_role","time":{"start":1676495037314,"stop":1676495037314,"duration":0},"status":"passed","steps":[],"attachments":[],"parameters":[],"stepsCount":0,"attachmentsCount":0,"shouldDisplayMessage":false,"hasContent":false},{"name":"go","time":{"start":1676495037314,"stop":1676495037314,"duration":0},"status":"passed","steps":[],"attachments":[],"parameters":[],"stepsCount":0,"attachmentsCount":0,"shouldDisplayMessage":false,"hasContent":false},{"name":"cur_language","time":{"start":1676496178241,"stop":1676496178241,"duration":0},"status":"passed","steps":[],"attachments":[],"parameters":[],"stepsCount":0,"attachmentsCount":0,"shouldDisplayMessage":false,"hasContent":false},{"name":"cur_license","time":{"start":1676496600893,"stop":1676496600893,"duration":0},"status":"passed","steps":[],"attachments":[],"parameters":[],"stepsCount":0,"attachmentsCount":0,"shouldDisplayMessage":false,"hasContent":false},{"name":"prob_run_tc","time":{"start":1676496605375,"stop":1676496605375,"duration":0},"status":"passed","steps":[],"attachments":[],"parameters":[],"stepsCount":0,"attachmentsCount":0,"shouldDisplayMessage":false,"hasContent":false},{"name":"datetime_now","time":{"start":1676496605375,"stop":1676496605375,"duration":0},"status":"passed","steps":[],"attachments":[],"parameters":[],"stepsCount":0,"attachmentsCount":0,"shouldDisplayMessage":false,"hasContent":false}],"testStage":{"description":"\n        Check: tab \"Spread betting\" -> button \"Open account\"\n        Language: only En. Licence: All.\n        ","status":"skipped","statusMessage":"XFAIL\n\nselenium.common.exceptions.NoSuchElementException: Message: no such element: Unable to locate element: {\"method\":\"css selector\",\"selector\":\"div.bannersHome__buttons > a[data-type='topbanner_spread_betting']\"}\n  (Session info: chrome=109.0.5414.119)\nStacktrace:\n#0 0x55cd6cd8f303 <unknown>\n#1 0x55cd6cb63d37 <unknown>\n#2 0x55cd6cba05b2 <unknown>\n#3 0x55cd6cba06c1 <unknown>\n#4 0x55cd6cbdab34 <unknown>\n#5 0x55cd6cbc09ad <unknown>\n#6 0x55cd6cbd888c <unknown>\n#7 0x55cd6cbc0753 <unknown>\n#8 0x55cd6cb93a14 <unknown>\n#9 0x55cd6cb94b7e <unknown>\n#10 0x55cd6cdde32e <unknown>\n#11 0x55cd6cde1c0e <unknown>\n#12 0x55cd6cdc4610 <unknown>\n#13 0x55cd6cde2c23 <unknown>\n#14 0x55cd6cdb6545 <unknown>\n#15 0x55cd6ce036a8 <unknown>\n#16 0x55cd6ce03836 <unknown>\n#17 0x55cd6ce1ed13 <unknown>\n#18 0x7efe54cc8b43 <unknown>","statusTrace":"self = <us_01_capital_test.Test_US_01 object at 0x7fa4e7967d30>\nworker_id = 'gw1'\nd = <selenium.webdriver.chrome.webdriver.WebDriver (session=\"6b2d3be1644142c4dd9c6a192fcf6f74\")>\ncur_login = 'Empty', cur_password = 'Empty', cur_role = 'NoReg'\ncur_language = '', cur_license = 'CYSEC', prob_run_tc = ''\ndatetime_now = '2023-02-15 21:30:05.374830'\n\n    @pytest.mark.xfail\n    @allure.feature(\"TS_01 | Testing 'Log In' / 'Signup' elements on the main page capital.com\")\n    @allure.feature(\"F_03 | Testing '1' tab 'Main' banner. Only for 'En' language\")\n    @allure.story(\"S_03.03 | Testing 'Open account' button on the 1 tab 'Main' banner\")\n    @allure.step(\"Start test button 'Open account' on tab1 'Main' banner.\")\n    @allure.title(\"TC_03_03 with parameters: {cur_role}, {cur_language}, {cur_license}.   {datetime_now}\")\n    def test_03_03_banner_main_tab1_button_open_account(\n            self, worker_id, d, cur_login, cur_password, cur_role, cur_language, cur_license, prob_run_tc, datetime_now\n    ):\n        \"\"\"\n        Check: tab \"Spread betting\" -> button \"Open account\"\n        Language: only En. Licence: All.\n        \"\"\"\n        if cur_language in [\"\"]:\n            if prob_run_tc != \"\":\n                pytest.skip(f\"{prob_run_tc}   {datetime_now}\")\n    \n            print(f\"worker_id = {worker_id}\")\n    \n            page = Conditions(d, \"\")\n            test_link = page.preconditions(\n                d, CapitalComPageSrc.URL, \"\", cur_login, cur_password, cur_role, cur_language, cur_license\n            )\n    \n            page = Capital(d, test_link)\n            if not page.current_page_is(test_link):\n                page.open_page()\n    \n            page.banner_main_tab1_click()\n>           page.banner_main_tab1_button_open_account_click()\n\ntests/Capital/us_01_capital_test.py:411: \n_ _ _ _ _ _ _ _ _ _ _ _ _ _ _ _ _ _ _ _ _ _ _ _ _ _ _ _ _ _ _ _ _ _ _ _ _ _ _ _ \npages/capital.py:65: in banner_main_tab1_button_open_account_click\n    self.browser.find_element(*MainBanner.TAB1_OPEN_ACCOUNT).click()\n../../../.cache/pypoetry/virtualenvs/testcapitalcom-G_ZVEfM_-py3.10/lib/python3.10/site-packages/selenium/webdriver/remote/webdriver.py:830: in find_element\n    return self.execute(Command.FIND_ELEMENT, {\"using\": by, \"value\": value})[\"value\"]\n../../../.cache/pypoetry/virtualenvs/testcapitalcom-G_ZVEfM_-py3.10/lib/python3.10/site-packages/selenium/webdriver/remote/webdriver.py:440: in execute\n    self.error_handler.check_response(response)\n_ _ _ _ _ _ _ _ _ _ _ _ _ _ _ _ _ _ _ _ _ _ _ _ _ _ _ _ _ _ _ _ _ _ _ _ _ _ _ _ \n\nself = <selenium.webdriver.remote.errorhandler.ErrorHandler object at 0x7fa4e5c0f820>\nresponse = {'status': 404, 'value': '{\"value\":{\"error\":\"no such element\",\"message\":\"no such element: Unable to locate element: {\\...\\\\n#16 0x55cd6ce03836 \\\\u003Cunknown>\\\\n#17 0x55cd6ce1ed13 \\\\u003Cunknown>\\\\n#18 0x7efe54cc8b43 \\\\u003Cunknown>\\\\n\"}}'}\n\n    def check_response(self, response: Dict[str, Any]) -> None:\n        \"\"\"Checks that a JSON response from the WebDriver does not have an\n        error.\n    \n        :Args:\n         - response - The JSON response from the WebDriver server as a dictionary\n           object.\n    \n        :Raises: If the response contains an error message.\n        \"\"\"\n        status = response.get(\"status\", None)\n        if not status or status == ErrorCode.SUCCESS:\n            return\n        value = None\n        message = response.get(\"message\", \"\")\n        screen: str = response.get(\"screen\", \"\")\n        stacktrace = None\n        if isinstance(status, int):\n            value_json = response.get(\"value\", None)\n            if value_json and isinstance(value_json, str):\n                import json\n    \n                try:\n                    value = json.loads(value_json)\n                    if len(value.keys()) == 1:\n                        value = value[\"value\"]\n                    status = value.get(\"error\", None)\n                    if not status:\n                        status = value.get(\"status\", ErrorCode.UNKNOWN_ERROR)\n                        message = value.get(\"value\") or value.get(\"message\")\n                        if not isinstance(message, str):\n                            value = message\n                            message = message.get(\"message\")\n                    else:\n                        message = value.get(\"message\", None)\n                except ValueError:\n                    pass\n    \n        exception_class: Type[WebDriverException]\n        if status in ErrorCode.NO_SUCH_ELEMENT:\n            exception_class = NoSuchElementException\n        elif status in ErrorCode.NO_SUCH_FRAME:\n            exception_class = NoSuchFrameException\n        elif status in ErrorCode.NO_SUCH_SHADOW_ROOT:\n            exception_class = NoSuchShadowRootException\n        elif status in ErrorCode.NO_SUCH_WINDOW:\n            exception_class = NoSuchWindowException\n        elif status in ErrorCode.STALE_ELEMENT_REFERENCE:\n            exception_class = StaleElementReferenceException\n        elif status in ErrorCode.ELEMENT_NOT_VISIBLE:\n            exception_class = ElementNotVisibleException\n        elif status in ErrorCode.INVALID_ELEMENT_STATE:\n            exception_class = InvalidElementStateException\n        elif (\n            status in ErrorCode.INVALID_SELECTOR\n            or status in ErrorCode.INVALID_XPATH_SELECTOR\n            or status in ErrorCode.INVALID_XPATH_SELECTOR_RETURN_TYPER\n        ):\n            exception_class = InvalidSelectorException\n        elif status in ErrorCode.ELEMENT_IS_NOT_SELECTABLE:\n            exception_class = ElementNotSelectableException\n        elif status in ErrorCode.ELEMENT_NOT_INTERACTABLE:\n            exception_class = ElementNotInteractableException\n        elif status in ErrorCode.INVALID_COOKIE_DOMAIN:\n            exception_class = InvalidCookieDomainException\n        elif status in ErrorCode.UNABLE_TO_SET_COOKIE:\n            exception_class = UnableToSetCookieException\n        elif status in ErrorCode.TIMEOUT:\n            exception_class = TimeoutException\n        elif status in ErrorCode.SCRIPT_TIMEOUT:\n            exception_class = TimeoutException\n        elif status in ErrorCode.UNKNOWN_ERROR:\n            exception_class = WebDriverException\n        elif status in ErrorCode.UNEXPECTED_ALERT_OPEN:\n            exception_class = UnexpectedAlertPresentException\n        elif status in ErrorCode.NO_ALERT_OPEN:\n            exception_class = NoAlertPresentException\n        elif status in ErrorCode.IME_NOT_AVAILABLE:\n            exception_class = ImeNotAvailableException\n        elif status in ErrorCode.IME_ENGINE_ACTIVATION_FAILED:\n            exception_class = ImeActivationFailedException\n        elif status in ErrorCode.MOVE_TARGET_OUT_OF_BOUNDS:\n            exception_class = MoveTargetOutOfBoundsException\n        elif status in ErrorCode.JAVASCRIPT_ERROR:\n            exception_class = JavascriptException\n        elif status in ErrorCode.SESSION_NOT_CREATED:\n            exception_class = SessionNotCreatedException\n        elif status in ErrorCode.INVALID_ARGUMENT:\n            exception_class = InvalidArgumentException\n        elif status in ErrorCode.NO_SUCH_COOKIE:\n            exception_class = NoSuchCookieException\n        elif status in ErrorCode.UNABLE_TO_CAPTURE_SCREEN:\n            exception_class = ScreenshotException\n        elif status in ErrorCode.ELEMENT_CLICK_INTERCEPTED:\n            exception_class = ElementClickInterceptedException\n        elif status in ErrorCode.INSECURE_CERTIFICATE:\n            exception_class = InsecureCertificateException\n        elif status in ErrorCode.INVALID_COORDINATES:\n            exception_class = InvalidCoordinatesException\n        elif status in ErrorCode.INVALID_SESSION_ID:\n            exception_class = InvalidSessionIdException\n        elif status in ErrorCode.UNKNOWN_METHOD:\n            exception_class = UnknownMethodException\n        else:\n            exception_class = WebDriverException\n        if not value:\n            value = response[\"value\"]\n        if isinstance(value, str):\n            raise exception_class(value)\n        if message == \"\" and \"message\" in value:\n            message = value[\"message\"]\n    \n        screen = None  # type: ignore[assignment]\n        if \"screen\" in value:\n            screen = value[\"screen\"]\n    \n        stacktrace = None\n        st_value = value.get(\"stackTrace\") or value.get(\"stacktrace\")\n        if st_value:\n            if isinstance(st_value, str):\n                stacktrace = st_value.split(\"\\n\")\n            else:\n                stacktrace = []\n                try:\n                    for frame in st_value:\n                        line = frame.get(\"lineNumber\", \"\")\n                        file = frame.get(\"fileName\", \"<anonymous>\")\n                        if line:\n                            file = f\"{file}:{line}\"\n                        meth = frame.get(\"methodName\", \"<anonymous>\")\n                        if \"className\" in frame:\n                            meth = f\"{frame['className']}.{meth}\"\n                        msg = \"    at %s (%s)\"\n                        msg = msg % (meth, file)\n                        stacktrace.append(msg)\n                except TypeError:\n                    pass\n        if exception_class == UnexpectedAlertPresentException:\n            alert_text = None\n            if \"data\" in value:\n                alert_text = value[\"data\"].get(\"text\")\n            elif \"alert\" in value:\n                alert_text = value[\"alert\"].get(\"text\")\n            raise exception_class(message, screen, stacktrace, alert_text)  # type: ignore[call-arg]  # mypy is not smart enough here\n>       raise exception_class(message, screen, stacktrace)\nE       selenium.common.exceptions.NoSuchElementException: Message: no such element: Unable to locate element: {\"method\":\"css selector\",\"selector\":\"div.bannersHome__buttons > a[data-type='topbanner_spread_betting']\"}\nE         (Session info: chrome=109.0.5414.119)\nE       Stacktrace:\nE       #0 0x55cd6cd8f303 <unknown>\nE       #1 0x55cd6cb63d37 <unknown>\nE       #2 0x55cd6cba05b2 <unknown>\nE       #3 0x55cd6cba06c1 <unknown>\nE       #4 0x55cd6cbdab34 <unknown>\nE       #5 0x55cd6cbc09ad <unknown>\nE       #6 0x55cd6cbd888c <unknown>\nE       #7 0x55cd6cbc0753 <unknown>\nE       #8 0x55cd6cb93a14 <unknown>\nE       #9 0x55cd6cb94b7e <unknown>\nE       #10 0x55cd6cdde32e <unknown>\nE       #11 0x55cd6cde1c0e <unknown>\nE       #12 0x55cd6cdc4610 <unknown>\nE       #13 0x55cd6cde2c23 <unknown>\nE       #14 0x55cd6cdb6545 <unknown>\nE       #15 0x55cd6ce036a8 <unknown>\nE       #16 0x55cd6ce03836 <unknown>\nE       #17 0x55cd6ce1ed13 <unknown>\nE       #18 0x7efe54cc8b43 <unknown>\n\n../../../.cache/pypoetry/virtualenvs/testcapitalcom-G_ZVEfM_-py3.10/lib/python3.10/site-packages/selenium/webdriver/remote/errorhandler.py:245: NoSuchElementException","steps":[{"name":"Start test button 'Open account' on tab1 'Main' banner.","time":{"start":1676496605376,"stop":1676496621681,"duration":16305},"status":"broken","statusMessage":"selenium.common.exceptions.NoSuchElementException: Message: no such element: Unable to locate element: {\"method\":\"css selector\",\"selector\":\"div.bannersHome__buttons > a[data-type='topbanner_spread_betting']\"}\n  (Session info: chrome=109.0.5414.119)\nStacktrace:\n#0 0x55cd6cd8f303 <unknown>\n#1 0x55cd6cb63d37 <unknown>\n#2 0x55cd6cba05b2 <unknown>\n#3 0x55cd6cba06c1 <unknown>\n#4 0x55cd6cbdab34 <unknown>\n#5 0x55cd6cbc09ad <unknown>\n#6 0x55cd6cbd888c <unknown>\n#7 0x55cd6cbc0753 <unknown>\n#8 0x55cd6cb93a14 <unknown>\n#9 0x55cd6cb94b7e <unknown>\n#10 0x55cd6cdde32e <unknown>\n#11 0x55cd6cde1c0e <unknown>\n#12 0x55cd6cdc4610 <unknown>\n#13 0x55cd6cde2c23 <unknown>\n#14 0x55cd6cdb6545 <unknown>\n#15 0x55cd6ce036a8 <unknown>\n#16 0x55cd6ce03836 <unknown>\n#17 0x55cd6ce1ed13 <unknown>\n#18 0x7efe54cc8b43 <unknown>\n\n","statusTrace":"  File \"/home/runner/.cache/pypoetry/virtualenvs/testcapitalcom-G_ZVEfM_-py3.10/lib/python3.10/site-packages/allure_commons/_allure.py\", line 192, in impl\n    return func(*a, **kw)\n  File \"/home/runner/work/TestCapitalCom/TestCapitalCom/tests/Capital/us_01_capital_test.py\", line 411, in test_03_03_banner_main_tab1_button_open_account\n    page.banner_main_tab1_button_open_account_click()\n  File \"/home/runner/.cache/pypoetry/virtualenvs/testcapitalcom-G_ZVEfM_-py3.10/lib/python3.10/site-packages/allure_commons/_allure.py\", line 192, in impl\n    return func(*a, **kw)\n  File \"/home/runner/work/TestCapitalCom/TestCapitalCom/pages/capital.py\", line 65, in banner_main_tab1_button_open_account_click\n    self.browser.find_element(*MainBanner.TAB1_OPEN_ACCOUNT).click()\n  File \"/home/runner/.cache/pypoetry/virtualenvs/testcapitalcom-G_ZVEfM_-py3.10/lib/python3.10/site-packages/selenium/webdriver/remote/webdriver.py\", line 830, in find_element\n    return self.execute(Command.FIND_ELEMENT, {\"using\": by, \"value\": value})[\"value\"]\n  File \"/home/runner/.cache/pypoetry/virtualenvs/testcapitalcom-G_ZVEfM_-py3.10/lib/python3.10/site-packages/selenium/webdriver/remote/webdriver.py\", line 440, in execute\n    self.error_handler.check_response(response)\n  File \"/home/runner/.cache/pypoetry/virtualenvs/testcapitalcom-G_ZVEfM_-py3.10/lib/python3.10/site-packages/selenium/webdriver/remote/errorhandler.py\", line 245, in check_response\n    raise exception_class(message, screen, stacktrace)\n","steps":[{"name":"Set preconditions","time":{"start":1676496605376,"stop":1676496605376,"duration":0},"status":"passed","steps":[],"attachments":[],"parameters":[{"name":"d","value":"<selenium.webdriver.chrome.webdriver.WebDriver (session=\"6b2d3be1644142c4dd9c6a192fcf6f74\")>"},{"name":"host","value":"'https://capital.com'"},{"name":"end_point","value":"''"},{"name":"login","value":"'Empty'"},{"name":"password","value":"'Empty'"},{"name":"cur_role","value":"'NoReg'"},{"name":"cur_language","value":"''"},{"name":"cur_license","value":"'CYSEC'"}],"stepsCount":0,"attachmentsCount":0,"shouldDisplayMessage":false,"hasContent":true},{"name":"2023-02-15 21:03:42.194414. Click tab 'Spread betting'(tab1) on banner 'Main'.","time":{"start":1676496605384,"stop":1676496605516,"duration":132},"status":"passed","steps":[],"attachments":[],"parameters":[],"stepsCount":0,"attachmentsCount":0,"shouldDisplayMessage":false,"hasContent":false},{"name":"2023-02-15 21:03:42.194427. Click button 'Open account' on banner 'Main' tab 'Spread betting'(tab1).","time":{"start":1676496605517,"stop":1676496621680,"duration":16163},"status":"broken","statusMessage":"selenium.common.exceptions.NoSuchElementException: Message: no such element: Unable to locate element: {\"method\":\"css selector\",\"selector\":\"div.bannersHome__buttons > a[data-type='topbanner_spread_betting']\"}\n  (Session info: chrome=109.0.5414.119)\nStacktrace:\n#0 0x55cd6cd8f303 <unknown>\n#1 0x55cd6cb63d37 <unknown>\n#2 0x55cd6cba05b2 <unknown>\n#3 0x55cd6cba06c1 <unknown>\n#4 0x55cd6cbdab34 <unknown>\n#5 0x55cd6cbc09ad <unknown>\n#6 0x55cd6cbd888c <unknown>\n#7 0x55cd6cbc0753 <unknown>\n#8 0x55cd6cb93a14 <unknown>\n#9 0x55cd6cb94b7e <unknown>\n#10 0x55cd6cdde32e <unknown>\n#11 0x55cd6cde1c0e <unknown>\n#12 0x55cd6cdc4610 <unknown>\n#13 0x55cd6cde2c23 <unknown>\n#14 0x55cd6cdb6545 <unknown>\n#15 0x55cd6ce036a8 <unknown>\n#16 0x55cd6ce03836 <unknown>\n#17 0x55cd6ce1ed13 <unknown>\n#18 0x7efe54cc8b43 <unknown>\n\n","statusTrace":"  File \"/home/runner/.cache/pypoetry/virtualenvs/testcapitalcom-G_ZVEfM_-py3.10/lib/python3.10/site-packages/allure_commons/_allure.py\", line 192, in impl\n    return func(*a, **kw)\n  File \"/home/runner/work/TestCapitalCom/TestCapitalCom/pages/capital.py\", line 65, in banner_main_tab1_button_open_account_click\n    self.browser.find_element(*MainBanner.TAB1_OPEN_ACCOUNT).click()\n  File \"/home/runner/.cache/pypoetry/virtualenvs/testcapitalcom-G_ZVEfM_-py3.10/lib/python3.10/site-packages/selenium/webdriver/remote/webdriver.py\", line 830, in find_element\n    return self.execute(Command.FIND_ELEMENT, {\"using\": by, \"value\": value})[\"value\"]\n  File \"/home/runner/.cache/pypoetry/virtualenvs/testcapitalcom-G_ZVEfM_-py3.10/lib/python3.10/site-packages/selenium/webdriver/remote/webdriver.py\", line 440, in execute\n    self.error_handler.check_response(response)\n  File \"/home/runner/.cache/pypoetry/virtualenvs/testcapitalcom-G_ZVEfM_-py3.10/lib/python3.10/site-packages/selenium/webdriver/remote/errorhandler.py\", line 245, in check_response\n    raise exception_class(message, screen, stacktrace)\n","steps":[],"attachments":[],"parameters":[],"stepsCount":0,"attachmentsCount":0,"shouldDisplayMessage":true,"hasContent":true}],"attachments":[],"parameters":[{"name":"worker_id","value":"'gw1'"},{"name":"d","value":"<selenium.webdriver.chrome.webdriver.WebDriver (session=\"6b2d3be1644142c4dd9c6a192fcf6f74\")>"},{"name":"cur_login","value":"'Empty'"},{"name":"cur_password","value":"'Empty'"},{"name":"cur_role","value":"'NoReg'"},{"name":"cur_language","value":"''"},{"name":"cur_license","value":"'CYSEC'"},{"name":"prob_run_tc","value":"''"},{"name":"datetime_now","value":"'2023-02-15 21:30:05.374830'"}],"stepsCount":3,"attachmentsCount":0,"shouldDisplayMessage":false,"hasContent":true}],"attachments":[{"uid":"ecf61be6b4138b18","name":"Screeshot","source":"ecf61be6b4138b18.png","type":"image/png","size":2913759},{"uid":"6aa56f2e8e79647","name":"log","source":"6aa56f2e8e79647.txt","type":"text/plain","size":1291},{"uid":"356e9abf8da5e801","name":"stdout","source":"356e9abf8da5e801.txt","type":"text/plain","size":16}],"parameters":[],"stepsCount":4,"attachmentsCount":3,"shouldDisplayMessage":true,"hasContent":true},"afterStages":[{"name":"go::0","time":{"start":1676500335863,"stop":1676500336045,"duration":182},"status":"passed","steps":[],"attachments":[],"parameters":[],"stepsCount":0,"attachmentsCount":0,"shouldDisplayMessage":false,"hasContent":false}],"labels":[{"name":"epic","value":"US_01 | Testing 'Log In' / 'Signup' elements on the main page capital.com"},{"name":"feature","value":"F_03 | Testing '1' tab 'Main' banner. Only for 'En' language"},{"name":"story","value":"S_03.03 | Testing 'Open account' button on the 1 tab 'Main' banner"},{"name":"feature","value":"TS_01 | Testing 'Log In' / 'Signup' elements on the main page capital.com"},{"name":"tag","value":"@pytest.mark.xfail"},{"name":"tag","value":"us_01"},{"name":"parentSuite","value":"tests.Capital"},{"name":"suite","value":"us_01_capital_test"},{"name":"subSuite","value":"Test_US_01"},{"name":"host","value":"fv-az749-517"},{"name":"thread","value":"2994-MainThread"},{"name":"framework","value":"pytest"},{"name":"language","value":"cpython3"},{"name":"package","value":"tests.Capital.us_01_capital_test"},{"name":"resultFormat","value":"allure2"}],"parameters":[{"name":"cur_language","value":"''"},{"name":"cur_license","value":"'CYSEC'"},{"name":"cur_login","value":"'Empty'"},{"name":"cur_password","value":"'Empty'"},{"name":"cur_role","value":"'NoReg'"},{"name":"go","value":"'chrome'"}],"links":[],"hidden":false,"retry":false,"extra":{"severity":"normal","retries":[],"categories":[],"tags":["@pytest.mark.xfail","us_01"]},"source":"a3e013a92a0d5385.json","parameterValues":["''","'CYSEC'","'Empty'","'Empty'","'NoReg'","'chrome'"]}