{"uid":"2b75f1f9f5842a47","name":"TC_05_04 with parameters: NoReg, , NBRB","fullName":"tests.capital_page_test.Tests#test_05_04_banner_main_tab3_l2_button_practise_fo_free_fca","historyId":"6ccb8bef0e8e2be79f85dce75340d5c0","time":{"start":1674213148297,"stop":1674213161950,"duration":13653},"description":"\n        Check: tab \"Industry-leading support for new traders\" -> button \"Practise for free\"\n        Language: only En. Licence: All, except ASIC.\n        ","descriptionHtml":"<pre><code>    Check: tab &quot;Industry-leading support for new traders&quot; -&gt; button &quot;Practise for free&quot;\n    Language: only En. Licence: All, except ASIC.\n</code></pre>\n","status":"broken","statusMessage":"selenium.common.exceptions.NoSuchElementException: Message: no such element: Unable to locate element: {\"method\":\"css selector\",\"selector\":\"button.bannersHome__switcher[data-slick-index='2']\"}\n  (Session info: headless chrome=109.0.5414.74)\nStacktrace:\n#0 0x55d5030ef303 <unknown>\n#1 0x55d502ec3d37 <unknown>\n#2 0x55d502f005b2 <unknown>\n#3 0x55d502f006c1 <unknown>\n#4 0x55d502f3ab34 <unknown>\n#5 0x55d502f209ad <unknown>\n#6 0x55d502f3888c <unknown>\n#7 0x55d502f20753 <unknown>\n#8 0x55d502ef3a14 <unknown>\n#9 0x55d502ef4b7e <unknown>\n#10 0x55d50313e32e <unknown>\n#11 0x55d503141c0e <unknown>\n#12 0x55d503124610 <unknown>\n#13 0x55d503142c23 <unknown>\n#14 0x55d503116545 <unknown>\n#15 0x55d5031636a8 <unknown>\n#16 0x55d503163836 <unknown>\n#17 0x55d50317ed13 <unknown>\n#18 0x7fe43f2a3b43 <unknown>","statusTrace":"self = <tests.capital_page_test.Tests object at 0x7fda4ab3e890>\nworker_id = 'gw0'\nd = <selenium.webdriver.chrome.webdriver.WebDriver (session=\"fdd5cc7a4b942dfa30eefb60e55835c3\")>\ncur_login = 'Empty', cur_password = 'Empty', cur_role = 'NoReg'\ncur_language = '', cur_license = 'NBRB', prob_run_tc = None\n\n    @allure.feature(\"F_05 | Testing '3' tab 'Main' banner. Only for 'En' language\")\n    @allure.story(\"S_05.04 | Testing 'Practise for free' button on the 3 tab (2 layout) 'Main' banner\")\n    @allure.step(f\"{datetime.datetime.now()}.   \"\n                 f\"Start test button 'Practise for free' on tab3 'Main' banner (Layout 2: All, except ASIC).\")\n    @allure.title(\"TC_05_04 with parameters: {cur_role}, {cur_language}, {cur_license}\")\n    def test_05_04_banner_main_tab3_l2_button_practise_fo_free_fca(\n            self, worker_id, d, cur_login, cur_password, cur_role, cur_language, cur_license, prob_run_tc\n    ):\n        \"\"\"\n        Check: tab \"Industry-leading support for new traders\" -> button \"Practise for free\"\n        Language: only En. Licence: All, except ASIC.\n        \"\"\"\n        global test_link\n        global page\n    \n        print(f\"worker_id = {worker_id}\")\n    \n        if cur_language in [\"\"]:\n            if cur_license not in [\"ASIC\", \"BAH\"]:\n                self.preconditions(d, cur_login, cur_password, cur_role, cur_language, cur_license)\n                page = CapitalPage(d, test_link)\n                if not page.current_page_is(test_link):\n                    page.open_page()\n                    print(f\"{datetime.datetime.now()}   Load page: {test_link}\")\n    \n>               layout = page.banner_main_tab3_click()\n\ntests/capital_page_test.py:710: \n_ _ _ _ _ _ _ _ _ _ _ _ _ _ _ _ _ _ _ _ _ _ _ _ _ _ _ _ _ _ _ _ _ _ _ _ _ _ _ _ \npages/capital_com/capital_page.py:92: in banner_main_tab3_click\n    self.browser.find_element(*MainBanner.TAB3).click()\n../../../.cache/pypoetry/virtualenvs/testcapitalcom-G_ZVEfM_-py3.10/lib/python3.10/site-packages/selenium/webdriver/remote/webdriver.py:861: in find_element\n    return self.execute(Command.FIND_ELEMENT, {\"using\": by, \"value\": value})[\"value\"]\n../../../.cache/pypoetry/virtualenvs/testcapitalcom-G_ZVEfM_-py3.10/lib/python3.10/site-packages/selenium/webdriver/remote/webdriver.py:444: in execute\n    self.error_handler.check_response(response)\n_ _ _ _ _ _ _ _ _ _ _ _ _ _ _ _ _ _ _ _ _ _ _ _ _ _ _ _ _ _ _ _ _ _ _ _ _ _ _ _ \n\nself = <selenium.webdriver.remote.errorhandler.ErrorHandler object at 0x7fda49afc580>\nresponse = {'status': 404, 'value': '{\"value\":{\"error\":\"no such element\",\"message\":\"no such element: Unable to locate element: {\\...\\\\n#16 0x55d503163836 \\\\u003Cunknown>\\\\n#17 0x55d50317ed13 \\\\u003Cunknown>\\\\n#18 0x7fe43f2a3b43 \\\\u003Cunknown>\\\\n\"}}'}\n\n    def check_response(self, response: Dict[str, Any]) -> None:\n        \"\"\"\n        Checks that a JSON response from the WebDriver does not have an error.\n    \n        :Args:\n         - response - The JSON response from the WebDriver server as a dictionary\n           object.\n    \n        :Raises: If the response contains an error message.\n        \"\"\"\n        status = response.get(\"status\", None)\n        if not status or status == ErrorCode.SUCCESS:\n            return\n        value = None\n        message = response.get(\"message\", \"\")\n        screen: str = response.get(\"screen\", \"\")\n        stacktrace = None\n        if isinstance(status, int):\n            value_json = response.get(\"value\", None)\n            if value_json and isinstance(value_json, str):\n                import json\n    \n                try:\n                    value = json.loads(value_json)\n                    if len(value.keys()) == 1:\n                        value = value[\"value\"]\n                    status = value.get(\"error\", None)\n                    if not status:\n                        status = value.get(\"status\", ErrorCode.UNKNOWN_ERROR)\n                        message = value.get(\"value\") or value.get(\"message\")\n                        if not isinstance(message, str):\n                            value = message\n                            message = message.get(\"message\")\n                    else:\n                        message = value.get(\"message\", None)\n                except ValueError:\n                    pass\n    \n        exception_class: Type[WebDriverException]\n        if status in ErrorCode.NO_SUCH_ELEMENT:\n            exception_class = NoSuchElementException\n        elif status in ErrorCode.NO_SUCH_FRAME:\n            exception_class = NoSuchFrameException\n        elif status in ErrorCode.NO_SUCH_SHADOW_ROOT:\n            exception_class = NoSuchShadowRootException\n        elif status in ErrorCode.NO_SUCH_WINDOW:\n            exception_class = NoSuchWindowException\n        elif status in ErrorCode.STALE_ELEMENT_REFERENCE:\n            exception_class = StaleElementReferenceException\n        elif status in ErrorCode.ELEMENT_NOT_VISIBLE:\n            exception_class = ElementNotVisibleException\n        elif status in ErrorCode.INVALID_ELEMENT_STATE:\n            exception_class = InvalidElementStateException\n        elif (\n            status in ErrorCode.INVALID_SELECTOR\n            or status in ErrorCode.INVALID_XPATH_SELECTOR\n            or status in ErrorCode.INVALID_XPATH_SELECTOR_RETURN_TYPER\n        ):\n            exception_class = InvalidSelectorException\n        elif status in ErrorCode.ELEMENT_IS_NOT_SELECTABLE:\n            exception_class = ElementNotSelectableException\n        elif status in ErrorCode.ELEMENT_NOT_INTERACTABLE:\n            exception_class = ElementNotInteractableException\n        elif status in ErrorCode.INVALID_COOKIE_DOMAIN:\n            exception_class = InvalidCookieDomainException\n        elif status in ErrorCode.UNABLE_TO_SET_COOKIE:\n            exception_class = UnableToSetCookieException\n        elif status in ErrorCode.TIMEOUT:\n            exception_class = TimeoutException\n        elif status in ErrorCode.SCRIPT_TIMEOUT:\n            exception_class = TimeoutException\n        elif status in ErrorCode.UNKNOWN_ERROR:\n            exception_class = WebDriverException\n        elif status in ErrorCode.UNEXPECTED_ALERT_OPEN:\n            exception_class = UnexpectedAlertPresentException\n        elif status in ErrorCode.NO_ALERT_OPEN:\n            exception_class = NoAlertPresentException\n        elif status in ErrorCode.IME_NOT_AVAILABLE:\n            exception_class = ImeNotAvailableException\n        elif status in ErrorCode.IME_ENGINE_ACTIVATION_FAILED:\n            exception_class = ImeActivationFailedException\n        elif status in ErrorCode.MOVE_TARGET_OUT_OF_BOUNDS:\n            exception_class = MoveTargetOutOfBoundsException\n        elif status in ErrorCode.JAVASCRIPT_ERROR:\n            exception_class = JavascriptException\n        elif status in ErrorCode.SESSION_NOT_CREATED:\n            exception_class = SessionNotCreatedException\n        elif status in ErrorCode.INVALID_ARGUMENT:\n            exception_class = InvalidArgumentException\n        elif status in ErrorCode.NO_SUCH_COOKIE:\n            exception_class = NoSuchCookieException\n        elif status in ErrorCode.UNABLE_TO_CAPTURE_SCREEN:\n            exception_class = ScreenshotException\n        elif status in ErrorCode.ELEMENT_CLICK_INTERCEPTED:\n            exception_class = ElementClickInterceptedException\n        elif status in ErrorCode.INSECURE_CERTIFICATE:\n            exception_class = InsecureCertificateException\n        elif status in ErrorCode.INVALID_COORDINATES:\n            exception_class = InvalidCoordinatesException\n        elif status in ErrorCode.INVALID_SESSION_ID:\n            exception_class = InvalidSessionIdException\n        elif status in ErrorCode.UNKNOWN_METHOD:\n            exception_class = UnknownMethodException\n        else:\n            exception_class = WebDriverException\n        if not value:\n            value = response[\"value\"]\n        if isinstance(value, str):\n            raise exception_class(value)\n        if message == \"\" and \"message\" in value:\n            message = value[\"message\"]\n    \n        screen = None  # type: ignore[assignment]\n        if \"screen\" in value:\n            screen = value[\"screen\"]\n    \n        stacktrace = None\n        st_value = value.get(\"stackTrace\") or value.get(\"stacktrace\")\n        if st_value:\n            if isinstance(st_value, str):\n                stacktrace = st_value.split(\"\\n\")\n            else:\n                stacktrace = []\n                try:\n                    for frame in st_value:\n                        line = frame.get(\"lineNumber\", \"\")\n                        file = frame.get(\"fileName\", \"<anonymous>\")\n                        if line:\n                            file = f\"{file}:{line}\"\n                        meth = frame.get(\"methodName\", \"<anonymous>\")\n                        if \"className\" in frame:\n                            meth = \"{}.{}\".format(frame[\"className\"], meth)\n                        msg = \"    at %s (%s)\"\n                        msg = msg % (meth, file)\n                        stacktrace.append(msg)\n                except TypeError:\n                    pass\n        if exception_class == UnexpectedAlertPresentException:\n            alert_text = None\n            if \"data\" in value:\n                alert_text = value[\"data\"].get(\"text\")\n            elif \"alert\" in value:\n                alert_text = value[\"alert\"].get(\"text\")\n            raise exception_class(message, screen, stacktrace, alert_text)  # type: ignore[call-arg]  # mypy is not smart enough here\n>       raise exception_class(message, screen, stacktrace)\nE       selenium.common.exceptions.NoSuchElementException: Message: no such element: Unable to locate element: {\"method\":\"css selector\",\"selector\":\"button.bannersHome__switcher[data-slick-index='2']\"}\nE         (Session info: headless chrome=109.0.5414.74)\nE       Stacktrace:\nE       #0 0x55d5030ef303 <unknown>\nE       #1 0x55d502ec3d37 <unknown>\nE       #2 0x55d502f005b2 <unknown>\nE       #3 0x55d502f006c1 <unknown>\nE       #4 0x55d502f3ab34 <unknown>\nE       #5 0x55d502f209ad <unknown>\nE       #6 0x55d502f3888c <unknown>\nE       #7 0x55d502f20753 <unknown>\nE       #8 0x55d502ef3a14 <unknown>\nE       #9 0x55d502ef4b7e <unknown>\nE       #10 0x55d50313e32e <unknown>\nE       #11 0x55d503141c0e <unknown>\nE       #12 0x55d503124610 <unknown>\nE       #13 0x55d503142c23 <unknown>\nE       #14 0x55d503116545 <unknown>\nE       #15 0x55d5031636a8 <unknown>\nE       #16 0x55d503163836 <unknown>\nE       #17 0x55d50317ed13 <unknown>\nE       #18 0x7fe43f2a3b43 <unknown>\n\n../../../.cache/pypoetry/virtualenvs/testcapitalcom-G_ZVEfM_-py3.10/lib/python3.10/site-packages/selenium/webdriver/remote/errorhandler.py:249: NoSuchElementException","flaky":false,"newFailed":false,"newBroken":true,"newPassed":false,"retriesCount":0,"retriesStatusChange":false,"beforeStages":[{"name":"d","time":{"start":1674212267556,"stop":1674212269208,"duration":1652},"status":"passed","steps":[],"attachments":[],"parameters":[],"attachmentsCount":0,"stepsCount":0,"shouldDisplayMessage":false,"hasContent":false},{"name":"worker_id","time":{"start":1674212267556,"stop":1674212267556,"duration":0},"status":"passed","steps":[],"attachments":[],"parameters":[],"attachmentsCount":0,"stepsCount":0,"shouldDisplayMessage":false,"hasContent":false},{"name":"browser","time":{"start":1674212267556,"stop":1674212267556,"duration":0},"status":"passed","steps":[],"attachments":[],"parameters":[],"attachmentsCount":0,"stepsCount":0,"shouldDisplayMessage":false,"hasContent":false},{"name":"go","time":{"start":1674212269208,"stop":1674212269208,"duration":0},"status":"passed","steps":[],"attachments":[],"parameters":[],"attachmentsCount":0,"stepsCount":0,"shouldDisplayMessage":false,"hasContent":false},{"name":"cur_role","time":{"start":1674212269209,"stop":1674212269209,"duration":0},"status":"passed","steps":[],"attachments":[],"parameters":[],"attachmentsCount":0,"stepsCount":0,"shouldDisplayMessage":false,"hasContent":false},{"name":"cur_language","time":{"start":1674213118300,"stop":1674213118301,"duration":1},"status":"passed","steps":[],"attachments":[],"parameters":[],"attachmentsCount":0,"stepsCount":0,"shouldDisplayMessage":false,"hasContent":false},{"name":"cur_license","time":{"start":1674213148133,"stop":1674213148133,"duration":0},"status":"passed","steps":[],"attachments":[],"parameters":[],"attachmentsCount":0,"stepsCount":0,"shouldDisplayMessage":false,"hasContent":false},{"name":"prob_run_tc","time":{"start":1674213148294,"stop":1674213148294,"duration":0},"status":"passed","steps":[],"attachments":[],"parameters":[],"attachmentsCount":0,"stepsCount":0,"shouldDisplayMessage":false,"hasContent":false}],"testStage":{"description":"\n        Check: tab \"Industry-leading support for new traders\" -> button \"Practise for free\"\n        Language: only En. Licence: All, except ASIC.\n        ","status":"broken","statusMessage":"selenium.common.exceptions.NoSuchElementException: Message: no such element: Unable to locate element: {\"method\":\"css selector\",\"selector\":\"button.bannersHome__switcher[data-slick-index='2']\"}\n  (Session info: headless chrome=109.0.5414.74)\nStacktrace:\n#0 0x55d5030ef303 <unknown>\n#1 0x55d502ec3d37 <unknown>\n#2 0x55d502f005b2 <unknown>\n#3 0x55d502f006c1 <unknown>\n#4 0x55d502f3ab34 <unknown>\n#5 0x55d502f209ad <unknown>\n#6 0x55d502f3888c <unknown>\n#7 0x55d502f20753 <unknown>\n#8 0x55d502ef3a14 <unknown>\n#9 0x55d502ef4b7e <unknown>\n#10 0x55d50313e32e <unknown>\n#11 0x55d503141c0e <unknown>\n#12 0x55d503124610 <unknown>\n#13 0x55d503142c23 <unknown>\n#14 0x55d503116545 <unknown>\n#15 0x55d5031636a8 <unknown>\n#16 0x55d503163836 <unknown>\n#17 0x55d50317ed13 <unknown>\n#18 0x7fe43f2a3b43 <unknown>","statusTrace":"self = <tests.capital_page_test.Tests object at 0x7fda4ab3e890>\nworker_id = 'gw0'\nd = <selenium.webdriver.chrome.webdriver.WebDriver (session=\"fdd5cc7a4b942dfa30eefb60e55835c3\")>\ncur_login = 'Empty', cur_password = 'Empty', cur_role = 'NoReg'\ncur_language = '', cur_license = 'NBRB', prob_run_tc = None\n\n    @allure.feature(\"F_05 | Testing '3' tab 'Main' banner. Only for 'En' language\")\n    @allure.story(\"S_05.04 | Testing 'Practise for free' button on the 3 tab (2 layout) 'Main' banner\")\n    @allure.step(f\"{datetime.datetime.now()}.   \"\n                 f\"Start test button 'Practise for free' on tab3 'Main' banner (Layout 2: All, except ASIC).\")\n    @allure.title(\"TC_05_04 with parameters: {cur_role}, {cur_language}, {cur_license}\")\n    def test_05_04_banner_main_tab3_l2_button_practise_fo_free_fca(\n            self, worker_id, d, cur_login, cur_password, cur_role, cur_language, cur_license, prob_run_tc\n    ):\n        \"\"\"\n        Check: tab \"Industry-leading support for new traders\" -> button \"Practise for free\"\n        Language: only En. Licence: All, except ASIC.\n        \"\"\"\n        global test_link\n        global page\n    \n        print(f\"worker_id = {worker_id}\")\n    \n        if cur_language in [\"\"]:\n            if cur_license not in [\"ASIC\", \"BAH\"]:\n                self.preconditions(d, cur_login, cur_password, cur_role, cur_language, cur_license)\n                page = CapitalPage(d, test_link)\n                if not page.current_page_is(test_link):\n                    page.open_page()\n                    print(f\"{datetime.datetime.now()}   Load page: {test_link}\")\n    \n>               layout = page.banner_main_tab3_click()\n\ntests/capital_page_test.py:710: \n_ _ _ _ _ _ _ _ _ _ _ _ _ _ _ _ _ _ _ _ _ _ _ _ _ _ _ _ _ _ _ _ _ _ _ _ _ _ _ _ \npages/capital_com/capital_page.py:92: in banner_main_tab3_click\n    self.browser.find_element(*MainBanner.TAB3).click()\n../../../.cache/pypoetry/virtualenvs/testcapitalcom-G_ZVEfM_-py3.10/lib/python3.10/site-packages/selenium/webdriver/remote/webdriver.py:861: in find_element\n    return self.execute(Command.FIND_ELEMENT, {\"using\": by, \"value\": value})[\"value\"]\n../../../.cache/pypoetry/virtualenvs/testcapitalcom-G_ZVEfM_-py3.10/lib/python3.10/site-packages/selenium/webdriver/remote/webdriver.py:444: in execute\n    self.error_handler.check_response(response)\n_ _ _ _ _ _ _ _ _ _ _ _ _ _ _ _ _ _ _ _ _ _ _ _ _ _ _ _ _ _ _ _ _ _ _ _ _ _ _ _ \n\nself = <selenium.webdriver.remote.errorhandler.ErrorHandler object at 0x7fda49afc580>\nresponse = {'status': 404, 'value': '{\"value\":{\"error\":\"no such element\",\"message\":\"no such element: Unable to locate element: {\\...\\\\n#16 0x55d503163836 \\\\u003Cunknown>\\\\n#17 0x55d50317ed13 \\\\u003Cunknown>\\\\n#18 0x7fe43f2a3b43 \\\\u003Cunknown>\\\\n\"}}'}\n\n    def check_response(self, response: Dict[str, Any]) -> None:\n        \"\"\"\n        Checks that a JSON response from the WebDriver does not have an error.\n    \n        :Args:\n         - response - The JSON response from the WebDriver server as a dictionary\n           object.\n    \n        :Raises: If the response contains an error message.\n        \"\"\"\n        status = response.get(\"status\", None)\n        if not status or status == ErrorCode.SUCCESS:\n            return\n        value = None\n        message = response.get(\"message\", \"\")\n        screen: str = response.get(\"screen\", \"\")\n        stacktrace = None\n        if isinstance(status, int):\n            value_json = response.get(\"value\", None)\n            if value_json and isinstance(value_json, str):\n                import json\n    \n                try:\n                    value = json.loads(value_json)\n                    if len(value.keys()) == 1:\n                        value = value[\"value\"]\n                    status = value.get(\"error\", None)\n                    if not status:\n                        status = value.get(\"status\", ErrorCode.UNKNOWN_ERROR)\n                        message = value.get(\"value\") or value.get(\"message\")\n                        if not isinstance(message, str):\n                            value = message\n                            message = message.get(\"message\")\n                    else:\n                        message = value.get(\"message\", None)\n                except ValueError:\n                    pass\n    \n        exception_class: Type[WebDriverException]\n        if status in ErrorCode.NO_SUCH_ELEMENT:\n            exception_class = NoSuchElementException\n        elif status in ErrorCode.NO_SUCH_FRAME:\n            exception_class = NoSuchFrameException\n        elif status in ErrorCode.NO_SUCH_SHADOW_ROOT:\n            exception_class = NoSuchShadowRootException\n        elif status in ErrorCode.NO_SUCH_WINDOW:\n            exception_class = NoSuchWindowException\n        elif status in ErrorCode.STALE_ELEMENT_REFERENCE:\n            exception_class = StaleElementReferenceException\n        elif status in ErrorCode.ELEMENT_NOT_VISIBLE:\n            exception_class = ElementNotVisibleException\n        elif status in ErrorCode.INVALID_ELEMENT_STATE:\n            exception_class = InvalidElementStateException\n        elif (\n            status in ErrorCode.INVALID_SELECTOR\n            or status in ErrorCode.INVALID_XPATH_SELECTOR\n            or status in ErrorCode.INVALID_XPATH_SELECTOR_RETURN_TYPER\n        ):\n            exception_class = InvalidSelectorException\n        elif status in ErrorCode.ELEMENT_IS_NOT_SELECTABLE:\n            exception_class = ElementNotSelectableException\n        elif status in ErrorCode.ELEMENT_NOT_INTERACTABLE:\n            exception_class = ElementNotInteractableException\n        elif status in ErrorCode.INVALID_COOKIE_DOMAIN:\n            exception_class = InvalidCookieDomainException\n        elif status in ErrorCode.UNABLE_TO_SET_COOKIE:\n            exception_class = UnableToSetCookieException\n        elif status in ErrorCode.TIMEOUT:\n            exception_class = TimeoutException\n        elif status in ErrorCode.SCRIPT_TIMEOUT:\n            exception_class = TimeoutException\n        elif status in ErrorCode.UNKNOWN_ERROR:\n            exception_class = WebDriverException\n        elif status in ErrorCode.UNEXPECTED_ALERT_OPEN:\n            exception_class = UnexpectedAlertPresentException\n        elif status in ErrorCode.NO_ALERT_OPEN:\n            exception_class = NoAlertPresentException\n        elif status in ErrorCode.IME_NOT_AVAILABLE:\n            exception_class = ImeNotAvailableException\n        elif status in ErrorCode.IME_ENGINE_ACTIVATION_FAILED:\n            exception_class = ImeActivationFailedException\n        elif status in ErrorCode.MOVE_TARGET_OUT_OF_BOUNDS:\n            exception_class = MoveTargetOutOfBoundsException\n        elif status in ErrorCode.JAVASCRIPT_ERROR:\n            exception_class = JavascriptException\n        elif status in ErrorCode.SESSION_NOT_CREATED:\n            exception_class = SessionNotCreatedException\n        elif status in ErrorCode.INVALID_ARGUMENT:\n            exception_class = InvalidArgumentException\n        elif status in ErrorCode.NO_SUCH_COOKIE:\n            exception_class = NoSuchCookieException\n        elif status in ErrorCode.UNABLE_TO_CAPTURE_SCREEN:\n            exception_class = ScreenshotException\n        elif status in ErrorCode.ELEMENT_CLICK_INTERCEPTED:\n            exception_class = ElementClickInterceptedException\n        elif status in ErrorCode.INSECURE_CERTIFICATE:\n            exception_class = InsecureCertificateException\n        elif status in ErrorCode.INVALID_COORDINATES:\n            exception_class = InvalidCoordinatesException\n        elif status in ErrorCode.INVALID_SESSION_ID:\n            exception_class = InvalidSessionIdException\n        elif status in ErrorCode.UNKNOWN_METHOD:\n            exception_class = UnknownMethodException\n        else:\n            exception_class = WebDriverException\n        if not value:\n            value = response[\"value\"]\n        if isinstance(value, str):\n            raise exception_class(value)\n        if message == \"\" and \"message\" in value:\n            message = value[\"message\"]\n    \n        screen = None  # type: ignore[assignment]\n        if \"screen\" in value:\n            screen = value[\"screen\"]\n    \n        stacktrace = None\n        st_value = value.get(\"stackTrace\") or value.get(\"stacktrace\")\n        if st_value:\n            if isinstance(st_value, str):\n                stacktrace = st_value.split(\"\\n\")\n            else:\n                stacktrace = []\n                try:\n                    for frame in st_value:\n                        line = frame.get(\"lineNumber\", \"\")\n                        file = frame.get(\"fileName\", \"<anonymous>\")\n                        if line:\n                            file = f\"{file}:{line}\"\n                        meth = frame.get(\"methodName\", \"<anonymous>\")\n                        if \"className\" in frame:\n                            meth = \"{}.{}\".format(frame[\"className\"], meth)\n                        msg = \"    at %s (%s)\"\n                        msg = msg % (meth, file)\n                        stacktrace.append(msg)\n                except TypeError:\n                    pass\n        if exception_class == UnexpectedAlertPresentException:\n            alert_text = None\n            if \"data\" in value:\n                alert_text = value[\"data\"].get(\"text\")\n            elif \"alert\" in value:\n                alert_text = value[\"alert\"].get(\"text\")\n            raise exception_class(message, screen, stacktrace, alert_text)  # type: ignore[call-arg]  # mypy is not smart enough here\n>       raise exception_class(message, screen, stacktrace)\nE       selenium.common.exceptions.NoSuchElementException: Message: no such element: Unable to locate element: {\"method\":\"css selector\",\"selector\":\"button.bannersHome__switcher[data-slick-index='2']\"}\nE         (Session info: headless chrome=109.0.5414.74)\nE       Stacktrace:\nE       #0 0x55d5030ef303 <unknown>\nE       #1 0x55d502ec3d37 <unknown>\nE       #2 0x55d502f005b2 <unknown>\nE       #3 0x55d502f006c1 <unknown>\nE       #4 0x55d502f3ab34 <unknown>\nE       #5 0x55d502f209ad <unknown>\nE       #6 0x55d502f3888c <unknown>\nE       #7 0x55d502f20753 <unknown>\nE       #8 0x55d502ef3a14 <unknown>\nE       #9 0x55d502ef4b7e <unknown>\nE       #10 0x55d50313e32e <unknown>\nE       #11 0x55d503141c0e <unknown>\nE       #12 0x55d503124610 <unknown>\nE       #13 0x55d503142c23 <unknown>\nE       #14 0x55d503116545 <unknown>\nE       #15 0x55d5031636a8 <unknown>\nE       #16 0x55d503163836 <unknown>\nE       #17 0x55d50317ed13 <unknown>\nE       #18 0x7fe43f2a3b43 <unknown>\n\n../../../.cache/pypoetry/virtualenvs/testcapitalcom-G_ZVEfM_-py3.10/lib/python3.10/site-packages/selenium/webdriver/remote/errorhandler.py:249: NoSuchElementException","steps":[{"name":"2023-01-20 10:57:44.601892.   Start test button 'Practise for free' on tab3 'Main' banner (Layout 2: All, except ASIC).","time":{"start":1674213148297,"stop":1674213161949,"duration":13652},"status":"broken","statusMessage":"selenium.common.exceptions.NoSuchElementException: Message: no such element: Unable to locate element: {\"method\":\"css selector\",\"selector\":\"button.bannersHome__switcher[data-slick-index='2']\"}\n  (Session info: headless chrome=109.0.5414.74)\nStacktrace:\n#0 0x55d5030ef303 <unknown>\n#1 0x55d502ec3d37 <unknown>\n#2 0x55d502f005b2 <unknown>\n#3 0x55d502f006c1 <unknown>\n#4 0x55d502f3ab34 <unknown>\n#5 0x55d502f209ad <unknown>\n#6 0x55d502f3888c <unknown>\n#7 0x55d502f20753 <unknown>\n#8 0x55d502ef3a14 <unknown>\n#9 0x55d502ef4b7e <unknown>\n#10 0x55d50313e32e <unknown>\n#11 0x55d503141c0e <unknown>\n#12 0x55d503124610 <unknown>\n#13 0x55d503142c23 <unknown>\n#14 0x55d503116545 <unknown>\n#15 0x55d5031636a8 <unknown>\n#16 0x55d503163836 <unknown>\n#17 0x55d50317ed13 <unknown>\n#18 0x7fe43f2a3b43 <unknown>\n\n","statusTrace":"  File \"/home/runner/.cache/pypoetry/virtualenvs/testcapitalcom-G_ZVEfM_-py3.10/lib/python3.10/site-packages/allure_commons/_allure.py\", line 192, in impl\n    return func(*a, **kw)\n  File \"/home/runner/work/TestCapitalCom/TestCapitalCom/tests/capital_page_test.py\", line 710, in test_05_04_banner_main_tab3_l2_button_practise_fo_free_fca\n    layout = page.banner_main_tab3_click()\n  File \"/home/runner/.cache/pypoetry/virtualenvs/testcapitalcom-G_ZVEfM_-py3.10/lib/python3.10/site-packages/allure_commons/_allure.py\", line 192, in impl\n    return func(*a, **kw)\n  File \"/home/runner/work/TestCapitalCom/TestCapitalCom/pages/capital_com/capital_page.py\", line 92, in banner_main_tab3_click\n    self.browser.find_element(*MainBanner.TAB3).click()\n  File \"/home/runner/.cache/pypoetry/virtualenvs/testcapitalcom-G_ZVEfM_-py3.10/lib/python3.10/site-packages/selenium/webdriver/remote/webdriver.py\", line 861, in find_element\n    return self.execute(Command.FIND_ELEMENT, {\"using\": by, \"value\": value})[\"value\"]\n  File \"/home/runner/.cache/pypoetry/virtualenvs/testcapitalcom-G_ZVEfM_-py3.10/lib/python3.10/site-packages/selenium/webdriver/remote/webdriver.py\", line 444, in execute\n    self.error_handler.check_response(response)\n  File \"/home/runner/.cache/pypoetry/virtualenvs/testcapitalcom-G_ZVEfM_-py3.10/lib/python3.10/site-packages/selenium/webdriver/remote/errorhandler.py\", line 249, in check_response\n    raise exception_class(message, screen, stacktrace)\n","steps":[{"name":"2023-01-20 10:57:44.600930.   Set preconditions","time":{"start":1674213148298,"stop":1674213150930,"duration":2632},"status":"passed","steps":[],"attachments":[],"parameters":[{"name":"d","value":"<selenium.webdriver.chrome.webdriver.WebDriver (session=\"fdd5cc7a4b942dfa30eefb60e55835c3\")>"},{"name":"cur_login","value":"'Empty'"},{"name":"cur_password","value":"'Empty'"},{"name":"cur_role","value":"'NoReg'"},{"name":"cur_language","value":"''"},{"name":"cur_license","value":"'NBRB'"}],"attachmentsCount":0,"stepsCount":0,"shouldDisplayMessage":false,"hasContent":true},{"name":"2023-01-20 10:57:44.599336.   Click tab '3' on banner 'Main'.","time":{"start":1674213151871,"stop":1674213161949,"duration":10078},"status":"broken","statusMessage":"selenium.common.exceptions.NoSuchElementException: Message: no such element: Unable to locate element: {\"method\":\"css selector\",\"selector\":\"button.bannersHome__switcher[data-slick-index='2']\"}\n  (Session info: headless chrome=109.0.5414.74)\nStacktrace:\n#0 0x55d5030ef303 <unknown>\n#1 0x55d502ec3d37 <unknown>\n#2 0x55d502f005b2 <unknown>\n#3 0x55d502f006c1 <unknown>\n#4 0x55d502f3ab34 <unknown>\n#5 0x55d502f209ad <unknown>\n#6 0x55d502f3888c <unknown>\n#7 0x55d502f20753 <unknown>\n#8 0x55d502ef3a14 <unknown>\n#9 0x55d502ef4b7e <unknown>\n#10 0x55d50313e32e <unknown>\n#11 0x55d503141c0e <unknown>\n#12 0x55d503124610 <unknown>\n#13 0x55d503142c23 <unknown>\n#14 0x55d503116545 <unknown>\n#15 0x55d5031636a8 <unknown>\n#16 0x55d503163836 <unknown>\n#17 0x55d50317ed13 <unknown>\n#18 0x7fe43f2a3b43 <unknown>\n\n","statusTrace":"  File \"/home/runner/.cache/pypoetry/virtualenvs/testcapitalcom-G_ZVEfM_-py3.10/lib/python3.10/site-packages/allure_commons/_allure.py\", line 192, in impl\n    return func(*a, **kw)\n  File \"/home/runner/work/TestCapitalCom/TestCapitalCom/pages/capital_com/capital_page.py\", line 92, in banner_main_tab3_click\n    self.browser.find_element(*MainBanner.TAB3).click()\n  File \"/home/runner/.cache/pypoetry/virtualenvs/testcapitalcom-G_ZVEfM_-py3.10/lib/python3.10/site-packages/selenium/webdriver/remote/webdriver.py\", line 861, in find_element\n    return self.execute(Command.FIND_ELEMENT, {\"using\": by, \"value\": value})[\"value\"]\n  File \"/home/runner/.cache/pypoetry/virtualenvs/testcapitalcom-G_ZVEfM_-py3.10/lib/python3.10/site-packages/selenium/webdriver/remote/webdriver.py\", line 444, in execute\n    self.error_handler.check_response(response)\n  File \"/home/runner/.cache/pypoetry/virtualenvs/testcapitalcom-G_ZVEfM_-py3.10/lib/python3.10/site-packages/selenium/webdriver/remote/errorhandler.py\", line 249, in check_response\n    raise exception_class(message, screen, stacktrace)\n","steps":[],"attachments":[],"parameters":[],"attachmentsCount":0,"stepsCount":0,"shouldDisplayMessage":true,"hasContent":true}],"attachments":[],"parameters":[{"name":"worker_id","value":"'gw0'"},{"name":"d","value":"<selenium.webdriver.chrome.webdriver.WebDriver (session=\"fdd5cc7a4b942dfa30eefb60e55835c3\")>"},{"name":"cur_login","value":"'Empty'"},{"name":"cur_password","value":"'Empty'"},{"name":"cur_role","value":"'NoReg'"},{"name":"cur_language","value":"''"},{"name":"cur_license","value":"'NBRB'"},{"name":"prob_run_tc","value":"None"}],"attachmentsCount":0,"stepsCount":2,"shouldDisplayMessage":false,"hasContent":true}],"attachments":[{"uid":"adad9916baaf7f8c","name":"Screeshot","source":"adad9916baaf7f8c.png","type":"image/png","size":157912},{"uid":"86230cc30694595b","name":"log","source":"86230cc30694595b.txt","type":"text/plain","size":2151},{"uid":"a02e8ffa397d45df","name":"stdout","source":"a02e8ffa397d45df.txt","type":"text/plain","size":138}],"parameters":[],"attachmentsCount":3,"stepsCount":3,"shouldDisplayMessage":true,"hasContent":true},"afterStages":[{"name":"go::0","time":{"start":1674216066045,"stop":1674216066236,"duration":191},"status":"passed","steps":[],"attachments":[],"parameters":[],"attachmentsCount":0,"stepsCount":0,"shouldDisplayMessage":false,"hasContent":false}],"labels":[{"name":"feature","value":"F_05 | Testing '3' tab 'Main' banner. Only for 'En' language"},{"name":"epic","value":"Testing capital.com. All language. All license"},{"name":"story","value":"S_05.04 | Testing 'Practise for free' button on the 3 tab (2 layout) 'Main' banner"},{"name":"parentSuite","value":"tests"},{"name":"suite","value":"capital_page_test"},{"name":"subSuite","value":"Tests"},{"name":"host","value":"fv-az403-99"},{"name":"thread","value":"3017-MainThread"},{"name":"framework","value":"pytest"},{"name":"language","value":"cpython3"},{"name":"package","value":"tests.capital_page_test"},{"name":"resultFormat","value":"allure2"}],"parameters":[{"name":"cur_language","value":"''"},{"name":"cur_license","value":"'NBRB'"},{"name":"cur_login","value":"'Empty'"},{"name":"cur_password","value":"'Empty'"},{"name":"cur_role","value":"'NoReg'"},{"name":"go","value":"'chrome'"}],"links":[],"hidden":false,"retry":false,"extra":{"severity":"normal","retries":[],"categories":[{"name":"Test defects","matchedStatuses":[],"flaky":false}],"history":{"statistic":{"failed":0,"broken":1,"skipped":0,"passed":4,"unknown":0,"total":5},"items":[{"uid":"ac23096dc1266fa0","reportUrl":"https://AlexTom22.github.io/TestCapitalCom/6//#testresult/ac23096dc1266fa0","status":"passed","time":{"start":1674173250200,"stop":1674173251367,"duration":1167}},{"uid":"ca66d76b2d709f81","reportUrl":"https://AlexTom22.github.io/TestCapitalCom/5//#testresult/ca66d76b2d709f81","status":"passed","time":{"start":1674077853384,"stop":1674077853827,"duration":443}},{"uid":"7a805dc47ff7658f","reportUrl":"https://AlexTom22.github.io/TestCapitalCom/4//#testresult/7a805dc47ff7658f","status":"passed","time":{"start":1673909910339,"stop":1673909910710,"duration":371}},{"uid":"657169e2a009c1f8","reportUrl":"https://AlexTom22.github.io/TestCapitalCom/2//#testresult/657169e2a009c1f8","status":"passed","time":{"start":1673878678337,"stop":1673878678656,"duration":319}}]},"tags":[]},"source":"2b75f1f9f5842a47.json","parameterValues":["''","'NBRB'","'Empty'","'Empty'","'NoReg'","'chrome'"]}