{"uid":"7571d508912628b8","name":"TC_01_01 with parameters: NoReg, ar, ASIC","fullName":"tests.capital_page_test.Tests#test_01_01_header_button_login","historyId":"30d924a7b7bc46cec462373c519349c3","time":{"start":1674212269211,"stop":1674212276189,"duration":6978},"description":"\n        Check: Header -> button [Log In]\n        Language: All. License: All.\n        ","descriptionHtml":"<pre><code>    Check: Header -&gt; button [Log In]\n    Language: All. License: All.\n</code></pre>\n","status":"broken","statusMessage":"selenium.common.exceptions.ElementClickInterceptedException: Message: element click intercepted: Element is not clickable at point (443, 1121)\n  (Session info: headless chrome=109.0.5414.74)\nStacktrace:\n#0 0x55d5030ef303 <unknown>\n#1 0x55d502ec3d37 <unknown>\n#2 0x55d502f06e29 <unknown>\n#3 0x55d502f04e2f <unknown>\n#4 0x55d502f029de <unknown>\n#5 0x55d502f01b7d <unknown>\n#6 0x55d502ef59a5 <unknown>\n#7 0x55d502f20982 <unknown>\n#8 0x55d502ef522f <unknown>\n#9 0x55d502f20b4e <unknown>\n#10 0x55d502f3888c <unknown>\n#11 0x55d502f20753 <unknown>\n#12 0x55d502ef3a14 <unknown>\n#13 0x55d502ef4b7e <unknown>\n#14 0x55d50313e32e <unknown>\n#15 0x55d503141c0e <unknown>\n#16 0x55d503124610 <unknown>\n#17 0x55d503142c23 <unknown>\n#18 0x55d503116545 <unknown>\n#19 0x55d5031636a8 <unknown>\n#20 0x55d503163836 <unknown>\n#21 0x55d50317ed13 <unknown>\n#22 0x7fe43f2a3b43 <unknown>","statusTrace":"self = <tests.capital_page_test.Tests object at 0x7fda4b5e14e0>\nworker_id = 'gw0'\nd = <selenium.webdriver.chrome.webdriver.WebDriver (session=\"fdd5cc7a4b942dfa30eefb60e55835c3\")>\ncur_login = 'Empty', cur_password = 'Empty', cur_language = 'ar'\ncur_license = 'ASIC', cur_role = 'NoReg', prob_run_tc = None\n\n    @allure.feature(\"F_01 | Testing header\")\n    @allure.story(\"S_01.01 | Testing 'Log In' button on the header\")\n    @allure.step(f\"{datetime.datetime.now()}.   Start test button 'Log In' on header.\")\n    @allure.title(\"TC_01_01 with parameters: {cur_role}, {cur_language}, {cur_license}\")\n    def test_01_01_header_button_login(\n            self, worker_id, d, cur_login, cur_password, cur_language, cur_license, cur_role, prob_run_tc\n    ):\n        \"\"\"\n        Check: Header -> button [Log In]\n        Language: All. License: All.\n        \"\"\"\n        global test_link\n        global page\n    \n        print(f\"worker_id = {worker_id}\")\n    \n>       self.preconditions(d, cur_login, cur_password, cur_role, cur_language, cur_license)\n\ntests/capital_page_test.py:101: \n_ _ _ _ _ _ _ _ _ _ _ _ _ _ _ _ _ _ _ _ _ _ _ _ _ _ _ _ _ _ _ _ _ _ _ _ _ _ _ _ \ntests/capital_page_test.py:62: in preconditions\n    page.button_accept_all_cookies_click()\npages/capital_com/capital_page.py:34: in button_accept_all_cookies_click\n    self.browser.find_element(*OnTrastLocators.BUTTON_ACCEPT_ALL_COOKIE).click()\n../../../.cache/pypoetry/virtualenvs/testcapitalcom-G_ZVEfM_-py3.10/lib/python3.10/site-packages/selenium/webdriver/remote/webelement.py:93: in click\n    self._execute(Command.CLICK_ELEMENT)\n../../../.cache/pypoetry/virtualenvs/testcapitalcom-G_ZVEfM_-py3.10/lib/python3.10/site-packages/selenium/webdriver/remote/webelement.py:410: in _execute\n    return self._parent.execute(command, params)\n../../../.cache/pypoetry/virtualenvs/testcapitalcom-G_ZVEfM_-py3.10/lib/python3.10/site-packages/selenium/webdriver/remote/webdriver.py:444: in execute\n    self.error_handler.check_response(response)\n_ _ _ _ _ _ _ _ _ _ _ _ _ _ _ _ _ _ _ _ _ _ _ _ _ _ _ _ _ _ _ _ _ _ _ _ _ _ _ _ \n\nself = <selenium.webdriver.remote.errorhandler.ErrorHandler object at 0x7fda49afc580>\nresponse = {'status': 400, 'value': '{\"value\":{\"error\":\"element click intercepted\",\"message\":\"element click intercepted: Element ...\\\\n#20 0x55d503163836 \\\\u003Cunknown>\\\\n#21 0x55d50317ed13 \\\\u003Cunknown>\\\\n#22 0x7fe43f2a3b43 \\\\u003Cunknown>\\\\n\"}}'}\n\n    def check_response(self, response: Dict[str, Any]) -> None:\n        \"\"\"\n        Checks that a JSON response from the WebDriver does not have an error.\n    \n        :Args:\n         - response - The JSON response from the WebDriver server as a dictionary\n           object.\n    \n        :Raises: If the response contains an error message.\n        \"\"\"\n        status = response.get(\"status\", None)\n        if not status or status == ErrorCode.SUCCESS:\n            return\n        value = None\n        message = response.get(\"message\", \"\")\n        screen: str = response.get(\"screen\", \"\")\n        stacktrace = None\n        if isinstance(status, int):\n            value_json = response.get(\"value\", None)\n            if value_json and isinstance(value_json, str):\n                import json\n    \n                try:\n                    value = json.loads(value_json)\n                    if len(value.keys()) == 1:\n                        value = value[\"value\"]\n                    status = value.get(\"error\", None)\n                    if not status:\n                        status = value.get(\"status\", ErrorCode.UNKNOWN_ERROR)\n                        message = value.get(\"value\") or value.get(\"message\")\n                        if not isinstance(message, str):\n                            value = message\n                            message = message.get(\"message\")\n                    else:\n                        message = value.get(\"message\", None)\n                except ValueError:\n                    pass\n    \n        exception_class: Type[WebDriverException]\n        if status in ErrorCode.NO_SUCH_ELEMENT:\n            exception_class = NoSuchElementException\n        elif status in ErrorCode.NO_SUCH_FRAME:\n            exception_class = NoSuchFrameException\n        elif status in ErrorCode.NO_SUCH_SHADOW_ROOT:\n            exception_class = NoSuchShadowRootException\n        elif status in ErrorCode.NO_SUCH_WINDOW:\n            exception_class = NoSuchWindowException\n        elif status in ErrorCode.STALE_ELEMENT_REFERENCE:\n            exception_class = StaleElementReferenceException\n        elif status in ErrorCode.ELEMENT_NOT_VISIBLE:\n            exception_class = ElementNotVisibleException\n        elif status in ErrorCode.INVALID_ELEMENT_STATE:\n            exception_class = InvalidElementStateException\n        elif (\n            status in ErrorCode.INVALID_SELECTOR\n            or status in ErrorCode.INVALID_XPATH_SELECTOR\n            or status in ErrorCode.INVALID_XPATH_SELECTOR_RETURN_TYPER\n        ):\n            exception_class = InvalidSelectorException\n        elif status in ErrorCode.ELEMENT_IS_NOT_SELECTABLE:\n            exception_class = ElementNotSelectableException\n        elif status in ErrorCode.ELEMENT_NOT_INTERACTABLE:\n            exception_class = ElementNotInteractableException\n        elif status in ErrorCode.INVALID_COOKIE_DOMAIN:\n            exception_class = InvalidCookieDomainException\n        elif status in ErrorCode.UNABLE_TO_SET_COOKIE:\n            exception_class = UnableToSetCookieException\n        elif status in ErrorCode.TIMEOUT:\n            exception_class = TimeoutException\n        elif status in ErrorCode.SCRIPT_TIMEOUT:\n            exception_class = TimeoutException\n        elif status in ErrorCode.UNKNOWN_ERROR:\n            exception_class = WebDriverException\n        elif status in ErrorCode.UNEXPECTED_ALERT_OPEN:\n            exception_class = UnexpectedAlertPresentException\n        elif status in ErrorCode.NO_ALERT_OPEN:\n            exception_class = NoAlertPresentException\n        elif status in ErrorCode.IME_NOT_AVAILABLE:\n            exception_class = ImeNotAvailableException\n        elif status in ErrorCode.IME_ENGINE_ACTIVATION_FAILED:\n            exception_class = ImeActivationFailedException\n        elif status in ErrorCode.MOVE_TARGET_OUT_OF_BOUNDS:\n            exception_class = MoveTargetOutOfBoundsException\n        elif status in ErrorCode.JAVASCRIPT_ERROR:\n            exception_class = JavascriptException\n        elif status in ErrorCode.SESSION_NOT_CREATED:\n            exception_class = SessionNotCreatedException\n        elif status in ErrorCode.INVALID_ARGUMENT:\n            exception_class = InvalidArgumentException\n        elif status in ErrorCode.NO_SUCH_COOKIE:\n            exception_class = NoSuchCookieException\n        elif status in ErrorCode.UNABLE_TO_CAPTURE_SCREEN:\n            exception_class = ScreenshotException\n        elif status in ErrorCode.ELEMENT_CLICK_INTERCEPTED:\n            exception_class = ElementClickInterceptedException\n        elif status in ErrorCode.INSECURE_CERTIFICATE:\n            exception_class = InsecureCertificateException\n        elif status in ErrorCode.INVALID_COORDINATES:\n            exception_class = InvalidCoordinatesException\n        elif status in ErrorCode.INVALID_SESSION_ID:\n            exception_class = InvalidSessionIdException\n        elif status in ErrorCode.UNKNOWN_METHOD:\n            exception_class = UnknownMethodException\n        else:\n            exception_class = WebDriverException\n        if not value:\n            value = response[\"value\"]\n        if isinstance(value, str):\n            raise exception_class(value)\n        if message == \"\" and \"message\" in value:\n            message = value[\"message\"]\n    \n        screen = None  # type: ignore[assignment]\n        if \"screen\" in value:\n            screen = value[\"screen\"]\n    \n        stacktrace = None\n        st_value = value.get(\"stackTrace\") or value.get(\"stacktrace\")\n        if st_value:\n            if isinstance(st_value, str):\n                stacktrace = st_value.split(\"\\n\")\n            else:\n                stacktrace = []\n                try:\n                    for frame in st_value:\n                        line = frame.get(\"lineNumber\", \"\")\n                        file = frame.get(\"fileName\", \"<anonymous>\")\n                        if line:\n                            file = f\"{file}:{line}\"\n                        meth = frame.get(\"methodName\", \"<anonymous>\")\n                        if \"className\" in frame:\n                            meth = \"{}.{}\".format(frame[\"className\"], meth)\n                        msg = \"    at %s (%s)\"\n                        msg = msg % (meth, file)\n                        stacktrace.append(msg)\n                except TypeError:\n                    pass\n        if exception_class == UnexpectedAlertPresentException:\n            alert_text = None\n            if \"data\" in value:\n                alert_text = value[\"data\"].get(\"text\")\n            elif \"alert\" in value:\n                alert_text = value[\"alert\"].get(\"text\")\n            raise exception_class(message, screen, stacktrace, alert_text)  # type: ignore[call-arg]  # mypy is not smart enough here\n>       raise exception_class(message, screen, stacktrace)\nE       selenium.common.exceptions.ElementClickInterceptedException: Message: element click intercepted: Element is not clickable at point (443, 1121)\nE         (Session info: headless chrome=109.0.5414.74)\nE       Stacktrace:\nE       #0 0x55d5030ef303 <unknown>\nE       #1 0x55d502ec3d37 <unknown>\nE       #2 0x55d502f06e29 <unknown>\nE       #3 0x55d502f04e2f <unknown>\nE       #4 0x55d502f029de <unknown>\nE       #5 0x55d502f01b7d <unknown>\nE       #6 0x55d502ef59a5 <unknown>\nE       #7 0x55d502f20982 <unknown>\nE       #8 0x55d502ef522f <unknown>\nE       #9 0x55d502f20b4e <unknown>\nE       #10 0x55d502f3888c <unknown>\nE       #11 0x55d502f20753 <unknown>\nE       #12 0x55d502ef3a14 <unknown>\nE       #13 0x55d502ef4b7e <unknown>\nE       #14 0x55d50313e32e <unknown>\nE       #15 0x55d503141c0e <unknown>\nE       #16 0x55d503124610 <unknown>\nE       #17 0x55d503142c23 <unknown>\nE       #18 0x55d503116545 <unknown>\nE       #19 0x55d5031636a8 <unknown>\nE       #20 0x55d503163836 <unknown>\nE       #21 0x55d50317ed13 <unknown>\nE       #22 0x7fe43f2a3b43 <unknown>\n\n../../../.cache/pypoetry/virtualenvs/testcapitalcom-G_ZVEfM_-py3.10/lib/python3.10/site-packages/selenium/webdriver/remote/errorhandler.py:249: ElementClickInterceptedException","flaky":false,"newFailed":false,"newBroken":false,"newPassed":false,"retriesCount":0,"retriesStatusChange":false,"beforeStages":[{"name":"d","time":{"start":1674212267556,"stop":1674212269208,"duration":1652},"status":"passed","steps":[],"attachments":[],"parameters":[],"attachmentsCount":0,"stepsCount":0,"shouldDisplayMessage":false,"hasContent":false},{"name":"worker_id","time":{"start":1674212267556,"stop":1674212267556,"duration":0},"status":"passed","steps":[],"attachments":[],"parameters":[],"attachmentsCount":0,"stepsCount":0,"shouldDisplayMessage":false,"hasContent":false},{"name":"browser","time":{"start":1674212267556,"stop":1674212267556,"duration":0},"status":"passed","steps":[],"attachments":[],"parameters":[],"attachmentsCount":0,"stepsCount":0,"shouldDisplayMessage":false,"hasContent":false},{"name":"go","time":{"start":1674212269208,"stop":1674212269208,"duration":0},"status":"passed","steps":[],"attachments":[],"parameters":[],"attachmentsCount":0,"stepsCount":0,"shouldDisplayMessage":false,"hasContent":false},{"name":"cur_role","time":{"start":1674212269209,"stop":1674212269209,"duration":0},"status":"passed","steps":[],"attachments":[],"parameters":[],"attachmentsCount":0,"stepsCount":0,"shouldDisplayMessage":false,"hasContent":false},{"name":"cur_license","time":{"start":1674212269209,"stop":1674212269209,"duration":0},"status":"passed","steps":[],"attachments":[],"parameters":[],"attachmentsCount":0,"stepsCount":0,"shouldDisplayMessage":false,"hasContent":false},{"name":"cur_language","time":{"start":1674212269209,"stop":1674212269209,"duration":0},"status":"passed","steps":[],"attachments":[],"parameters":[],"attachmentsCount":0,"stepsCount":0,"shouldDisplayMessage":false,"hasContent":false},{"name":"prob_run_tc","time":{"start":1674212269210,"stop":1674212269210,"duration":0},"status":"passed","steps":[],"attachments":[],"parameters":[],"attachmentsCount":0,"stepsCount":0,"shouldDisplayMessage":false,"hasContent":false}],"testStage":{"description":"\n        Check: Header -> button [Log In]\n        Language: All. License: All.\n        ","status":"broken","statusMessage":"selenium.common.exceptions.ElementClickInterceptedException: Message: element click intercepted: Element is not clickable at point (443, 1121)\n  (Session info: headless chrome=109.0.5414.74)\nStacktrace:\n#0 0x55d5030ef303 <unknown>\n#1 0x55d502ec3d37 <unknown>\n#2 0x55d502f06e29 <unknown>\n#3 0x55d502f04e2f <unknown>\n#4 0x55d502f029de <unknown>\n#5 0x55d502f01b7d <unknown>\n#6 0x55d502ef59a5 <unknown>\n#7 0x55d502f20982 <unknown>\n#8 0x55d502ef522f <unknown>\n#9 0x55d502f20b4e <unknown>\n#10 0x55d502f3888c <unknown>\n#11 0x55d502f20753 <unknown>\n#12 0x55d502ef3a14 <unknown>\n#13 0x55d502ef4b7e <unknown>\n#14 0x55d50313e32e <unknown>\n#15 0x55d503141c0e <unknown>\n#16 0x55d503124610 <unknown>\n#17 0x55d503142c23 <unknown>\n#18 0x55d503116545 <unknown>\n#19 0x55d5031636a8 <unknown>\n#20 0x55d503163836 <unknown>\n#21 0x55d50317ed13 <unknown>\n#22 0x7fe43f2a3b43 <unknown>","statusTrace":"self = <tests.capital_page_test.Tests object at 0x7fda4b5e14e0>\nworker_id = 'gw0'\nd = <selenium.webdriver.chrome.webdriver.WebDriver (session=\"fdd5cc7a4b942dfa30eefb60e55835c3\")>\ncur_login = 'Empty', cur_password = 'Empty', cur_language = 'ar'\ncur_license = 'ASIC', cur_role = 'NoReg', prob_run_tc = None\n\n    @allure.feature(\"F_01 | Testing header\")\n    @allure.story(\"S_01.01 | Testing 'Log In' button on the header\")\n    @allure.step(f\"{datetime.datetime.now()}.   Start test button 'Log In' on header.\")\n    @allure.title(\"TC_01_01 with parameters: {cur_role}, {cur_language}, {cur_license}\")\n    def test_01_01_header_button_login(\n            self, worker_id, d, cur_login, cur_password, cur_language, cur_license, cur_role, prob_run_tc\n    ):\n        \"\"\"\n        Check: Header -> button [Log In]\n        Language: All. License: All.\n        \"\"\"\n        global test_link\n        global page\n    \n        print(f\"worker_id = {worker_id}\")\n    \n>       self.preconditions(d, cur_login, cur_password, cur_role, cur_language, cur_license)\n\ntests/capital_page_test.py:101: \n_ _ _ _ _ _ _ _ _ _ _ _ _ _ _ _ _ _ _ _ _ _ _ _ _ _ _ _ _ _ _ _ _ _ _ _ _ _ _ _ \ntests/capital_page_test.py:62: in preconditions\n    page.button_accept_all_cookies_click()\npages/capital_com/capital_page.py:34: in button_accept_all_cookies_click\n    self.browser.find_element(*OnTrastLocators.BUTTON_ACCEPT_ALL_COOKIE).click()\n../../../.cache/pypoetry/virtualenvs/testcapitalcom-G_ZVEfM_-py3.10/lib/python3.10/site-packages/selenium/webdriver/remote/webelement.py:93: in click\n    self._execute(Command.CLICK_ELEMENT)\n../../../.cache/pypoetry/virtualenvs/testcapitalcom-G_ZVEfM_-py3.10/lib/python3.10/site-packages/selenium/webdriver/remote/webelement.py:410: in _execute\n    return self._parent.execute(command, params)\n../../../.cache/pypoetry/virtualenvs/testcapitalcom-G_ZVEfM_-py3.10/lib/python3.10/site-packages/selenium/webdriver/remote/webdriver.py:444: in execute\n    self.error_handler.check_response(response)\n_ _ _ _ _ _ _ _ _ _ _ _ _ _ _ _ _ _ _ _ _ _ _ _ _ _ _ _ _ _ _ _ _ _ _ _ _ _ _ _ \n\nself = <selenium.webdriver.remote.errorhandler.ErrorHandler object at 0x7fda49afc580>\nresponse = {'status': 400, 'value': '{\"value\":{\"error\":\"element click intercepted\",\"message\":\"element click intercepted: Element ...\\\\n#20 0x55d503163836 \\\\u003Cunknown>\\\\n#21 0x55d50317ed13 \\\\u003Cunknown>\\\\n#22 0x7fe43f2a3b43 \\\\u003Cunknown>\\\\n\"}}'}\n\n    def check_response(self, response: Dict[str, Any]) -> None:\n        \"\"\"\n        Checks that a JSON response from the WebDriver does not have an error.\n    \n        :Args:\n         - response - The JSON response from the WebDriver server as a dictionary\n           object.\n    \n        :Raises: If the response contains an error message.\n        \"\"\"\n        status = response.get(\"status\", None)\n        if not status or status == ErrorCode.SUCCESS:\n            return\n        value = None\n        message = response.get(\"message\", \"\")\n        screen: str = response.get(\"screen\", \"\")\n        stacktrace = None\n        if isinstance(status, int):\n            value_json = response.get(\"value\", None)\n            if value_json and isinstance(value_json, str):\n                import json\n    \n                try:\n                    value = json.loads(value_json)\n                    if len(value.keys()) == 1:\n                        value = value[\"value\"]\n                    status = value.get(\"error\", None)\n                    if not status:\n                        status = value.get(\"status\", ErrorCode.UNKNOWN_ERROR)\n                        message = value.get(\"value\") or value.get(\"message\")\n                        if not isinstance(message, str):\n                            value = message\n                            message = message.get(\"message\")\n                    else:\n                        message = value.get(\"message\", None)\n                except ValueError:\n                    pass\n    \n        exception_class: Type[WebDriverException]\n        if status in ErrorCode.NO_SUCH_ELEMENT:\n            exception_class = NoSuchElementException\n        elif status in ErrorCode.NO_SUCH_FRAME:\n            exception_class = NoSuchFrameException\n        elif status in ErrorCode.NO_SUCH_SHADOW_ROOT:\n            exception_class = NoSuchShadowRootException\n        elif status in ErrorCode.NO_SUCH_WINDOW:\n            exception_class = NoSuchWindowException\n        elif status in ErrorCode.STALE_ELEMENT_REFERENCE:\n            exception_class = StaleElementReferenceException\n        elif status in ErrorCode.ELEMENT_NOT_VISIBLE:\n            exception_class = ElementNotVisibleException\n        elif status in ErrorCode.INVALID_ELEMENT_STATE:\n            exception_class = InvalidElementStateException\n        elif (\n            status in ErrorCode.INVALID_SELECTOR\n            or status in ErrorCode.INVALID_XPATH_SELECTOR\n            or status in ErrorCode.INVALID_XPATH_SELECTOR_RETURN_TYPER\n        ):\n            exception_class = InvalidSelectorException\n        elif status in ErrorCode.ELEMENT_IS_NOT_SELECTABLE:\n            exception_class = ElementNotSelectableException\n        elif status in ErrorCode.ELEMENT_NOT_INTERACTABLE:\n            exception_class = ElementNotInteractableException\n        elif status in ErrorCode.INVALID_COOKIE_DOMAIN:\n            exception_class = InvalidCookieDomainException\n        elif status in ErrorCode.UNABLE_TO_SET_COOKIE:\n            exception_class = UnableToSetCookieException\n        elif status in ErrorCode.TIMEOUT:\n            exception_class = TimeoutException\n        elif status in ErrorCode.SCRIPT_TIMEOUT:\n            exception_class = TimeoutException\n        elif status in ErrorCode.UNKNOWN_ERROR:\n            exception_class = WebDriverException\n        elif status in ErrorCode.UNEXPECTED_ALERT_OPEN:\n            exception_class = UnexpectedAlertPresentException\n        elif status in ErrorCode.NO_ALERT_OPEN:\n            exception_class = NoAlertPresentException\n        elif status in ErrorCode.IME_NOT_AVAILABLE:\n            exception_class = ImeNotAvailableException\n        elif status in ErrorCode.IME_ENGINE_ACTIVATION_FAILED:\n            exception_class = ImeActivationFailedException\n        elif status in ErrorCode.MOVE_TARGET_OUT_OF_BOUNDS:\n            exception_class = MoveTargetOutOfBoundsException\n        elif status in ErrorCode.JAVASCRIPT_ERROR:\n            exception_class = JavascriptException\n        elif status in ErrorCode.SESSION_NOT_CREATED:\n            exception_class = SessionNotCreatedException\n        elif status in ErrorCode.INVALID_ARGUMENT:\n            exception_class = InvalidArgumentException\n        elif status in ErrorCode.NO_SUCH_COOKIE:\n            exception_class = NoSuchCookieException\n        elif status in ErrorCode.UNABLE_TO_CAPTURE_SCREEN:\n            exception_class = ScreenshotException\n        elif status in ErrorCode.ELEMENT_CLICK_INTERCEPTED:\n            exception_class = ElementClickInterceptedException\n        elif status in ErrorCode.INSECURE_CERTIFICATE:\n            exception_class = InsecureCertificateException\n        elif status in ErrorCode.INVALID_COORDINATES:\n            exception_class = InvalidCoordinatesException\n        elif status in ErrorCode.INVALID_SESSION_ID:\n            exception_class = InvalidSessionIdException\n        elif status in ErrorCode.UNKNOWN_METHOD:\n            exception_class = UnknownMethodException\n        else:\n            exception_class = WebDriverException\n        if not value:\n            value = response[\"value\"]\n        if isinstance(value, str):\n            raise exception_class(value)\n        if message == \"\" and \"message\" in value:\n            message = value[\"message\"]\n    \n        screen = None  # type: ignore[assignment]\n        if \"screen\" in value:\n            screen = value[\"screen\"]\n    \n        stacktrace = None\n        st_value = value.get(\"stackTrace\") or value.get(\"stacktrace\")\n        if st_value:\n            if isinstance(st_value, str):\n                stacktrace = st_value.split(\"\\n\")\n            else:\n                stacktrace = []\n                try:\n                    for frame in st_value:\n                        line = frame.get(\"lineNumber\", \"\")\n                        file = frame.get(\"fileName\", \"<anonymous>\")\n                        if line:\n                            file = f\"{file}:{line}\"\n                        meth = frame.get(\"methodName\", \"<anonymous>\")\n                        if \"className\" in frame:\n                            meth = \"{}.{}\".format(frame[\"className\"], meth)\n                        msg = \"    at %s (%s)\"\n                        msg = msg % (meth, file)\n                        stacktrace.append(msg)\n                except TypeError:\n                    pass\n        if exception_class == UnexpectedAlertPresentException:\n            alert_text = None\n            if \"data\" in value:\n                alert_text = value[\"data\"].get(\"text\")\n            elif \"alert\" in value:\n                alert_text = value[\"alert\"].get(\"text\")\n            raise exception_class(message, screen, stacktrace, alert_text)  # type: ignore[call-arg]  # mypy is not smart enough here\n>       raise exception_class(message, screen, stacktrace)\nE       selenium.common.exceptions.ElementClickInterceptedException: Message: element click intercepted: Element is not clickable at point (443, 1121)\nE         (Session info: headless chrome=109.0.5414.74)\nE       Stacktrace:\nE       #0 0x55d5030ef303 <unknown>\nE       #1 0x55d502ec3d37 <unknown>\nE       #2 0x55d502f06e29 <unknown>\nE       #3 0x55d502f04e2f <unknown>\nE       #4 0x55d502f029de <unknown>\nE       #5 0x55d502f01b7d <unknown>\nE       #6 0x55d502ef59a5 <unknown>\nE       #7 0x55d502f20982 <unknown>\nE       #8 0x55d502ef522f <unknown>\nE       #9 0x55d502f20b4e <unknown>\nE       #10 0x55d502f3888c <unknown>\nE       #11 0x55d502f20753 <unknown>\nE       #12 0x55d502ef3a14 <unknown>\nE       #13 0x55d502ef4b7e <unknown>\nE       #14 0x55d50313e32e <unknown>\nE       #15 0x55d503141c0e <unknown>\nE       #16 0x55d503124610 <unknown>\nE       #17 0x55d503142c23 <unknown>\nE       #18 0x55d503116545 <unknown>\nE       #19 0x55d5031636a8 <unknown>\nE       #20 0x55d503163836 <unknown>\nE       #21 0x55d50317ed13 <unknown>\nE       #22 0x7fe43f2a3b43 <unknown>\n\n../../../.cache/pypoetry/virtualenvs/testcapitalcom-G_ZVEfM_-py3.10/lib/python3.10/site-packages/selenium/webdriver/remote/errorhandler.py:249: ElementClickInterceptedException","steps":[{"name":"2023-01-20 10:57:44.600989.   Start test button 'Log In' on header.","time":{"start":1674212269211,"stop":1674212276188,"duration":6977},"status":"broken","statusMessage":"selenium.common.exceptions.ElementClickInterceptedException: Message: element click intercepted: Element is not clickable at point (443, 1121)\n  (Session info: headless chrome=109.0.5414.74)\nStacktrace:\n#0 0x55d5030ef303 <unknown>\n#1 0x55d502ec3d37 <unknown>\n#2 0x55d502f06e29 <unknown>\n#3 0x55d502f04e2f <unknown>\n#4 0x55d502f029de <unknown>\n#5 0x55d502f01b7d <unknown>\n#6 0x55d502ef59a5 <unknown>\n#7 0x55d502f20982 <unknown>\n#8 0x55d502ef522f <unknown>\n#9 0x55d502f20b4e <unknown>\n#10 0x55d502f3888c <unknown>\n#11 0x55d502f20753 <unknown>\n#12 0x55d502ef3a14 <unknown>\n#13 0x55d502ef4b7e <unknown>\n#14 0x55d50313e32e <unknown>\n#15 0x55d503141c0e <unknown>\n#16 0x55d503124610 <unknown>\n#17 0x55d503142c23 <unknown>\n#18 0x55d503116545 <unknown>\n#19 0x55d5031636a8 <unknown>\n#20 0x55d503163836 <unknown>\n#21 0x55d50317ed13 <unknown>\n#22 0x7fe43f2a3b43 <unknown>\n\n","statusTrace":"  File \"/home/runner/.cache/pypoetry/virtualenvs/testcapitalcom-G_ZVEfM_-py3.10/lib/python3.10/site-packages/allure_commons/_allure.py\", line 192, in impl\n    return func(*a, **kw)\n  File \"/home/runner/work/TestCapitalCom/TestCapitalCom/tests/capital_page_test.py\", line 101, in test_01_01_header_button_login\n    self.preconditions(d, cur_login, cur_password, cur_role, cur_language, cur_license)\n  File \"/home/runner/.cache/pypoetry/virtualenvs/testcapitalcom-G_ZVEfM_-py3.10/lib/python3.10/site-packages/allure_commons/_allure.py\", line 192, in impl\n    return func(*a, **kw)\n  File \"/home/runner/work/TestCapitalCom/TestCapitalCom/tests/capital_page_test.py\", line 62, in preconditions\n    page.button_accept_all_cookies_click()\n  File \"/home/runner/.cache/pypoetry/virtualenvs/testcapitalcom-G_ZVEfM_-py3.10/lib/python3.10/site-packages/allure_commons/_allure.py\", line 192, in impl\n    return func(*a, **kw)\n  File \"/home/runner/work/TestCapitalCom/TestCapitalCom/pages/capital_com/capital_page.py\", line 34, in button_accept_all_cookies_click\n    self.browser.find_element(*OnTrastLocators.BUTTON_ACCEPT_ALL_COOKIE).click()\n  File \"/home/runner/.cache/pypoetry/virtualenvs/testcapitalcom-G_ZVEfM_-py3.10/lib/python3.10/site-packages/selenium/webdriver/remote/webelement.py\", line 93, in click\n    self._execute(Command.CLICK_ELEMENT)\n  File \"/home/runner/.cache/pypoetry/virtualenvs/testcapitalcom-G_ZVEfM_-py3.10/lib/python3.10/site-packages/selenium/webdriver/remote/webelement.py\", line 410, in _execute\n    return self._parent.execute(command, params)\n  File \"/home/runner/.cache/pypoetry/virtualenvs/testcapitalcom-G_ZVEfM_-py3.10/lib/python3.10/site-packages/selenium/webdriver/remote/webdriver.py\", line 444, in execute\n    self.error_handler.check_response(response)\n  File \"/home/runner/.cache/pypoetry/virtualenvs/testcapitalcom-G_ZVEfM_-py3.10/lib/python3.10/site-packages/selenium/webdriver/remote/errorhandler.py\", line 249, in check_response\n    raise exception_class(message, screen, stacktrace)\n","steps":[{"name":"2023-01-20 10:57:44.600930.   Set preconditions","time":{"start":1674212269211,"stop":1674212276188,"duration":6977},"status":"broken","statusMessage":"selenium.common.exceptions.ElementClickInterceptedException: Message: element click intercepted: Element is not clickable at point (443, 1121)\n  (Session info: headless chrome=109.0.5414.74)\nStacktrace:\n#0 0x55d5030ef303 <unknown>\n#1 0x55d502ec3d37 <unknown>\n#2 0x55d502f06e29 <unknown>\n#3 0x55d502f04e2f <unknown>\n#4 0x55d502f029de <unknown>\n#5 0x55d502f01b7d <unknown>\n#6 0x55d502ef59a5 <unknown>\n#7 0x55d502f20982 <unknown>\n#8 0x55d502ef522f <unknown>\n#9 0x55d502f20b4e <unknown>\n#10 0x55d502f3888c <unknown>\n#11 0x55d502f20753 <unknown>\n#12 0x55d502ef3a14 <unknown>\n#13 0x55d502ef4b7e <unknown>\n#14 0x55d50313e32e <unknown>\n#15 0x55d503141c0e <unknown>\n#16 0x55d503124610 <unknown>\n#17 0x55d503142c23 <unknown>\n#18 0x55d503116545 <unknown>\n#19 0x55d5031636a8 <unknown>\n#20 0x55d503163836 <unknown>\n#21 0x55d50317ed13 <unknown>\n#22 0x7fe43f2a3b43 <unknown>\n\n","statusTrace":"  File \"/home/runner/.cache/pypoetry/virtualenvs/testcapitalcom-G_ZVEfM_-py3.10/lib/python3.10/site-packages/allure_commons/_allure.py\", line 192, in impl\n    return func(*a, **kw)\n  File \"/home/runner/work/TestCapitalCom/TestCapitalCom/tests/capital_page_test.py\", line 62, in preconditions\n    page.button_accept_all_cookies_click()\n  File \"/home/runner/.cache/pypoetry/virtualenvs/testcapitalcom-G_ZVEfM_-py3.10/lib/python3.10/site-packages/allure_commons/_allure.py\", line 192, in impl\n    return func(*a, **kw)\n  File \"/home/runner/work/TestCapitalCom/TestCapitalCom/pages/capital_com/capital_page.py\", line 34, in button_accept_all_cookies_click\n    self.browser.find_element(*OnTrastLocators.BUTTON_ACCEPT_ALL_COOKIE).click()\n  File \"/home/runner/.cache/pypoetry/virtualenvs/testcapitalcom-G_ZVEfM_-py3.10/lib/python3.10/site-packages/selenium/webdriver/remote/webelement.py\", line 93, in click\n    self._execute(Command.CLICK_ELEMENT)\n  File \"/home/runner/.cache/pypoetry/virtualenvs/testcapitalcom-G_ZVEfM_-py3.10/lib/python3.10/site-packages/selenium/webdriver/remote/webelement.py\", line 410, in _execute\n    return self._parent.execute(command, params)\n  File \"/home/runner/.cache/pypoetry/virtualenvs/testcapitalcom-G_ZVEfM_-py3.10/lib/python3.10/site-packages/selenium/webdriver/remote/webdriver.py\", line 444, in execute\n    self.error_handler.check_response(response)\n  File \"/home/runner/.cache/pypoetry/virtualenvs/testcapitalcom-G_ZVEfM_-py3.10/lib/python3.10/site-packages/selenium/webdriver/remote/errorhandler.py\", line 249, in check_response\n    raise exception_class(message, screen, stacktrace)\n","steps":[{"name":"2023-01-20 10:57:44.599178.   Accept all cookies.","time":{"start":1674212271733,"stop":1674212276187,"duration":4454},"status":"broken","statusMessage":"selenium.common.exceptions.ElementClickInterceptedException: Message: element click intercepted: Element is not clickable at point (443, 1121)\n  (Session info: headless chrome=109.0.5414.74)\nStacktrace:\n#0 0x55d5030ef303 <unknown>\n#1 0x55d502ec3d37 <unknown>\n#2 0x55d502f06e29 <unknown>\n#3 0x55d502f04e2f <unknown>\n#4 0x55d502f029de <unknown>\n#5 0x55d502f01b7d <unknown>\n#6 0x55d502ef59a5 <unknown>\n#7 0x55d502f20982 <unknown>\n#8 0x55d502ef522f <unknown>\n#9 0x55d502f20b4e <unknown>\n#10 0x55d502f3888c <unknown>\n#11 0x55d502f20753 <unknown>\n#12 0x55d502ef3a14 <unknown>\n#13 0x55d502ef4b7e <unknown>\n#14 0x55d50313e32e <unknown>\n#15 0x55d503141c0e <unknown>\n#16 0x55d503124610 <unknown>\n#17 0x55d503142c23 <unknown>\n#18 0x55d503116545 <unknown>\n#19 0x55d5031636a8 <unknown>\n#20 0x55d503163836 <unknown>\n#21 0x55d50317ed13 <unknown>\n#22 0x7fe43f2a3b43 <unknown>\n\n","statusTrace":"  File \"/home/runner/.cache/pypoetry/virtualenvs/testcapitalcom-G_ZVEfM_-py3.10/lib/python3.10/site-packages/allure_commons/_allure.py\", line 192, in impl\n    return func(*a, **kw)\n  File \"/home/runner/work/TestCapitalCom/TestCapitalCom/pages/capital_com/capital_page.py\", line 34, in button_accept_all_cookies_click\n    self.browser.find_element(*OnTrastLocators.BUTTON_ACCEPT_ALL_COOKIE).click()\n  File \"/home/runner/.cache/pypoetry/virtualenvs/testcapitalcom-G_ZVEfM_-py3.10/lib/python3.10/site-packages/selenium/webdriver/remote/webelement.py\", line 93, in click\n    self._execute(Command.CLICK_ELEMENT)\n  File \"/home/runner/.cache/pypoetry/virtualenvs/testcapitalcom-G_ZVEfM_-py3.10/lib/python3.10/site-packages/selenium/webdriver/remote/webelement.py\", line 410, in _execute\n    return self._parent.execute(command, params)\n  File \"/home/runner/.cache/pypoetry/virtualenvs/testcapitalcom-G_ZVEfM_-py3.10/lib/python3.10/site-packages/selenium/webdriver/remote/webdriver.py\", line 444, in execute\n    self.error_handler.check_response(response)\n  File \"/home/runner/.cache/pypoetry/virtualenvs/testcapitalcom-G_ZVEfM_-py3.10/lib/python3.10/site-packages/selenium/webdriver/remote/errorhandler.py\", line 249, in check_response\n    raise exception_class(message, screen, stacktrace)\n","steps":[],"attachments":[],"parameters":[],"attachmentsCount":0,"stepsCount":0,"shouldDisplayMessage":true,"hasContent":true}],"attachments":[],"parameters":[{"name":"d","value":"<selenium.webdriver.chrome.webdriver.WebDriver (session=\"fdd5cc7a4b942dfa30eefb60e55835c3\")>"},{"name":"cur_login","value":"'Empty'"},{"name":"cur_password","value":"'Empty'"},{"name":"cur_role","value":"'NoReg'"},{"name":"cur_language","value":"'ar'"},{"name":"cur_license","value":"'ASIC'"}],"attachmentsCount":0,"stepsCount":1,"shouldDisplayMessage":false,"hasContent":true}],"attachments":[],"parameters":[{"name":"worker_id","value":"'gw0'"},{"name":"d","value":"<selenium.webdriver.chrome.webdriver.WebDriver (session=\"fdd5cc7a4b942dfa30eefb60e55835c3\")>"},{"name":"cur_login","value":"'Empty'"},{"name":"cur_password","value":"'Empty'"},{"name":"cur_language","value":"'ar'"},{"name":"cur_license","value":"'ASIC'"},{"name":"cur_role","value":"'NoReg'"},{"name":"prob_run_tc","value":"None"}],"attachmentsCount":0,"stepsCount":2,"shouldDisplayMessage":false,"hasContent":true}],"attachments":[{"uid":"1a5a4e8b8e0daad5","name":"Screeshot","source":"1a5a4e8b8e0daad5.png","type":"image/png","size":2855192},{"uid":"3e870aaaf54b252d","name":"stdout","source":"3e870aaaf54b252d.txt","type":"text/plain","size":167},{"uid":"2bb19c67f7c0551f","name":"stderr","source":"2bb19c67f7c0551f.txt","type":"text/plain","size":159}],"parameters":[],"attachmentsCount":3,"stepsCount":3,"shouldDisplayMessage":true,"hasContent":true},"afterStages":[{"name":"go::0","time":{"start":1674216066045,"stop":1674216066236,"duration":191},"status":"passed","steps":[],"attachments":[],"parameters":[],"attachmentsCount":0,"stepsCount":0,"shouldDisplayMessage":false,"hasContent":false}],"labels":[{"name":"story","value":"S_01.01 | Testing 'Log In' button on the header"},{"name":"epic","value":"Testing capital.com. All language. All license"},{"name":"feature","value":"F_01 | Testing header"},{"name":"parentSuite","value":"tests"},{"name":"suite","value":"capital_page_test"},{"name":"subSuite","value":"Tests"},{"name":"host","value":"fv-az403-99"},{"name":"thread","value":"3017-MainThread"},{"name":"framework","value":"pytest"},{"name":"language","value":"cpython3"},{"name":"package","value":"tests.capital_page_test"},{"name":"resultFormat","value":"allure2"}],"parameters":[{"name":"cur_language","value":"'ar'"},{"name":"cur_license","value":"'ASIC'"},{"name":"cur_login","value":"'Empty'"},{"name":"cur_password","value":"'Empty'"},{"name":"cur_role","value":"'NoReg'"},{"name":"go","value":"'chrome'"}],"links":[],"hidden":false,"retry":false,"extra":{"severity":"normal","retries":[],"categories":[{"name":"Test defects","matchedStatuses":[],"flaky":false}],"history":{"statistic":{"failed":0,"broken":3,"skipped":0,"passed":3,"unknown":0,"total":6},"items":[{"uid":"954392c84a5f2df5","reportUrl":"https://AlexTom22.github.io/TestCapitalCom/6//#testresult/954392c84a5f2df5","status":"broken","statusDetails":"selenium.common.exceptions.ElementClickInterceptedException: Message: element click intercepted: Element is not clickable at point (443, 1090)\n  (Session info: headless chrome=109.0.5414.74)\nStacktrace:\n#0 0x5593ae63e303 <unknown>\n#1 0x5593ae412d37 <unknown>\n#2 0x5593ae455e29 <unknown>\n#3 0x5593ae453e2f <unknown>\n#4 0x5593ae4519de <unknown>\n#5 0x5593ae450b7d <unknown>\n#6 0x5593ae4449a5 <unknown>\n#7 0x5593ae46f982 <unknown>\n#8 0x5593ae44422f <unknown>\n#9 0x5593ae46fb4e <unknown>\n#10 0x5593ae48788c <unknown>\n#11 0x5593ae46f753 <unknown>\n#12 0x5593ae442a14 <unknown>\n#13 0x5593ae443b7e <unknown>\n#14 0x5593ae68d32e <unknown>\n#15 0x5593ae690c0e <unknown>\n#16 0x5593ae673610 <unknown>\n#17 0x5593ae691c23 <unknown>\n#18 0x5593ae665545 <unknown>\n#19 0x5593ae6b26a8 <unknown>\n#20 0x5593ae6b2836 <unknown>\n#21 0x5593ae6cdd13 <unknown>\n#22 0x7f212aa15b43 <unknown>","time":{"start":1674171412295,"stop":1674171419698,"duration":7403}},{"uid":"1e1844dbbc009c4e","reportUrl":"https://AlexTom22.github.io/TestCapitalCom/5//#testresult/1e1844dbbc009c4e","status":"broken","statusDetails":"selenium.common.exceptions.ElementClickInterceptedException: Message: element click intercepted: Element is not clickable at point (443, 1113)\n  (Session info: headless chrome=108.0.5359.124)\nStacktrace:\n#0 0x555f08b062a3 <unknown>\n#1 0x555f088c4f77 <unknown>\n#2 0x555f089080a9 <unknown>\n#3 0x555f0890618d <unknown>\n#4 0x555f08903d88 <unknown>\n#5 0x555f08902f2d <unknown>\n#6 0x555f088f6dc5 <unknown>\n#7 0x555f08921b32 <unknown>\n#8 0x555f088f661f <unknown>\n#9 0x555f08921cfe <unknown>\n#10 0x555f0893947c <unknown>\n#11 0x555f08921903 <unknown>\n#12 0x555f088f4ece <unknown>\n#13 0x555f088f5fde <unknown>\n#14 0x555f08b5663e <unknown>\n#15 0x555f08b59b79 <unknown>\n#16 0x555f08b3c89e <unknown>\n#17 0x555f08b5aa83 <unknown>\n#18 0x555f08b2f505 <unknown>\n#19 0x555f08b7bca8 <unknown>\n#20 0x555f08b7be36 <unknown>\n#21 0x555f08b97333 <unknown>\n#22 0x7f72f3811b43 <unknown>","time":{"start":1674076074128,"stop":1674076081078,"duration":6950}},{"uid":"3b7c7a30c8f93dfe","reportUrl":"https://AlexTom22.github.io/TestCapitalCom/4//#testresult/3b7c7a30c8f93dfe","status":"passed","time":{"start":1673907717945,"stop":1673907727220,"duration":9275}},{"uid":"58aaf648795f4e0b","reportUrl":"https://AlexTom22.github.io/TestCapitalCom/2//#testresult/58aaf648795f4e0b","status":"passed","time":{"start":1673877845286,"stop":1673877856114,"duration":10828}},{"uid":"bb53b69b72087239","reportUrl":"https://AlexTom22.github.io/TestCapitalCom/1//#testresult/bb53b69b72087239","status":"passed","time":{"start":1673872657610,"stop":1673872669278,"duration":11668}}]},"tags":[]},"source":"7571d508912628b8.json","parameterValues":["'ar'","'ASIC'","'Empty'","'Empty'","'NoReg'","'chrome'"]}