{"uid":"bd6e4c97561a9b6e","name":"TC_01_02 with parameters: NoReg, cn, NBRB","fullName":"tests.capital_page_test.Tests#test_01_02_header_button_trade_now","historyId":"8ab9b4c2b81b087cfa4f17d15a1f25e6","time":{"start":1674212557015,"stop":1674212568409,"duration":11394},"description":"\n        Check: Header -> button [Trade Now]\n        Language: All. License: All.\n        ","descriptionHtml":"<pre><code>    Check: Header -&gt; button [Trade Now]\n    Language: All. License: All.\n</code></pre>\n","status":"broken","statusMessage":"selenium.common.exceptions.NoSuchElementException: Message: no such element: Unable to locate element: {\"method\":\"css selector\",\"selector\":\".cc-header__wrap > #wphWrap > .js_signup\"}\n  (Session info: headless chrome=109.0.5414.74)\nStacktrace:\n#0 0x55d5030ef303 <unknown>\n#1 0x55d502ec3d37 <unknown>\n#2 0x55d502f005b2 <unknown>\n#3 0x55d502f006c1 <unknown>\n#4 0x55d502f3ab34 <unknown>\n#5 0x55d502f209ad <unknown>\n#6 0x55d502f3888c <unknown>\n#7 0x55d502f20753 <unknown>\n#8 0x55d502ef3a14 <unknown>\n#9 0x55d502ef4b7e <unknown>\n#10 0x55d50313e32e <unknown>\n#11 0x55d503141c0e <unknown>\n#12 0x55d503124610 <unknown>\n#13 0x55d503142c23 <unknown>\n#14 0x55d503116545 <unknown>\n#15 0x55d5031636a8 <unknown>\n#16 0x55d503163836 <unknown>\n#17 0x55d50317ed13 <unknown>\n#18 0x7fe43f2a3b43 <unknown>","statusTrace":"self = <tests.capital_page_test.Tests object at 0x7fda4b681600>\nworker_id = 'gw0'\nd = <selenium.webdriver.chrome.webdriver.WebDriver (session=\"fdd5cc7a4b942dfa30eefb60e55835c3\")>\ncur_login = 'Empty', cur_password = 'Empty', cur_role = 'NoReg'\ncur_language = 'cn', cur_license = 'NBRB', prob_run_tc = None\n\n    @allure.feature(\"F_01 | Testing header\")\n    @allure.story(\"S_01.02 | Testing 'Trade Now' button on the header\")\n    @allure.step(f\"{datetime.datetime.now()}.   Start test button 'Trade Now' on header.\")\n    @allure.title(\"TC_01_02 with parameters: {cur_role}, {cur_language}, {cur_license}\")\n    def test_01_02_header_button_trade_now(\n            self, worker_id, d, cur_login, cur_password, cur_role, cur_language, cur_license, prob_run_tc\n    ):\n        \"\"\"\n        Check: Header -> button [Trade Now]\n        Language: All. License: All.\n        \"\"\"\n        global test_link\n        global page\n    \n        print(f\"worker_id = {worker_id}\")\n    \n        self.preconditions(d, cur_login, cur_password, cur_role, cur_language, cur_license)\n    \n        page = HeaderElement(d, test_link)\n        if not page.current_page_is(test_link):\n            page.open_page()\n            print(f\"{datetime.datetime.now()}   Load page: {test_link}\")\n    \n>       page.click_button_signup_on_header()\n\ntests/capital_page_test.py:140: \n_ _ _ _ _ _ _ _ _ _ _ _ _ _ _ _ _ _ _ _ _ _ _ _ _ _ _ _ _ _ _ _ _ _ _ _ _ _ _ _ \npages/capital_com/header_element.py:20: in click_button_signup_on_header\n    self.browser.find_element(*HeaderElementLocators.BUTTON_SIGNUP).click()\n../../../.cache/pypoetry/virtualenvs/testcapitalcom-G_ZVEfM_-py3.10/lib/python3.10/site-packages/selenium/webdriver/remote/webdriver.py:861: in find_element\n    return self.execute(Command.FIND_ELEMENT, {\"using\": by, \"value\": value})[\"value\"]\n../../../.cache/pypoetry/virtualenvs/testcapitalcom-G_ZVEfM_-py3.10/lib/python3.10/site-packages/selenium/webdriver/remote/webdriver.py:444: in execute\n    self.error_handler.check_response(response)\n_ _ _ _ _ _ _ _ _ _ _ _ _ _ _ _ _ _ _ _ _ _ _ _ _ _ _ _ _ _ _ _ _ _ _ _ _ _ _ _ \n\nself = <selenium.webdriver.remote.errorhandler.ErrorHandler object at 0x7fda49afc580>\nresponse = {'status': 404, 'value': '{\"value\":{\"error\":\"no such element\",\"message\":\"no such element: Unable to locate element: {\\...\\\\n#16 0x55d503163836 \\\\u003Cunknown>\\\\n#17 0x55d50317ed13 \\\\u003Cunknown>\\\\n#18 0x7fe43f2a3b43 \\\\u003Cunknown>\\\\n\"}}'}\n\n    def check_response(self, response: Dict[str, Any]) -> None:\n        \"\"\"\n        Checks that a JSON response from the WebDriver does not have an error.\n    \n        :Args:\n         - response - The JSON response from the WebDriver server as a dictionary\n           object.\n    \n        :Raises: If the response contains an error message.\n        \"\"\"\n        status = response.get(\"status\", None)\n        if not status or status == ErrorCode.SUCCESS:\n            return\n        value = None\n        message = response.get(\"message\", \"\")\n        screen: str = response.get(\"screen\", \"\")\n        stacktrace = None\n        if isinstance(status, int):\n            value_json = response.get(\"value\", None)\n            if value_json and isinstance(value_json, str):\n                import json\n    \n                try:\n                    value = json.loads(value_json)\n                    if len(value.keys()) == 1:\n                        value = value[\"value\"]\n                    status = value.get(\"error\", None)\n                    if not status:\n                        status = value.get(\"status\", ErrorCode.UNKNOWN_ERROR)\n                        message = value.get(\"value\") or value.get(\"message\")\n                        if not isinstance(message, str):\n                            value = message\n                            message = message.get(\"message\")\n                    else:\n                        message = value.get(\"message\", None)\n                except ValueError:\n                    pass\n    \n        exception_class: Type[WebDriverException]\n        if status in ErrorCode.NO_SUCH_ELEMENT:\n            exception_class = NoSuchElementException\n        elif status in ErrorCode.NO_SUCH_FRAME:\n            exception_class = NoSuchFrameException\n        elif status in ErrorCode.NO_SUCH_SHADOW_ROOT:\n            exception_class = NoSuchShadowRootException\n        elif status in ErrorCode.NO_SUCH_WINDOW:\n            exception_class = NoSuchWindowException\n        elif status in ErrorCode.STALE_ELEMENT_REFERENCE:\n            exception_class = StaleElementReferenceException\n        elif status in ErrorCode.ELEMENT_NOT_VISIBLE:\n            exception_class = ElementNotVisibleException\n        elif status in ErrorCode.INVALID_ELEMENT_STATE:\n            exception_class = InvalidElementStateException\n        elif (\n            status in ErrorCode.INVALID_SELECTOR\n            or status in ErrorCode.INVALID_XPATH_SELECTOR\n            or status in ErrorCode.INVALID_XPATH_SELECTOR_RETURN_TYPER\n        ):\n            exception_class = InvalidSelectorException\n        elif status in ErrorCode.ELEMENT_IS_NOT_SELECTABLE:\n            exception_class = ElementNotSelectableException\n        elif status in ErrorCode.ELEMENT_NOT_INTERACTABLE:\n            exception_class = ElementNotInteractableException\n        elif status in ErrorCode.INVALID_COOKIE_DOMAIN:\n            exception_class = InvalidCookieDomainException\n        elif status in ErrorCode.UNABLE_TO_SET_COOKIE:\n            exception_class = UnableToSetCookieException\n        elif status in ErrorCode.TIMEOUT:\n            exception_class = TimeoutException\n        elif status in ErrorCode.SCRIPT_TIMEOUT:\n            exception_class = TimeoutException\n        elif status in ErrorCode.UNKNOWN_ERROR:\n            exception_class = WebDriverException\n        elif status in ErrorCode.UNEXPECTED_ALERT_OPEN:\n            exception_class = UnexpectedAlertPresentException\n        elif status in ErrorCode.NO_ALERT_OPEN:\n            exception_class = NoAlertPresentException\n        elif status in ErrorCode.IME_NOT_AVAILABLE:\n            exception_class = ImeNotAvailableException\n        elif status in ErrorCode.IME_ENGINE_ACTIVATION_FAILED:\n            exception_class = ImeActivationFailedException\n        elif status in ErrorCode.MOVE_TARGET_OUT_OF_BOUNDS:\n            exception_class = MoveTargetOutOfBoundsException\n        elif status in ErrorCode.JAVASCRIPT_ERROR:\n            exception_class = JavascriptException\n        elif status in ErrorCode.SESSION_NOT_CREATED:\n            exception_class = SessionNotCreatedException\n        elif status in ErrorCode.INVALID_ARGUMENT:\n            exception_class = InvalidArgumentException\n        elif status in ErrorCode.NO_SUCH_COOKIE:\n            exception_class = NoSuchCookieException\n        elif status in ErrorCode.UNABLE_TO_CAPTURE_SCREEN:\n            exception_class = ScreenshotException\n        elif status in ErrorCode.ELEMENT_CLICK_INTERCEPTED:\n            exception_class = ElementClickInterceptedException\n        elif status in ErrorCode.INSECURE_CERTIFICATE:\n            exception_class = InsecureCertificateException\n        elif status in ErrorCode.INVALID_COORDINATES:\n            exception_class = InvalidCoordinatesException\n        elif status in ErrorCode.INVALID_SESSION_ID:\n            exception_class = InvalidSessionIdException\n        elif status in ErrorCode.UNKNOWN_METHOD:\n            exception_class = UnknownMethodException\n        else:\n            exception_class = WebDriverException\n        if not value:\n            value = response[\"value\"]\n        if isinstance(value, str):\n            raise exception_class(value)\n        if message == \"\" and \"message\" in value:\n            message = value[\"message\"]\n    \n        screen = None  # type: ignore[assignment]\n        if \"screen\" in value:\n            screen = value[\"screen\"]\n    \n        stacktrace = None\n        st_value = value.get(\"stackTrace\") or value.get(\"stacktrace\")\n        if st_value:\n            if isinstance(st_value, str):\n                stacktrace = st_value.split(\"\\n\")\n            else:\n                stacktrace = []\n                try:\n                    for frame in st_value:\n                        line = frame.get(\"lineNumber\", \"\")\n                        file = frame.get(\"fileName\", \"<anonymous>\")\n                        if line:\n                            file = f\"{file}:{line}\"\n                        meth = frame.get(\"methodName\", \"<anonymous>\")\n                        if \"className\" in frame:\n                            meth = \"{}.{}\".format(frame[\"className\"], meth)\n                        msg = \"    at %s (%s)\"\n                        msg = msg % (meth, file)\n                        stacktrace.append(msg)\n                except TypeError:\n                    pass\n        if exception_class == UnexpectedAlertPresentException:\n            alert_text = None\n            if \"data\" in value:\n                alert_text = value[\"data\"].get(\"text\")\n            elif \"alert\" in value:\n                alert_text = value[\"alert\"].get(\"text\")\n            raise exception_class(message, screen, stacktrace, alert_text)  # type: ignore[call-arg]  # mypy is not smart enough here\n>       raise exception_class(message, screen, stacktrace)\nE       selenium.common.exceptions.NoSuchElementException: Message: no such element: Unable to locate element: {\"method\":\"css selector\",\"selector\":\".cc-header__wrap > #wphWrap > .js_signup\"}\nE         (Session info: headless chrome=109.0.5414.74)\nE       Stacktrace:\nE       #0 0x55d5030ef303 <unknown>\nE       #1 0x55d502ec3d37 <unknown>\nE       #2 0x55d502f005b2 <unknown>\nE       #3 0x55d502f006c1 <unknown>\nE       #4 0x55d502f3ab34 <unknown>\nE       #5 0x55d502f209ad <unknown>\nE       #6 0x55d502f3888c <unknown>\nE       #7 0x55d502f20753 <unknown>\nE       #8 0x55d502ef3a14 <unknown>\nE       #9 0x55d502ef4b7e <unknown>\nE       #10 0x55d50313e32e <unknown>\nE       #11 0x55d503141c0e <unknown>\nE       #12 0x55d503124610 <unknown>\nE       #13 0x55d503142c23 <unknown>\nE       #14 0x55d503116545 <unknown>\nE       #15 0x55d5031636a8 <unknown>\nE       #16 0x55d503163836 <unknown>\nE       #17 0x55d50317ed13 <unknown>\nE       #18 0x7fe43f2a3b43 <unknown>\n\n../../../.cache/pypoetry/virtualenvs/testcapitalcom-G_ZVEfM_-py3.10/lib/python3.10/site-packages/selenium/webdriver/remote/errorhandler.py:249: NoSuchElementException","flaky":false,"newFailed":false,"newBroken":true,"newPassed":false,"retriesCount":0,"retriesStatusChange":false,"beforeStages":[{"name":"d","time":{"start":1674212267556,"stop":1674212269208,"duration":1652},"status":"passed","steps":[],"attachments":[],"parameters":[],"attachmentsCount":0,"stepsCount":0,"shouldDisplayMessage":false,"hasContent":false},{"name":"worker_id","time":{"start":1674212267556,"stop":1674212267556,"duration":0},"status":"passed","steps":[],"attachments":[],"parameters":[],"attachmentsCount":0,"stepsCount":0,"shouldDisplayMessage":false,"hasContent":false},{"name":"browser","time":{"start":1674212267556,"stop":1674212267556,"duration":0},"status":"passed","steps":[],"attachments":[],"parameters":[],"attachmentsCount":0,"stepsCount":0,"shouldDisplayMessage":false,"hasContent":false},{"name":"go","time":{"start":1674212269208,"stop":1674212269208,"duration":0},"status":"passed","steps":[],"attachments":[],"parameters":[],"attachmentsCount":0,"stepsCount":0,"shouldDisplayMessage":false,"hasContent":false},{"name":"cur_role","time":{"start":1674212269209,"stop":1674212269209,"duration":0},"status":"passed","steps":[],"attachments":[],"parameters":[],"attachmentsCount":0,"stepsCount":0,"shouldDisplayMessage":false,"hasContent":false},{"name":"cur_language","time":{"start":1674212496533,"stop":1674212496533,"duration":0},"status":"passed","steps":[],"attachments":[],"parameters":[],"attachmentsCount":0,"stepsCount":0,"shouldDisplayMessage":false,"hasContent":false},{"name":"cur_license","time":{"start":1674212557006,"stop":1674212557006,"duration":0},"status":"passed","steps":[],"attachments":[],"parameters":[],"attachmentsCount":0,"stepsCount":0,"shouldDisplayMessage":false,"hasContent":false},{"name":"prob_run_tc","time":{"start":1674212557011,"stop":1674212557012,"duration":1},"status":"passed","steps":[],"attachments":[],"parameters":[],"attachmentsCount":0,"stepsCount":0,"shouldDisplayMessage":false,"hasContent":false}],"testStage":{"description":"\n        Check: Header -> button [Trade Now]\n        Language: All. License: All.\n        ","status":"broken","statusMessage":"selenium.common.exceptions.NoSuchElementException: Message: no such element: Unable to locate element: {\"method\":\"css selector\",\"selector\":\".cc-header__wrap > #wphWrap > .js_signup\"}\n  (Session info: headless chrome=109.0.5414.74)\nStacktrace:\n#0 0x55d5030ef303 <unknown>\n#1 0x55d502ec3d37 <unknown>\n#2 0x55d502f005b2 <unknown>\n#3 0x55d502f006c1 <unknown>\n#4 0x55d502f3ab34 <unknown>\n#5 0x55d502f209ad <unknown>\n#6 0x55d502f3888c <unknown>\n#7 0x55d502f20753 <unknown>\n#8 0x55d502ef3a14 <unknown>\n#9 0x55d502ef4b7e <unknown>\n#10 0x55d50313e32e <unknown>\n#11 0x55d503141c0e <unknown>\n#12 0x55d503124610 <unknown>\n#13 0x55d503142c23 <unknown>\n#14 0x55d503116545 <unknown>\n#15 0x55d5031636a8 <unknown>\n#16 0x55d503163836 <unknown>\n#17 0x55d50317ed13 <unknown>\n#18 0x7fe43f2a3b43 <unknown>","statusTrace":"self = <tests.capital_page_test.Tests object at 0x7fda4b681600>\nworker_id = 'gw0'\nd = <selenium.webdriver.chrome.webdriver.WebDriver (session=\"fdd5cc7a4b942dfa30eefb60e55835c3\")>\ncur_login = 'Empty', cur_password = 'Empty', cur_role = 'NoReg'\ncur_language = 'cn', cur_license = 'NBRB', prob_run_tc = None\n\n    @allure.feature(\"F_01 | Testing header\")\n    @allure.story(\"S_01.02 | Testing 'Trade Now' button on the header\")\n    @allure.step(f\"{datetime.datetime.now()}.   Start test button 'Trade Now' on header.\")\n    @allure.title(\"TC_01_02 with parameters: {cur_role}, {cur_language}, {cur_license}\")\n    def test_01_02_header_button_trade_now(\n            self, worker_id, d, cur_login, cur_password, cur_role, cur_language, cur_license, prob_run_tc\n    ):\n        \"\"\"\n        Check: Header -> button [Trade Now]\n        Language: All. License: All.\n        \"\"\"\n        global test_link\n        global page\n    \n        print(f\"worker_id = {worker_id}\")\n    \n        self.preconditions(d, cur_login, cur_password, cur_role, cur_language, cur_license)\n    \n        page = HeaderElement(d, test_link)\n        if not page.current_page_is(test_link):\n            page.open_page()\n            print(f\"{datetime.datetime.now()}   Load page: {test_link}\")\n    \n>       page.click_button_signup_on_header()\n\ntests/capital_page_test.py:140: \n_ _ _ _ _ _ _ _ _ _ _ _ _ _ _ _ _ _ _ _ _ _ _ _ _ _ _ _ _ _ _ _ _ _ _ _ _ _ _ _ \npages/capital_com/header_element.py:20: in click_button_signup_on_header\n    self.browser.find_element(*HeaderElementLocators.BUTTON_SIGNUP).click()\n../../../.cache/pypoetry/virtualenvs/testcapitalcom-G_ZVEfM_-py3.10/lib/python3.10/site-packages/selenium/webdriver/remote/webdriver.py:861: in find_element\n    return self.execute(Command.FIND_ELEMENT, {\"using\": by, \"value\": value})[\"value\"]\n../../../.cache/pypoetry/virtualenvs/testcapitalcom-G_ZVEfM_-py3.10/lib/python3.10/site-packages/selenium/webdriver/remote/webdriver.py:444: in execute\n    self.error_handler.check_response(response)\n_ _ _ _ _ _ _ _ _ _ _ _ _ _ _ _ _ _ _ _ _ _ _ _ _ _ _ _ _ _ _ _ _ _ _ _ _ _ _ _ \n\nself = <selenium.webdriver.remote.errorhandler.ErrorHandler object at 0x7fda49afc580>\nresponse = {'status': 404, 'value': '{\"value\":{\"error\":\"no such element\",\"message\":\"no such element: Unable to locate element: {\\...\\\\n#16 0x55d503163836 \\\\u003Cunknown>\\\\n#17 0x55d50317ed13 \\\\u003Cunknown>\\\\n#18 0x7fe43f2a3b43 \\\\u003Cunknown>\\\\n\"}}'}\n\n    def check_response(self, response: Dict[str, Any]) -> None:\n        \"\"\"\n        Checks that a JSON response from the WebDriver does not have an error.\n    \n        :Args:\n         - response - The JSON response from the WebDriver server as a dictionary\n           object.\n    \n        :Raises: If the response contains an error message.\n        \"\"\"\n        status = response.get(\"status\", None)\n        if not status or status == ErrorCode.SUCCESS:\n            return\n        value = None\n        message = response.get(\"message\", \"\")\n        screen: str = response.get(\"screen\", \"\")\n        stacktrace = None\n        if isinstance(status, int):\n            value_json = response.get(\"value\", None)\n            if value_json and isinstance(value_json, str):\n                import json\n    \n                try:\n                    value = json.loads(value_json)\n                    if len(value.keys()) == 1:\n                        value = value[\"value\"]\n                    status = value.get(\"error\", None)\n                    if not status:\n                        status = value.get(\"status\", ErrorCode.UNKNOWN_ERROR)\n                        message = value.get(\"value\") or value.get(\"message\")\n                        if not isinstance(message, str):\n                            value = message\n                            message = message.get(\"message\")\n                    else:\n                        message = value.get(\"message\", None)\n                except ValueError:\n                    pass\n    \n        exception_class: Type[WebDriverException]\n        if status in ErrorCode.NO_SUCH_ELEMENT:\n            exception_class = NoSuchElementException\n        elif status in ErrorCode.NO_SUCH_FRAME:\n            exception_class = NoSuchFrameException\n        elif status in ErrorCode.NO_SUCH_SHADOW_ROOT:\n            exception_class = NoSuchShadowRootException\n        elif status in ErrorCode.NO_SUCH_WINDOW:\n            exception_class = NoSuchWindowException\n        elif status in ErrorCode.STALE_ELEMENT_REFERENCE:\n            exception_class = StaleElementReferenceException\n        elif status in ErrorCode.ELEMENT_NOT_VISIBLE:\n            exception_class = ElementNotVisibleException\n        elif status in ErrorCode.INVALID_ELEMENT_STATE:\n            exception_class = InvalidElementStateException\n        elif (\n            status in ErrorCode.INVALID_SELECTOR\n            or status in ErrorCode.INVALID_XPATH_SELECTOR\n            or status in ErrorCode.INVALID_XPATH_SELECTOR_RETURN_TYPER\n        ):\n            exception_class = InvalidSelectorException\n        elif status in ErrorCode.ELEMENT_IS_NOT_SELECTABLE:\n            exception_class = ElementNotSelectableException\n        elif status in ErrorCode.ELEMENT_NOT_INTERACTABLE:\n            exception_class = ElementNotInteractableException\n        elif status in ErrorCode.INVALID_COOKIE_DOMAIN:\n            exception_class = InvalidCookieDomainException\n        elif status in ErrorCode.UNABLE_TO_SET_COOKIE:\n            exception_class = UnableToSetCookieException\n        elif status in ErrorCode.TIMEOUT:\n            exception_class = TimeoutException\n        elif status in ErrorCode.SCRIPT_TIMEOUT:\n            exception_class = TimeoutException\n        elif status in ErrorCode.UNKNOWN_ERROR:\n            exception_class = WebDriverException\n        elif status in ErrorCode.UNEXPECTED_ALERT_OPEN:\n            exception_class = UnexpectedAlertPresentException\n        elif status in ErrorCode.NO_ALERT_OPEN:\n            exception_class = NoAlertPresentException\n        elif status in ErrorCode.IME_NOT_AVAILABLE:\n            exception_class = ImeNotAvailableException\n        elif status in ErrorCode.IME_ENGINE_ACTIVATION_FAILED:\n            exception_class = ImeActivationFailedException\n        elif status in ErrorCode.MOVE_TARGET_OUT_OF_BOUNDS:\n            exception_class = MoveTargetOutOfBoundsException\n        elif status in ErrorCode.JAVASCRIPT_ERROR:\n            exception_class = JavascriptException\n        elif status in ErrorCode.SESSION_NOT_CREATED:\n            exception_class = SessionNotCreatedException\n        elif status in ErrorCode.INVALID_ARGUMENT:\n            exception_class = InvalidArgumentException\n        elif status in ErrorCode.NO_SUCH_COOKIE:\n            exception_class = NoSuchCookieException\n        elif status in ErrorCode.UNABLE_TO_CAPTURE_SCREEN:\n            exception_class = ScreenshotException\n        elif status in ErrorCode.ELEMENT_CLICK_INTERCEPTED:\n            exception_class = ElementClickInterceptedException\n        elif status in ErrorCode.INSECURE_CERTIFICATE:\n            exception_class = InsecureCertificateException\n        elif status in ErrorCode.INVALID_COORDINATES:\n            exception_class = InvalidCoordinatesException\n        elif status in ErrorCode.INVALID_SESSION_ID:\n            exception_class = InvalidSessionIdException\n        elif status in ErrorCode.UNKNOWN_METHOD:\n            exception_class = UnknownMethodException\n        else:\n            exception_class = WebDriverException\n        if not value:\n            value = response[\"value\"]\n        if isinstance(value, str):\n            raise exception_class(value)\n        if message == \"\" and \"message\" in value:\n            message = value[\"message\"]\n    \n        screen = None  # type: ignore[assignment]\n        if \"screen\" in value:\n            screen = value[\"screen\"]\n    \n        stacktrace = None\n        st_value = value.get(\"stackTrace\") or value.get(\"stacktrace\")\n        if st_value:\n            if isinstance(st_value, str):\n                stacktrace = st_value.split(\"\\n\")\n            else:\n                stacktrace = []\n                try:\n                    for frame in st_value:\n                        line = frame.get(\"lineNumber\", \"\")\n                        file = frame.get(\"fileName\", \"<anonymous>\")\n                        if line:\n                            file = f\"{file}:{line}\"\n                        meth = frame.get(\"methodName\", \"<anonymous>\")\n                        if \"className\" in frame:\n                            meth = \"{}.{}\".format(frame[\"className\"], meth)\n                        msg = \"    at %s (%s)\"\n                        msg = msg % (meth, file)\n                        stacktrace.append(msg)\n                except TypeError:\n                    pass\n        if exception_class == UnexpectedAlertPresentException:\n            alert_text = None\n            if \"data\" in value:\n                alert_text = value[\"data\"].get(\"text\")\n            elif \"alert\" in value:\n                alert_text = value[\"alert\"].get(\"text\")\n            raise exception_class(message, screen, stacktrace, alert_text)  # type: ignore[call-arg]  # mypy is not smart enough here\n>       raise exception_class(message, screen, stacktrace)\nE       selenium.common.exceptions.NoSuchElementException: Message: no such element: Unable to locate element: {\"method\":\"css selector\",\"selector\":\".cc-header__wrap > #wphWrap > .js_signup\"}\nE         (Session info: headless chrome=109.0.5414.74)\nE       Stacktrace:\nE       #0 0x55d5030ef303 <unknown>\nE       #1 0x55d502ec3d37 <unknown>\nE       #2 0x55d502f005b2 <unknown>\nE       #3 0x55d502f006c1 <unknown>\nE       #4 0x55d502f3ab34 <unknown>\nE       #5 0x55d502f209ad <unknown>\nE       #6 0x55d502f3888c <unknown>\nE       #7 0x55d502f20753 <unknown>\nE       #8 0x55d502ef3a14 <unknown>\nE       #9 0x55d502ef4b7e <unknown>\nE       #10 0x55d50313e32e <unknown>\nE       #11 0x55d503141c0e <unknown>\nE       #12 0x55d503124610 <unknown>\nE       #13 0x55d503142c23 <unknown>\nE       #14 0x55d503116545 <unknown>\nE       #15 0x55d5031636a8 <unknown>\nE       #16 0x55d503163836 <unknown>\nE       #17 0x55d50317ed13 <unknown>\nE       #18 0x7fe43f2a3b43 <unknown>\n\n../../../.cache/pypoetry/virtualenvs/testcapitalcom-G_ZVEfM_-py3.10/lib/python3.10/site-packages/selenium/webdriver/remote/errorhandler.py:249: NoSuchElementException","steps":[{"name":"2023-01-20 10:57:44.601063.   Start test button 'Trade Now' on header.","time":{"start":1674212557015,"stop":1674212568409,"duration":11394},"status":"broken","statusMessage":"selenium.common.exceptions.NoSuchElementException: Message: no such element: Unable to locate element: {\"method\":\"css selector\",\"selector\":\".cc-header__wrap > #wphWrap > .js_signup\"}\n  (Session info: headless chrome=109.0.5414.74)\nStacktrace:\n#0 0x55d5030ef303 <unknown>\n#1 0x55d502ec3d37 <unknown>\n#2 0x55d502f005b2 <unknown>\n#3 0x55d502f006c1 <unknown>\n#4 0x55d502f3ab34 <unknown>\n#5 0x55d502f209ad <unknown>\n#6 0x55d502f3888c <unknown>\n#7 0x55d502f20753 <unknown>\n#8 0x55d502ef3a14 <unknown>\n#9 0x55d502ef4b7e <unknown>\n#10 0x55d50313e32e <unknown>\n#11 0x55d503141c0e <unknown>\n#12 0x55d503124610 <unknown>\n#13 0x55d503142c23 <unknown>\n#14 0x55d503116545 <unknown>\n#15 0x55d5031636a8 <unknown>\n#16 0x55d503163836 <unknown>\n#17 0x55d50317ed13 <unknown>\n#18 0x7fe43f2a3b43 <unknown>\n\n","statusTrace":"  File \"/home/runner/.cache/pypoetry/virtualenvs/testcapitalcom-G_ZVEfM_-py3.10/lib/python3.10/site-packages/allure_commons/_allure.py\", line 192, in impl\n    return func(*a, **kw)\n  File \"/home/runner/work/TestCapitalCom/TestCapitalCom/tests/capital_page_test.py\", line 140, in test_01_02_header_button_trade_now\n    page.click_button_signup_on_header()\n  File \"/home/runner/.cache/pypoetry/virtualenvs/testcapitalcom-G_ZVEfM_-py3.10/lib/python3.10/site-packages/allure_commons/_allure.py\", line 192, in impl\n    return func(*a, **kw)\n  File \"/home/runner/work/TestCapitalCom/TestCapitalCom/pages/capital_com/header_element.py\", line 20, in click_button_signup_on_header\n    self.browser.find_element(*HeaderElementLocators.BUTTON_SIGNUP).click()\n  File \"/home/runner/.cache/pypoetry/virtualenvs/testcapitalcom-G_ZVEfM_-py3.10/lib/python3.10/site-packages/selenium/webdriver/remote/webdriver.py\", line 861, in find_element\n    return self.execute(Command.FIND_ELEMENT, {\"using\": by, \"value\": value})[\"value\"]\n  File \"/home/runner/.cache/pypoetry/virtualenvs/testcapitalcom-G_ZVEfM_-py3.10/lib/python3.10/site-packages/selenium/webdriver/remote/webdriver.py\", line 444, in execute\n    self.error_handler.check_response(response)\n  File \"/home/runner/.cache/pypoetry/virtualenvs/testcapitalcom-G_ZVEfM_-py3.10/lib/python3.10/site-packages/selenium/webdriver/remote/errorhandler.py\", line 249, in check_response\n    raise exception_class(message, screen, stacktrace)\n","steps":[{"name":"2023-01-20 10:57:44.600930.   Set preconditions","time":{"start":1674212557015,"stop":1674212557413,"duration":398},"status":"passed","steps":[],"attachments":[],"parameters":[{"name":"d","value":"<selenium.webdriver.chrome.webdriver.WebDriver (session=\"fdd5cc7a4b942dfa30eefb60e55835c3\")>"},{"name":"cur_login","value":"'Empty'"},{"name":"cur_password","value":"'Empty'"},{"name":"cur_role","value":"'NoReg'"},{"name":"cur_language","value":"'cn'"},{"name":"cur_license","value":"'NBRB'"}],"attachmentsCount":0,"stepsCount":0,"shouldDisplayMessage":false,"hasContent":true},{"name":"2023-01-20 10:57:44.600156.   Click 'Trade Now' button.","time":{"start":1674212557819,"stop":1674212568409,"duration":10590},"status":"broken","statusMessage":"selenium.common.exceptions.NoSuchElementException: Message: no such element: Unable to locate element: {\"method\":\"css selector\",\"selector\":\".cc-header__wrap > #wphWrap > .js_signup\"}\n  (Session info: headless chrome=109.0.5414.74)\nStacktrace:\n#0 0x55d5030ef303 <unknown>\n#1 0x55d502ec3d37 <unknown>\n#2 0x55d502f005b2 <unknown>\n#3 0x55d502f006c1 <unknown>\n#4 0x55d502f3ab34 <unknown>\n#5 0x55d502f209ad <unknown>\n#6 0x55d502f3888c <unknown>\n#7 0x55d502f20753 <unknown>\n#8 0x55d502ef3a14 <unknown>\n#9 0x55d502ef4b7e <unknown>\n#10 0x55d50313e32e <unknown>\n#11 0x55d503141c0e <unknown>\n#12 0x55d503124610 <unknown>\n#13 0x55d503142c23 <unknown>\n#14 0x55d503116545 <unknown>\n#15 0x55d5031636a8 <unknown>\n#16 0x55d503163836 <unknown>\n#17 0x55d50317ed13 <unknown>\n#18 0x7fe43f2a3b43 <unknown>\n\n","statusTrace":"  File \"/home/runner/.cache/pypoetry/virtualenvs/testcapitalcom-G_ZVEfM_-py3.10/lib/python3.10/site-packages/allure_commons/_allure.py\", line 192, in impl\n    return func(*a, **kw)\n  File \"/home/runner/work/TestCapitalCom/TestCapitalCom/pages/capital_com/header_element.py\", line 20, in click_button_signup_on_header\n    self.browser.find_element(*HeaderElementLocators.BUTTON_SIGNUP).click()\n  File \"/home/runner/.cache/pypoetry/virtualenvs/testcapitalcom-G_ZVEfM_-py3.10/lib/python3.10/site-packages/selenium/webdriver/remote/webdriver.py\", line 861, in find_element\n    return self.execute(Command.FIND_ELEMENT, {\"using\": by, \"value\": value})[\"value\"]\n  File \"/home/runner/.cache/pypoetry/virtualenvs/testcapitalcom-G_ZVEfM_-py3.10/lib/python3.10/site-packages/selenium/webdriver/remote/webdriver.py\", line 444, in execute\n    self.error_handler.check_response(response)\n  File \"/home/runner/.cache/pypoetry/virtualenvs/testcapitalcom-G_ZVEfM_-py3.10/lib/python3.10/site-packages/selenium/webdriver/remote/errorhandler.py\", line 249, in check_response\n    raise exception_class(message, screen, stacktrace)\n","steps":[],"attachments":[],"parameters":[],"attachmentsCount":0,"stepsCount":0,"shouldDisplayMessage":true,"hasContent":true}],"attachments":[],"parameters":[{"name":"worker_id","value":"'gw0'"},{"name":"d","value":"<selenium.webdriver.chrome.webdriver.WebDriver (session=\"fdd5cc7a4b942dfa30eefb60e55835c3\")>"},{"name":"cur_login","value":"'Empty'"},{"name":"cur_password","value":"'Empty'"},{"name":"cur_role","value":"'NoReg'"},{"name":"cur_language","value":"'cn'"},{"name":"cur_license","value":"'NBRB'"},{"name":"prob_run_tc","value":"None"}],"attachmentsCount":0,"stepsCount":2,"shouldDisplayMessage":false,"hasContent":true}],"attachments":[{"uid":"d117c88a59cbdfa7","name":"Screeshot","source":"d117c88a59cbdfa7.png","type":"image/png","size":157912},{"uid":"2b0c7f73f956856f","name":"log","source":"2b0c7f73f956856f.txt","type":"text/plain","size":1277},{"uid":"7cba00f5c3208b63","name":"stdout","source":"7cba00f5c3208b63.txt","type":"text/plain","size":142}],"parameters":[],"attachmentsCount":3,"stepsCount":3,"shouldDisplayMessage":true,"hasContent":true},"afterStages":[{"name":"go::0","time":{"start":1674216066045,"stop":1674216066236,"duration":191},"status":"passed","steps":[],"attachments":[],"parameters":[],"attachmentsCount":0,"stepsCount":0,"shouldDisplayMessage":false,"hasContent":false}],"labels":[{"name":"epic","value":"Testing capital.com. All language. All license"},{"name":"story","value":"S_01.02 | Testing 'Trade Now' button on the header"},{"name":"feature","value":"F_01 | Testing header"},{"name":"parentSuite","value":"tests"},{"name":"suite","value":"capital_page_test"},{"name":"subSuite","value":"Tests"},{"name":"host","value":"fv-az403-99"},{"name":"thread","value":"3017-MainThread"},{"name":"framework","value":"pytest"},{"name":"language","value":"cpython3"},{"name":"package","value":"tests.capital_page_test"},{"name":"resultFormat","value":"allure2"}],"parameters":[{"name":"cur_language","value":"'cn'"},{"name":"cur_license","value":"'NBRB'"},{"name":"cur_login","value":"'Empty'"},{"name":"cur_password","value":"'Empty'"},{"name":"cur_role","value":"'NoReg'"},{"name":"go","value":"'chrome'"}],"links":[],"hidden":false,"retry":false,"extra":{"severity":"normal","retries":[],"categories":[{"name":"Test defects","matchedStatuses":[],"flaky":false}],"history":{"statistic":{"failed":0,"broken":1,"skipped":0,"passed":4,"unknown":0,"total":5},"items":[{"uid":"2fc7a113a3bf634d","reportUrl":"https://AlexTom22.github.io/TestCapitalCom/6//#testresult/2fc7a113a3bf634d","status":"passed","time":{"start":1674172025176,"stop":1674172025683,"duration":507}},{"uid":"8097256588b62c75","reportUrl":"https://AlexTom22.github.io/TestCapitalCom/5//#testresult/8097256588b62c75","status":"passed","time":{"start":1674076622491,"stop":1674076622771,"duration":280}},{"uid":"f7a074adc94e00d5","reportUrl":"https://AlexTom22.github.io/TestCapitalCom/4//#testresult/f7a074adc94e00d5","status":"passed","time":{"start":1673908427565,"stop":1673908427881,"duration":316}},{"uid":"f39b4d831f27a0f6","reportUrl":"https://AlexTom22.github.io/TestCapitalCom/3//#testresult/f39b4d831f27a0f6","status":"passed","time":{"start":1673880586017,"stop":1673880586232,"duration":215}}]},"tags":[]},"source":"bd6e4c97561a9b6e.json","parameterValues":["'cn'","'NBRB'","'Empty'","'Empty'","'NoReg'","'chrome'"]}