{"uid":"f09258a95def247","name":"TC_01_02 with parameters: NoReg, lv, CCSTV","fullName":"tests.capital_page_test.Tests#test_01_02_header_button_trade_now","historyId":"4dc6edb350044d9bed6d8f4277ce1d37","time":{"start":1674214675715,"stop":1674214687128,"duration":11413},"description":"\n        Check: Header -> button [Trade Now]\n        Language: All. License: All.\n        ","descriptionHtml":"<pre><code>    Check: Header -&gt; button [Trade Now]\n    Language: All. License: All.\n</code></pre>\n","status":"broken","statusMessage":"selenium.common.exceptions.NoSuchElementException: Message: no such element: Unable to locate element: {\"method\":\"css selector\",\"selector\":\".cc-header__wrap > #wphWrap > .js_signup\"}\n  (Session info: headless chrome=109.0.5414.74)\nStacktrace:\n#0 0x55f9d8a5b303 <unknown>\n#1 0x55f9d882fd37 <unknown>\n#2 0x55f9d886c5b2 <unknown>\n#3 0x55f9d886c6c1 <unknown>\n#4 0x55f9d88a6b34 <unknown>\n#5 0x55f9d888c9ad <unknown>\n#6 0x55f9d88a488c <unknown>\n#7 0x55f9d888c753 <unknown>\n#8 0x55f9d885fa14 <unknown>\n#9 0x55f9d8860b7e <unknown>\n#10 0x55f9d8aaa32e <unknown>\n#11 0x55f9d8aadc0e <unknown>\n#12 0x55f9d8a90610 <unknown>\n#13 0x55f9d8aaec23 <unknown>\n#14 0x55f9d8a82545 <unknown>\n#15 0x55f9d8acf6a8 <unknown>\n#16 0x55f9d8acf836 <unknown>\n#17 0x55f9d8aead13 <unknown>\n#18 0x7f96e2fe6b43 <unknown>","statusTrace":"self = <tests.capital_page_test.Tests object at 0x7efe60bfa9b0>\nworker_id = 'gw1'\nd = <selenium.webdriver.chrome.webdriver.WebDriver (session=\"ae575b42b1e1cfa2160f68d4555e842d\")>\ncur_login = 'Empty', cur_password = 'Empty', cur_role = 'NoReg'\ncur_language = 'lv', cur_license = 'CCSTV', prob_run_tc = None\n\n    @allure.feature(\"F_01 | Testing header\")\n    @allure.story(\"S_01.02 | Testing 'Trade Now' button on the header\")\n    @allure.step(f\"{datetime.datetime.now()}.   Start test button 'Trade Now' on header.\")\n    @allure.title(\"TC_01_02 with parameters: {cur_role}, {cur_language}, {cur_license}\")\n    def test_01_02_header_button_trade_now(\n            self, worker_id, d, cur_login, cur_password, cur_role, cur_language, cur_license, prob_run_tc\n    ):\n        \"\"\"\n        Check: Header -> button [Trade Now]\n        Language: All. License: All.\n        \"\"\"\n        global test_link\n        global page\n    \n        print(f\"worker_id = {worker_id}\")\n    \n        self.preconditions(d, cur_login, cur_password, cur_role, cur_language, cur_license)\n    \n        page = HeaderElement(d, test_link)\n        if not page.current_page_is(test_link):\n            page.open_page()\n            print(f\"{datetime.datetime.now()}   Load page: {test_link}\")\n    \n>       page.click_button_signup_on_header()\n\ntests/capital_page_test.py:140: \n_ _ _ _ _ _ _ _ _ _ _ _ _ _ _ _ _ _ _ _ _ _ _ _ _ _ _ _ _ _ _ _ _ _ _ _ _ _ _ _ \npages/capital_com/header_element.py:20: in click_button_signup_on_header\n    self.browser.find_element(*HeaderElementLocators.BUTTON_SIGNUP).click()\n../../../.cache/pypoetry/virtualenvs/testcapitalcom-G_ZVEfM_-py3.10/lib/python3.10/site-packages/selenium/webdriver/remote/webdriver.py:861: in find_element\n    return self.execute(Command.FIND_ELEMENT, {\"using\": by, \"value\": value})[\"value\"]\n../../../.cache/pypoetry/virtualenvs/testcapitalcom-G_ZVEfM_-py3.10/lib/python3.10/site-packages/selenium/webdriver/remote/webdriver.py:444: in execute\n    self.error_handler.check_response(response)\n_ _ _ _ _ _ _ _ _ _ _ _ _ _ _ _ _ _ _ _ _ _ _ _ _ _ _ _ _ _ _ _ _ _ _ _ _ _ _ _ \n\nself = <selenium.webdriver.remote.errorhandler.ErrorHandler object at 0x7efe5b16bbe0>\nresponse = {'status': 404, 'value': '{\"value\":{\"error\":\"no such element\",\"message\":\"no such element: Unable to locate element: {\\...\\\\n#16 0x55f9d8acf836 \\\\u003Cunknown>\\\\n#17 0x55f9d8aead13 \\\\u003Cunknown>\\\\n#18 0x7f96e2fe6b43 \\\\u003Cunknown>\\\\n\"}}'}\n\n    def check_response(self, response: Dict[str, Any]) -> None:\n        \"\"\"\n        Checks that a JSON response from the WebDriver does not have an error.\n    \n        :Args:\n         - response - The JSON response from the WebDriver server as a dictionary\n           object.\n    \n        :Raises: If the response contains an error message.\n        \"\"\"\n        status = response.get(\"status\", None)\n        if not status or status == ErrorCode.SUCCESS:\n            return\n        value = None\n        message = response.get(\"message\", \"\")\n        screen: str = response.get(\"screen\", \"\")\n        stacktrace = None\n        if isinstance(status, int):\n            value_json = response.get(\"value\", None)\n            if value_json and isinstance(value_json, str):\n                import json\n    \n                try:\n                    value = json.loads(value_json)\n                    if len(value.keys()) == 1:\n                        value = value[\"value\"]\n                    status = value.get(\"error\", None)\n                    if not status:\n                        status = value.get(\"status\", ErrorCode.UNKNOWN_ERROR)\n                        message = value.get(\"value\") or value.get(\"message\")\n                        if not isinstance(message, str):\n                            value = message\n                            message = message.get(\"message\")\n                    else:\n                        message = value.get(\"message\", None)\n                except ValueError:\n                    pass\n    \n        exception_class: Type[WebDriverException]\n        if status in ErrorCode.NO_SUCH_ELEMENT:\n            exception_class = NoSuchElementException\n        elif status in ErrorCode.NO_SUCH_FRAME:\n            exception_class = NoSuchFrameException\n        elif status in ErrorCode.NO_SUCH_SHADOW_ROOT:\n            exception_class = NoSuchShadowRootException\n        elif status in ErrorCode.NO_SUCH_WINDOW:\n            exception_class = NoSuchWindowException\n        elif status in ErrorCode.STALE_ELEMENT_REFERENCE:\n            exception_class = StaleElementReferenceException\n        elif status in ErrorCode.ELEMENT_NOT_VISIBLE:\n            exception_class = ElementNotVisibleException\n        elif status in ErrorCode.INVALID_ELEMENT_STATE:\n            exception_class = InvalidElementStateException\n        elif (\n            status in ErrorCode.INVALID_SELECTOR\n            or status in ErrorCode.INVALID_XPATH_SELECTOR\n            or status in ErrorCode.INVALID_XPATH_SELECTOR_RETURN_TYPER\n        ):\n            exception_class = InvalidSelectorException\n        elif status in ErrorCode.ELEMENT_IS_NOT_SELECTABLE:\n            exception_class = ElementNotSelectableException\n        elif status in ErrorCode.ELEMENT_NOT_INTERACTABLE:\n            exception_class = ElementNotInteractableException\n        elif status in ErrorCode.INVALID_COOKIE_DOMAIN:\n            exception_class = InvalidCookieDomainException\n        elif status in ErrorCode.UNABLE_TO_SET_COOKIE:\n            exception_class = UnableToSetCookieException\n        elif status in ErrorCode.TIMEOUT:\n            exception_class = TimeoutException\n        elif status in ErrorCode.SCRIPT_TIMEOUT:\n            exception_class = TimeoutException\n        elif status in ErrorCode.UNKNOWN_ERROR:\n            exception_class = WebDriverException\n        elif status in ErrorCode.UNEXPECTED_ALERT_OPEN:\n            exception_class = UnexpectedAlertPresentException\n        elif status in ErrorCode.NO_ALERT_OPEN:\n            exception_class = NoAlertPresentException\n        elif status in ErrorCode.IME_NOT_AVAILABLE:\n            exception_class = ImeNotAvailableException\n        elif status in ErrorCode.IME_ENGINE_ACTIVATION_FAILED:\n            exception_class = ImeActivationFailedException\n        elif status in ErrorCode.MOVE_TARGET_OUT_OF_BOUNDS:\n            exception_class = MoveTargetOutOfBoundsException\n        elif status in ErrorCode.JAVASCRIPT_ERROR:\n            exception_class = JavascriptException\n        elif status in ErrorCode.SESSION_NOT_CREATED:\n            exception_class = SessionNotCreatedException\n        elif status in ErrorCode.INVALID_ARGUMENT:\n            exception_class = InvalidArgumentException\n        elif status in ErrorCode.NO_SUCH_COOKIE:\n            exception_class = NoSuchCookieException\n        elif status in ErrorCode.UNABLE_TO_CAPTURE_SCREEN:\n            exception_class = ScreenshotException\n        elif status in ErrorCode.ELEMENT_CLICK_INTERCEPTED:\n            exception_class = ElementClickInterceptedException\n        elif status in ErrorCode.INSECURE_CERTIFICATE:\n            exception_class = InsecureCertificateException\n        elif status in ErrorCode.INVALID_COORDINATES:\n            exception_class = InvalidCoordinatesException\n        elif status in ErrorCode.INVALID_SESSION_ID:\n            exception_class = InvalidSessionIdException\n        elif status in ErrorCode.UNKNOWN_METHOD:\n            exception_class = UnknownMethodException\n        else:\n            exception_class = WebDriverException\n        if not value:\n            value = response[\"value\"]\n        if isinstance(value, str):\n            raise exception_class(value)\n        if message == \"\" and \"message\" in value:\n            message = value[\"message\"]\n    \n        screen = None  # type: ignore[assignment]\n        if \"screen\" in value:\n            screen = value[\"screen\"]\n    \n        stacktrace = None\n        st_value = value.get(\"stackTrace\") or value.get(\"stacktrace\")\n        if st_value:\n            if isinstance(st_value, str):\n                stacktrace = st_value.split(\"\\n\")\n            else:\n                stacktrace = []\n                try:\n                    for frame in st_value:\n                        line = frame.get(\"lineNumber\", \"\")\n                        file = frame.get(\"fileName\", \"<anonymous>\")\n                        if line:\n                            file = f\"{file}:{line}\"\n                        meth = frame.get(\"methodName\", \"<anonymous>\")\n                        if \"className\" in frame:\n                            meth = \"{}.{}\".format(frame[\"className\"], meth)\n                        msg = \"    at %s (%s)\"\n                        msg = msg % (meth, file)\n                        stacktrace.append(msg)\n                except TypeError:\n                    pass\n        if exception_class == UnexpectedAlertPresentException:\n            alert_text = None\n            if \"data\" in value:\n                alert_text = value[\"data\"].get(\"text\")\n            elif \"alert\" in value:\n                alert_text = value[\"alert\"].get(\"text\")\n            raise exception_class(message, screen, stacktrace, alert_text)  # type: ignore[call-arg]  # mypy is not smart enough here\n>       raise exception_class(message, screen, stacktrace)\nE       selenium.common.exceptions.NoSuchElementException: Message: no such element: Unable to locate element: {\"method\":\"css selector\",\"selector\":\".cc-header__wrap > #wphWrap > .js_signup\"}\nE         (Session info: headless chrome=109.0.5414.74)\nE       Stacktrace:\nE       #0 0x55f9d8a5b303 <unknown>\nE       #1 0x55f9d882fd37 <unknown>\nE       #2 0x55f9d886c5b2 <unknown>\nE       #3 0x55f9d886c6c1 <unknown>\nE       #4 0x55f9d88a6b34 <unknown>\nE       #5 0x55f9d888c9ad <unknown>\nE       #6 0x55f9d88a488c <unknown>\nE       #7 0x55f9d888c753 <unknown>\nE       #8 0x55f9d885fa14 <unknown>\nE       #9 0x55f9d8860b7e <unknown>\nE       #10 0x55f9d8aaa32e <unknown>\nE       #11 0x55f9d8aadc0e <unknown>\nE       #12 0x55f9d8a90610 <unknown>\nE       #13 0x55f9d8aaec23 <unknown>\nE       #14 0x55f9d8a82545 <unknown>\nE       #15 0x55f9d8acf6a8 <unknown>\nE       #16 0x55f9d8acf836 <unknown>\nE       #17 0x55f9d8aead13 <unknown>\nE       #18 0x7f96e2fe6b43 <unknown>\n\n../../../.cache/pypoetry/virtualenvs/testcapitalcom-G_ZVEfM_-py3.10/lib/python3.10/site-packages/selenium/webdriver/remote/errorhandler.py:249: NoSuchElementException","flaky":false,"newFailed":false,"newBroken":true,"newPassed":false,"retriesCount":0,"retriesStatusChange":false,"beforeStages":[{"name":"browser","time":{"start":1674212267558,"stop":1674212267558,"duration":0},"status":"passed","steps":[],"attachments":[],"parameters":[],"attachmentsCount":0,"stepsCount":0,"shouldDisplayMessage":false,"hasContent":false},{"name":"d","time":{"start":1674212267558,"stop":1674212269208,"duration":1650},"status":"passed","steps":[],"attachments":[],"parameters":[],"attachmentsCount":0,"stepsCount":0,"shouldDisplayMessage":false,"hasContent":false},{"name":"worker_id","time":{"start":1674212267558,"stop":1674212267558,"duration":0},"status":"passed","steps":[],"attachments":[],"parameters":[],"attachmentsCount":0,"stepsCount":0,"shouldDisplayMessage":false,"hasContent":false},{"name":"go","time":{"start":1674212269208,"stop":1674212269208,"duration":0},"status":"passed","steps":[],"attachments":[],"parameters":[],"attachmentsCount":0,"stepsCount":0,"shouldDisplayMessage":false,"hasContent":false},{"name":"cur_role","time":{"start":1674212269209,"stop":1674212269209,"duration":0},"status":"passed","steps":[],"attachments":[],"parameters":[],"attachmentsCount":0,"stepsCount":0,"shouldDisplayMessage":false,"hasContent":false},{"name":"cur_language","time":{"start":1674214618235,"stop":1674214618235,"duration":0},"status":"passed","steps":[],"attachments":[],"parameters":[],"attachmentsCount":0,"stepsCount":0,"shouldDisplayMessage":false,"hasContent":false},{"name":"cur_license","time":{"start":1674214675711,"stop":1674214675711,"duration":0},"status":"passed","steps":[],"attachments":[],"parameters":[],"attachmentsCount":0,"stepsCount":0,"shouldDisplayMessage":false,"hasContent":false},{"name":"prob_run_tc","time":{"start":1674214675715,"stop":1674214675715,"duration":0},"status":"passed","steps":[],"attachments":[],"parameters":[],"attachmentsCount":0,"stepsCount":0,"shouldDisplayMessage":false,"hasContent":false}],"testStage":{"description":"\n        Check: Header -> button [Trade Now]\n        Language: All. License: All.\n        ","status":"broken","statusMessage":"selenium.common.exceptions.NoSuchElementException: Message: no such element: Unable to locate element: {\"method\":\"css selector\",\"selector\":\".cc-header__wrap > #wphWrap > .js_signup\"}\n  (Session info: headless chrome=109.0.5414.74)\nStacktrace:\n#0 0x55f9d8a5b303 <unknown>\n#1 0x55f9d882fd37 <unknown>\n#2 0x55f9d886c5b2 <unknown>\n#3 0x55f9d886c6c1 <unknown>\n#4 0x55f9d88a6b34 <unknown>\n#5 0x55f9d888c9ad <unknown>\n#6 0x55f9d88a488c <unknown>\n#7 0x55f9d888c753 <unknown>\n#8 0x55f9d885fa14 <unknown>\n#9 0x55f9d8860b7e <unknown>\n#10 0x55f9d8aaa32e <unknown>\n#11 0x55f9d8aadc0e <unknown>\n#12 0x55f9d8a90610 <unknown>\n#13 0x55f9d8aaec23 <unknown>\n#14 0x55f9d8a82545 <unknown>\n#15 0x55f9d8acf6a8 <unknown>\n#16 0x55f9d8acf836 <unknown>\n#17 0x55f9d8aead13 <unknown>\n#18 0x7f96e2fe6b43 <unknown>","statusTrace":"self = <tests.capital_page_test.Tests object at 0x7efe60bfa9b0>\nworker_id = 'gw1'\nd = <selenium.webdriver.chrome.webdriver.WebDriver (session=\"ae575b42b1e1cfa2160f68d4555e842d\")>\ncur_login = 'Empty', cur_password = 'Empty', cur_role = 'NoReg'\ncur_language = 'lv', cur_license = 'CCSTV', prob_run_tc = None\n\n    @allure.feature(\"F_01 | Testing header\")\n    @allure.story(\"S_01.02 | Testing 'Trade Now' button on the header\")\n    @allure.step(f\"{datetime.datetime.now()}.   Start test button 'Trade Now' on header.\")\n    @allure.title(\"TC_01_02 with parameters: {cur_role}, {cur_language}, {cur_license}\")\n    def test_01_02_header_button_trade_now(\n            self, worker_id, d, cur_login, cur_password, cur_role, cur_language, cur_license, prob_run_tc\n    ):\n        \"\"\"\n        Check: Header -> button [Trade Now]\n        Language: All. License: All.\n        \"\"\"\n        global test_link\n        global page\n    \n        print(f\"worker_id = {worker_id}\")\n    \n        self.preconditions(d, cur_login, cur_password, cur_role, cur_language, cur_license)\n    \n        page = HeaderElement(d, test_link)\n        if not page.current_page_is(test_link):\n            page.open_page()\n            print(f\"{datetime.datetime.now()}   Load page: {test_link}\")\n    \n>       page.click_button_signup_on_header()\n\ntests/capital_page_test.py:140: \n_ _ _ _ _ _ _ _ _ _ _ _ _ _ _ _ _ _ _ _ _ _ _ _ _ _ _ _ _ _ _ _ _ _ _ _ _ _ _ _ \npages/capital_com/header_element.py:20: in click_button_signup_on_header\n    self.browser.find_element(*HeaderElementLocators.BUTTON_SIGNUP).click()\n../../../.cache/pypoetry/virtualenvs/testcapitalcom-G_ZVEfM_-py3.10/lib/python3.10/site-packages/selenium/webdriver/remote/webdriver.py:861: in find_element\n    return self.execute(Command.FIND_ELEMENT, {\"using\": by, \"value\": value})[\"value\"]\n../../../.cache/pypoetry/virtualenvs/testcapitalcom-G_ZVEfM_-py3.10/lib/python3.10/site-packages/selenium/webdriver/remote/webdriver.py:444: in execute\n    self.error_handler.check_response(response)\n_ _ _ _ _ _ _ _ _ _ _ _ _ _ _ _ _ _ _ _ _ _ _ _ _ _ _ _ _ _ _ _ _ _ _ _ _ _ _ _ \n\nself = <selenium.webdriver.remote.errorhandler.ErrorHandler object at 0x7efe5b16bbe0>\nresponse = {'status': 404, 'value': '{\"value\":{\"error\":\"no such element\",\"message\":\"no such element: Unable to locate element: {\\...\\\\n#16 0x55f9d8acf836 \\\\u003Cunknown>\\\\n#17 0x55f9d8aead13 \\\\u003Cunknown>\\\\n#18 0x7f96e2fe6b43 \\\\u003Cunknown>\\\\n\"}}'}\n\n    def check_response(self, response: Dict[str, Any]) -> None:\n        \"\"\"\n        Checks that a JSON response from the WebDriver does not have an error.\n    \n        :Args:\n         - response - The JSON response from the WebDriver server as a dictionary\n           object.\n    \n        :Raises: If the response contains an error message.\n        \"\"\"\n        status = response.get(\"status\", None)\n        if not status or status == ErrorCode.SUCCESS:\n            return\n        value = None\n        message = response.get(\"message\", \"\")\n        screen: str = response.get(\"screen\", \"\")\n        stacktrace = None\n        if isinstance(status, int):\n            value_json = response.get(\"value\", None)\n            if value_json and isinstance(value_json, str):\n                import json\n    \n                try:\n                    value = json.loads(value_json)\n                    if len(value.keys()) == 1:\n                        value = value[\"value\"]\n                    status = value.get(\"error\", None)\n                    if not status:\n                        status = value.get(\"status\", ErrorCode.UNKNOWN_ERROR)\n                        message = value.get(\"value\") or value.get(\"message\")\n                        if not isinstance(message, str):\n                            value = message\n                            message = message.get(\"message\")\n                    else:\n                        message = value.get(\"message\", None)\n                except ValueError:\n                    pass\n    \n        exception_class: Type[WebDriverException]\n        if status in ErrorCode.NO_SUCH_ELEMENT:\n            exception_class = NoSuchElementException\n        elif status in ErrorCode.NO_SUCH_FRAME:\n            exception_class = NoSuchFrameException\n        elif status in ErrorCode.NO_SUCH_SHADOW_ROOT:\n            exception_class = NoSuchShadowRootException\n        elif status in ErrorCode.NO_SUCH_WINDOW:\n            exception_class = NoSuchWindowException\n        elif status in ErrorCode.STALE_ELEMENT_REFERENCE:\n            exception_class = StaleElementReferenceException\n        elif status in ErrorCode.ELEMENT_NOT_VISIBLE:\n            exception_class = ElementNotVisibleException\n        elif status in ErrorCode.INVALID_ELEMENT_STATE:\n            exception_class = InvalidElementStateException\n        elif (\n            status in ErrorCode.INVALID_SELECTOR\n            or status in ErrorCode.INVALID_XPATH_SELECTOR\n            or status in ErrorCode.INVALID_XPATH_SELECTOR_RETURN_TYPER\n        ):\n            exception_class = InvalidSelectorException\n        elif status in ErrorCode.ELEMENT_IS_NOT_SELECTABLE:\n            exception_class = ElementNotSelectableException\n        elif status in ErrorCode.ELEMENT_NOT_INTERACTABLE:\n            exception_class = ElementNotInteractableException\n        elif status in ErrorCode.INVALID_COOKIE_DOMAIN:\n            exception_class = InvalidCookieDomainException\n        elif status in ErrorCode.UNABLE_TO_SET_COOKIE:\n            exception_class = UnableToSetCookieException\n        elif status in ErrorCode.TIMEOUT:\n            exception_class = TimeoutException\n        elif status in ErrorCode.SCRIPT_TIMEOUT:\n            exception_class = TimeoutException\n        elif status in ErrorCode.UNKNOWN_ERROR:\n            exception_class = WebDriverException\n        elif status in ErrorCode.UNEXPECTED_ALERT_OPEN:\n            exception_class = UnexpectedAlertPresentException\n        elif status in ErrorCode.NO_ALERT_OPEN:\n            exception_class = NoAlertPresentException\n        elif status in ErrorCode.IME_NOT_AVAILABLE:\n            exception_class = ImeNotAvailableException\n        elif status in ErrorCode.IME_ENGINE_ACTIVATION_FAILED:\n            exception_class = ImeActivationFailedException\n        elif status in ErrorCode.MOVE_TARGET_OUT_OF_BOUNDS:\n            exception_class = MoveTargetOutOfBoundsException\n        elif status in ErrorCode.JAVASCRIPT_ERROR:\n            exception_class = JavascriptException\n        elif status in ErrorCode.SESSION_NOT_CREATED:\n            exception_class = SessionNotCreatedException\n        elif status in ErrorCode.INVALID_ARGUMENT:\n            exception_class = InvalidArgumentException\n        elif status in ErrorCode.NO_SUCH_COOKIE:\n            exception_class = NoSuchCookieException\n        elif status in ErrorCode.UNABLE_TO_CAPTURE_SCREEN:\n            exception_class = ScreenshotException\n        elif status in ErrorCode.ELEMENT_CLICK_INTERCEPTED:\n            exception_class = ElementClickInterceptedException\n        elif status in ErrorCode.INSECURE_CERTIFICATE:\n            exception_class = InsecureCertificateException\n        elif status in ErrorCode.INVALID_COORDINATES:\n            exception_class = InvalidCoordinatesException\n        elif status in ErrorCode.INVALID_SESSION_ID:\n            exception_class = InvalidSessionIdException\n        elif status in ErrorCode.UNKNOWN_METHOD:\n            exception_class = UnknownMethodException\n        else:\n            exception_class = WebDriverException\n        if not value:\n            value = response[\"value\"]\n        if isinstance(value, str):\n            raise exception_class(value)\n        if message == \"\" and \"message\" in value:\n            message = value[\"message\"]\n    \n        screen = None  # type: ignore[assignment]\n        if \"screen\" in value:\n            screen = value[\"screen\"]\n    \n        stacktrace = None\n        st_value = value.get(\"stackTrace\") or value.get(\"stacktrace\")\n        if st_value:\n            if isinstance(st_value, str):\n                stacktrace = st_value.split(\"\\n\")\n            else:\n                stacktrace = []\n                try:\n                    for frame in st_value:\n                        line = frame.get(\"lineNumber\", \"\")\n                        file = frame.get(\"fileName\", \"<anonymous>\")\n                        if line:\n                            file = f\"{file}:{line}\"\n                        meth = frame.get(\"methodName\", \"<anonymous>\")\n                        if \"className\" in frame:\n                            meth = \"{}.{}\".format(frame[\"className\"], meth)\n                        msg = \"    at %s (%s)\"\n                        msg = msg % (meth, file)\n                        stacktrace.append(msg)\n                except TypeError:\n                    pass\n        if exception_class == UnexpectedAlertPresentException:\n            alert_text = None\n            if \"data\" in value:\n                alert_text = value[\"data\"].get(\"text\")\n            elif \"alert\" in value:\n                alert_text = value[\"alert\"].get(\"text\")\n            raise exception_class(message, screen, stacktrace, alert_text)  # type: ignore[call-arg]  # mypy is not smart enough here\n>       raise exception_class(message, screen, stacktrace)\nE       selenium.common.exceptions.NoSuchElementException: Message: no such element: Unable to locate element: {\"method\":\"css selector\",\"selector\":\".cc-header__wrap > #wphWrap > .js_signup\"}\nE         (Session info: headless chrome=109.0.5414.74)\nE       Stacktrace:\nE       #0 0x55f9d8a5b303 <unknown>\nE       #1 0x55f9d882fd37 <unknown>\nE       #2 0x55f9d886c5b2 <unknown>\nE       #3 0x55f9d886c6c1 <unknown>\nE       #4 0x55f9d88a6b34 <unknown>\nE       #5 0x55f9d888c9ad <unknown>\nE       #6 0x55f9d88a488c <unknown>\nE       #7 0x55f9d888c753 <unknown>\nE       #8 0x55f9d885fa14 <unknown>\nE       #9 0x55f9d8860b7e <unknown>\nE       #10 0x55f9d8aaa32e <unknown>\nE       #11 0x55f9d8aadc0e <unknown>\nE       #12 0x55f9d8a90610 <unknown>\nE       #13 0x55f9d8aaec23 <unknown>\nE       #14 0x55f9d8a82545 <unknown>\nE       #15 0x55f9d8acf6a8 <unknown>\nE       #16 0x55f9d8acf836 <unknown>\nE       #17 0x55f9d8aead13 <unknown>\nE       #18 0x7f96e2fe6b43 <unknown>\n\n../../../.cache/pypoetry/virtualenvs/testcapitalcom-G_ZVEfM_-py3.10/lib/python3.10/site-packages/selenium/webdriver/remote/errorhandler.py:249: NoSuchElementException","steps":[{"name":"2023-01-20 10:57:44.601436.   Start test button 'Trade Now' on header.","time":{"start":1674214675716,"stop":1674214687127,"duration":11411},"status":"broken","statusMessage":"selenium.common.exceptions.NoSuchElementException: Message: no such element: Unable to locate element: {\"method\":\"css selector\",\"selector\":\".cc-header__wrap > #wphWrap > .js_signup\"}\n  (Session info: headless chrome=109.0.5414.74)\nStacktrace:\n#0 0x55f9d8a5b303 <unknown>\n#1 0x55f9d882fd37 <unknown>\n#2 0x55f9d886c5b2 <unknown>\n#3 0x55f9d886c6c1 <unknown>\n#4 0x55f9d88a6b34 <unknown>\n#5 0x55f9d888c9ad <unknown>\n#6 0x55f9d88a488c <unknown>\n#7 0x55f9d888c753 <unknown>\n#8 0x55f9d885fa14 <unknown>\n#9 0x55f9d8860b7e <unknown>\n#10 0x55f9d8aaa32e <unknown>\n#11 0x55f9d8aadc0e <unknown>\n#12 0x55f9d8a90610 <unknown>\n#13 0x55f9d8aaec23 <unknown>\n#14 0x55f9d8a82545 <unknown>\n#15 0x55f9d8acf6a8 <unknown>\n#16 0x55f9d8acf836 <unknown>\n#17 0x55f9d8aead13 <unknown>\n#18 0x7f96e2fe6b43 <unknown>\n\n","statusTrace":"  File \"/home/runner/.cache/pypoetry/virtualenvs/testcapitalcom-G_ZVEfM_-py3.10/lib/python3.10/site-packages/allure_commons/_allure.py\", line 192, in impl\n    return func(*a, **kw)\n  File \"/home/runner/work/TestCapitalCom/TestCapitalCom/tests/capital_page_test.py\", line 140, in test_01_02_header_button_trade_now\n    page.click_button_signup_on_header()\n  File \"/home/runner/.cache/pypoetry/virtualenvs/testcapitalcom-G_ZVEfM_-py3.10/lib/python3.10/site-packages/allure_commons/_allure.py\", line 192, in impl\n    return func(*a, **kw)\n  File \"/home/runner/work/TestCapitalCom/TestCapitalCom/pages/capital_com/header_element.py\", line 20, in click_button_signup_on_header\n    self.browser.find_element(*HeaderElementLocators.BUTTON_SIGNUP).click()\n  File \"/home/runner/.cache/pypoetry/virtualenvs/testcapitalcom-G_ZVEfM_-py3.10/lib/python3.10/site-packages/selenium/webdriver/remote/webdriver.py\", line 861, in find_element\n    return self.execute(Command.FIND_ELEMENT, {\"using\": by, \"value\": value})[\"value\"]\n  File \"/home/runner/.cache/pypoetry/virtualenvs/testcapitalcom-G_ZVEfM_-py3.10/lib/python3.10/site-packages/selenium/webdriver/remote/webdriver.py\", line 444, in execute\n    self.error_handler.check_response(response)\n  File \"/home/runner/.cache/pypoetry/virtualenvs/testcapitalcom-G_ZVEfM_-py3.10/lib/python3.10/site-packages/selenium/webdriver/remote/errorhandler.py\", line 249, in check_response\n    raise exception_class(message, screen, stacktrace)\n","steps":[{"name":"2023-01-20 10:57:44.601298.   Set preconditions","time":{"start":1674214675716,"stop":1674214676152,"duration":436},"status":"passed","steps":[],"attachments":[],"parameters":[{"name":"d","value":"<selenium.webdriver.chrome.webdriver.WebDriver (session=\"ae575b42b1e1cfa2160f68d4555e842d\")>"},{"name":"cur_login","value":"'Empty'"},{"name":"cur_password","value":"'Empty'"},{"name":"cur_role","value":"'NoReg'"},{"name":"cur_language","value":"'lv'"},{"name":"cur_license","value":"'CCSTV'"}],"attachmentsCount":0,"stepsCount":0,"shouldDisplayMessage":false,"hasContent":true},{"name":"2023-01-20 10:57:44.600922.   Click 'Trade Now' button.","time":{"start":1674214676544,"stop":1674214687127,"duration":10583},"status":"broken","statusMessage":"selenium.common.exceptions.NoSuchElementException: Message: no such element: Unable to locate element: {\"method\":\"css selector\",\"selector\":\".cc-header__wrap > #wphWrap > .js_signup\"}\n  (Session info: headless chrome=109.0.5414.74)\nStacktrace:\n#0 0x55f9d8a5b303 <unknown>\n#1 0x55f9d882fd37 <unknown>\n#2 0x55f9d886c5b2 <unknown>\n#3 0x55f9d886c6c1 <unknown>\n#4 0x55f9d88a6b34 <unknown>\n#5 0x55f9d888c9ad <unknown>\n#6 0x55f9d88a488c <unknown>\n#7 0x55f9d888c753 <unknown>\n#8 0x55f9d885fa14 <unknown>\n#9 0x55f9d8860b7e <unknown>\n#10 0x55f9d8aaa32e <unknown>\n#11 0x55f9d8aadc0e <unknown>\n#12 0x55f9d8a90610 <unknown>\n#13 0x55f9d8aaec23 <unknown>\n#14 0x55f9d8a82545 <unknown>\n#15 0x55f9d8acf6a8 <unknown>\n#16 0x55f9d8acf836 <unknown>\n#17 0x55f9d8aead13 <unknown>\n#18 0x7f96e2fe6b43 <unknown>\n\n","statusTrace":"  File \"/home/runner/.cache/pypoetry/virtualenvs/testcapitalcom-G_ZVEfM_-py3.10/lib/python3.10/site-packages/allure_commons/_allure.py\", line 192, in impl\n    return func(*a, **kw)\n  File \"/home/runner/work/TestCapitalCom/TestCapitalCom/pages/capital_com/header_element.py\", line 20, in click_button_signup_on_header\n    self.browser.find_element(*HeaderElementLocators.BUTTON_SIGNUP).click()\n  File \"/home/runner/.cache/pypoetry/virtualenvs/testcapitalcom-G_ZVEfM_-py3.10/lib/python3.10/site-packages/selenium/webdriver/remote/webdriver.py\", line 861, in find_element\n    return self.execute(Command.FIND_ELEMENT, {\"using\": by, \"value\": value})[\"value\"]\n  File \"/home/runner/.cache/pypoetry/virtualenvs/testcapitalcom-G_ZVEfM_-py3.10/lib/python3.10/site-packages/selenium/webdriver/remote/webdriver.py\", line 444, in execute\n    self.error_handler.check_response(response)\n  File \"/home/runner/.cache/pypoetry/virtualenvs/testcapitalcom-G_ZVEfM_-py3.10/lib/python3.10/site-packages/selenium/webdriver/remote/errorhandler.py\", line 249, in check_response\n    raise exception_class(message, screen, stacktrace)\n","steps":[],"attachments":[],"parameters":[],"attachmentsCount":0,"stepsCount":0,"shouldDisplayMessage":true,"hasContent":true}],"attachments":[],"parameters":[{"name":"worker_id","value":"'gw1'"},{"name":"d","value":"<selenium.webdriver.chrome.webdriver.WebDriver (session=\"ae575b42b1e1cfa2160f68d4555e842d\")>"},{"name":"cur_login","value":"'Empty'"},{"name":"cur_password","value":"'Empty'"},{"name":"cur_role","value":"'NoReg'"},{"name":"cur_language","value":"'lv'"},{"name":"cur_license","value":"'CCSTV'"},{"name":"prob_run_tc","value":"None"}],"attachmentsCount":0,"stepsCount":2,"shouldDisplayMessage":false,"hasContent":true}],"attachments":[{"uid":"f3ac0c8dba5b0981","name":"Screeshot","source":"f3ac0c8dba5b0981.png","type":"image/png","size":158760},{"uid":"db1ff55f65134874","name":"log","source":"db1ff55f65134874.txt","type":"text/plain","size":1277},{"uid":"e0305e91ad2efb12","name":"stdout","source":"e0305e91ad2efb12.txt","type":"text/plain","size":142}],"parameters":[],"attachmentsCount":3,"stepsCount":3,"shouldDisplayMessage":true,"hasContent":true},"afterStages":[{"name":"go::0","time":{"start":1674216063737,"stop":1674216063956,"duration":219},"status":"passed","steps":[],"attachments":[],"parameters":[],"attachmentsCount":0,"stepsCount":0,"shouldDisplayMessage":false,"hasContent":false}],"labels":[{"name":"epic","value":"Testing capital.com. All language. All license"},{"name":"feature","value":"F_01 | Testing header"},{"name":"story","value":"S_01.02 | Testing 'Trade Now' button on the header"},{"name":"parentSuite","value":"tests"},{"name":"suite","value":"capital_page_test"},{"name":"subSuite","value":"Tests"},{"name":"host","value":"fv-az403-99"},{"name":"thread","value":"3020-MainThread"},{"name":"framework","value":"pytest"},{"name":"language","value":"cpython3"},{"name":"package","value":"tests.capital_page_test"},{"name":"resultFormat","value":"allure2"}],"parameters":[{"name":"cur_language","value":"'lv'"},{"name":"cur_license","value":"'CCSTV'"},{"name":"cur_login","value":"'Empty'"},{"name":"cur_password","value":"'Empty'"},{"name":"cur_role","value":"'NoReg'"},{"name":"go","value":"'chrome'"}],"links":[],"hidden":false,"retry":false,"extra":{"severity":"normal","retries":[],"categories":[{"name":"Test defects","matchedStatuses":[],"flaky":false}],"history":{"statistic":{"failed":0,"broken":1,"skipped":0,"passed":3,"unknown":0,"total":4},"items":[{"uid":"764e7f8bb5c060e2","reportUrl":"https://AlexTom22.github.io/TestCapitalCom/6//#testresult/764e7f8bb5c060e2","status":"passed","time":{"start":1674175790926,"stop":1674175791315,"duration":389}},{"uid":"874af8d0e5a7cd20","reportUrl":"https://AlexTom22.github.io/TestCapitalCom/5//#testresult/874af8d0e5a7cd20","status":"passed","time":{"start":1674080501845,"stop":1674080502393,"duration":548}},{"uid":"914d329d444ee0ac","reportUrl":"https://AlexTom22.github.io/TestCapitalCom/4//#testresult/914d329d444ee0ac","status":"passed","time":{"start":1673913277878,"stop":1673913278088,"duration":210}}]},"tags":[]},"source":"f09258a95def247.json","parameterValues":["'lv'","'CCSTV'","'Empty'","'Empty'","'NoReg'","'chrome'"]}