2023-01-20 11:42:25 ERROR Element not present after 0.5 seconds on page: https://capital.com/pl
2023-01-20 11:42:25 ERROR 
Traceback (most recent call last):
  File "/home/runner/work/TestCapitalCom/TestCapitalCom/pages/base_page.py", line 75, in inner_function
    return func(*args, **kwargs)
  File "/home/runner/work/TestCapitalCom/TestCapitalCom/pages/base_page.py", line 316, in element_is_visible
    return Wait(self.browser, timeout).until(
  File "/home/runner/.cache/pypoetry/virtualenvs/testcapitalcom-G_ZVEfM_-py3.10/lib/python3.10/site-packages/selenium/webdriver/support/wait.py", line 95, in until
    raise TimeoutException(message, screen, stacktrace)
selenium.common.exceptions.TimeoutException: Message: 
Stacktrace:
#0 0x55d5030ef303 <unknown>
#1 0x55d502ec3d37 <unknown>
#2 0x55d502f005b2 <unknown>
#3 0x55d502f006c1 <unknown>
#4 0x55d502f3ab34 <unknown>
#5 0x55d502f209ad <unknown>
#6 0x55d502f3888c <unknown>
#7 0x55d502f20753 <unknown>
#8 0x55d502ef3a14 <unknown>
#9 0x55d502ef4b7e <unknown>
#10 0x55d50313e32e <unknown>
#11 0x55d503141c0e <unknown>
#12 0x55d503124610 <unknown>
#13 0x55d503142c23 <unknown>
#14 0x55d503116545 <unknown>
#15 0x55d5031636a8 <unknown>
#16 0x55d503163836 <unknown>
#17 0x55d50317ed13 <unknown>
#18 0x7fe43f2a3b43 <unknown>