{"uid":"6e98a22edc04dbc","name":"TC_04_02 with parameters: NoReg, bg, ASIC.   2023-03-01 08:53:05.828506","fullName":"tests.Capital.us_01.us_01_capital_test.Test_US_01#test_04_02_banner_main_tab2_button_start_trading","historyId":"7e337a9792df4fe036f6aadf515cb3db","time":{"start":1677660785829,"stop":1677660805691,"duration":19862},"description":"\n        Check: tab \"Industry-leading ...\" -> button \"Start trading\"\n        Language: only En. Licence: All.\n        ","descriptionHtml":"<pre><code>    Check: tab &quot;Industry-leading ...&quot; -&gt; button &quot;Start trading&quot;\n    Language: only En. Licence: All.\n</code></pre>\n","status":"skipped","statusMessage":"XFAIL\n\nselenium.common.exceptions.NoSuchElementException: Message: no such element: Unable to locate element: {\"method\":\"css selector\",\"selector\":\"div.bannersHome__buttons > a[data-type='topbanner_best_platform_22']\"}\n  (Session info: chrome=110.0.5481.100)\nStacktrace:\n0   chromedriver                        0x000000010648d138 chromedriver + 4923704\n1   chromedriver                        0x00000001064059d3 chromedriver + 4368851\n2   chromedriver                        0x000000010604e787 chromedriver + 472967\n3   chromedriver                        0x0000000106092ba3 chromedriver + 752547\n4   chromedriver                        0x0000000106092df1 chromedriver + 753137\n5   chromedriver                        0x00000001060d9734 chromedriver + 1042228\n6   chromedriver                        0x00000001060bbfdd chromedriver + 921565\n7   chromedriver                        0x00000001060d6c0f chromedriver + 1031183\n8   chromedriver                        0x00000001060bbd23 chromedriver + 920867\n9   chromedriver                        0x0000000106082a4b chromedriver + 686667\n10  chromedriver                        0x0000000106084044 chromedriver + 692292\n11  chromedriver                        0x00000001064588fe chromedriver + 4708606\n12  chromedriver                        0x000000010645de22 chromedriver + 4730402\n13  chromedriver                        0x00000001064666bf chromedriver + 4765375\n14  chromedriver                        0x000000010645ee80 chromedriver + 4734592\n15  chromedriver                        0x000000010642f975 chromedriver + 4540789\n16  chromedriver                        0x0000000106480e78 chromedriver + 4873848\n17  chromedriver                        0x0000000106480ff5 chromedriver + 4874229\n18  chromedriver                        0x00000001064956de chromedriver + 4957918\n19  libsystem_pthread.dylib             0x00007ff80b2954e1 _pthread_start + 125\n20  libsystem_pthread.dylib             0x00007ff80b290f6b thread_start + 15","statusTrace":"self = <us_01_capital_test.Test_US_01 object at 0x10beadc50>, worker_id = 'gw0'\nd = <selenium.webdriver.chrome.webdriver.WebDriver (session=\"dab0ab697025504e2b872d79cb5f63ed\")>\ncur_login = 'Empty', cur_password = 'Empty', cur_role = 'NoReg'\ncur_language = 'bg', cur_license = 'ASIC', prob_run_tc = ''\ndatetime_now = '2023-03-01 08:53:05.828506'\n\n    @pytest.mark.xfail\n    @allure.feature(\"TS_04 | Testing '2' tab 'Main' banner. Only for 'En' language\")\n    @allure.story(\"TC_04.02 | Testing 'Start trading' button on the 2 tab 'Main' banner\")\n    @allure.step(\"Start test button 'Start trading' on tab2 'Main' banner.\")\n    @allure.title(\"TC_04_02 with parameters: {cur_role}, {cur_language}, {cur_license}.   {datetime_now}\")\n    def test_04_02_banner_main_tab2_button_start_trading(\n            self, worker_id, d, cur_login, cur_password, cur_role, cur_language, cur_license, prob_run_tc, datetime_now\n    ):\n        \"\"\"\n        Check: tab \"Industry-leading ...\" -> button \"Start trading\"\n        Language: only En. Licence: All.\n        \"\"\"\n        print(f\"worker_id = {worker_id}\")\n    \n        if prob_run_tc != \"\":\n            pytest.skip(f\"{prob_run_tc}   {datetime_now}\")\n    \n        page = Conditions(d, \"\")\n        test_link = page.preconditions(\n            d, CapitalComPageSrc.URL, \"\", cur_login, cur_password, cur_role, cur_language, cur_license\n        )\n    \n        page = Capital(d, test_link)\n        if not page.current_page_is(test_link):\n            page.open_page()\n    \n        page.banner_main_tab2_click()\n>       page.banner_main_tab2_button_start_trading_click()\n\ntests/Capital/us_01/us_01_capital_test.py:355: \n_ _ _ _ _ _ _ _ _ _ _ _ _ _ _ _ _ _ _ _ _ _ _ _ _ _ _ _ _ _ _ _ _ _ _ _ _ _ _ _ \npages/Capital/capital.py:90: in banner_main_tab2_button_start_trading_click\n    self.browser.find_element(*MainBanner.TAB2_START_TRADING).click()\n../../../Library/Caches/pypoetry/virtualenvs/testcapitalcom-UU-N3UGl-py3.11/lib/python3.11/site-packages/selenium/webdriver/remote/webdriver.py:830: in find_element\n    return self.execute(Command.FIND_ELEMENT, {\"using\": by, \"value\": value})[\"value\"]\n../../../Library/Caches/pypoetry/virtualenvs/testcapitalcom-UU-N3UGl-py3.11/lib/python3.11/site-packages/selenium/webdriver/remote/webdriver.py:440: in execute\n    self.error_handler.check_response(response)\n_ _ _ _ _ _ _ _ _ _ _ _ _ _ _ _ _ _ _ _ _ _ _ _ _ _ _ _ _ _ _ _ _ _ _ _ _ _ _ _ \n\nself = <selenium.webdriver.remote.errorhandler.ErrorHandler object at 0x10b857710>\nresponse = {'status': 404, 'value': '{\"value\":{\"error\":\"no such element\",\"message\":\"no such element: Unable to locate element: {\\...ff80b2954e1 _pthread_start + 125\\\\n20  libsystem_pthread.dylib             0x00007ff80b290f6b thread_start + 15\\\\n\"}}'}\n\n    def check_response(self, response: Dict[str, Any]) -> None:\n        \"\"\"Checks that a JSON response from the WebDriver does not have an\n        error.\n    \n        :Args:\n         - response - The JSON response from the WebDriver server as a dictionary\n           object.\n    \n        :Raises: If the response contains an error message.\n        \"\"\"\n        status = response.get(\"status\", None)\n        if not status or status == ErrorCode.SUCCESS:\n            return\n        value = None\n        message = response.get(\"message\", \"\")\n        screen: str = response.get(\"screen\", \"\")\n        stacktrace = None\n        if isinstance(status, int):\n            value_json = response.get(\"value\", None)\n            if value_json and isinstance(value_json, str):\n                import json\n    \n                try:\n                    value = json.loads(value_json)\n                    if len(value.keys()) == 1:\n                        value = value[\"value\"]\n                    status = value.get(\"error\", None)\n                    if not status:\n                        status = value.get(\"status\", ErrorCode.UNKNOWN_ERROR)\n                        message = value.get(\"value\") or value.get(\"message\")\n                        if not isinstance(message, str):\n                            value = message\n                            message = message.get(\"message\")\n                    else:\n                        message = value.get(\"message\", None)\n                except ValueError:\n                    pass\n    \n        exception_class: Type[WebDriverException]\n        if status in ErrorCode.NO_SUCH_ELEMENT:\n            exception_class = NoSuchElementException\n        elif status in ErrorCode.NO_SUCH_FRAME:\n            exception_class = NoSuchFrameException\n        elif status in ErrorCode.NO_SUCH_SHADOW_ROOT:\n            exception_class = NoSuchShadowRootException\n        elif status in ErrorCode.NO_SUCH_WINDOW:\n            exception_class = NoSuchWindowException\n        elif status in ErrorCode.STALE_ELEMENT_REFERENCE:\n            exception_class = StaleElementReferenceException\n        elif status in ErrorCode.ELEMENT_NOT_VISIBLE:\n            exception_class = ElementNotVisibleException\n        elif status in ErrorCode.INVALID_ELEMENT_STATE:\n            exception_class = InvalidElementStateException\n        elif (\n            status in ErrorCode.INVALID_SELECTOR\n            or status in ErrorCode.INVALID_XPATH_SELECTOR\n            or status in ErrorCode.INVALID_XPATH_SELECTOR_RETURN_TYPER\n        ):\n            exception_class = InvalidSelectorException\n        elif status in ErrorCode.ELEMENT_IS_NOT_SELECTABLE:\n            exception_class = ElementNotSelectableException\n        elif status in ErrorCode.ELEMENT_NOT_INTERACTABLE:\n            exception_class = ElementNotInteractableException\n        elif status in ErrorCode.INVALID_COOKIE_DOMAIN:\n            exception_class = InvalidCookieDomainException\n        elif status in ErrorCode.UNABLE_TO_SET_COOKIE:\n            exception_class = UnableToSetCookieException\n        elif status in ErrorCode.TIMEOUT:\n            exception_class = TimeoutException\n        elif status in ErrorCode.SCRIPT_TIMEOUT:\n            exception_class = TimeoutException\n        elif status in ErrorCode.UNKNOWN_ERROR:\n            exception_class = WebDriverException\n        elif status in ErrorCode.UNEXPECTED_ALERT_OPEN:\n            exception_class = UnexpectedAlertPresentException\n        elif status in ErrorCode.NO_ALERT_OPEN:\n            exception_class = NoAlertPresentException\n        elif status in ErrorCode.IME_NOT_AVAILABLE:\n            exception_class = ImeNotAvailableException\n        elif status in ErrorCode.IME_ENGINE_ACTIVATION_FAILED:\n            exception_class = ImeActivationFailedException\n        elif status in ErrorCode.MOVE_TARGET_OUT_OF_BOUNDS:\n            exception_class = MoveTargetOutOfBoundsException\n        elif status in ErrorCode.JAVASCRIPT_ERROR:\n            exception_class = JavascriptException\n        elif status in ErrorCode.SESSION_NOT_CREATED:\n            exception_class = SessionNotCreatedException\n        elif status in ErrorCode.INVALID_ARGUMENT:\n            exception_class = InvalidArgumentException\n        elif status in ErrorCode.NO_SUCH_COOKIE:\n            exception_class = NoSuchCookieException\n        elif status in ErrorCode.UNABLE_TO_CAPTURE_SCREEN:\n            exception_class = ScreenshotException\n        elif status in ErrorCode.ELEMENT_CLICK_INTERCEPTED:\n            exception_class = ElementClickInterceptedException\n        elif status in ErrorCode.INSECURE_CERTIFICATE:\n            exception_class = InsecureCertificateException\n        elif status in ErrorCode.INVALID_COORDINATES:\n            exception_class = InvalidCoordinatesException\n        elif status in ErrorCode.INVALID_SESSION_ID:\n            exception_class = InvalidSessionIdException\n        elif status in ErrorCode.UNKNOWN_METHOD:\n            exception_class = UnknownMethodException\n        else:\n            exception_class = WebDriverException\n        if not value:\n            value = response[\"value\"]\n        if isinstance(value, str):\n            raise exception_class(value)\n        if message == \"\" and \"message\" in value:\n            message = value[\"message\"]\n    \n        screen = None  # type: ignore[assignment]\n        if \"screen\" in value:\n            screen = value[\"screen\"]\n    \n        stacktrace = None\n        st_value = value.get(\"stackTrace\") or value.get(\"stacktrace\")\n        if st_value:\n            if isinstance(st_value, str):\n                stacktrace = st_value.split(\"\\n\")\n            else:\n                stacktrace = []\n                try:\n                    for frame in st_value:\n                        line = frame.get(\"lineNumber\", \"\")\n                        file = frame.get(\"fileName\", \"<anonymous>\")\n                        if line:\n                            file = f\"{file}:{line}\"\n                        meth = frame.get(\"methodName\", \"<anonymous>\")\n                        if \"className\" in frame:\n                            meth = f\"{frame['className']}.{meth}\"\n                        msg = \"    at %s (%s)\"\n                        msg = msg % (meth, file)\n                        stacktrace.append(msg)\n                except TypeError:\n                    pass\n        if exception_class == UnexpectedAlertPresentException:\n            alert_text = None\n            if \"data\" in value:\n                alert_text = value[\"data\"].get(\"text\")\n            elif \"alert\" in value:\n                alert_text = value[\"alert\"].get(\"text\")\n            raise exception_class(message, screen, stacktrace, alert_text)  # type: ignore[call-arg]  # mypy is not smart enough here\n>       raise exception_class(message, screen, stacktrace)\nE       selenium.common.exceptions.NoSuchElementException: Message: no such element: Unable to locate element: {\"method\":\"css selector\",\"selector\":\"div.bannersHome__buttons > a[data-type='topbanner_best_platform_22']\"}\nE         (Session info: chrome=110.0.5481.100)\nE       Stacktrace:\nE       0   chromedriver                        0x000000010648d138 chromedriver + 4923704\nE       1   chromedriver                        0x00000001064059d3 chromedriver + 4368851\nE       2   chromedriver                        0x000000010604e787 chromedriver + 472967\nE       3   chromedriver                        0x0000000106092ba3 chromedriver + 752547\nE       4   chromedriver                        0x0000000106092df1 chromedriver + 753137\nE       5   chromedriver                        0x00000001060d9734 chromedriver + 1042228\nE       6   chromedriver                        0x00000001060bbfdd chromedriver + 921565\nE       7   chromedriver                        0x00000001060d6c0f chromedriver + 1031183\nE       8   chromedriver                        0x00000001060bbd23 chromedriver + 920867\nE       9   chromedriver                        0x0000000106082a4b chromedriver + 686667\nE       10  chromedriver                        0x0000000106084044 chromedriver + 692292\nE       11  chromedriver                        0x00000001064588fe chromedriver + 4708606\nE       12  chromedriver                        0x000000010645de22 chromedriver + 4730402\nE       13  chromedriver                        0x00000001064666bf chromedriver + 4765375\nE       14  chromedriver                        0x000000010645ee80 chromedriver + 4734592\nE       15  chromedriver                        0x000000010642f975 chromedriver + 4540789\nE       16  chromedriver                        0x0000000106480e78 chromedriver + 4873848\nE       17  chromedriver                        0x0000000106480ff5 chromedriver + 4874229\nE       18  chromedriver                        0x00000001064956de chromedriver + 4957918\nE       19  libsystem_pthread.dylib             0x00007ff80b2954e1 _pthread_start + 125\nE       20  libsystem_pthread.dylib             0x00007ff80b290f6b thread_start + 15\n\n../../../Library/Caches/pypoetry/virtualenvs/testcapitalcom-UU-N3UGl-py3.11/lib/python3.11/site-packages/selenium/webdriver/remote/errorhandler.py:245: NoSuchElementException","flaky":false,"newFailed":false,"newBroken":false,"newPassed":false,"retriesCount":0,"retriesStatusChange":false,"beforeStages":[{"name":"worker_id","time":{"start":1677660258373,"stop":1677660258373,"duration":0},"status":"passed","steps":[],"attachments":[],"parameters":[],"stepsCount":0,"attachmentsCount":0,"shouldDisplayMessage":false,"hasContent":false},{"name":"browser","time":{"start":1677660258374,"stop":1677660258374,"duration":0},"status":"passed","steps":[],"attachments":[],"parameters":[],"stepsCount":0,"attachmentsCount":0,"shouldDisplayMessage":false,"hasContent":false},{"name":"d","time":{"start":1677660258374,"stop":1677660265725,"duration":7351},"status":"passed","steps":[],"attachments":[],"parameters":[],"stepsCount":0,"attachmentsCount":0,"shouldDisplayMessage":false,"hasContent":false},{"name":"go","time":{"start":1677660265725,"stop":1677660265726,"duration":1},"status":"passed","steps":[],"attachments":[],"parameters":[],"stepsCount":0,"attachmentsCount":0,"shouldDisplayMessage":false,"hasContent":false},{"name":"cur_role","time":{"start":1677660265727,"stop":1677660265727,"duration":0},"status":"passed","steps":[],"attachments":[],"parameters":[],"stepsCount":0,"attachmentsCount":0,"shouldDisplayMessage":false,"hasContent":false},{"name":"cur_language","time":{"start":1677660550598,"stop":1677660550599,"duration":1},"status":"passed","steps":[],"attachments":[],"parameters":[],"stepsCount":0,"attachmentsCount":0,"shouldDisplayMessage":false,"hasContent":false},{"name":"cur_license","time":{"start":1677660738513,"stop":1677660738514,"duration":1},"status":"passed","steps":[],"attachments":[],"parameters":[],"stepsCount":0,"attachmentsCount":0,"shouldDisplayMessage":false,"hasContent":false},{"name":"prob_run_tc","time":{"start":1677660785828,"stop":1677660785828,"duration":0},"status":"passed","steps":[],"attachments":[],"parameters":[],"stepsCount":0,"attachmentsCount":0,"shouldDisplayMessage":false,"hasContent":false},{"name":"datetime_now","time":{"start":1677660785828,"stop":1677660785829,"duration":1},"status":"passed","steps":[],"attachments":[],"parameters":[],"stepsCount":0,"attachmentsCount":0,"shouldDisplayMessage":false,"hasContent":false}],"testStage":{"description":"\n        Check: tab \"Industry-leading ...\" -> button \"Start trading\"\n        Language: only En. Licence: All.\n        ","status":"skipped","statusMessage":"XFAIL\n\nselenium.common.exceptions.NoSuchElementException: Message: no such element: Unable to locate element: {\"method\":\"css selector\",\"selector\":\"div.bannersHome__buttons > a[data-type='topbanner_best_platform_22']\"}\n  (Session info: chrome=110.0.5481.100)\nStacktrace:\n0   chromedriver                        0x000000010648d138 chromedriver + 4923704\n1   chromedriver                        0x00000001064059d3 chromedriver + 4368851\n2   chromedriver                        0x000000010604e787 chromedriver + 472967\n3   chromedriver                        0x0000000106092ba3 chromedriver + 752547\n4   chromedriver                        0x0000000106092df1 chromedriver + 753137\n5   chromedriver                        0x00000001060d9734 chromedriver + 1042228\n6   chromedriver                        0x00000001060bbfdd chromedriver + 921565\n7   chromedriver                        0x00000001060d6c0f chromedriver + 1031183\n8   chromedriver                        0x00000001060bbd23 chromedriver + 920867\n9   chromedriver                        0x0000000106082a4b chromedriver + 686667\n10  chromedriver                        0x0000000106084044 chromedriver + 692292\n11  chromedriver                        0x00000001064588fe chromedriver + 4708606\n12  chromedriver                        0x000000010645de22 chromedriver + 4730402\n13  chromedriver                        0x00000001064666bf chromedriver + 4765375\n14  chromedriver                        0x000000010645ee80 chromedriver + 4734592\n15  chromedriver                        0x000000010642f975 chromedriver + 4540789\n16  chromedriver                        0x0000000106480e78 chromedriver + 4873848\n17  chromedriver                        0x0000000106480ff5 chromedriver + 4874229\n18  chromedriver                        0x00000001064956de chromedriver + 4957918\n19  libsystem_pthread.dylib             0x00007ff80b2954e1 _pthread_start + 125\n20  libsystem_pthread.dylib             0x00007ff80b290f6b thread_start + 15","statusTrace":"self = <us_01_capital_test.Test_US_01 object at 0x10beadc50>, worker_id = 'gw0'\nd = <selenium.webdriver.chrome.webdriver.WebDriver (session=\"dab0ab697025504e2b872d79cb5f63ed\")>\ncur_login = 'Empty', cur_password = 'Empty', cur_role = 'NoReg'\ncur_language = 'bg', cur_license = 'ASIC', prob_run_tc = ''\ndatetime_now = '2023-03-01 08:53:05.828506'\n\n    @pytest.mark.xfail\n    @allure.feature(\"TS_04 | Testing '2' tab 'Main' banner. Only for 'En' language\")\n    @allure.story(\"TC_04.02 | Testing 'Start trading' button on the 2 tab 'Main' banner\")\n    @allure.step(\"Start test button 'Start trading' on tab2 'Main' banner.\")\n    @allure.title(\"TC_04_02 with parameters: {cur_role}, {cur_language}, {cur_license}.   {datetime_now}\")\n    def test_04_02_banner_main_tab2_button_start_trading(\n            self, worker_id, d, cur_login, cur_password, cur_role, cur_language, cur_license, prob_run_tc, datetime_now\n    ):\n        \"\"\"\n        Check: tab \"Industry-leading ...\" -> button \"Start trading\"\n        Language: only En. Licence: All.\n        \"\"\"\n        print(f\"worker_id = {worker_id}\")\n    \n        if prob_run_tc != \"\":\n            pytest.skip(f\"{prob_run_tc}   {datetime_now}\")\n    \n        page = Conditions(d, \"\")\n        test_link = page.preconditions(\n            d, CapitalComPageSrc.URL, \"\", cur_login, cur_password, cur_role, cur_language, cur_license\n        )\n    \n        page = Capital(d, test_link)\n        if not page.current_page_is(test_link):\n            page.open_page()\n    \n        page.banner_main_tab2_click()\n>       page.banner_main_tab2_button_start_trading_click()\n\ntests/Capital/us_01/us_01_capital_test.py:355: \n_ _ _ _ _ _ _ _ _ _ _ _ _ _ _ _ _ _ _ _ _ _ _ _ _ _ _ _ _ _ _ _ _ _ _ _ _ _ _ _ \npages/Capital/capital.py:90: in banner_main_tab2_button_start_trading_click\n    self.browser.find_element(*MainBanner.TAB2_START_TRADING).click()\n../../../Library/Caches/pypoetry/virtualenvs/testcapitalcom-UU-N3UGl-py3.11/lib/python3.11/site-packages/selenium/webdriver/remote/webdriver.py:830: in find_element\n    return self.execute(Command.FIND_ELEMENT, {\"using\": by, \"value\": value})[\"value\"]\n../../../Library/Caches/pypoetry/virtualenvs/testcapitalcom-UU-N3UGl-py3.11/lib/python3.11/site-packages/selenium/webdriver/remote/webdriver.py:440: in execute\n    self.error_handler.check_response(response)\n_ _ _ _ _ _ _ _ _ _ _ _ _ _ _ _ _ _ _ _ _ _ _ _ _ _ _ _ _ _ _ _ _ _ _ _ _ _ _ _ \n\nself = <selenium.webdriver.remote.errorhandler.ErrorHandler object at 0x10b857710>\nresponse = {'status': 404, 'value': '{\"value\":{\"error\":\"no such element\",\"message\":\"no such element: Unable to locate element: {\\...ff80b2954e1 _pthread_start + 125\\\\n20  libsystem_pthread.dylib             0x00007ff80b290f6b thread_start + 15\\\\n\"}}'}\n\n    def check_response(self, response: Dict[str, Any]) -> None:\n        \"\"\"Checks that a JSON response from the WebDriver does not have an\n        error.\n    \n        :Args:\n         - response - The JSON response from the WebDriver server as a dictionary\n           object.\n    \n        :Raises: If the response contains an error message.\n        \"\"\"\n        status = response.get(\"status\", None)\n        if not status or status == ErrorCode.SUCCESS:\n            return\n        value = None\n        message = response.get(\"message\", \"\")\n        screen: str = response.get(\"screen\", \"\")\n        stacktrace = None\n        if isinstance(status, int):\n            value_json = response.get(\"value\", None)\n            if value_json and isinstance(value_json, str):\n                import json\n    \n                try:\n                    value = json.loads(value_json)\n                    if len(value.keys()) == 1:\n                        value = value[\"value\"]\n                    status = value.get(\"error\", None)\n                    if not status:\n                        status = value.get(\"status\", ErrorCode.UNKNOWN_ERROR)\n                        message = value.get(\"value\") or value.get(\"message\")\n                        if not isinstance(message, str):\n                            value = message\n                            message = message.get(\"message\")\n                    else:\n                        message = value.get(\"message\", None)\n                except ValueError:\n                    pass\n    \n        exception_class: Type[WebDriverException]\n        if status in ErrorCode.NO_SUCH_ELEMENT:\n            exception_class = NoSuchElementException\n        elif status in ErrorCode.NO_SUCH_FRAME:\n            exception_class = NoSuchFrameException\n        elif status in ErrorCode.NO_SUCH_SHADOW_ROOT:\n            exception_class = NoSuchShadowRootException\n        elif status in ErrorCode.NO_SUCH_WINDOW:\n            exception_class = NoSuchWindowException\n        elif status in ErrorCode.STALE_ELEMENT_REFERENCE:\n            exception_class = StaleElementReferenceException\n        elif status in ErrorCode.ELEMENT_NOT_VISIBLE:\n            exception_class = ElementNotVisibleException\n        elif status in ErrorCode.INVALID_ELEMENT_STATE:\n            exception_class = InvalidElementStateException\n        elif (\n            status in ErrorCode.INVALID_SELECTOR\n            or status in ErrorCode.INVALID_XPATH_SELECTOR\n            or status in ErrorCode.INVALID_XPATH_SELECTOR_RETURN_TYPER\n        ):\n            exception_class = InvalidSelectorException\n        elif status in ErrorCode.ELEMENT_IS_NOT_SELECTABLE:\n            exception_class = ElementNotSelectableException\n        elif status in ErrorCode.ELEMENT_NOT_INTERACTABLE:\n            exception_class = ElementNotInteractableException\n        elif status in ErrorCode.INVALID_COOKIE_DOMAIN:\n            exception_class = InvalidCookieDomainException\n        elif status in ErrorCode.UNABLE_TO_SET_COOKIE:\n            exception_class = UnableToSetCookieException\n        elif status in ErrorCode.TIMEOUT:\n            exception_class = TimeoutException\n        elif status in ErrorCode.SCRIPT_TIMEOUT:\n            exception_class = TimeoutException\n        elif status in ErrorCode.UNKNOWN_ERROR:\n            exception_class = WebDriverException\n        elif status in ErrorCode.UNEXPECTED_ALERT_OPEN:\n            exception_class = UnexpectedAlertPresentException\n        elif status in ErrorCode.NO_ALERT_OPEN:\n            exception_class = NoAlertPresentException\n        elif status in ErrorCode.IME_NOT_AVAILABLE:\n            exception_class = ImeNotAvailableException\n        elif status in ErrorCode.IME_ENGINE_ACTIVATION_FAILED:\n            exception_class = ImeActivationFailedException\n        elif status in ErrorCode.MOVE_TARGET_OUT_OF_BOUNDS:\n            exception_class = MoveTargetOutOfBoundsException\n        elif status in ErrorCode.JAVASCRIPT_ERROR:\n            exception_class = JavascriptException\n        elif status in ErrorCode.SESSION_NOT_CREATED:\n            exception_class = SessionNotCreatedException\n        elif status in ErrorCode.INVALID_ARGUMENT:\n            exception_class = InvalidArgumentException\n        elif status in ErrorCode.NO_SUCH_COOKIE:\n            exception_class = NoSuchCookieException\n        elif status in ErrorCode.UNABLE_TO_CAPTURE_SCREEN:\n            exception_class = ScreenshotException\n        elif status in ErrorCode.ELEMENT_CLICK_INTERCEPTED:\n            exception_class = ElementClickInterceptedException\n        elif status in ErrorCode.INSECURE_CERTIFICATE:\n            exception_class = InsecureCertificateException\n        elif status in ErrorCode.INVALID_COORDINATES:\n            exception_class = InvalidCoordinatesException\n        elif status in ErrorCode.INVALID_SESSION_ID:\n            exception_class = InvalidSessionIdException\n        elif status in ErrorCode.UNKNOWN_METHOD:\n            exception_class = UnknownMethodException\n        else:\n            exception_class = WebDriverException\n        if not value:\n            value = response[\"value\"]\n        if isinstance(value, str):\n            raise exception_class(value)\n        if message == \"\" and \"message\" in value:\n            message = value[\"message\"]\n    \n        screen = None  # type: ignore[assignment]\n        if \"screen\" in value:\n            screen = value[\"screen\"]\n    \n        stacktrace = None\n        st_value = value.get(\"stackTrace\") or value.get(\"stacktrace\")\n        if st_value:\n            if isinstance(st_value, str):\n                stacktrace = st_value.split(\"\\n\")\n            else:\n                stacktrace = []\n                try:\n                    for frame in st_value:\n                        line = frame.get(\"lineNumber\", \"\")\n                        file = frame.get(\"fileName\", \"<anonymous>\")\n                        if line:\n                            file = f\"{file}:{line}\"\n                        meth = frame.get(\"methodName\", \"<anonymous>\")\n                        if \"className\" in frame:\n                            meth = f\"{frame['className']}.{meth}\"\n                        msg = \"    at %s (%s)\"\n                        msg = msg % (meth, file)\n                        stacktrace.append(msg)\n                except TypeError:\n                    pass\n        if exception_class == UnexpectedAlertPresentException:\n            alert_text = None\n            if \"data\" in value:\n                alert_text = value[\"data\"].get(\"text\")\n            elif \"alert\" in value:\n                alert_text = value[\"alert\"].get(\"text\")\n            raise exception_class(message, screen, stacktrace, alert_text)  # type: ignore[call-arg]  # mypy is not smart enough here\n>       raise exception_class(message, screen, stacktrace)\nE       selenium.common.exceptions.NoSuchElementException: Message: no such element: Unable to locate element: {\"method\":\"css selector\",\"selector\":\"div.bannersHome__buttons > a[data-type='topbanner_best_platform_22']\"}\nE         (Session info: chrome=110.0.5481.100)\nE       Stacktrace:\nE       0   chromedriver                        0x000000010648d138 chromedriver + 4923704\nE       1   chromedriver                        0x00000001064059d3 chromedriver + 4368851\nE       2   chromedriver                        0x000000010604e787 chromedriver + 472967\nE       3   chromedriver                        0x0000000106092ba3 chromedriver + 752547\nE       4   chromedriver                        0x0000000106092df1 chromedriver + 753137\nE       5   chromedriver                        0x00000001060d9734 chromedriver + 1042228\nE       6   chromedriver                        0x00000001060bbfdd chromedriver + 921565\nE       7   chromedriver                        0x00000001060d6c0f chromedriver + 1031183\nE       8   chromedriver                        0x00000001060bbd23 chromedriver + 920867\nE       9   chromedriver                        0x0000000106082a4b chromedriver + 686667\nE       10  chromedriver                        0x0000000106084044 chromedriver + 692292\nE       11  chromedriver                        0x00000001064588fe chromedriver + 4708606\nE       12  chromedriver                        0x000000010645de22 chromedriver + 4730402\nE       13  chromedriver                        0x00000001064666bf chromedriver + 4765375\nE       14  chromedriver                        0x000000010645ee80 chromedriver + 4734592\nE       15  chromedriver                        0x000000010642f975 chromedriver + 4540789\nE       16  chromedriver                        0x0000000106480e78 chromedriver + 4873848\nE       17  chromedriver                        0x0000000106480ff5 chromedriver + 4874229\nE       18  chromedriver                        0x00000001064956de chromedriver + 4957918\nE       19  libsystem_pthread.dylib             0x00007ff80b2954e1 _pthread_start + 125\nE       20  libsystem_pthread.dylib             0x00007ff80b290f6b thread_start + 15\n\n../../../Library/Caches/pypoetry/virtualenvs/testcapitalcom-UU-N3UGl-py3.11/lib/python3.11/site-packages/selenium/webdriver/remote/errorhandler.py:245: NoSuchElementException","steps":[{"name":"Start test button 'Start trading' on tab2 'Main' banner.","time":{"start":1677660785829,"stop":1677660805690,"duration":19861},"status":"broken","statusMessage":"selenium.common.exceptions.NoSuchElementException: Message: no such element: Unable to locate element: {\"method\":\"css selector\",\"selector\":\"div.bannersHome__buttons > a[data-type='topbanner_best_platform_22']\"}\n  (Session info: chrome=110.0.5481.100)\nStacktrace:\n0   chromedriver                        0x000000010648d138 chromedriver + 4923704\n1   chromedriver                        0x00000001064059d3 chromedriver + 4368851\n2   chromedriver                        0x000000010604e787 chromedriver + 472967\n3   chromedriver                        0x0000000106092ba3 chromedriver + 752547\n4   chromedriver                        0x0000000106092df1 chromedriver + 753137\n5   chromedriver                        0x00000001060d9734 chromedriver + 1042228\n6   chromedriver                        0x00000001060bbfdd chromedriver + 921565\n7   chromedriver                        0x00000001060d6c0f chromedriver + 1031183\n8   chromedriver                        0x00000001060bbd23 chromedriver + 920867\n9   chromedriver                        0x0000000106082a4b chromedriver + 686667\n10  chromedriver                        0x0000000106084044 chromedriver + 692292\n11  chromedriver                        0x00000001064588fe chromedriver + 4708606\n12  chromedriver                        0x000000010645de22 chromedriver + 4730402\n13  chromedriver                        0x00000001064666bf chromedriver + 4765375\n14  chromedriver                        0x000000010645ee80 chromedriver + 4734592\n15  chromedriver                        0x000000010642f975 chromedriver + 4540789\n16  chromedriver                        0x0000000106480e78 chromedriver + 4873848\n17  chromedriver                        0x0000000106480ff5 chromedriver + 4874229\n18  chromedriver                        0x00000001064956de chromedriver + 4957918\n19  libsystem_pthread.dylib             0x00007ff80b2954e1 _pthread_start + 125\n20  libsystem_pthread.dylib             0x00007ff80b290f6b thread_start + 15\n\n","statusTrace":"  File \"/Users/runner/Library/Caches/pypoetry/virtualenvs/testcapitalcom-UU-N3UGl-py3.11/lib/python3.11/site-packages/allure_commons/_allure.py\", line 192, in impl\n    return func(*a, **kw)\n           ^^^^^^^^^^^^^^\n  File \"/Users/runner/work/TestCapitalCom/TestCapitalCom/tests/Capital/us_01/us_01_capital_test.py\", line 355, in test_04_02_banner_main_tab2_button_start_trading\n    page.banner_main_tab2_button_start_trading_click()\n  File \"/Users/runner/Library/Caches/pypoetry/virtualenvs/testcapitalcom-UU-N3UGl-py3.11/lib/python3.11/site-packages/allure_commons/_allure.py\", line 192, in impl\n    return func(*a, **kw)\n           ^^^^^^^^^^^^^^\n  File \"/Users/runner/work/TestCapitalCom/TestCapitalCom/pages/Capital/capital.py\", line 90, in banner_main_tab2_button_start_trading_click\n    self.browser.find_element(*MainBanner.TAB2_START_TRADING).click()\n    ^^^^^^^^^^^^^^^^^^^^^^^^^^^^^^^^^^^^^^^^^^^^^^^^^^^^^^^^^\n  File \"/Users/runner/Library/Caches/pypoetry/virtualenvs/testcapitalcom-UU-N3UGl-py3.11/lib/python3.11/site-packages/selenium/webdriver/remote/webdriver.py\", line 830, in find_element\n    return self.execute(Command.FIND_ELEMENT, {\"using\": by, \"value\": value})[\"value\"]\n           ^^^^^^^^^^^^^^^^^^^^^^^^^^^^^^^^^^^^^^^^^^^^^^^^^^^^^^^^^^^^^^^^^\n  File \"/Users/runner/Library/Caches/pypoetry/virtualenvs/testcapitalcom-UU-N3UGl-py3.11/lib/python3.11/site-packages/selenium/webdriver/remote/webdriver.py\", line 440, in execute\n    self.error_handler.check_response(response)\n  File \"/Users/runner/Library/Caches/pypoetry/virtualenvs/testcapitalcom-UU-N3UGl-py3.11/lib/python3.11/site-packages/selenium/webdriver/remote/errorhandler.py\", line 245, in check_response\n    raise exception_class(message, screen, stacktrace)\n","steps":[{"name":"Set preconditions","time":{"start":1677660785830,"stop":1677660785830,"duration":0},"status":"passed","steps":[],"attachments":[],"parameters":[{"name":"d","value":"<selenium.webdriver.chrome.webdriver.WebDriver (session=\"dab0ab697025504e2b872d79cb5f63ed\")>"},{"name":"host","value":"'https://capital.com'"},{"name":"end_point","value":"''"},{"name":"login","value":"'Empty'"},{"name":"password","value":"'Empty'"},{"name":"cur_role","value":"'NoReg'"},{"name":"cur_language","value":"'bg'"},{"name":"cur_license","value":"'ASIC'"}],"stepsCount":0,"attachmentsCount":0,"shouldDisplayMessage":false,"hasContent":true},{"name":"2023-03-01 08:44:15.360896.   Load page.","time":{"start":1677660785841,"stop":1677660787031,"duration":1190},"status":"passed","steps":[],"attachments":[],"parameters":[],"stepsCount":0,"attachmentsCount":0,"shouldDisplayMessage":false,"hasContent":false},{"name":"2023-03-01 08:44:15.371883.   Click tab '2' on banner 'Main'.","time":{"start":1677660787031,"stop":1677660789387,"duration":2356},"status":"passed","steps":[],"attachments":[],"parameters":[],"stepsCount":0,"attachmentsCount":0,"shouldDisplayMessage":false,"hasContent":false},{"name":"2023-03-01 08:44:15.371903.   Click button 'Start trading' on banner 'Main' tab '2'.","time":{"start":1677660789387,"stop":1677660805689,"duration":16302},"status":"broken","statusMessage":"selenium.common.exceptions.NoSuchElementException: Message: no such element: Unable to locate element: {\"method\":\"css selector\",\"selector\":\"div.bannersHome__buttons > a[data-type='topbanner_best_platform_22']\"}\n  (Session info: chrome=110.0.5481.100)\nStacktrace:\n0   chromedriver                        0x000000010648d138 chromedriver + 4923704\n1   chromedriver                        0x00000001064059d3 chromedriver + 4368851\n2   chromedriver                        0x000000010604e787 chromedriver + 472967\n3   chromedriver                        0x0000000106092ba3 chromedriver + 752547\n4   chromedriver                        0x0000000106092df1 chromedriver + 753137\n5   chromedriver                        0x00000001060d9734 chromedriver + 1042228\n6   chromedriver                        0x00000001060bbfdd chromedriver + 921565\n7   chromedriver                        0x00000001060d6c0f chromedriver + 1031183\n8   chromedriver                        0x00000001060bbd23 chromedriver + 920867\n9   chromedriver                        0x0000000106082a4b chromedriver + 686667\n10  chromedriver                        0x0000000106084044 chromedriver + 692292\n11  chromedriver                        0x00000001064588fe chromedriver + 4708606\n12  chromedriver                        0x000000010645de22 chromedriver + 4730402\n13  chromedriver                        0x00000001064666bf chromedriver + 4765375\n14  chromedriver                        0x000000010645ee80 chromedriver + 4734592\n15  chromedriver                        0x000000010642f975 chromedriver + 4540789\n16  chromedriver                        0x0000000106480e78 chromedriver + 4873848\n17  chromedriver                        0x0000000106480ff5 chromedriver + 4874229\n18  chromedriver                        0x00000001064956de chromedriver + 4957918\n19  libsystem_pthread.dylib             0x00007ff80b2954e1 _pthread_start + 125\n20  libsystem_pthread.dylib             0x00007ff80b290f6b thread_start + 15\n\n","statusTrace":"  File \"/Users/runner/Library/Caches/pypoetry/virtualenvs/testcapitalcom-UU-N3UGl-py3.11/lib/python3.11/site-packages/allure_commons/_allure.py\", line 192, in impl\n    return func(*a, **kw)\n           ^^^^^^^^^^^^^^\n  File \"/Users/runner/work/TestCapitalCom/TestCapitalCom/pages/Capital/capital.py\", line 90, in banner_main_tab2_button_start_trading_click\n    self.browser.find_element(*MainBanner.TAB2_START_TRADING).click()\n    ^^^^^^^^^^^^^^^^^^^^^^^^^^^^^^^^^^^^^^^^^^^^^^^^^^^^^^^^^\n  File \"/Users/runner/Library/Caches/pypoetry/virtualenvs/testcapitalcom-UU-N3UGl-py3.11/lib/python3.11/site-packages/selenium/webdriver/remote/webdriver.py\", line 830, in find_element\n    return self.execute(Command.FIND_ELEMENT, {\"using\": by, \"value\": value})[\"value\"]\n           ^^^^^^^^^^^^^^^^^^^^^^^^^^^^^^^^^^^^^^^^^^^^^^^^^^^^^^^^^^^^^^^^^\n  File \"/Users/runner/Library/Caches/pypoetry/virtualenvs/testcapitalcom-UU-N3UGl-py3.11/lib/python3.11/site-packages/selenium/webdriver/remote/webdriver.py\", line 440, in execute\n    self.error_handler.check_response(response)\n  File \"/Users/runner/Library/Caches/pypoetry/virtualenvs/testcapitalcom-UU-N3UGl-py3.11/lib/python3.11/site-packages/selenium/webdriver/remote/errorhandler.py\", line 245, in check_response\n    raise exception_class(message, screen, stacktrace)\n","steps":[],"attachments":[],"parameters":[],"stepsCount":0,"attachmentsCount":0,"shouldDisplayMessage":true,"hasContent":true}],"attachments":[],"parameters":[{"name":"worker_id","value":"'gw0'"},{"name":"d","value":"<selenium.webdriver.chrome.webdriver.WebDriver (session=\"dab0ab697025504e2b872d79cb5f63ed\")>"},{"name":"cur_login","value":"'Empty'"},{"name":"cur_password","value":"'Empty'"},{"name":"cur_role","value":"'NoReg'"},{"name":"cur_language","value":"'bg'"},{"name":"cur_license","value":"'ASIC'"},{"name":"prob_run_tc","value":"''"},{"name":"datetime_now","value":"'2023-03-01 08:53:05.828506'"}],"stepsCount":4,"attachmentsCount":0,"shouldDisplayMessage":false,"hasContent":true}],"attachments":[{"uid":"80ec7b402ea8404e","name":"Screeshot","source":"80ec7b402ea8404e.png","type":"image/png","size":1981716},{"uid":"4b5bdae4da78e75","name":"log","source":"4b5bdae4da78e75.txt","type":"text/plain","size":2536},{"uid":"c978d1f75ec68f9","name":"stdout","source":"c978d1f75ec68f9.txt","type":"text/plain","size":79}],"parameters":[],"stepsCount":5,"attachmentsCount":3,"shouldDisplayMessage":true,"hasContent":true},"afterStages":[{"name":"go::0","time":{"start":1677660998292,"stop":1677660998870,"duration":578},"status":"passed","steps":[],"attachments":[],"parameters":[],"stepsCount":0,"attachmentsCount":0,"shouldDisplayMessage":false,"hasContent":false}],"labels":[{"name":"epic","value":"US_01 | Testing registration and autorization web elements on the main page capital.com"},{"name":"story","value":"TC_04.02 | Testing 'Start trading' button on the 2 tab 'Main' banner"},{"name":"feature","value":"TS_04 | Testing '2' tab 'Main' banner. Only for 'En' language"},{"name":"tag","value":"@pytest.mark.xfail"},{"name":"tag","value":"us_01"},{"name":"parentSuite","value":"tests.Capital.us_01"},{"name":"suite","value":"us_01_capital_test"},{"name":"subSuite","value":"Test_US_01"},{"name":"host","value":"Mac-1677660156395.local"},{"name":"thread","value":"3491-MainThread"},{"name":"framework","value":"pytest"},{"name":"language","value":"cpython3"},{"name":"package","value":"tests.Capital.us_01.us_01_capital_test"},{"name":"resultFormat","value":"allure2"}],"parameters":[{"name":"cur_language","value":"'bg'"},{"name":"cur_license","value":"'ASIC'"},{"name":"cur_login","value":"'Empty'"},{"name":"cur_password","value":"'Empty'"},{"name":"cur_role","value":"'NoReg'"},{"name":"go","value":"'chrome'"}],"links":[],"hidden":false,"retry":false,"extra":{"severity":"normal","retries":[],"categories":[],"tags":["@pytest.mark.xfail","us_01"]},"source":"6e98a22edc04dbc.json","parameterValues":["'bg'","'ASIC'","'Empty'","'Empty'","'NoReg'","'chrome'"]}