2023-02-02 20:14:43 ERROR Element not present after 0.5 seconds on page: https://capital.com/
2023-02-02 20:14:43 ERROR 
Traceback (most recent call last):
  File "/home/runner/work/TestCapitalCom/TestCapitalCom/pages/base_page.py", line 75, in inner_function
    return func(*args, **kwargs)
  File "/home/runner/work/TestCapitalCom/TestCapitalCom/pages/base_page.py", line 332, in element_is_clicable
    return Wait(self.browser, timeout).until(
  File "/home/runner/.cache/pypoetry/virtualenvs/testcapitalcom-G_ZVEfM_-py3.10/lib/python3.10/site-packages/selenium/webdriver/support/wait.py", line 95, in until
    raise TimeoutException(message, screen, stacktrace)
selenium.common.exceptions.TimeoutException: Message: 
Stacktrace:
#0 0x562e6cb1c303 <unknown>
#1 0x562e6c8f0d37 <unknown>
#2 0x562e6c92d5b2 <unknown>
#3 0x562e6c92d6c1 <unknown>
#4 0x562e6c967b34 <unknown>
#5 0x562e6c94d9ad <unknown>
#6 0x562e6c96588c <unknown>
#7 0x562e6c94d753 <unknown>
#8 0x562e6c920a14 <unknown>
#9 0x562e6c921b7e <unknown>
#10 0x562e6cb6b32e <unknown>
#11 0x562e6cb6ec0e <unknown>
#12 0x562e6cb51610 <unknown>
#13 0x562e6cb6fc23 <unknown>
#14 0x562e6cb43545 <unknown>
#15 0x562e6cb906a8 <unknown>
#16 0x562e6cb90836 <unknown>
#17 0x562e6cbabd13 <unknown>
#18 0x7fea71765b43 <unknown>