{"uid":"d1eedbef4fd81dca","name":"TC_03_01 with parameters: NoReg, , FCA","fullName":"tests.capital_page_test.Tests#test_03_01_banner_main_tab1_button_trade_now","historyId":"ad2f895d4aaac433927a8a20a7178134","time":{"start":1674173514119,"stop":1674173525185,"duration":11066},"description":"\n        Check: tab \"1\" -> button \"Trade now\"\n        Language: EN. License: All.\n        ","descriptionHtml":"<pre><code>    Check: tab &quot;1&quot; -&gt; button &quot;Trade now&quot;\n    Language: EN. License: All.\n</code></pre>\n","status":"broken","statusMessage":"selenium.common.exceptions.NoSuchElementException: Message: no such element: Unable to locate element: {\"method\":\"css selector\",\"selector\":\"div.bannersHome__buttons > a[data-type='topbanner_trade_cfds']\"}\n  (Session info: headless chrome=109.0.5414.74)\nStacktrace:\n#0 0x5593ae63e303 <unknown>\n#1 0x5593ae412d37 <unknown>\n#2 0x5593ae44f5b2 <unknown>\n#3 0x5593ae44f6c1 <unknown>\n#4 0x5593ae489b34 <unknown>\n#5 0x5593ae46f9ad <unknown>\n#6 0x5593ae48788c <unknown>\n#7 0x5593ae46f753 <unknown>\n#8 0x5593ae442a14 <unknown>\n#9 0x5593ae443b7e <unknown>\n#10 0x5593ae68d32e <unknown>\n#11 0x5593ae690c0e <unknown>\n#12 0x5593ae673610 <unknown>\n#13 0x5593ae691c23 <unknown>\n#14 0x5593ae665545 <unknown>\n#15 0x5593ae6b26a8 <unknown>\n#16 0x5593ae6b2836 <unknown>\n#17 0x5593ae6cdd13 <unknown>\n#18 0x7f212aa15b43 <unknown>","statusTrace":"self = <tests.capital_page_test.Tests object at 0x7fee3d432140>\nworker_id = 'gw0'\nd = <selenium.webdriver.chrome.webdriver.WebDriver (session=\"8c84c8f5e83d791dbd77a1085613eada\")>\ncur_login = 'Empty', cur_password = 'Empty', cur_role = 'NoReg'\ncur_language = '', cur_license = 'FCA'\n\n    @allure.feature(\"F_03 | Testing '1' tab 'Main' banner. Only for 'En' language\")\n    @allure.story(\"S_03.01 | Testing 'Trade Now' button on the 1 tab 'Main' banner\")\n    @allure.step(f\"{datetime.datetime.now()}.   \"\n                 f\"Start test button 'Trade Now' on tab1 'Main' banner (for all License).\")\n    @allure.title(\"TC_03_01 with parameters: {cur_role}, {cur_language}, {cur_license}\")\n    def test_03_01_banner_main_tab1_button_trade_now(\n            self, worker_id, d, cur_login, cur_password, cur_role, cur_language, cur_license\n    ):\n        \"\"\"\n        Check: tab \"1\" -> button \"Trade now\"\n        Language: EN. License: All.\n        \"\"\"\n        global test_link\n        global page\n    \n        print(f\"worker_id = {worker_id}\")\n    \n        if cur_language in [\"\"]:\n            self.preconditions(d, cur_login, cur_password, cur_role, cur_language, cur_license)\n    \n            page = CapitalPage(d, test_link)\n            if not page.current_page_is(test_link):\n                page.open_page()\n                print(f\"{datetime.datetime.now()}   Load page: {test_link}\")\n    \n            page.banner_main_tab1_click()\n>           page.banner_main_tab1_button_trade_now_click()\n\ntests/capital_page_test.py:265: \n_ _ _ _ _ _ _ _ _ _ _ _ _ _ _ _ _ _ _ _ _ _ _ _ _ _ _ _ _ _ _ _ _ _ _ _ _ _ _ _ \npages/capital_com/capital_page.py:58: in banner_main_tab1_button_trade_now_click\n    self.browser.find_element(*MainBaner.TAB1_TRADE_NOW).click()\n../../../.cache/pypoetry/virtualenvs/testcapitalcom-G_ZVEfM_-py3.10/lib/python3.10/site-packages/selenium/webdriver/remote/webdriver.py:861: in find_element\n    return self.execute(Command.FIND_ELEMENT, {\"using\": by, \"value\": value})[\"value\"]\n../../../.cache/pypoetry/virtualenvs/testcapitalcom-G_ZVEfM_-py3.10/lib/python3.10/site-packages/selenium/webdriver/remote/webdriver.py:444: in execute\n    self.error_handler.check_response(response)\n_ _ _ _ _ _ _ _ _ _ _ _ _ _ _ _ _ _ _ _ _ _ _ _ _ _ _ _ _ _ _ _ _ _ _ _ _ _ _ _ \n\nself = <selenium.webdriver.remote.errorhandler.ErrorHandler object at 0x7fee37940520>\nresponse = {'status': 404, 'value': '{\"value\":{\"error\":\"no such element\",\"message\":\"no such element: Unable to locate element: {\\...\\\\n#16 0x5593ae6b2836 \\\\u003Cunknown>\\\\n#17 0x5593ae6cdd13 \\\\u003Cunknown>\\\\n#18 0x7f212aa15b43 \\\\u003Cunknown>\\\\n\"}}'}\n\n    def check_response(self, response: Dict[str, Any]) -> None:\n        \"\"\"\n        Checks that a JSON response from the WebDriver does not have an error.\n    \n        :Args:\n         - response - The JSON response from the WebDriver server as a dictionary\n           object.\n    \n        :Raises: If the response contains an error message.\n        \"\"\"\n        status = response.get(\"status\", None)\n        if not status or status == ErrorCode.SUCCESS:\n            return\n        value = None\n        message = response.get(\"message\", \"\")\n        screen: str = response.get(\"screen\", \"\")\n        stacktrace = None\n        if isinstance(status, int):\n            value_json = response.get(\"value\", None)\n            if value_json and isinstance(value_json, str):\n                import json\n    \n                try:\n                    value = json.loads(value_json)\n                    if len(value.keys()) == 1:\n                        value = value[\"value\"]\n                    status = value.get(\"error\", None)\n                    if not status:\n                        status = value.get(\"status\", ErrorCode.UNKNOWN_ERROR)\n                        message = value.get(\"value\") or value.get(\"message\")\n                        if not isinstance(message, str):\n                            value = message\n                            message = message.get(\"message\")\n                    else:\n                        message = value.get(\"message\", None)\n                except ValueError:\n                    pass\n    \n        exception_class: Type[WebDriverException]\n        if status in ErrorCode.NO_SUCH_ELEMENT:\n            exception_class = NoSuchElementException\n        elif status in ErrorCode.NO_SUCH_FRAME:\n            exception_class = NoSuchFrameException\n        elif status in ErrorCode.NO_SUCH_SHADOW_ROOT:\n            exception_class = NoSuchShadowRootException\n        elif status in ErrorCode.NO_SUCH_WINDOW:\n            exception_class = NoSuchWindowException\n        elif status in ErrorCode.STALE_ELEMENT_REFERENCE:\n            exception_class = StaleElementReferenceException\n        elif status in ErrorCode.ELEMENT_NOT_VISIBLE:\n            exception_class = ElementNotVisibleException\n        elif status in ErrorCode.INVALID_ELEMENT_STATE:\n            exception_class = InvalidElementStateException\n        elif (\n            status in ErrorCode.INVALID_SELECTOR\n            or status in ErrorCode.INVALID_XPATH_SELECTOR\n            or status in ErrorCode.INVALID_XPATH_SELECTOR_RETURN_TYPER\n        ):\n            exception_class = InvalidSelectorException\n        elif status in ErrorCode.ELEMENT_IS_NOT_SELECTABLE:\n            exception_class = ElementNotSelectableException\n        elif status in ErrorCode.ELEMENT_NOT_INTERACTABLE:\n            exception_class = ElementNotInteractableException\n        elif status in ErrorCode.INVALID_COOKIE_DOMAIN:\n            exception_class = InvalidCookieDomainException\n        elif status in ErrorCode.UNABLE_TO_SET_COOKIE:\n            exception_class = UnableToSetCookieException\n        elif status in ErrorCode.TIMEOUT:\n            exception_class = TimeoutException\n        elif status in ErrorCode.SCRIPT_TIMEOUT:\n            exception_class = TimeoutException\n        elif status in ErrorCode.UNKNOWN_ERROR:\n            exception_class = WebDriverException\n        elif status in ErrorCode.UNEXPECTED_ALERT_OPEN:\n            exception_class = UnexpectedAlertPresentException\n        elif status in ErrorCode.NO_ALERT_OPEN:\n            exception_class = NoAlertPresentException\n        elif status in ErrorCode.IME_NOT_AVAILABLE:\n            exception_class = ImeNotAvailableException\n        elif status in ErrorCode.IME_ENGINE_ACTIVATION_FAILED:\n            exception_class = ImeActivationFailedException\n        elif status in ErrorCode.MOVE_TARGET_OUT_OF_BOUNDS:\n            exception_class = MoveTargetOutOfBoundsException\n        elif status in ErrorCode.JAVASCRIPT_ERROR:\n            exception_class = JavascriptException\n        elif status in ErrorCode.SESSION_NOT_CREATED:\n            exception_class = SessionNotCreatedException\n        elif status in ErrorCode.INVALID_ARGUMENT:\n            exception_class = InvalidArgumentException\n        elif status in ErrorCode.NO_SUCH_COOKIE:\n            exception_class = NoSuchCookieException\n        elif status in ErrorCode.UNABLE_TO_CAPTURE_SCREEN:\n            exception_class = ScreenshotException\n        elif status in ErrorCode.ELEMENT_CLICK_INTERCEPTED:\n            exception_class = ElementClickInterceptedException\n        elif status in ErrorCode.INSECURE_CERTIFICATE:\n            exception_class = InsecureCertificateException\n        elif status in ErrorCode.INVALID_COORDINATES:\n            exception_class = InvalidCoordinatesException\n        elif status in ErrorCode.INVALID_SESSION_ID:\n            exception_class = InvalidSessionIdException\n        elif status in ErrorCode.UNKNOWN_METHOD:\n            exception_class = UnknownMethodException\n        else:\n            exception_class = WebDriverException\n        if not value:\n            value = response[\"value\"]\n        if isinstance(value, str):\n            raise exception_class(value)\n        if message == \"\" and \"message\" in value:\n            message = value[\"message\"]\n    \n        screen = None  # type: ignore[assignment]\n        if \"screen\" in value:\n            screen = value[\"screen\"]\n    \n        stacktrace = None\n        st_value = value.get(\"stackTrace\") or value.get(\"stacktrace\")\n        if st_value:\n            if isinstance(st_value, str):\n                stacktrace = st_value.split(\"\\n\")\n            else:\n                stacktrace = []\n                try:\n                    for frame in st_value:\n                        line = frame.get(\"lineNumber\", \"\")\n                        file = frame.get(\"fileName\", \"<anonymous>\")\n                        if line:\n                            file = f\"{file}:{line}\"\n                        meth = frame.get(\"methodName\", \"<anonymous>\")\n                        if \"className\" in frame:\n                            meth = \"{}.{}\".format(frame[\"className\"], meth)\n                        msg = \"    at %s (%s)\"\n                        msg = msg % (meth, file)\n                        stacktrace.append(msg)\n                except TypeError:\n                    pass\n        if exception_class == UnexpectedAlertPresentException:\n            alert_text = None\n            if \"data\" in value:\n                alert_text = value[\"data\"].get(\"text\")\n            elif \"alert\" in value:\n                alert_text = value[\"alert\"].get(\"text\")\n            raise exception_class(message, screen, stacktrace, alert_text)  # type: ignore[call-arg]  # mypy is not smart enough here\n>       raise exception_class(message, screen, stacktrace)\nE       selenium.common.exceptions.NoSuchElementException: Message: no such element: Unable to locate element: {\"method\":\"css selector\",\"selector\":\"div.bannersHome__buttons > a[data-type='topbanner_trade_cfds']\"}\nE         (Session info: headless chrome=109.0.5414.74)\nE       Stacktrace:\nE       #0 0x5593ae63e303 <unknown>\nE       #1 0x5593ae412d37 <unknown>\nE       #2 0x5593ae44f5b2 <unknown>\nE       #3 0x5593ae44f6c1 <unknown>\nE       #4 0x5593ae489b34 <unknown>\nE       #5 0x5593ae46f9ad <unknown>\nE       #6 0x5593ae48788c <unknown>\nE       #7 0x5593ae46f753 <unknown>\nE       #8 0x5593ae442a14 <unknown>\nE       #9 0x5593ae443b7e <unknown>\nE       #10 0x5593ae68d32e <unknown>\nE       #11 0x5593ae690c0e <unknown>\nE       #12 0x5593ae673610 <unknown>\nE       #13 0x5593ae691c23 <unknown>\nE       #14 0x5593ae665545 <unknown>\nE       #15 0x5593ae6b26a8 <unknown>\nE       #16 0x5593ae6b2836 <unknown>\nE       #17 0x5593ae6cdd13 <unknown>\nE       #18 0x7f212aa15b43 <unknown>\n\n../../../.cache/pypoetry/virtualenvs/testcapitalcom-G_ZVEfM_-py3.10/lib/python3.10/site-packages/selenium/webdriver/remote/errorhandler.py:249: NoSuchElementException","flaky":false,"newFailed":false,"newBroken":false,"newPassed":false,"retriesCount":0,"retriesStatusChange":false,"beforeStages":[{"name":"worker_id","time":{"start":1674171410295,"stop":1674171410295,"duration":0},"status":"passed","steps":[],"attachments":[],"parameters":[],"stepsCount":0,"attachmentsCount":0,"shouldDisplayMessage":false,"hasContent":false},{"name":"browser","time":{"start":1674171410295,"stop":1674171410295,"duration":0},"status":"passed","steps":[],"attachments":[],"parameters":[],"stepsCount":0,"attachmentsCount":0,"shouldDisplayMessage":false,"hasContent":false},{"name":"d","time":{"start":1674171410295,"stop":1674171412292,"duration":1997},"status":"passed","steps":[],"attachments":[],"parameters":[],"stepsCount":0,"attachmentsCount":0,"shouldDisplayMessage":false,"hasContent":false},{"name":"go","time":{"start":1674171412292,"stop":1674171412293,"duration":1},"status":"passed","steps":[],"attachments":[],"parameters":[],"stepsCount":0,"attachmentsCount":0,"shouldDisplayMessage":false,"hasContent":false},{"name":"cur_role","time":{"start":1674171412293,"stop":1674171412293,"duration":0},"status":"passed","steps":[],"attachments":[],"parameters":[],"stepsCount":0,"attachmentsCount":0,"shouldDisplayMessage":false,"hasContent":false},{"name":"cur_language","time":{"start":1674173011791,"stop":1674173011791,"duration":0},"status":"passed","steps":[],"attachments":[],"parameters":[],"stepsCount":0,"attachmentsCount":0,"shouldDisplayMessage":false,"hasContent":false},{"name":"cur_license","time":{"start":1674173505932,"stop":1674173505936,"duration":4},"status":"passed","steps":[],"attachments":[],"parameters":[],"stepsCount":0,"attachmentsCount":0,"shouldDisplayMessage":false,"hasContent":false}],"testStage":{"description":"\n        Check: tab \"1\" -> button \"Trade now\"\n        Language: EN. License: All.\n        ","status":"broken","statusMessage":"selenium.common.exceptions.NoSuchElementException: Message: no such element: Unable to locate element: {\"method\":\"css selector\",\"selector\":\"div.bannersHome__buttons > a[data-type='topbanner_trade_cfds']\"}\n  (Session info: headless chrome=109.0.5414.74)\nStacktrace:\n#0 0x5593ae63e303 <unknown>\n#1 0x5593ae412d37 <unknown>\n#2 0x5593ae44f5b2 <unknown>\n#3 0x5593ae44f6c1 <unknown>\n#4 0x5593ae489b34 <unknown>\n#5 0x5593ae46f9ad <unknown>\n#6 0x5593ae48788c <unknown>\n#7 0x5593ae46f753 <unknown>\n#8 0x5593ae442a14 <unknown>\n#9 0x5593ae443b7e <unknown>\n#10 0x5593ae68d32e <unknown>\n#11 0x5593ae690c0e <unknown>\n#12 0x5593ae673610 <unknown>\n#13 0x5593ae691c23 <unknown>\n#14 0x5593ae665545 <unknown>\n#15 0x5593ae6b26a8 <unknown>\n#16 0x5593ae6b2836 <unknown>\n#17 0x5593ae6cdd13 <unknown>\n#18 0x7f212aa15b43 <unknown>","statusTrace":"self = <tests.capital_page_test.Tests object at 0x7fee3d432140>\nworker_id = 'gw0'\nd = <selenium.webdriver.chrome.webdriver.WebDriver (session=\"8c84c8f5e83d791dbd77a1085613eada\")>\ncur_login = 'Empty', cur_password = 'Empty', cur_role = 'NoReg'\ncur_language = '', cur_license = 'FCA'\n\n    @allure.feature(\"F_03 | Testing '1' tab 'Main' banner. Only for 'En' language\")\n    @allure.story(\"S_03.01 | Testing 'Trade Now' button on the 1 tab 'Main' banner\")\n    @allure.step(f\"{datetime.datetime.now()}.   \"\n                 f\"Start test button 'Trade Now' on tab1 'Main' banner (for all License).\")\n    @allure.title(\"TC_03_01 with parameters: {cur_role}, {cur_language}, {cur_license}\")\n    def test_03_01_banner_main_tab1_button_trade_now(\n            self, worker_id, d, cur_login, cur_password, cur_role, cur_language, cur_license\n    ):\n        \"\"\"\n        Check: tab \"1\" -> button \"Trade now\"\n        Language: EN. License: All.\n        \"\"\"\n        global test_link\n        global page\n    \n        print(f\"worker_id = {worker_id}\")\n    \n        if cur_language in [\"\"]:\n            self.preconditions(d, cur_login, cur_password, cur_role, cur_language, cur_license)\n    \n            page = CapitalPage(d, test_link)\n            if not page.current_page_is(test_link):\n                page.open_page()\n                print(f\"{datetime.datetime.now()}   Load page: {test_link}\")\n    \n            page.banner_main_tab1_click()\n>           page.banner_main_tab1_button_trade_now_click()\n\ntests/capital_page_test.py:265: \n_ _ _ _ _ _ _ _ _ _ _ _ _ _ _ _ _ _ _ _ _ _ _ _ _ _ _ _ _ _ _ _ _ _ _ _ _ _ _ _ \npages/capital_com/capital_page.py:58: in banner_main_tab1_button_trade_now_click\n    self.browser.find_element(*MainBaner.TAB1_TRADE_NOW).click()\n../../../.cache/pypoetry/virtualenvs/testcapitalcom-G_ZVEfM_-py3.10/lib/python3.10/site-packages/selenium/webdriver/remote/webdriver.py:861: in find_element\n    return self.execute(Command.FIND_ELEMENT, {\"using\": by, \"value\": value})[\"value\"]\n../../../.cache/pypoetry/virtualenvs/testcapitalcom-G_ZVEfM_-py3.10/lib/python3.10/site-packages/selenium/webdriver/remote/webdriver.py:444: in execute\n    self.error_handler.check_response(response)\n_ _ _ _ _ _ _ _ _ _ _ _ _ _ _ _ _ _ _ _ _ _ _ _ _ _ _ _ _ _ _ _ _ _ _ _ _ _ _ _ \n\nself = <selenium.webdriver.remote.errorhandler.ErrorHandler object at 0x7fee37940520>\nresponse = {'status': 404, 'value': '{\"value\":{\"error\":\"no such element\",\"message\":\"no such element: Unable to locate element: {\\...\\\\n#16 0x5593ae6b2836 \\\\u003Cunknown>\\\\n#17 0x5593ae6cdd13 \\\\u003Cunknown>\\\\n#18 0x7f212aa15b43 \\\\u003Cunknown>\\\\n\"}}'}\n\n    def check_response(self, response: Dict[str, Any]) -> None:\n        \"\"\"\n        Checks that a JSON response from the WebDriver does not have an error.\n    \n        :Args:\n         - response - The JSON response from the WebDriver server as a dictionary\n           object.\n    \n        :Raises: If the response contains an error message.\n        \"\"\"\n        status = response.get(\"status\", None)\n        if not status or status == ErrorCode.SUCCESS:\n            return\n        value = None\n        message = response.get(\"message\", \"\")\n        screen: str = response.get(\"screen\", \"\")\n        stacktrace = None\n        if isinstance(status, int):\n            value_json = response.get(\"value\", None)\n            if value_json and isinstance(value_json, str):\n                import json\n    \n                try:\n                    value = json.loads(value_json)\n                    if len(value.keys()) == 1:\n                        value = value[\"value\"]\n                    status = value.get(\"error\", None)\n                    if not status:\n                        status = value.get(\"status\", ErrorCode.UNKNOWN_ERROR)\n                        message = value.get(\"value\") or value.get(\"message\")\n                        if not isinstance(message, str):\n                            value = message\n                            message = message.get(\"message\")\n                    else:\n                        message = value.get(\"message\", None)\n                except ValueError:\n                    pass\n    \n        exception_class: Type[WebDriverException]\n        if status in ErrorCode.NO_SUCH_ELEMENT:\n            exception_class = NoSuchElementException\n        elif status in ErrorCode.NO_SUCH_FRAME:\n            exception_class = NoSuchFrameException\n        elif status in ErrorCode.NO_SUCH_SHADOW_ROOT:\n            exception_class = NoSuchShadowRootException\n        elif status in ErrorCode.NO_SUCH_WINDOW:\n            exception_class = NoSuchWindowException\n        elif status in ErrorCode.STALE_ELEMENT_REFERENCE:\n            exception_class = StaleElementReferenceException\n        elif status in ErrorCode.ELEMENT_NOT_VISIBLE:\n            exception_class = ElementNotVisibleException\n        elif status in ErrorCode.INVALID_ELEMENT_STATE:\n            exception_class = InvalidElementStateException\n        elif (\n            status in ErrorCode.INVALID_SELECTOR\n            or status in ErrorCode.INVALID_XPATH_SELECTOR\n            or status in ErrorCode.INVALID_XPATH_SELECTOR_RETURN_TYPER\n        ):\n            exception_class = InvalidSelectorException\n        elif status in ErrorCode.ELEMENT_IS_NOT_SELECTABLE:\n            exception_class = ElementNotSelectableException\n        elif status in ErrorCode.ELEMENT_NOT_INTERACTABLE:\n            exception_class = ElementNotInteractableException\n        elif status in ErrorCode.INVALID_COOKIE_DOMAIN:\n            exception_class = InvalidCookieDomainException\n        elif status in ErrorCode.UNABLE_TO_SET_COOKIE:\n            exception_class = UnableToSetCookieException\n        elif status in ErrorCode.TIMEOUT:\n            exception_class = TimeoutException\n        elif status in ErrorCode.SCRIPT_TIMEOUT:\n            exception_class = TimeoutException\n        elif status in ErrorCode.UNKNOWN_ERROR:\n            exception_class = WebDriverException\n        elif status in ErrorCode.UNEXPECTED_ALERT_OPEN:\n            exception_class = UnexpectedAlertPresentException\n        elif status in ErrorCode.NO_ALERT_OPEN:\n            exception_class = NoAlertPresentException\n        elif status in ErrorCode.IME_NOT_AVAILABLE:\n            exception_class = ImeNotAvailableException\n        elif status in ErrorCode.IME_ENGINE_ACTIVATION_FAILED:\n            exception_class = ImeActivationFailedException\n        elif status in ErrorCode.MOVE_TARGET_OUT_OF_BOUNDS:\n            exception_class = MoveTargetOutOfBoundsException\n        elif status in ErrorCode.JAVASCRIPT_ERROR:\n            exception_class = JavascriptException\n        elif status in ErrorCode.SESSION_NOT_CREATED:\n            exception_class = SessionNotCreatedException\n        elif status in ErrorCode.INVALID_ARGUMENT:\n            exception_class = InvalidArgumentException\n        elif status in ErrorCode.NO_SUCH_COOKIE:\n            exception_class = NoSuchCookieException\n        elif status in ErrorCode.UNABLE_TO_CAPTURE_SCREEN:\n            exception_class = ScreenshotException\n        elif status in ErrorCode.ELEMENT_CLICK_INTERCEPTED:\n            exception_class = ElementClickInterceptedException\n        elif status in ErrorCode.INSECURE_CERTIFICATE:\n            exception_class = InsecureCertificateException\n        elif status in ErrorCode.INVALID_COORDINATES:\n            exception_class = InvalidCoordinatesException\n        elif status in ErrorCode.INVALID_SESSION_ID:\n            exception_class = InvalidSessionIdException\n        elif status in ErrorCode.UNKNOWN_METHOD:\n            exception_class = UnknownMethodException\n        else:\n            exception_class = WebDriverException\n        if not value:\n            value = response[\"value\"]\n        if isinstance(value, str):\n            raise exception_class(value)\n        if message == \"\" and \"message\" in value:\n            message = value[\"message\"]\n    \n        screen = None  # type: ignore[assignment]\n        if \"screen\" in value:\n            screen = value[\"screen\"]\n    \n        stacktrace = None\n        st_value = value.get(\"stackTrace\") or value.get(\"stacktrace\")\n        if st_value:\n            if isinstance(st_value, str):\n                stacktrace = st_value.split(\"\\n\")\n            else:\n                stacktrace = []\n                try:\n                    for frame in st_value:\n                        line = frame.get(\"lineNumber\", \"\")\n                        file = frame.get(\"fileName\", \"<anonymous>\")\n                        if line:\n                            file = f\"{file}:{line}\"\n                        meth = frame.get(\"methodName\", \"<anonymous>\")\n                        if \"className\" in frame:\n                            meth = \"{}.{}\".format(frame[\"className\"], meth)\n                        msg = \"    at %s (%s)\"\n                        msg = msg % (meth, file)\n                        stacktrace.append(msg)\n                except TypeError:\n                    pass\n        if exception_class == UnexpectedAlertPresentException:\n            alert_text = None\n            if \"data\" in value:\n                alert_text = value[\"data\"].get(\"text\")\n            elif \"alert\" in value:\n                alert_text = value[\"alert\"].get(\"text\")\n            raise exception_class(message, screen, stacktrace, alert_text)  # type: ignore[call-arg]  # mypy is not smart enough here\n>       raise exception_class(message, screen, stacktrace)\nE       selenium.common.exceptions.NoSuchElementException: Message: no such element: Unable to locate element: {\"method\":\"css selector\",\"selector\":\"div.bannersHome__buttons > a[data-type='topbanner_trade_cfds']\"}\nE         (Session info: headless chrome=109.0.5414.74)\nE       Stacktrace:\nE       #0 0x5593ae63e303 <unknown>\nE       #1 0x5593ae412d37 <unknown>\nE       #2 0x5593ae44f5b2 <unknown>\nE       #3 0x5593ae44f6c1 <unknown>\nE       #4 0x5593ae489b34 <unknown>\nE       #5 0x5593ae46f9ad <unknown>\nE       #6 0x5593ae48788c <unknown>\nE       #7 0x5593ae46f753 <unknown>\nE       #8 0x5593ae442a14 <unknown>\nE       #9 0x5593ae443b7e <unknown>\nE       #10 0x5593ae68d32e <unknown>\nE       #11 0x5593ae690c0e <unknown>\nE       #12 0x5593ae673610 <unknown>\nE       #13 0x5593ae691c23 <unknown>\nE       #14 0x5593ae665545 <unknown>\nE       #15 0x5593ae6b26a8 <unknown>\nE       #16 0x5593ae6b2836 <unknown>\nE       #17 0x5593ae6cdd13 <unknown>\nE       #18 0x7f212aa15b43 <unknown>\n\n../../../.cache/pypoetry/virtualenvs/testcapitalcom-G_ZVEfM_-py3.10/lib/python3.10/site-packages/selenium/webdriver/remote/errorhandler.py:249: NoSuchElementException","steps":[{"name":"2023-01-19 23:36:46.903695.   Start test button 'Trade Now' on tab1 'Main' banner (for all License).","time":{"start":1674173514121,"stop":1674173525184,"duration":11063},"status":"broken","statusMessage":"selenium.common.exceptions.NoSuchElementException: Message: no such element: Unable to locate element: {\"method\":\"css selector\",\"selector\":\"div.bannersHome__buttons > a[data-type='topbanner_trade_cfds']\"}\n  (Session info: headless chrome=109.0.5414.74)\nStacktrace:\n#0 0x5593ae63e303 <unknown>\n#1 0x5593ae412d37 <unknown>\n#2 0x5593ae44f5b2 <unknown>\n#3 0x5593ae44f6c1 <unknown>\n#4 0x5593ae489b34 <unknown>\n#5 0x5593ae46f9ad <unknown>\n#6 0x5593ae48788c <unknown>\n#7 0x5593ae46f753 <unknown>\n#8 0x5593ae442a14 <unknown>\n#9 0x5593ae443b7e <unknown>\n#10 0x5593ae68d32e <unknown>\n#11 0x5593ae690c0e <unknown>\n#12 0x5593ae673610 <unknown>\n#13 0x5593ae691c23 <unknown>\n#14 0x5593ae665545 <unknown>\n#15 0x5593ae6b26a8 <unknown>\n#16 0x5593ae6b2836 <unknown>\n#17 0x5593ae6cdd13 <unknown>\n#18 0x7f212aa15b43 <unknown>\n\n","statusTrace":"  File \"/home/runner/.cache/pypoetry/virtualenvs/testcapitalcom-G_ZVEfM_-py3.10/lib/python3.10/site-packages/allure_commons/_allure.py\", line 192, in impl\n    return func(*a, **kw)\n  File \"/home/runner/work/TestCapitalCom/TestCapitalCom/tests/capital_page_test.py\", line 265, in test_03_01_banner_main_tab1_button_trade_now\n    page.banner_main_tab1_button_trade_now_click()\n  File \"/home/runner/.cache/pypoetry/virtualenvs/testcapitalcom-G_ZVEfM_-py3.10/lib/python3.10/site-packages/allure_commons/_allure.py\", line 192, in impl\n    return func(*a, **kw)\n  File \"/home/runner/work/TestCapitalCom/TestCapitalCom/pages/capital_com/capital_page.py\", line 58, in banner_main_tab1_button_trade_now_click\n    self.browser.find_element(*MainBaner.TAB1_TRADE_NOW).click()\n  File \"/home/runner/.cache/pypoetry/virtualenvs/testcapitalcom-G_ZVEfM_-py3.10/lib/python3.10/site-packages/selenium/webdriver/remote/webdriver.py\", line 861, in find_element\n    return self.execute(Command.FIND_ELEMENT, {\"using\": by, \"value\": value})[\"value\"]\n  File \"/home/runner/.cache/pypoetry/virtualenvs/testcapitalcom-G_ZVEfM_-py3.10/lib/python3.10/site-packages/selenium/webdriver/remote/webdriver.py\", line 444, in execute\n    self.error_handler.check_response(response)\n  File \"/home/runner/.cache/pypoetry/virtualenvs/testcapitalcom-G_ZVEfM_-py3.10/lib/python3.10/site-packages/selenium/webdriver/remote/errorhandler.py\", line 249, in check_response\n    raise exception_class(message, screen, stacktrace)\n","steps":[{"name":"2023-01-19 23:36:46.903404.   Set preconditions","time":{"start":1674173514121,"stop":1674173514121,"duration":0},"status":"passed","steps":[],"attachments":[],"parameters":[{"name":"d","value":"<selenium.webdriver.chrome.webdriver.WebDriver (session=\"8c84c8f5e83d791dbd77a1085613eada\")>"},{"name":"cur_login","value":"'Empty'"},{"name":"cur_password","value":"'Empty'"},{"name":"cur_role","value":"'NoReg'"},{"name":"cur_language","value":"''"},{"name":"cur_license","value":"'FCA'"}],"stepsCount":0,"attachmentsCount":0,"shouldDisplayMessage":false,"hasContent":true},{"name":"2023-01-19 23:36:46.901574.   Click tab 'Spread betting'(tab1) on banner 'Main'.","time":{"start":1674173514125,"stop":1674173514605,"duration":480},"status":"passed","steps":[],"attachments":[],"parameters":[],"stepsCount":0,"attachmentsCount":0,"shouldDisplayMessage":false,"hasContent":false},{"name":"2023-01-19 23:36:46.901597.   Click button 'Trade now' on banner 'Main' tab '1'.","time":{"start":1674173514605,"stop":1674173525184,"duration":10579},"status":"broken","statusMessage":"selenium.common.exceptions.NoSuchElementException: Message: no such element: Unable to locate element: {\"method\":\"css selector\",\"selector\":\"div.bannersHome__buttons > a[data-type='topbanner_trade_cfds']\"}\n  (Session info: headless chrome=109.0.5414.74)\nStacktrace:\n#0 0x5593ae63e303 <unknown>\n#1 0x5593ae412d37 <unknown>\n#2 0x5593ae44f5b2 <unknown>\n#3 0x5593ae44f6c1 <unknown>\n#4 0x5593ae489b34 <unknown>\n#5 0x5593ae46f9ad <unknown>\n#6 0x5593ae48788c <unknown>\n#7 0x5593ae46f753 <unknown>\n#8 0x5593ae442a14 <unknown>\n#9 0x5593ae443b7e <unknown>\n#10 0x5593ae68d32e <unknown>\n#11 0x5593ae690c0e <unknown>\n#12 0x5593ae673610 <unknown>\n#13 0x5593ae691c23 <unknown>\n#14 0x5593ae665545 <unknown>\n#15 0x5593ae6b26a8 <unknown>\n#16 0x5593ae6b2836 <unknown>\n#17 0x5593ae6cdd13 <unknown>\n#18 0x7f212aa15b43 <unknown>\n\n","statusTrace":"  File \"/home/runner/.cache/pypoetry/virtualenvs/testcapitalcom-G_ZVEfM_-py3.10/lib/python3.10/site-packages/allure_commons/_allure.py\", line 192, in impl\n    return func(*a, **kw)\n  File \"/home/runner/work/TestCapitalCom/TestCapitalCom/pages/capital_com/capital_page.py\", line 58, in banner_main_tab1_button_trade_now_click\n    self.browser.find_element(*MainBaner.TAB1_TRADE_NOW).click()\n  File \"/home/runner/.cache/pypoetry/virtualenvs/testcapitalcom-G_ZVEfM_-py3.10/lib/python3.10/site-packages/selenium/webdriver/remote/webdriver.py\", line 861, in find_element\n    return self.execute(Command.FIND_ELEMENT, {\"using\": by, \"value\": value})[\"value\"]\n  File \"/home/runner/.cache/pypoetry/virtualenvs/testcapitalcom-G_ZVEfM_-py3.10/lib/python3.10/site-packages/selenium/webdriver/remote/webdriver.py\", line 444, in execute\n    self.error_handler.check_response(response)\n  File \"/home/runner/.cache/pypoetry/virtualenvs/testcapitalcom-G_ZVEfM_-py3.10/lib/python3.10/site-packages/selenium/webdriver/remote/errorhandler.py\", line 249, in check_response\n    raise exception_class(message, screen, stacktrace)\n","steps":[],"attachments":[],"parameters":[],"stepsCount":0,"attachmentsCount":0,"shouldDisplayMessage":true,"hasContent":true}],"attachments":[],"parameters":[{"name":"worker_id","value":"'gw0'"},{"name":"d","value":"<selenium.webdriver.chrome.webdriver.WebDriver (session=\"8c84c8f5e83d791dbd77a1085613eada\")>"},{"name":"cur_login","value":"'Empty'"},{"name":"cur_password","value":"'Empty'"},{"name":"cur_role","value":"'NoReg'"},{"name":"cur_language","value":"''"},{"name":"cur_license","value":"'FCA'"}],"stepsCount":3,"attachmentsCount":0,"shouldDisplayMessage":false,"hasContent":true}],"attachments":[{"uid":"20afa012f3810752","name":"Screeshot","source":"20afa012f3810752.png","type":"image/png","size":2611852},{"uid":"e98ca20afec994ad","name":"log","source":"e98ca20afec994ad.txt","type":"text/plain","size":1275},{"uid":"76a8fb4b058f87c0","name":"stdout","source":"76a8fb4b058f87c0.txt","type":"text/plain","size":16}],"parameters":[],"stepsCount":4,"attachmentsCount":3,"shouldDisplayMessage":true,"hasContent":true},"afterStages":[{"name":"go::0","time":{"start":1674178731504,"stop":1674178731715,"duration":211},"status":"passed","steps":[],"attachments":[],"parameters":[],"stepsCount":0,"attachmentsCount":0,"shouldDisplayMessage":false,"hasContent":false}],"labels":[{"name":"epic","value":"Testing capital.com. All language. All license"},{"name":"feature","value":"F_03 | Testing '1' tab 'Main' banner. Only for 'En' language"},{"name":"story","value":"S_03.01 | Testing 'Trade Now' button on the 1 tab 'Main' banner"},{"name":"parentSuite","value":"tests"},{"name":"suite","value":"capital_page_test"},{"name":"subSuite","value":"Tests"},{"name":"host","value":"fv-az193-539"},{"name":"thread","value":"3124-MainThread"},{"name":"framework","value":"pytest"},{"name":"language","value":"cpython3"},{"name":"package","value":"tests.capital_page_test"},{"name":"resultFormat","value":"allure2"}],"parameters":[{"name":"cur_language","value":"''"},{"name":"cur_license","value":"'FCA'"},{"name":"cur_login","value":"'Empty'"},{"name":"cur_password","value":"'Empty'"},{"name":"cur_role","value":"'NoReg'"},{"name":"go","value":"'chrome'"}],"links":[],"hidden":false,"retry":false,"extra":{"severity":"normal","retries":[],"categories":[{"name":"Test defects","matchedStatuses":[],"flaky":false}],"history":{"statistic":{"failed":0,"broken":2,"skipped":0,"passed":2,"unknown":0,"total":4},"items":[{"uid":"b85fd0f918775f3","reportUrl":"https://AlexTom22.github.io/TestCapitalCom/5//#testresult/b85fd0f918775f3","status":"broken","statusDetails":"selenium.common.exceptions.NoSuchElementException: Message: no such element: Unable to locate element: {\"method\":\"css selector\",\"selector\":\"div.bannersHome__buttons > a[data-type='topbanner_trade_cfds']\"}\n  (Session info: headless chrome=108.0.5359.124)\nStacktrace:\n#0 0x555f08b062a3 <unknown>\n#1 0x555f088c4f77 <unknown>\n#2 0x555f0890180c <unknown>\n#3 0x555f08901a71 <unknown>\n#4 0x555f0893b734 <unknown>\n#5 0x555f08921b5d <unknown>\n#6 0x555f0893947c <unknown>\n#7 0x555f08921903 <unknown>\n#8 0x555f088f4ece <unknown>\n#9 0x555f088f5fde <unknown>\n#10 0x555f08b5663e <unknown>\n#11 0x555f08b59b79 <unknown>\n#12 0x555f08b3c89e <unknown>\n#13 0x555f08b5aa83 <unknown>\n#14 0x555f08b2f505 <unknown>\n#15 0x555f08b7bca8 <unknown>\n#16 0x555f08b7be36 <unknown>\n#17 0x555f08b97333 <unknown>\n#18 0x7f72f3811b43 <unknown>","time":{"start":1674078104617,"stop":1674078115367,"duration":10750}},{"uid":"c104024a22b8998","reportUrl":"https://AlexTom22.github.io/TestCapitalCom/4//#testresult/c104024a22b8998","status":"passed","time":{"start":1673909995900,"stop":1673909996670,"duration":770}},{"uid":"c401af51917b679b","reportUrl":"https://AlexTom22.github.io/TestCapitalCom/2//#testresult/c401af51917b679b","status":"passed","time":{"start":1673878476914,"stop":1673878477766,"duration":852}}]},"tags":[]},"source":"d1eedbef4fd81dca.json","parameterValues":["''","'FCA'","'Empty'","'Empty'","'NoReg'","'chrome'"]}