{"uid":"525197095a47c614","name":"TC_07_01 with parameters: NoReg, da, SEY","fullName":"tests.capital_page_test.Tests#test_07_01_banner_why_capital_button_trade_now","historyId":"3d410747f7bd3447967fcf7bcd14dd95","time":{"start":1674076074148,"stop":1674076081048,"duration":6900},"description":"\n        Check: Banner [Warum Capital.com?] -> button [Jetzt traden]\n        Language: All, ecxept En. License: All.\n        ","descriptionHtml":"<pre><code>    Check: Banner [Warum Capital.com?] -&gt; button [Jetzt traden]\n    Language: All, ecxept En. License: All.\n</code></pre>\n","status":"broken","statusMessage":"selenium.common.exceptions.ElementClickInterceptedException: Message: element click intercepted: Element is not clickable at point (1461, 1116)\n  (Session info: headless chrome=108.0.5359.124)\nStacktrace:\n#0 0x562484daf2a3 <unknown>\n#1 0x562484b6df77 <unknown>\n#2 0x562484bb10a9 <unknown>\n#3 0x562484baf18d <unknown>\n#4 0x562484bacd88 <unknown>\n#5 0x562484babf2d <unknown>\n#6 0x562484b9fdc5 <unknown>\n#7 0x562484bcab32 <unknown>\n#8 0x562484b9f61f <unknown>\n#9 0x562484bcacfe <unknown>\n#10 0x562484be247c <unknown>\n#11 0x562484bca903 <unknown>\n#12 0x562484b9dece <unknown>\n#13 0x562484b9efde <unknown>\n#14 0x562484dff63e <unknown>\n#15 0x562484e02b79 <unknown>\n#16 0x562484de589e <unknown>\n#17 0x562484e03a83 <unknown>\n#18 0x562484dd8505 <unknown>\n#19 0x562484e24ca8 <unknown>\n#20 0x562484e24e36 <unknown>\n#21 0x562484e40333 <unknown>\n#22 0x7fb5eca9db43 <unknown>","statusTrace":"self = <tests.capital_page_test.Tests object at 0x7ff480d8fb20>\nworker_id = 'gw1'\nd = <selenium.webdriver.chrome.webdriver.WebDriver (session=\"07d34f0256125cf8f3c5cd29fd6ba18c\")>\ncur_login = 'Empty', cur_password = 'Empty', cur_role = 'NoReg'\ncur_language = 'da', cur_license = 'SEY'\n\n    @allure.feature(\"F_07 | Testing 'Why Capital.com?' banner. Not for 'En' language\")\n    @allure.story(\"S_07.01 | Testing 'Jetzt traden' button on the 'Warum Capital.com?' banner\")\n    @allure.step(f\"{datetime.datetime.now()}.   Start test button 'Jetzt traden' on 'Warum Capital.com?' banner.\")\n    @allure.title(\"TC_07_01 with parameters: {cur_role}, {cur_language}, {cur_license}\")\n    def test_07_01_banner_why_capital_button_trade_now(\n            self, worker_id, d, cur_login, cur_password, cur_role, cur_language, cur_license\n    ):\n        \"\"\"\n        Check: Banner [Warum Capital.com?] -> button [Jetzt traden]\n        Language: All, ecxept En. License: All.\n        \"\"\"\n        global test_link\n        global page\n    \n        print(f\"worker_id = {worker_id}\")\n    \n        if cur_language not in [\"\"]:\n>           self.preconditions(d, cur_login, cur_password, cur_role, cur_language, cur_license)\n\ntests/capital_page_test.py:796: \n_ _ _ _ _ _ _ _ _ _ _ _ _ _ _ _ _ _ _ _ _ _ _ _ _ _ _ _ _ _ _ _ _ _ _ _ _ _ _ _ \ntests/capital_page_test.py:65: in preconditions\n    page.button_accept_all_cookies_click()\npages/capital_com/capital_page.py:35: in button_accept_all_cookies_click\n    self.browser.find_element(*OnTrastLocators.BUTTON_ACCEPT_ALL_COOKIE).click()\n../../../.cache/pypoetry/virtualenvs/testcapitalcom-G_ZVEfM_-py3.10/lib/python3.10/site-packages/selenium/webdriver/remote/webelement.py:93: in click\n    self._execute(Command.CLICK_ELEMENT)\n../../../.cache/pypoetry/virtualenvs/testcapitalcom-G_ZVEfM_-py3.10/lib/python3.10/site-packages/selenium/webdriver/remote/webelement.py:410: in _execute\n    return self._parent.execute(command, params)\n../../../.cache/pypoetry/virtualenvs/testcapitalcom-G_ZVEfM_-py3.10/lib/python3.10/site-packages/selenium/webdriver/remote/webdriver.py:444: in execute\n    self.error_handler.check_response(response)\n_ _ _ _ _ _ _ _ _ _ _ _ _ _ _ _ _ _ _ _ _ _ _ _ _ _ _ _ _ _ _ _ _ _ _ _ _ _ _ _ \n\nself = <selenium.webdriver.remote.errorhandler.ErrorHandler object at 0x7ff47bb6faf0>\nresponse = {'status': 400, 'value': '{\"value\":{\"error\":\"element click intercepted\",\"message\":\"element click intercepted: Element ...\\\\n#20 0x562484e24e36 \\\\u003Cunknown>\\\\n#21 0x562484e40333 \\\\u003Cunknown>\\\\n#22 0x7fb5eca9db43 \\\\u003Cunknown>\\\\n\"}}'}\n\n    def check_response(self, response: Dict[str, Any]) -> None:\n        \"\"\"\n        Checks that a JSON response from the WebDriver does not have an error.\n    \n        :Args:\n         - response - The JSON response from the WebDriver server as a dictionary\n           object.\n    \n        :Raises: If the response contains an error message.\n        \"\"\"\n        status = response.get(\"status\", None)\n        if not status or status == ErrorCode.SUCCESS:\n            return\n        value = None\n        message = response.get(\"message\", \"\")\n        screen: str = response.get(\"screen\", \"\")\n        stacktrace = None\n        if isinstance(status, int):\n            value_json = response.get(\"value\", None)\n            if value_json and isinstance(value_json, str):\n                import json\n    \n                try:\n                    value = json.loads(value_json)\n                    if len(value.keys()) == 1:\n                        value = value[\"value\"]\n                    status = value.get(\"error\", None)\n                    if not status:\n                        status = value.get(\"status\", ErrorCode.UNKNOWN_ERROR)\n                        message = value.get(\"value\") or value.get(\"message\")\n                        if not isinstance(message, str):\n                            value = message\n                            message = message.get(\"message\")\n                    else:\n                        message = value.get(\"message\", None)\n                except ValueError:\n                    pass\n    \n        exception_class: Type[WebDriverException]\n        if status in ErrorCode.NO_SUCH_ELEMENT:\n            exception_class = NoSuchElementException\n        elif status in ErrorCode.NO_SUCH_FRAME:\n            exception_class = NoSuchFrameException\n        elif status in ErrorCode.NO_SUCH_SHADOW_ROOT:\n            exception_class = NoSuchShadowRootException\n        elif status in ErrorCode.NO_SUCH_WINDOW:\n            exception_class = NoSuchWindowException\n        elif status in ErrorCode.STALE_ELEMENT_REFERENCE:\n            exception_class = StaleElementReferenceException\n        elif status in ErrorCode.ELEMENT_NOT_VISIBLE:\n            exception_class = ElementNotVisibleException\n        elif status in ErrorCode.INVALID_ELEMENT_STATE:\n            exception_class = InvalidElementStateException\n        elif (\n            status in ErrorCode.INVALID_SELECTOR\n            or status in ErrorCode.INVALID_XPATH_SELECTOR\n            or status in ErrorCode.INVALID_XPATH_SELECTOR_RETURN_TYPER\n        ):\n            exception_class = InvalidSelectorException\n        elif status in ErrorCode.ELEMENT_IS_NOT_SELECTABLE:\n            exception_class = ElementNotSelectableException\n        elif status in ErrorCode.ELEMENT_NOT_INTERACTABLE:\n            exception_class = ElementNotInteractableException\n        elif status in ErrorCode.INVALID_COOKIE_DOMAIN:\n            exception_class = InvalidCookieDomainException\n        elif status in ErrorCode.UNABLE_TO_SET_COOKIE:\n            exception_class = UnableToSetCookieException\n        elif status in ErrorCode.TIMEOUT:\n            exception_class = TimeoutException\n        elif status in ErrorCode.SCRIPT_TIMEOUT:\n            exception_class = TimeoutException\n        elif status in ErrorCode.UNKNOWN_ERROR:\n            exception_class = WebDriverException\n        elif status in ErrorCode.UNEXPECTED_ALERT_OPEN:\n            exception_class = UnexpectedAlertPresentException\n        elif status in ErrorCode.NO_ALERT_OPEN:\n            exception_class = NoAlertPresentException\n        elif status in ErrorCode.IME_NOT_AVAILABLE:\n            exception_class = ImeNotAvailableException\n        elif status in ErrorCode.IME_ENGINE_ACTIVATION_FAILED:\n            exception_class = ImeActivationFailedException\n        elif status in ErrorCode.MOVE_TARGET_OUT_OF_BOUNDS:\n            exception_class = MoveTargetOutOfBoundsException\n        elif status in ErrorCode.JAVASCRIPT_ERROR:\n            exception_class = JavascriptException\n        elif status in ErrorCode.SESSION_NOT_CREATED:\n            exception_class = SessionNotCreatedException\n        elif status in ErrorCode.INVALID_ARGUMENT:\n            exception_class = InvalidArgumentException\n        elif status in ErrorCode.NO_SUCH_COOKIE:\n            exception_class = NoSuchCookieException\n        elif status in ErrorCode.UNABLE_TO_CAPTURE_SCREEN:\n            exception_class = ScreenshotException\n        elif status in ErrorCode.ELEMENT_CLICK_INTERCEPTED:\n            exception_class = ElementClickInterceptedException\n        elif status in ErrorCode.INSECURE_CERTIFICATE:\n            exception_class = InsecureCertificateException\n        elif status in ErrorCode.INVALID_COORDINATES:\n            exception_class = InvalidCoordinatesException\n        elif status in ErrorCode.INVALID_SESSION_ID:\n            exception_class = InvalidSessionIdException\n        elif status in ErrorCode.UNKNOWN_METHOD:\n            exception_class = UnknownMethodException\n        else:\n            exception_class = WebDriverException\n        if not value:\n            value = response[\"value\"]\n        if isinstance(value, str):\n            raise exception_class(value)\n        if message == \"\" and \"message\" in value:\n            message = value[\"message\"]\n    \n        screen = None  # type: ignore[assignment]\n        if \"screen\" in value:\n            screen = value[\"screen\"]\n    \n        stacktrace = None\n        st_value = value.get(\"stackTrace\") or value.get(\"stacktrace\")\n        if st_value:\n            if isinstance(st_value, str):\n                stacktrace = st_value.split(\"\\n\")\n            else:\n                stacktrace = []\n                try:\n                    for frame in st_value:\n                        line = frame.get(\"lineNumber\", \"\")\n                        file = frame.get(\"fileName\", \"<anonymous>\")\n                        if line:\n                            file = f\"{file}:{line}\"\n                        meth = frame.get(\"methodName\", \"<anonymous>\")\n                        if \"className\" in frame:\n                            meth = \"{}.{}\".format(frame[\"className\"], meth)\n                        msg = \"    at %s (%s)\"\n                        msg = msg % (meth, file)\n                        stacktrace.append(msg)\n                except TypeError:\n                    pass\n        if exception_class == UnexpectedAlertPresentException:\n            alert_text = None\n            if \"data\" in value:\n                alert_text = value[\"data\"].get(\"text\")\n            elif \"alert\" in value:\n                alert_text = value[\"alert\"].get(\"text\")\n            raise exception_class(message, screen, stacktrace, alert_text)  # type: ignore[call-arg]  # mypy is not smart enough here\n>       raise exception_class(message, screen, stacktrace)\nE       selenium.common.exceptions.ElementClickInterceptedException: Message: element click intercepted: Element is not clickable at point (1461, 1116)\nE         (Session info: headless chrome=108.0.5359.124)\nE       Stacktrace:\nE       #0 0x562484daf2a3 <unknown>\nE       #1 0x562484b6df77 <unknown>\nE       #2 0x562484bb10a9 <unknown>\nE       #3 0x562484baf18d <unknown>\nE       #4 0x562484bacd88 <unknown>\nE       #5 0x562484babf2d <unknown>\nE       #6 0x562484b9fdc5 <unknown>\nE       #7 0x562484bcab32 <unknown>\nE       #8 0x562484b9f61f <unknown>\nE       #9 0x562484bcacfe <unknown>\nE       #10 0x562484be247c <unknown>\nE       #11 0x562484bca903 <unknown>\nE       #12 0x562484b9dece <unknown>\nE       #13 0x562484b9efde <unknown>\nE       #14 0x562484dff63e <unknown>\nE       #15 0x562484e02b79 <unknown>\nE       #16 0x562484de589e <unknown>\nE       #17 0x562484e03a83 <unknown>\nE       #18 0x562484dd8505 <unknown>\nE       #19 0x562484e24ca8 <unknown>\nE       #20 0x562484e24e36 <unknown>\nE       #21 0x562484e40333 <unknown>\nE       #22 0x7fb5eca9db43 <unknown>\n\n../../../.cache/pypoetry/virtualenvs/testcapitalcom-G_ZVEfM_-py3.10/lib/python3.10/site-packages/selenium/webdriver/remote/errorhandler.py:249: ElementClickInterceptedException","flaky":false,"newFailed":false,"newBroken":false,"newPassed":false,"retriesCount":0,"retriesStatusChange":false,"beforeStages":[{"name":"d","time":{"start":1674076072481,"stop":1674076074125,"duration":1644},"status":"passed","steps":[],"attachments":[],"parameters":[],"stepsCount":0,"attachmentsCount":0,"shouldDisplayMessage":false,"hasContent":false},{"name":"browser","time":{"start":1674076072481,"stop":1674076072481,"duration":0},"status":"passed","steps":[],"attachments":[],"parameters":[],"stepsCount":0,"attachmentsCount":0,"shouldDisplayMessage":false,"hasContent":false},{"name":"worker_id","time":{"start":1674076072481,"stop":1674076072481,"duration":0},"status":"passed","steps":[],"attachments":[],"parameters":[],"stepsCount":0,"attachmentsCount":0,"shouldDisplayMessage":false,"hasContent":false},{"name":"go","time":{"start":1674076074125,"stop":1674076074126,"duration":1},"status":"passed","steps":[],"attachments":[],"parameters":[],"stepsCount":0,"attachmentsCount":0,"shouldDisplayMessage":false,"hasContent":false},{"name":"cur_license","time":{"start":1674076074126,"stop":1674076074126,"duration":0},"status":"passed","steps":[],"attachments":[],"parameters":[],"stepsCount":0,"attachmentsCount":0,"shouldDisplayMessage":false,"hasContent":false},{"name":"cur_role","time":{"start":1674076074126,"stop":1674076074126,"duration":0},"status":"passed","steps":[],"attachments":[],"parameters":[],"stepsCount":0,"attachmentsCount":0,"shouldDisplayMessage":false,"hasContent":false},{"name":"cur_language","time":{"start":1674076074126,"stop":1674076074126,"duration":0},"status":"passed","steps":[],"attachments":[],"parameters":[],"stepsCount":0,"attachmentsCount":0,"shouldDisplayMessage":false,"hasContent":false}],"testStage":{"description":"\n        Check: Banner [Warum Capital.com?] -> button [Jetzt traden]\n        Language: All, ecxept En. License: All.\n        ","status":"broken","statusMessage":"selenium.common.exceptions.ElementClickInterceptedException: Message: element click intercepted: Element is not clickable at point (1461, 1116)\n  (Session info: headless chrome=108.0.5359.124)\nStacktrace:\n#0 0x562484daf2a3 <unknown>\n#1 0x562484b6df77 <unknown>\n#2 0x562484bb10a9 <unknown>\n#3 0x562484baf18d <unknown>\n#4 0x562484bacd88 <unknown>\n#5 0x562484babf2d <unknown>\n#6 0x562484b9fdc5 <unknown>\n#7 0x562484bcab32 <unknown>\n#8 0x562484b9f61f <unknown>\n#9 0x562484bcacfe <unknown>\n#10 0x562484be247c <unknown>\n#11 0x562484bca903 <unknown>\n#12 0x562484b9dece <unknown>\n#13 0x562484b9efde <unknown>\n#14 0x562484dff63e <unknown>\n#15 0x562484e02b79 <unknown>\n#16 0x562484de589e <unknown>\n#17 0x562484e03a83 <unknown>\n#18 0x562484dd8505 <unknown>\n#19 0x562484e24ca8 <unknown>\n#20 0x562484e24e36 <unknown>\n#21 0x562484e40333 <unknown>\n#22 0x7fb5eca9db43 <unknown>","statusTrace":"self = <tests.capital_page_test.Tests object at 0x7ff480d8fb20>\nworker_id = 'gw1'\nd = <selenium.webdriver.chrome.webdriver.WebDriver (session=\"07d34f0256125cf8f3c5cd29fd6ba18c\")>\ncur_login = 'Empty', cur_password = 'Empty', cur_role = 'NoReg'\ncur_language = 'da', cur_license = 'SEY'\n\n    @allure.feature(\"F_07 | Testing 'Why Capital.com?' banner. Not for 'En' language\")\n    @allure.story(\"S_07.01 | Testing 'Jetzt traden' button on the 'Warum Capital.com?' banner\")\n    @allure.step(f\"{datetime.datetime.now()}.   Start test button 'Jetzt traden' on 'Warum Capital.com?' banner.\")\n    @allure.title(\"TC_07_01 with parameters: {cur_role}, {cur_language}, {cur_license}\")\n    def test_07_01_banner_why_capital_button_trade_now(\n            self, worker_id, d, cur_login, cur_password, cur_role, cur_language, cur_license\n    ):\n        \"\"\"\n        Check: Banner [Warum Capital.com?] -> button [Jetzt traden]\n        Language: All, ecxept En. License: All.\n        \"\"\"\n        global test_link\n        global page\n    \n        print(f\"worker_id = {worker_id}\")\n    \n        if cur_language not in [\"\"]:\n>           self.preconditions(d, cur_login, cur_password, cur_role, cur_language, cur_license)\n\ntests/capital_page_test.py:796: \n_ _ _ _ _ _ _ _ _ _ _ _ _ _ _ _ _ _ _ _ _ _ _ _ _ _ _ _ _ _ _ _ _ _ _ _ _ _ _ _ \ntests/capital_page_test.py:65: in preconditions\n    page.button_accept_all_cookies_click()\npages/capital_com/capital_page.py:35: in button_accept_all_cookies_click\n    self.browser.find_element(*OnTrastLocators.BUTTON_ACCEPT_ALL_COOKIE).click()\n../../../.cache/pypoetry/virtualenvs/testcapitalcom-G_ZVEfM_-py3.10/lib/python3.10/site-packages/selenium/webdriver/remote/webelement.py:93: in click\n    self._execute(Command.CLICK_ELEMENT)\n../../../.cache/pypoetry/virtualenvs/testcapitalcom-G_ZVEfM_-py3.10/lib/python3.10/site-packages/selenium/webdriver/remote/webelement.py:410: in _execute\n    return self._parent.execute(command, params)\n../../../.cache/pypoetry/virtualenvs/testcapitalcom-G_ZVEfM_-py3.10/lib/python3.10/site-packages/selenium/webdriver/remote/webdriver.py:444: in execute\n    self.error_handler.check_response(response)\n_ _ _ _ _ _ _ _ _ _ _ _ _ _ _ _ _ _ _ _ _ _ _ _ _ _ _ _ _ _ _ _ _ _ _ _ _ _ _ _ \n\nself = <selenium.webdriver.remote.errorhandler.ErrorHandler object at 0x7ff47bb6faf0>\nresponse = {'status': 400, 'value': '{\"value\":{\"error\":\"element click intercepted\",\"message\":\"element click intercepted: Element ...\\\\n#20 0x562484e24e36 \\\\u003Cunknown>\\\\n#21 0x562484e40333 \\\\u003Cunknown>\\\\n#22 0x7fb5eca9db43 \\\\u003Cunknown>\\\\n\"}}'}\n\n    def check_response(self, response: Dict[str, Any]) -> None:\n        \"\"\"\n        Checks that a JSON response from the WebDriver does not have an error.\n    \n        :Args:\n         - response - The JSON response from the WebDriver server as a dictionary\n           object.\n    \n        :Raises: If the response contains an error message.\n        \"\"\"\n        status = response.get(\"status\", None)\n        if not status or status == ErrorCode.SUCCESS:\n            return\n        value = None\n        message = response.get(\"message\", \"\")\n        screen: str = response.get(\"screen\", \"\")\n        stacktrace = None\n        if isinstance(status, int):\n            value_json = response.get(\"value\", None)\n            if value_json and isinstance(value_json, str):\n                import json\n    \n                try:\n                    value = json.loads(value_json)\n                    if len(value.keys()) == 1:\n                        value = value[\"value\"]\n                    status = value.get(\"error\", None)\n                    if not status:\n                        status = value.get(\"status\", ErrorCode.UNKNOWN_ERROR)\n                        message = value.get(\"value\") or value.get(\"message\")\n                        if not isinstance(message, str):\n                            value = message\n                            message = message.get(\"message\")\n                    else:\n                        message = value.get(\"message\", None)\n                except ValueError:\n                    pass\n    \n        exception_class: Type[WebDriverException]\n        if status in ErrorCode.NO_SUCH_ELEMENT:\n            exception_class = NoSuchElementException\n        elif status in ErrorCode.NO_SUCH_FRAME:\n            exception_class = NoSuchFrameException\n        elif status in ErrorCode.NO_SUCH_SHADOW_ROOT:\n            exception_class = NoSuchShadowRootException\n        elif status in ErrorCode.NO_SUCH_WINDOW:\n            exception_class = NoSuchWindowException\n        elif status in ErrorCode.STALE_ELEMENT_REFERENCE:\n            exception_class = StaleElementReferenceException\n        elif status in ErrorCode.ELEMENT_NOT_VISIBLE:\n            exception_class = ElementNotVisibleException\n        elif status in ErrorCode.INVALID_ELEMENT_STATE:\n            exception_class = InvalidElementStateException\n        elif (\n            status in ErrorCode.INVALID_SELECTOR\n            or status in ErrorCode.INVALID_XPATH_SELECTOR\n            or status in ErrorCode.INVALID_XPATH_SELECTOR_RETURN_TYPER\n        ):\n            exception_class = InvalidSelectorException\n        elif status in ErrorCode.ELEMENT_IS_NOT_SELECTABLE:\n            exception_class = ElementNotSelectableException\n        elif status in ErrorCode.ELEMENT_NOT_INTERACTABLE:\n            exception_class = ElementNotInteractableException\n        elif status in ErrorCode.INVALID_COOKIE_DOMAIN:\n            exception_class = InvalidCookieDomainException\n        elif status in ErrorCode.UNABLE_TO_SET_COOKIE:\n            exception_class = UnableToSetCookieException\n        elif status in ErrorCode.TIMEOUT:\n            exception_class = TimeoutException\n        elif status in ErrorCode.SCRIPT_TIMEOUT:\n            exception_class = TimeoutException\n        elif status in ErrorCode.UNKNOWN_ERROR:\n            exception_class = WebDriverException\n        elif status in ErrorCode.UNEXPECTED_ALERT_OPEN:\n            exception_class = UnexpectedAlertPresentException\n        elif status in ErrorCode.NO_ALERT_OPEN:\n            exception_class = NoAlertPresentException\n        elif status in ErrorCode.IME_NOT_AVAILABLE:\n            exception_class = ImeNotAvailableException\n        elif status in ErrorCode.IME_ENGINE_ACTIVATION_FAILED:\n            exception_class = ImeActivationFailedException\n        elif status in ErrorCode.MOVE_TARGET_OUT_OF_BOUNDS:\n            exception_class = MoveTargetOutOfBoundsException\n        elif status in ErrorCode.JAVASCRIPT_ERROR:\n            exception_class = JavascriptException\n        elif status in ErrorCode.SESSION_NOT_CREATED:\n            exception_class = SessionNotCreatedException\n        elif status in ErrorCode.INVALID_ARGUMENT:\n            exception_class = InvalidArgumentException\n        elif status in ErrorCode.NO_SUCH_COOKIE:\n            exception_class = NoSuchCookieException\n        elif status in ErrorCode.UNABLE_TO_CAPTURE_SCREEN:\n            exception_class = ScreenshotException\n        elif status in ErrorCode.ELEMENT_CLICK_INTERCEPTED:\n            exception_class = ElementClickInterceptedException\n        elif status in ErrorCode.INSECURE_CERTIFICATE:\n            exception_class = InsecureCertificateException\n        elif status in ErrorCode.INVALID_COORDINATES:\n            exception_class = InvalidCoordinatesException\n        elif status in ErrorCode.INVALID_SESSION_ID:\n            exception_class = InvalidSessionIdException\n        elif status in ErrorCode.UNKNOWN_METHOD:\n            exception_class = UnknownMethodException\n        else:\n            exception_class = WebDriverException\n        if not value:\n            value = response[\"value\"]\n        if isinstance(value, str):\n            raise exception_class(value)\n        if message == \"\" and \"message\" in value:\n            message = value[\"message\"]\n    \n        screen = None  # type: ignore[assignment]\n        if \"screen\" in value:\n            screen = value[\"screen\"]\n    \n        stacktrace = None\n        st_value = value.get(\"stackTrace\") or value.get(\"stacktrace\")\n        if st_value:\n            if isinstance(st_value, str):\n                stacktrace = st_value.split(\"\\n\")\n            else:\n                stacktrace = []\n                try:\n                    for frame in st_value:\n                        line = frame.get(\"lineNumber\", \"\")\n                        file = frame.get(\"fileName\", \"<anonymous>\")\n                        if line:\n                            file = f\"{file}:{line}\"\n                        meth = frame.get(\"methodName\", \"<anonymous>\")\n                        if \"className\" in frame:\n                            meth = \"{}.{}\".format(frame[\"className\"], meth)\n                        msg = \"    at %s (%s)\"\n                        msg = msg % (meth, file)\n                        stacktrace.append(msg)\n                except TypeError:\n                    pass\n        if exception_class == UnexpectedAlertPresentException:\n            alert_text = None\n            if \"data\" in value:\n                alert_text = value[\"data\"].get(\"text\")\n            elif \"alert\" in value:\n                alert_text = value[\"alert\"].get(\"text\")\n            raise exception_class(message, screen, stacktrace, alert_text)  # type: ignore[call-arg]  # mypy is not smart enough here\n>       raise exception_class(message, screen, stacktrace)\nE       selenium.common.exceptions.ElementClickInterceptedException: Message: element click intercepted: Element is not clickable at point (1461, 1116)\nE         (Session info: headless chrome=108.0.5359.124)\nE       Stacktrace:\nE       #0 0x562484daf2a3 <unknown>\nE       #1 0x562484b6df77 <unknown>\nE       #2 0x562484bb10a9 <unknown>\nE       #3 0x562484baf18d <unknown>\nE       #4 0x562484bacd88 <unknown>\nE       #5 0x562484babf2d <unknown>\nE       #6 0x562484b9fdc5 <unknown>\nE       #7 0x562484bcab32 <unknown>\nE       #8 0x562484b9f61f <unknown>\nE       #9 0x562484bcacfe <unknown>\nE       #10 0x562484be247c <unknown>\nE       #11 0x562484bca903 <unknown>\nE       #12 0x562484b9dece <unknown>\nE       #13 0x562484b9efde <unknown>\nE       #14 0x562484dff63e <unknown>\nE       #15 0x562484e02b79 <unknown>\nE       #16 0x562484de589e <unknown>\nE       #17 0x562484e03a83 <unknown>\nE       #18 0x562484dd8505 <unknown>\nE       #19 0x562484e24ca8 <unknown>\nE       #20 0x562484e24e36 <unknown>\nE       #21 0x562484e40333 <unknown>\nE       #22 0x7fb5eca9db43 <unknown>\n\n../../../.cache/pypoetry/virtualenvs/testcapitalcom-G_ZVEfM_-py3.10/lib/python3.10/site-packages/selenium/webdriver/remote/errorhandler.py:249: ElementClickInterceptedException","steps":[{"name":"2023-01-18 21:07:49.670006.   Start test button 'Jetzt traden' on 'Warum Capital.com?' banner.","time":{"start":1674076074148,"stop":1674076081048,"duration":6900},"status":"broken","statusMessage":"selenium.common.exceptions.ElementClickInterceptedException: Message: element click intercepted: Element is not clickable at point (1461, 1116)\n  (Session info: headless chrome=108.0.5359.124)\nStacktrace:\n#0 0x562484daf2a3 <unknown>\n#1 0x562484b6df77 <unknown>\n#2 0x562484bb10a9 <unknown>\n#3 0x562484baf18d <unknown>\n#4 0x562484bacd88 <unknown>\n#5 0x562484babf2d <unknown>\n#6 0x562484b9fdc5 <unknown>\n#7 0x562484bcab32 <unknown>\n#8 0x562484b9f61f <unknown>\n#9 0x562484bcacfe <unknown>\n#10 0x562484be247c <unknown>\n#11 0x562484bca903 <unknown>\n#12 0x562484b9dece <unknown>\n#13 0x562484b9efde <unknown>\n#14 0x562484dff63e <unknown>\n#15 0x562484e02b79 <unknown>\n#16 0x562484de589e <unknown>\n#17 0x562484e03a83 <unknown>\n#18 0x562484dd8505 <unknown>\n#19 0x562484e24ca8 <unknown>\n#20 0x562484e24e36 <unknown>\n#21 0x562484e40333 <unknown>\n#22 0x7fb5eca9db43 <unknown>\n\n","statusTrace":"  File \"/home/runner/.cache/pypoetry/virtualenvs/testcapitalcom-G_ZVEfM_-py3.10/lib/python3.10/site-packages/allure_commons/_allure.py\", line 192, in impl\n    return func(*a, **kw)\n  File \"/home/runner/work/TestCapitalCom/TestCapitalCom/tests/capital_page_test.py\", line 796, in test_07_01_banner_why_capital_button_trade_now\n    self.preconditions(d, cur_login, cur_password, cur_role, cur_language, cur_license)\n  File \"/home/runner/.cache/pypoetry/virtualenvs/testcapitalcom-G_ZVEfM_-py3.10/lib/python3.10/site-packages/allure_commons/_allure.py\", line 192, in impl\n    return func(*a, **kw)\n  File \"/home/runner/work/TestCapitalCom/TestCapitalCom/tests/capital_page_test.py\", line 65, in preconditions\n    page.button_accept_all_cookies_click()\n  File \"/home/runner/.cache/pypoetry/virtualenvs/testcapitalcom-G_ZVEfM_-py3.10/lib/python3.10/site-packages/allure_commons/_allure.py\", line 192, in impl\n    return func(*a, **kw)\n  File \"/home/runner/work/TestCapitalCom/TestCapitalCom/pages/capital_com/capital_page.py\", line 35, in button_accept_all_cookies_click\n    self.browser.find_element(*OnTrastLocators.BUTTON_ACCEPT_ALL_COOKIE).click()\n  File \"/home/runner/.cache/pypoetry/virtualenvs/testcapitalcom-G_ZVEfM_-py3.10/lib/python3.10/site-packages/selenium/webdriver/remote/webelement.py\", line 93, in click\n    self._execute(Command.CLICK_ELEMENT)\n  File \"/home/runner/.cache/pypoetry/virtualenvs/testcapitalcom-G_ZVEfM_-py3.10/lib/python3.10/site-packages/selenium/webdriver/remote/webelement.py\", line 410, in _execute\n    return self._parent.execute(command, params)\n  File \"/home/runner/.cache/pypoetry/virtualenvs/testcapitalcom-G_ZVEfM_-py3.10/lib/python3.10/site-packages/selenium/webdriver/remote/webdriver.py\", line 444, in execute\n    self.error_handler.check_response(response)\n  File \"/home/runner/.cache/pypoetry/virtualenvs/testcapitalcom-G_ZVEfM_-py3.10/lib/python3.10/site-packages/selenium/webdriver/remote/errorhandler.py\", line 249, in check_response\n    raise exception_class(message, screen, stacktrace)\n","steps":[{"name":"2023-01-18 21:07:49.668926.   Set preconditions","time":{"start":1674076074149,"stop":1674076081048,"duration":6899},"status":"broken","statusMessage":"selenium.common.exceptions.ElementClickInterceptedException: Message: element click intercepted: Element is not clickable at point (1461, 1116)\n  (Session info: headless chrome=108.0.5359.124)\nStacktrace:\n#0 0x562484daf2a3 <unknown>\n#1 0x562484b6df77 <unknown>\n#2 0x562484bb10a9 <unknown>\n#3 0x562484baf18d <unknown>\n#4 0x562484bacd88 <unknown>\n#5 0x562484babf2d <unknown>\n#6 0x562484b9fdc5 <unknown>\n#7 0x562484bcab32 <unknown>\n#8 0x562484b9f61f <unknown>\n#9 0x562484bcacfe <unknown>\n#10 0x562484be247c <unknown>\n#11 0x562484bca903 <unknown>\n#12 0x562484b9dece <unknown>\n#13 0x562484b9efde <unknown>\n#14 0x562484dff63e <unknown>\n#15 0x562484e02b79 <unknown>\n#16 0x562484de589e <unknown>\n#17 0x562484e03a83 <unknown>\n#18 0x562484dd8505 <unknown>\n#19 0x562484e24ca8 <unknown>\n#20 0x562484e24e36 <unknown>\n#21 0x562484e40333 <unknown>\n#22 0x7fb5eca9db43 <unknown>\n\n","statusTrace":"  File \"/home/runner/.cache/pypoetry/virtualenvs/testcapitalcom-G_ZVEfM_-py3.10/lib/python3.10/site-packages/allure_commons/_allure.py\", line 192, in impl\n    return func(*a, **kw)\n  File \"/home/runner/work/TestCapitalCom/TestCapitalCom/tests/capital_page_test.py\", line 65, in preconditions\n    page.button_accept_all_cookies_click()\n  File \"/home/runner/.cache/pypoetry/virtualenvs/testcapitalcom-G_ZVEfM_-py3.10/lib/python3.10/site-packages/allure_commons/_allure.py\", line 192, in impl\n    return func(*a, **kw)\n  File \"/home/runner/work/TestCapitalCom/TestCapitalCom/pages/capital_com/capital_page.py\", line 35, in button_accept_all_cookies_click\n    self.browser.find_element(*OnTrastLocators.BUTTON_ACCEPT_ALL_COOKIE).click()\n  File \"/home/runner/.cache/pypoetry/virtualenvs/testcapitalcom-G_ZVEfM_-py3.10/lib/python3.10/site-packages/selenium/webdriver/remote/webelement.py\", line 93, in click\n    self._execute(Command.CLICK_ELEMENT)\n  File \"/home/runner/.cache/pypoetry/virtualenvs/testcapitalcom-G_ZVEfM_-py3.10/lib/python3.10/site-packages/selenium/webdriver/remote/webelement.py\", line 410, in _execute\n    return self._parent.execute(command, params)\n  File \"/home/runner/.cache/pypoetry/virtualenvs/testcapitalcom-G_ZVEfM_-py3.10/lib/python3.10/site-packages/selenium/webdriver/remote/webdriver.py\", line 444, in execute\n    self.error_handler.check_response(response)\n  File \"/home/runner/.cache/pypoetry/virtualenvs/testcapitalcom-G_ZVEfM_-py3.10/lib/python3.10/site-packages/selenium/webdriver/remote/errorhandler.py\", line 249, in check_response\n    raise exception_class(message, screen, stacktrace)\n","steps":[{"name":"2023-01-18 21:07:49.667750.   Accept all cookies.","time":{"start":1674076076962,"stop":1674076081047,"duration":4085},"status":"broken","statusMessage":"selenium.common.exceptions.ElementClickInterceptedException: Message: element click intercepted: Element is not clickable at point (1461, 1116)\n  (Session info: headless chrome=108.0.5359.124)\nStacktrace:\n#0 0x562484daf2a3 <unknown>\n#1 0x562484b6df77 <unknown>\n#2 0x562484bb10a9 <unknown>\n#3 0x562484baf18d <unknown>\n#4 0x562484bacd88 <unknown>\n#5 0x562484babf2d <unknown>\n#6 0x562484b9fdc5 <unknown>\n#7 0x562484bcab32 <unknown>\n#8 0x562484b9f61f <unknown>\n#9 0x562484bcacfe <unknown>\n#10 0x562484be247c <unknown>\n#11 0x562484bca903 <unknown>\n#12 0x562484b9dece <unknown>\n#13 0x562484b9efde <unknown>\n#14 0x562484dff63e <unknown>\n#15 0x562484e02b79 <unknown>\n#16 0x562484de589e <unknown>\n#17 0x562484e03a83 <unknown>\n#18 0x562484dd8505 <unknown>\n#19 0x562484e24ca8 <unknown>\n#20 0x562484e24e36 <unknown>\n#21 0x562484e40333 <unknown>\n#22 0x7fb5eca9db43 <unknown>\n\n","statusTrace":"  File \"/home/runner/.cache/pypoetry/virtualenvs/testcapitalcom-G_ZVEfM_-py3.10/lib/python3.10/site-packages/allure_commons/_allure.py\", line 192, in impl\n    return func(*a, **kw)\n  File \"/home/runner/work/TestCapitalCom/TestCapitalCom/pages/capital_com/capital_page.py\", line 35, in button_accept_all_cookies_click\n    self.browser.find_element(*OnTrastLocators.BUTTON_ACCEPT_ALL_COOKIE).click()\n  File \"/home/runner/.cache/pypoetry/virtualenvs/testcapitalcom-G_ZVEfM_-py3.10/lib/python3.10/site-packages/selenium/webdriver/remote/webelement.py\", line 93, in click\n    self._execute(Command.CLICK_ELEMENT)\n  File \"/home/runner/.cache/pypoetry/virtualenvs/testcapitalcom-G_ZVEfM_-py3.10/lib/python3.10/site-packages/selenium/webdriver/remote/webelement.py\", line 410, in _execute\n    return self._parent.execute(command, params)\n  File \"/home/runner/.cache/pypoetry/virtualenvs/testcapitalcom-G_ZVEfM_-py3.10/lib/python3.10/site-packages/selenium/webdriver/remote/webdriver.py\", line 444, in execute\n    self.error_handler.check_response(response)\n  File \"/home/runner/.cache/pypoetry/virtualenvs/testcapitalcom-G_ZVEfM_-py3.10/lib/python3.10/site-packages/selenium/webdriver/remote/errorhandler.py\", line 249, in check_response\n    raise exception_class(message, screen, stacktrace)\n","steps":[],"attachments":[],"parameters":[],"stepsCount":0,"attachmentsCount":0,"shouldDisplayMessage":true,"hasContent":true}],"attachments":[],"parameters":[{"name":"d","value":"<selenium.webdriver.chrome.webdriver.WebDriver (session=\"07d34f0256125cf8f3c5cd29fd6ba18c\")>"},{"name":"cur_login","value":"'Empty'"},{"name":"cur_password","value":"'Empty'"},{"name":"cur_role","value":"'NoReg'"},{"name":"cur_language","value":"'da'"},{"name":"cur_license","value":"'SEY'"}],"stepsCount":1,"attachmentsCount":0,"shouldDisplayMessage":false,"hasContent":true}],"attachments":[],"parameters":[{"name":"worker_id","value":"'gw1'"},{"name":"d","value":"<selenium.webdriver.chrome.webdriver.WebDriver (session=\"07d34f0256125cf8f3c5cd29fd6ba18c\")>"},{"name":"cur_login","value":"'Empty'"},{"name":"cur_password","value":"'Empty'"},{"name":"cur_role","value":"'NoReg'"},{"name":"cur_language","value":"'da'"},{"name":"cur_license","value":"'SEY'"}],"stepsCount":2,"attachmentsCount":0,"shouldDisplayMessage":false,"hasContent":true}],"attachments":[{"uid":"acb1654b1bec49d3","name":"Screeshot","source":"acb1654b1bec49d3.png","type":"image/png","size":2436139},{"uid":"f8a26fce26b3bd1b","name":"stdout","source":"f8a26fce26b3bd1b.txt","type":"text/plain","size":79}],"parameters":[],"stepsCount":3,"attachmentsCount":2,"shouldDisplayMessage":true,"hasContent":true},"afterStages":[{"name":"go::0","time":{"start":1674083015823,"stop":1674083016006,"duration":183},"status":"passed","steps":[],"attachments":[],"parameters":[],"stepsCount":0,"attachmentsCount":0,"shouldDisplayMessage":false,"hasContent":false}],"labels":[{"name":"story","value":"S_07.01 | Testing 'Jetzt traden' button on the 'Warum Capital.com?' banner"},{"name":"feature","value":"F_07 | Testing 'Why Capital.com?' banner. Not for 'En' language"},{"name":"epic","value":"Testing capital.com. All language. All license"},{"name":"parentSuite","value":"tests"},{"name":"suite","value":"capital_page_test"},{"name":"subSuite","value":"Tests"},{"name":"host","value":"fv-az166-654"},{"name":"thread","value":"3120-MainThread"},{"name":"framework","value":"pytest"},{"name":"language","value":"cpython3"},{"name":"package","value":"tests.capital_page_test"},{"name":"resultFormat","value":"allure2"}],"parameters":[{"name":"cur_language","value":"'da'"},{"name":"cur_license","value":"'SEY'"},{"name":"cur_login","value":"'Empty'"},{"name":"cur_password","value":"'Empty'"},{"name":"cur_role","value":"'NoReg'"},{"name":"go","value":"'chrome'"}],"links":[],"hidden":false,"retry":false,"extra":{"severity":"normal","retries":[],"categories":[{"name":"Test defects","matchedStatuses":[],"flaky":false}],"tags":[]},"source":"525197095a47c614.json","parameterValues":["'da'","'SEY'","'Empty'","'Empty'","'NoReg'","'chrome'"]}