{"uid":"5704aa4ac3fb389c","name":"TC_01_02 with parameters: NoReg, nl, NBRB","fullName":"tests.capital_page_test.Tests#test_01_02_header_button_trade_now","historyId":"c0a581827bd6a86d962dafb9a972831f","time":{"start":1674080383157,"stop":1674080393742,"duration":10585},"description":"\n        Check: Header -> button [Trade Now]\n        Language: All. License: All.\n        ","descriptionHtml":"<pre><code>    Check: Header -&gt; button [Trade Now]\n    Language: All. License: All.\n</code></pre>\n","status":"broken","statusMessage":"selenium.common.exceptions.NoSuchElementException: Message: no such element: Unable to locate element: {\"method\":\"css selector\",\"selector\":\".cc-header__wrap > #wphWrap > .js_signup\"}\n  (Session info: headless chrome=108.0.5359.124)\nStacktrace:\n#0 0x562484daf2a3 <unknown>\n#1 0x562484b6df77 <unknown>\n#2 0x562484baa80c <unknown>\n#3 0x562484baaa71 <unknown>\n#4 0x562484be4734 <unknown>\n#5 0x562484bcab5d <unknown>\n#6 0x562484be247c <unknown>\n#7 0x562484bca903 <unknown>\n#8 0x562484b9dece <unknown>\n#9 0x562484b9efde <unknown>\n#10 0x562484dff63e <unknown>\n#11 0x562484e02b79 <unknown>\n#12 0x562484de589e <unknown>\n#13 0x562484e03a83 <unknown>\n#14 0x562484dd8505 <unknown>\n#15 0x562484e24ca8 <unknown>\n#16 0x562484e24e36 <unknown>\n#17 0x562484e40333 <unknown>\n#18 0x7fb5eca9db43 <unknown>","statusTrace":"self = <tests.capital_page_test.Tests object at 0x7ff4819b25c0>\nworker_id = 'gw1'\nd = <selenium.webdriver.chrome.webdriver.WebDriver (session=\"07d34f0256125cf8f3c5cd29fd6ba18c\")>\ncur_login = 'Empty', cur_password = 'Empty', cur_role = 'NoReg'\ncur_language = 'nl', cur_license = 'NBRB'\n\n    @allure.feature(\"F_01 | Testing header\")\n    @allure.story(\"S_01.02 | Testing 'Trade Now' button on the header\")\n    @allure.step(f\"{datetime.datetime.now()}.   Start test button 'Trade Now' on header.\")\n    @allure.title(\"TC_01_02 with parameters: {cur_role}, {cur_language}, {cur_license}\")\n    def test_01_02_header_button_trade_now(\n            self, worker_id, d, cur_login, cur_password, cur_role, cur_language, cur_license\n    ):\n        \"\"\"\n        Check: Header -> button [Trade Now]\n        Language: All. License: All.\n        \"\"\"\n        global test_link\n        global page\n    \n        print(f\"worker_id = {worker_id}\")\n    \n        self.preconditions(d, cur_login, cur_password, cur_role, cur_language, cur_license)\n    \n        page = HeaderElement(d, test_link)\n        if not page.current_page_is(test_link):\n            page.open_page()\n            print(f\"{datetime.datetime.now()}   Load page: {test_link}\")\n    \n>       page.click_button_signup_on_header()\n\ntests/capital_page_test.py:146: \n_ _ _ _ _ _ _ _ _ _ _ _ _ _ _ _ _ _ _ _ _ _ _ _ _ _ _ _ _ _ _ _ _ _ _ _ _ _ _ _ \npages/capital_com/header_element.py:20: in click_button_signup_on_header\n    self.browser.find_element(*HeaderElementLocators.BUTTON_SIGNUP).click()\n../../../.cache/pypoetry/virtualenvs/testcapitalcom-G_ZVEfM_-py3.10/lib/python3.10/site-packages/selenium/webdriver/remote/webdriver.py:861: in find_element\n    return self.execute(Command.FIND_ELEMENT, {\"using\": by, \"value\": value})[\"value\"]\n../../../.cache/pypoetry/virtualenvs/testcapitalcom-G_ZVEfM_-py3.10/lib/python3.10/site-packages/selenium/webdriver/remote/webdriver.py:444: in execute\n    self.error_handler.check_response(response)\n_ _ _ _ _ _ _ _ _ _ _ _ _ _ _ _ _ _ _ _ _ _ _ _ _ _ _ _ _ _ _ _ _ _ _ _ _ _ _ _ \n\nself = <selenium.webdriver.remote.errorhandler.ErrorHandler object at 0x7ff47bb6faf0>\nresponse = {'status': 404, 'value': '{\"value\":{\"error\":\"no such element\",\"message\":\"no such element: Unable to locate element: {\\...\\\\n#16 0x562484e24e36 \\\\u003Cunknown>\\\\n#17 0x562484e40333 \\\\u003Cunknown>\\\\n#18 0x7fb5eca9db43 \\\\u003Cunknown>\\\\n\"}}'}\n\n    def check_response(self, response: Dict[str, Any]) -> None:\n        \"\"\"\n        Checks that a JSON response from the WebDriver does not have an error.\n    \n        :Args:\n         - response - The JSON response from the WebDriver server as a dictionary\n           object.\n    \n        :Raises: If the response contains an error message.\n        \"\"\"\n        status = response.get(\"status\", None)\n        if not status or status == ErrorCode.SUCCESS:\n            return\n        value = None\n        message = response.get(\"message\", \"\")\n        screen: str = response.get(\"screen\", \"\")\n        stacktrace = None\n        if isinstance(status, int):\n            value_json = response.get(\"value\", None)\n            if value_json and isinstance(value_json, str):\n                import json\n    \n                try:\n                    value = json.loads(value_json)\n                    if len(value.keys()) == 1:\n                        value = value[\"value\"]\n                    status = value.get(\"error\", None)\n                    if not status:\n                        status = value.get(\"status\", ErrorCode.UNKNOWN_ERROR)\n                        message = value.get(\"value\") or value.get(\"message\")\n                        if not isinstance(message, str):\n                            value = message\n                            message = message.get(\"message\")\n                    else:\n                        message = value.get(\"message\", None)\n                except ValueError:\n                    pass\n    \n        exception_class: Type[WebDriverException]\n        if status in ErrorCode.NO_SUCH_ELEMENT:\n            exception_class = NoSuchElementException\n        elif status in ErrorCode.NO_SUCH_FRAME:\n            exception_class = NoSuchFrameException\n        elif status in ErrorCode.NO_SUCH_SHADOW_ROOT:\n            exception_class = NoSuchShadowRootException\n        elif status in ErrorCode.NO_SUCH_WINDOW:\n            exception_class = NoSuchWindowException\n        elif status in ErrorCode.STALE_ELEMENT_REFERENCE:\n            exception_class = StaleElementReferenceException\n        elif status in ErrorCode.ELEMENT_NOT_VISIBLE:\n            exception_class = ElementNotVisibleException\n        elif status in ErrorCode.INVALID_ELEMENT_STATE:\n            exception_class = InvalidElementStateException\n        elif (\n            status in ErrorCode.INVALID_SELECTOR\n            or status in ErrorCode.INVALID_XPATH_SELECTOR\n            or status in ErrorCode.INVALID_XPATH_SELECTOR_RETURN_TYPER\n        ):\n            exception_class = InvalidSelectorException\n        elif status in ErrorCode.ELEMENT_IS_NOT_SELECTABLE:\n            exception_class = ElementNotSelectableException\n        elif status in ErrorCode.ELEMENT_NOT_INTERACTABLE:\n            exception_class = ElementNotInteractableException\n        elif status in ErrorCode.INVALID_COOKIE_DOMAIN:\n            exception_class = InvalidCookieDomainException\n        elif status in ErrorCode.UNABLE_TO_SET_COOKIE:\n            exception_class = UnableToSetCookieException\n        elif status in ErrorCode.TIMEOUT:\n            exception_class = TimeoutException\n        elif status in ErrorCode.SCRIPT_TIMEOUT:\n            exception_class = TimeoutException\n        elif status in ErrorCode.UNKNOWN_ERROR:\n            exception_class = WebDriverException\n        elif status in ErrorCode.UNEXPECTED_ALERT_OPEN:\n            exception_class = UnexpectedAlertPresentException\n        elif status in ErrorCode.NO_ALERT_OPEN:\n            exception_class = NoAlertPresentException\n        elif status in ErrorCode.IME_NOT_AVAILABLE:\n            exception_class = ImeNotAvailableException\n        elif status in ErrorCode.IME_ENGINE_ACTIVATION_FAILED:\n            exception_class = ImeActivationFailedException\n        elif status in ErrorCode.MOVE_TARGET_OUT_OF_BOUNDS:\n            exception_class = MoveTargetOutOfBoundsException\n        elif status in ErrorCode.JAVASCRIPT_ERROR:\n            exception_class = JavascriptException\n        elif status in ErrorCode.SESSION_NOT_CREATED:\n            exception_class = SessionNotCreatedException\n        elif status in ErrorCode.INVALID_ARGUMENT:\n            exception_class = InvalidArgumentException\n        elif status in ErrorCode.NO_SUCH_COOKIE:\n            exception_class = NoSuchCookieException\n        elif status in ErrorCode.UNABLE_TO_CAPTURE_SCREEN:\n            exception_class = ScreenshotException\n        elif status in ErrorCode.ELEMENT_CLICK_INTERCEPTED:\n            exception_class = ElementClickInterceptedException\n        elif status in ErrorCode.INSECURE_CERTIFICATE:\n            exception_class = InsecureCertificateException\n        elif status in ErrorCode.INVALID_COORDINATES:\n            exception_class = InvalidCoordinatesException\n        elif status in ErrorCode.INVALID_SESSION_ID:\n            exception_class = InvalidSessionIdException\n        elif status in ErrorCode.UNKNOWN_METHOD:\n            exception_class = UnknownMethodException\n        else:\n            exception_class = WebDriverException\n        if not value:\n            value = response[\"value\"]\n        if isinstance(value, str):\n            raise exception_class(value)\n        if message == \"\" and \"message\" in value:\n            message = value[\"message\"]\n    \n        screen = None  # type: ignore[assignment]\n        if \"screen\" in value:\n            screen = value[\"screen\"]\n    \n        stacktrace = None\n        st_value = value.get(\"stackTrace\") or value.get(\"stacktrace\")\n        if st_value:\n            if isinstance(st_value, str):\n                stacktrace = st_value.split(\"\\n\")\n            else:\n                stacktrace = []\n                try:\n                    for frame in st_value:\n                        line = frame.get(\"lineNumber\", \"\")\n                        file = frame.get(\"fileName\", \"<anonymous>\")\n                        if line:\n                            file = f\"{file}:{line}\"\n                        meth = frame.get(\"methodName\", \"<anonymous>\")\n                        if \"className\" in frame:\n                            meth = \"{}.{}\".format(frame[\"className\"], meth)\n                        msg = \"    at %s (%s)\"\n                        msg = msg % (meth, file)\n                        stacktrace.append(msg)\n                except TypeError:\n                    pass\n        if exception_class == UnexpectedAlertPresentException:\n            alert_text = None\n            if \"data\" in value:\n                alert_text = value[\"data\"].get(\"text\")\n            elif \"alert\" in value:\n                alert_text = value[\"alert\"].get(\"text\")\n            raise exception_class(message, screen, stacktrace, alert_text)  # type: ignore[call-arg]  # mypy is not smart enough here\n>       raise exception_class(message, screen, stacktrace)\nE       selenium.common.exceptions.NoSuchElementException: Message: no such element: Unable to locate element: {\"method\":\"css selector\",\"selector\":\".cc-header__wrap > #wphWrap > .js_signup\"}\nE         (Session info: headless chrome=108.0.5359.124)\nE       Stacktrace:\nE       #0 0x562484daf2a3 <unknown>\nE       #1 0x562484b6df77 <unknown>\nE       #2 0x562484baa80c <unknown>\nE       #3 0x562484baaa71 <unknown>\nE       #4 0x562484be4734 <unknown>\nE       #5 0x562484bcab5d <unknown>\nE       #6 0x562484be247c <unknown>\nE       #7 0x562484bca903 <unknown>\nE       #8 0x562484b9dece <unknown>\nE       #9 0x562484b9efde <unknown>\nE       #10 0x562484dff63e <unknown>\nE       #11 0x562484e02b79 <unknown>\nE       #12 0x562484de589e <unknown>\nE       #13 0x562484e03a83 <unknown>\nE       #14 0x562484dd8505 <unknown>\nE       #15 0x562484e24ca8 <unknown>\nE       #16 0x562484e24e36 <unknown>\nE       #17 0x562484e40333 <unknown>\nE       #18 0x7fb5eca9db43 <unknown>\n\n../../../.cache/pypoetry/virtualenvs/testcapitalcom-G_ZVEfM_-py3.10/lib/python3.10/site-packages/selenium/webdriver/remote/errorhandler.py:249: NoSuchElementException","flaky":false,"newFailed":false,"newBroken":true,"newPassed":false,"retriesCount":0,"retriesStatusChange":false,"beforeStages":[{"name":"d","time":{"start":1674076072481,"stop":1674076074125,"duration":1644},"status":"passed","steps":[],"attachments":[],"parameters":[],"stepsCount":0,"attachmentsCount":0,"shouldDisplayMessage":false,"hasContent":false},{"name":"browser","time":{"start":1674076072481,"stop":1674076072481,"duration":0},"status":"passed","steps":[],"attachments":[],"parameters":[],"stepsCount":0,"attachmentsCount":0,"shouldDisplayMessage":false,"hasContent":false},{"name":"worker_id","time":{"start":1674076072481,"stop":1674076072481,"duration":0},"status":"passed","steps":[],"attachments":[],"parameters":[],"stepsCount":0,"attachmentsCount":0,"shouldDisplayMessage":false,"hasContent":false},{"name":"go","time":{"start":1674076074125,"stop":1674076074126,"duration":1},"status":"passed","steps":[],"attachments":[],"parameters":[],"stepsCount":0,"attachmentsCount":0,"shouldDisplayMessage":false,"hasContent":false},{"name":"cur_role","time":{"start":1674076074126,"stop":1674076074126,"duration":0},"status":"passed","steps":[],"attachments":[],"parameters":[],"stepsCount":0,"attachmentsCount":0,"shouldDisplayMessage":false,"hasContent":false},{"name":"cur_language","time":{"start":1674080189913,"stop":1674080189913,"duration":0},"status":"passed","steps":[],"attachments":[],"parameters":[],"stepsCount":0,"attachmentsCount":0,"shouldDisplayMessage":false,"hasContent":false},{"name":"cur_license","time":{"start":1674080368790,"stop":1674080368790,"duration":0},"status":"passed","steps":[],"attachments":[],"parameters":[],"stepsCount":0,"attachmentsCount":0,"shouldDisplayMessage":false,"hasContent":false}],"testStage":{"description":"\n        Check: Header -> button [Trade Now]\n        Language: All. License: All.\n        ","status":"broken","statusMessage":"selenium.common.exceptions.NoSuchElementException: Message: no such element: Unable to locate element: {\"method\":\"css selector\",\"selector\":\".cc-header__wrap > #wphWrap > .js_signup\"}\n  (Session info: headless chrome=108.0.5359.124)\nStacktrace:\n#0 0x562484daf2a3 <unknown>\n#1 0x562484b6df77 <unknown>\n#2 0x562484baa80c <unknown>\n#3 0x562484baaa71 <unknown>\n#4 0x562484be4734 <unknown>\n#5 0x562484bcab5d <unknown>\n#6 0x562484be247c <unknown>\n#7 0x562484bca903 <unknown>\n#8 0x562484b9dece <unknown>\n#9 0x562484b9efde <unknown>\n#10 0x562484dff63e <unknown>\n#11 0x562484e02b79 <unknown>\n#12 0x562484de589e <unknown>\n#13 0x562484e03a83 <unknown>\n#14 0x562484dd8505 <unknown>\n#15 0x562484e24ca8 <unknown>\n#16 0x562484e24e36 <unknown>\n#17 0x562484e40333 <unknown>\n#18 0x7fb5eca9db43 <unknown>","statusTrace":"self = <tests.capital_page_test.Tests object at 0x7ff4819b25c0>\nworker_id = 'gw1'\nd = <selenium.webdriver.chrome.webdriver.WebDriver (session=\"07d34f0256125cf8f3c5cd29fd6ba18c\")>\ncur_login = 'Empty', cur_password = 'Empty', cur_role = 'NoReg'\ncur_language = 'nl', cur_license = 'NBRB'\n\n    @allure.feature(\"F_01 | Testing header\")\n    @allure.story(\"S_01.02 | Testing 'Trade Now' button on the header\")\n    @allure.step(f\"{datetime.datetime.now()}.   Start test button 'Trade Now' on header.\")\n    @allure.title(\"TC_01_02 with parameters: {cur_role}, {cur_language}, {cur_license}\")\n    def test_01_02_header_button_trade_now(\n            self, worker_id, d, cur_login, cur_password, cur_role, cur_language, cur_license\n    ):\n        \"\"\"\n        Check: Header -> button [Trade Now]\n        Language: All. License: All.\n        \"\"\"\n        global test_link\n        global page\n    \n        print(f\"worker_id = {worker_id}\")\n    \n        self.preconditions(d, cur_login, cur_password, cur_role, cur_language, cur_license)\n    \n        page = HeaderElement(d, test_link)\n        if not page.current_page_is(test_link):\n            page.open_page()\n            print(f\"{datetime.datetime.now()}   Load page: {test_link}\")\n    \n>       page.click_button_signup_on_header()\n\ntests/capital_page_test.py:146: \n_ _ _ _ _ _ _ _ _ _ _ _ _ _ _ _ _ _ _ _ _ _ _ _ _ _ _ _ _ _ _ _ _ _ _ _ _ _ _ _ \npages/capital_com/header_element.py:20: in click_button_signup_on_header\n    self.browser.find_element(*HeaderElementLocators.BUTTON_SIGNUP).click()\n../../../.cache/pypoetry/virtualenvs/testcapitalcom-G_ZVEfM_-py3.10/lib/python3.10/site-packages/selenium/webdriver/remote/webdriver.py:861: in find_element\n    return self.execute(Command.FIND_ELEMENT, {\"using\": by, \"value\": value})[\"value\"]\n../../../.cache/pypoetry/virtualenvs/testcapitalcom-G_ZVEfM_-py3.10/lib/python3.10/site-packages/selenium/webdriver/remote/webdriver.py:444: in execute\n    self.error_handler.check_response(response)\n_ _ _ _ _ _ _ _ _ _ _ _ _ _ _ _ _ _ _ _ _ _ _ _ _ _ _ _ _ _ _ _ _ _ _ _ _ _ _ _ \n\nself = <selenium.webdriver.remote.errorhandler.ErrorHandler object at 0x7ff47bb6faf0>\nresponse = {'status': 404, 'value': '{\"value\":{\"error\":\"no such element\",\"message\":\"no such element: Unable to locate element: {\\...\\\\n#16 0x562484e24e36 \\\\u003Cunknown>\\\\n#17 0x562484e40333 \\\\u003Cunknown>\\\\n#18 0x7fb5eca9db43 \\\\u003Cunknown>\\\\n\"}}'}\n\n    def check_response(self, response: Dict[str, Any]) -> None:\n        \"\"\"\n        Checks that a JSON response from the WebDriver does not have an error.\n    \n        :Args:\n         - response - The JSON response from the WebDriver server as a dictionary\n           object.\n    \n        :Raises: If the response contains an error message.\n        \"\"\"\n        status = response.get(\"status\", None)\n        if not status or status == ErrorCode.SUCCESS:\n            return\n        value = None\n        message = response.get(\"message\", \"\")\n        screen: str = response.get(\"screen\", \"\")\n        stacktrace = None\n        if isinstance(status, int):\n            value_json = response.get(\"value\", None)\n            if value_json and isinstance(value_json, str):\n                import json\n    \n                try:\n                    value = json.loads(value_json)\n                    if len(value.keys()) == 1:\n                        value = value[\"value\"]\n                    status = value.get(\"error\", None)\n                    if not status:\n                        status = value.get(\"status\", ErrorCode.UNKNOWN_ERROR)\n                        message = value.get(\"value\") or value.get(\"message\")\n                        if not isinstance(message, str):\n                            value = message\n                            message = message.get(\"message\")\n                    else:\n                        message = value.get(\"message\", None)\n                except ValueError:\n                    pass\n    \n        exception_class: Type[WebDriverException]\n        if status in ErrorCode.NO_SUCH_ELEMENT:\n            exception_class = NoSuchElementException\n        elif status in ErrorCode.NO_SUCH_FRAME:\n            exception_class = NoSuchFrameException\n        elif status in ErrorCode.NO_SUCH_SHADOW_ROOT:\n            exception_class = NoSuchShadowRootException\n        elif status in ErrorCode.NO_SUCH_WINDOW:\n            exception_class = NoSuchWindowException\n        elif status in ErrorCode.STALE_ELEMENT_REFERENCE:\n            exception_class = StaleElementReferenceException\n        elif status in ErrorCode.ELEMENT_NOT_VISIBLE:\n            exception_class = ElementNotVisibleException\n        elif status in ErrorCode.INVALID_ELEMENT_STATE:\n            exception_class = InvalidElementStateException\n        elif (\n            status in ErrorCode.INVALID_SELECTOR\n            or status in ErrorCode.INVALID_XPATH_SELECTOR\n            or status in ErrorCode.INVALID_XPATH_SELECTOR_RETURN_TYPER\n        ):\n            exception_class = InvalidSelectorException\n        elif status in ErrorCode.ELEMENT_IS_NOT_SELECTABLE:\n            exception_class = ElementNotSelectableException\n        elif status in ErrorCode.ELEMENT_NOT_INTERACTABLE:\n            exception_class = ElementNotInteractableException\n        elif status in ErrorCode.INVALID_COOKIE_DOMAIN:\n            exception_class = InvalidCookieDomainException\n        elif status in ErrorCode.UNABLE_TO_SET_COOKIE:\n            exception_class = UnableToSetCookieException\n        elif status in ErrorCode.TIMEOUT:\n            exception_class = TimeoutException\n        elif status in ErrorCode.SCRIPT_TIMEOUT:\n            exception_class = TimeoutException\n        elif status in ErrorCode.UNKNOWN_ERROR:\n            exception_class = WebDriverException\n        elif status in ErrorCode.UNEXPECTED_ALERT_OPEN:\n            exception_class = UnexpectedAlertPresentException\n        elif status in ErrorCode.NO_ALERT_OPEN:\n            exception_class = NoAlertPresentException\n        elif status in ErrorCode.IME_NOT_AVAILABLE:\n            exception_class = ImeNotAvailableException\n        elif status in ErrorCode.IME_ENGINE_ACTIVATION_FAILED:\n            exception_class = ImeActivationFailedException\n        elif status in ErrorCode.MOVE_TARGET_OUT_OF_BOUNDS:\n            exception_class = MoveTargetOutOfBoundsException\n        elif status in ErrorCode.JAVASCRIPT_ERROR:\n            exception_class = JavascriptException\n        elif status in ErrorCode.SESSION_NOT_CREATED:\n            exception_class = SessionNotCreatedException\n        elif status in ErrorCode.INVALID_ARGUMENT:\n            exception_class = InvalidArgumentException\n        elif status in ErrorCode.NO_SUCH_COOKIE:\n            exception_class = NoSuchCookieException\n        elif status in ErrorCode.UNABLE_TO_CAPTURE_SCREEN:\n            exception_class = ScreenshotException\n        elif status in ErrorCode.ELEMENT_CLICK_INTERCEPTED:\n            exception_class = ElementClickInterceptedException\n        elif status in ErrorCode.INSECURE_CERTIFICATE:\n            exception_class = InsecureCertificateException\n        elif status in ErrorCode.INVALID_COORDINATES:\n            exception_class = InvalidCoordinatesException\n        elif status in ErrorCode.INVALID_SESSION_ID:\n            exception_class = InvalidSessionIdException\n        elif status in ErrorCode.UNKNOWN_METHOD:\n            exception_class = UnknownMethodException\n        else:\n            exception_class = WebDriverException\n        if not value:\n            value = response[\"value\"]\n        if isinstance(value, str):\n            raise exception_class(value)\n        if message == \"\" and \"message\" in value:\n            message = value[\"message\"]\n    \n        screen = None  # type: ignore[assignment]\n        if \"screen\" in value:\n            screen = value[\"screen\"]\n    \n        stacktrace = None\n        st_value = value.get(\"stackTrace\") or value.get(\"stacktrace\")\n        if st_value:\n            if isinstance(st_value, str):\n                stacktrace = st_value.split(\"\\n\")\n            else:\n                stacktrace = []\n                try:\n                    for frame in st_value:\n                        line = frame.get(\"lineNumber\", \"\")\n                        file = frame.get(\"fileName\", \"<anonymous>\")\n                        if line:\n                            file = f\"{file}:{line}\"\n                        meth = frame.get(\"methodName\", \"<anonymous>\")\n                        if \"className\" in frame:\n                            meth = \"{}.{}\".format(frame[\"className\"], meth)\n                        msg = \"    at %s (%s)\"\n                        msg = msg % (meth, file)\n                        stacktrace.append(msg)\n                except TypeError:\n                    pass\n        if exception_class == UnexpectedAlertPresentException:\n            alert_text = None\n            if \"data\" in value:\n                alert_text = value[\"data\"].get(\"text\")\n            elif \"alert\" in value:\n                alert_text = value[\"alert\"].get(\"text\")\n            raise exception_class(message, screen, stacktrace, alert_text)  # type: ignore[call-arg]  # mypy is not smart enough here\n>       raise exception_class(message, screen, stacktrace)\nE       selenium.common.exceptions.NoSuchElementException: Message: no such element: Unable to locate element: {\"method\":\"css selector\",\"selector\":\".cc-header__wrap > #wphWrap > .js_signup\"}\nE         (Session info: headless chrome=108.0.5359.124)\nE       Stacktrace:\nE       #0 0x562484daf2a3 <unknown>\nE       #1 0x562484b6df77 <unknown>\nE       #2 0x562484baa80c <unknown>\nE       #3 0x562484baaa71 <unknown>\nE       #4 0x562484be4734 <unknown>\nE       #5 0x562484bcab5d <unknown>\nE       #6 0x562484be247c <unknown>\nE       #7 0x562484bca903 <unknown>\nE       #8 0x562484b9dece <unknown>\nE       #9 0x562484b9efde <unknown>\nE       #10 0x562484dff63e <unknown>\nE       #11 0x562484e02b79 <unknown>\nE       #12 0x562484de589e <unknown>\nE       #13 0x562484e03a83 <unknown>\nE       #14 0x562484dd8505 <unknown>\nE       #15 0x562484e24ca8 <unknown>\nE       #16 0x562484e24e36 <unknown>\nE       #17 0x562484e40333 <unknown>\nE       #18 0x7fb5eca9db43 <unknown>\n\n../../../.cache/pypoetry/virtualenvs/testcapitalcom-G_ZVEfM_-py3.10/lib/python3.10/site-packages/selenium/webdriver/remote/errorhandler.py:249: NoSuchElementException","steps":[{"name":"2023-01-18 21:07:49.669061.   Start test button 'Trade Now' on header.","time":{"start":1674080383157,"stop":1674080393742,"duration":10585},"status":"broken","statusMessage":"selenium.common.exceptions.NoSuchElementException: Message: no such element: Unable to locate element: {\"method\":\"css selector\",\"selector\":\".cc-header__wrap > #wphWrap > .js_signup\"}\n  (Session info: headless chrome=108.0.5359.124)\nStacktrace:\n#0 0x562484daf2a3 <unknown>\n#1 0x562484b6df77 <unknown>\n#2 0x562484baa80c <unknown>\n#3 0x562484baaa71 <unknown>\n#4 0x562484be4734 <unknown>\n#5 0x562484bcab5d <unknown>\n#6 0x562484be247c <unknown>\n#7 0x562484bca903 <unknown>\n#8 0x562484b9dece <unknown>\n#9 0x562484b9efde <unknown>\n#10 0x562484dff63e <unknown>\n#11 0x562484e02b79 <unknown>\n#12 0x562484de589e <unknown>\n#13 0x562484e03a83 <unknown>\n#14 0x562484dd8505 <unknown>\n#15 0x562484e24ca8 <unknown>\n#16 0x562484e24e36 <unknown>\n#17 0x562484e40333 <unknown>\n#18 0x7fb5eca9db43 <unknown>\n\n","statusTrace":"  File \"/home/runner/.cache/pypoetry/virtualenvs/testcapitalcom-G_ZVEfM_-py3.10/lib/python3.10/site-packages/allure_commons/_allure.py\", line 192, in impl\n    return func(*a, **kw)\n  File \"/home/runner/work/TestCapitalCom/TestCapitalCom/tests/capital_page_test.py\", line 146, in test_01_02_header_button_trade_now\n    page.click_button_signup_on_header()\n  File \"/home/runner/.cache/pypoetry/virtualenvs/testcapitalcom-G_ZVEfM_-py3.10/lib/python3.10/site-packages/allure_commons/_allure.py\", line 192, in impl\n    return func(*a, **kw)\n  File \"/home/runner/work/TestCapitalCom/TestCapitalCom/pages/capital_com/header_element.py\", line 20, in click_button_signup_on_header\n    self.browser.find_element(*HeaderElementLocators.BUTTON_SIGNUP).click()\n  File \"/home/runner/.cache/pypoetry/virtualenvs/testcapitalcom-G_ZVEfM_-py3.10/lib/python3.10/site-packages/selenium/webdriver/remote/webdriver.py\", line 861, in find_element\n    return self.execute(Command.FIND_ELEMENT, {\"using\": by, \"value\": value})[\"value\"]\n  File \"/home/runner/.cache/pypoetry/virtualenvs/testcapitalcom-G_ZVEfM_-py3.10/lib/python3.10/site-packages/selenium/webdriver/remote/webdriver.py\", line 444, in execute\n    self.error_handler.check_response(response)\n  File \"/home/runner/.cache/pypoetry/virtualenvs/testcapitalcom-G_ZVEfM_-py3.10/lib/python3.10/site-packages/selenium/webdriver/remote/errorhandler.py\", line 249, in check_response\n    raise exception_class(message, screen, stacktrace)\n","steps":[{"name":"2023-01-18 21:07:49.668926.   Set preconditions","time":{"start":1674080383158,"stop":1674080383158,"duration":0},"status":"passed","steps":[],"attachments":[],"parameters":[{"name":"d","value":"<selenium.webdriver.chrome.webdriver.WebDriver (session=\"07d34f0256125cf8f3c5cd29fd6ba18c\")>"},{"name":"cur_login","value":"'Empty'"},{"name":"cur_password","value":"'Empty'"},{"name":"cur_role","value":"'NoReg'"},{"name":"cur_language","value":"'nl'"},{"name":"cur_license","value":"'NBRB'"}],"stepsCount":0,"attachmentsCount":0,"shouldDisplayMessage":false,"hasContent":true},{"name":"2023-01-18 21:07:49.668534.   Click 'Trade Now' button.","time":{"start":1674080383161,"stop":1674080393742,"duration":10581},"status":"broken","statusMessage":"selenium.common.exceptions.NoSuchElementException: Message: no such element: Unable to locate element: {\"method\":\"css selector\",\"selector\":\".cc-header__wrap > #wphWrap > .js_signup\"}\n  (Session info: headless chrome=108.0.5359.124)\nStacktrace:\n#0 0x562484daf2a3 <unknown>\n#1 0x562484b6df77 <unknown>\n#2 0x562484baa80c <unknown>\n#3 0x562484baaa71 <unknown>\n#4 0x562484be4734 <unknown>\n#5 0x562484bcab5d <unknown>\n#6 0x562484be247c <unknown>\n#7 0x562484bca903 <unknown>\n#8 0x562484b9dece <unknown>\n#9 0x562484b9efde <unknown>\n#10 0x562484dff63e <unknown>\n#11 0x562484e02b79 <unknown>\n#12 0x562484de589e <unknown>\n#13 0x562484e03a83 <unknown>\n#14 0x562484dd8505 <unknown>\n#15 0x562484e24ca8 <unknown>\n#16 0x562484e24e36 <unknown>\n#17 0x562484e40333 <unknown>\n#18 0x7fb5eca9db43 <unknown>\n\n","statusTrace":"  File \"/home/runner/.cache/pypoetry/virtualenvs/testcapitalcom-G_ZVEfM_-py3.10/lib/python3.10/site-packages/allure_commons/_allure.py\", line 192, in impl\n    return func(*a, **kw)\n  File \"/home/runner/work/TestCapitalCom/TestCapitalCom/pages/capital_com/header_element.py\", line 20, in click_button_signup_on_header\n    self.browser.find_element(*HeaderElementLocators.BUTTON_SIGNUP).click()\n  File \"/home/runner/.cache/pypoetry/virtualenvs/testcapitalcom-G_ZVEfM_-py3.10/lib/python3.10/site-packages/selenium/webdriver/remote/webdriver.py\", line 861, in find_element\n    return self.execute(Command.FIND_ELEMENT, {\"using\": by, \"value\": value})[\"value\"]\n  File \"/home/runner/.cache/pypoetry/virtualenvs/testcapitalcom-G_ZVEfM_-py3.10/lib/python3.10/site-packages/selenium/webdriver/remote/webdriver.py\", line 444, in execute\n    self.error_handler.check_response(response)\n  File \"/home/runner/.cache/pypoetry/virtualenvs/testcapitalcom-G_ZVEfM_-py3.10/lib/python3.10/site-packages/selenium/webdriver/remote/errorhandler.py\", line 249, in check_response\n    raise exception_class(message, screen, stacktrace)\n","steps":[],"attachments":[],"parameters":[],"stepsCount":0,"attachmentsCount":0,"shouldDisplayMessage":true,"hasContent":true}],"attachments":[],"parameters":[{"name":"worker_id","value":"'gw1'"},{"name":"d","value":"<selenium.webdriver.chrome.webdriver.WebDriver (session=\"07d34f0256125cf8f3c5cd29fd6ba18c\")>"},{"name":"cur_login","value":"'Empty'"},{"name":"cur_password","value":"'Empty'"},{"name":"cur_role","value":"'NoReg'"},{"name":"cur_language","value":"'nl'"},{"name":"cur_license","value":"'NBRB'"}],"stepsCount":2,"attachmentsCount":0,"shouldDisplayMessage":false,"hasContent":true}],"attachments":[{"uid":"ed01a2a4228c9e16","name":"Screeshot","source":"ed01a2a4228c9e16.png","type":"image/png","size":178793},{"uid":"d55aebb0af1b8ae6","name":"log","source":"d55aebb0af1b8ae6.txt","type":"text/plain","size":1277},{"uid":"3dc83be4c0cbaa7c","name":"stdout","source":"3dc83be4c0cbaa7c.txt","type":"text/plain","size":16}],"parameters":[],"stepsCount":3,"attachmentsCount":3,"shouldDisplayMessage":true,"hasContent":true},"afterStages":[{"name":"go::0","time":{"start":1674083015823,"stop":1674083016006,"duration":183},"status":"passed","steps":[],"attachments":[],"parameters":[],"stepsCount":0,"attachmentsCount":0,"shouldDisplayMessage":false,"hasContent":false}],"labels":[{"name":"epic","value":"Testing capital.com. All language. All license"},{"name":"story","value":"S_01.02 | Testing 'Trade Now' button on the header"},{"name":"feature","value":"F_01 | Testing header"},{"name":"parentSuite","value":"tests"},{"name":"suite","value":"capital_page_test"},{"name":"subSuite","value":"Tests"},{"name":"host","value":"fv-az166-654"},{"name":"thread","value":"3120-MainThread"},{"name":"framework","value":"pytest"},{"name":"language","value":"cpython3"},{"name":"package","value":"tests.capital_page_test"},{"name":"resultFormat","value":"allure2"}],"parameters":[{"name":"cur_language","value":"'nl'"},{"name":"cur_license","value":"'NBRB'"},{"name":"cur_login","value":"'Empty'"},{"name":"cur_password","value":"'Empty'"},{"name":"cur_role","value":"'NoReg'"},{"name":"go","value":"'chrome'"}],"links":[],"hidden":false,"retry":false,"extra":{"severity":"normal","retries":[],"categories":[{"name":"Test defects","matchedStatuses":[],"flaky":false}],"history":{"statistic":{"failed":0,"broken":1,"skipped":0,"passed":1,"unknown":0,"total":2},"items":[{"uid":"f22f2ba0b09f534d","reportUrl":"https://AlexTom22.github.io/TestCapitalCom/4//#testresult/f22f2ba0b09f534d","status":"passed","time":{"start":1673913444455,"stop":1673913444732,"duration":277}}]},"tags":[]},"source":"5704aa4ac3fb389c.json","parameterValues":["'nl'","'NBRB'","'Empty'","'Empty'","'NoReg'","'chrome'"]}