{"uid":"95076339d53afd84","name":"TC_01_01 with parameters: NoReg, lv, SEY","fullName":"tests.capital_page_test.Tests#test_01_01_header_button_login","historyId":"b1429006167c43500b44a934d823fb08","time":{"start":1674080373920,"stop":1674080385553,"duration":11633},"description":"\n        Check: Header -> button [Log In]\n        Language: All. License: All.\n        ","descriptionHtml":"<pre><code>    Check: Header -&gt; button [Log In]\n    Language: All. License: All.\n</code></pre>\n","status":"broken","statusMessage":"selenium.common.exceptions.NoSuchElementException: Message: no such element: Unable to locate element: {\"method\":\"css selector\",\"selector\":\"div.cc-header__wrap > div#wphWrap a#wg_loginBtn\"}\n  (Session info: headless chrome=108.0.5359.124)\nStacktrace:\n#0 0x555f08b062a3 <unknown>\n#1 0x555f088c4f77 <unknown>\n#2 0x555f0890180c <unknown>\n#3 0x555f08901a71 <unknown>\n#4 0x555f0893b734 <unknown>\n#5 0x555f08921b5d <unknown>\n#6 0x555f0893947c <unknown>\n#7 0x555f08921903 <unknown>\n#8 0x555f088f4ece <unknown>\n#9 0x555f088f5fde <unknown>\n#10 0x555f08b5663e <unknown>\n#11 0x555f08b59b79 <unknown>\n#12 0x555f08b3c89e <unknown>\n#13 0x555f08b5aa83 <unknown>\n#14 0x555f08b2f505 <unknown>\n#15 0x555f08b7bca8 <unknown>\n#16 0x555f08b7be36 <unknown>\n#17 0x555f08b97333 <unknown>\n#18 0x7f72f3811b43 <unknown>","statusTrace":"self = <tests.capital_page_test.Tests object at 0x7fdc048c2a70>\nworker_id = 'gw0'\nd = <selenium.webdriver.chrome.webdriver.WebDriver (session=\"9428c18f486894e9d4b9529c36268fc0\")>\ncur_login = 'Empty', cur_password = 'Empty', cur_language = 'lv'\ncur_license = 'SEY', cur_role = 'NoReg'\n\n    @allure.feature(\"F_01 | Testing header\")\n    @allure.story(\"S_01.01 | Testing 'Log In' button on the header\")\n    @allure.step(f\"{datetime.datetime.now()}.   Start test button 'Log In' on header.\")\n    @allure.title(\"TC_01_01 with parameters: {cur_role}, {cur_language}, {cur_license}\")\n    def test_01_01_header_button_login(\n            self, worker_id, d, cur_login, cur_password, cur_language, cur_license, cur_role\n    ):\n        \"\"\"\n        Check: Header -> button [Log In]\n        Language: All. License: All.\n        \"\"\"\n        global test_link\n        global page\n    \n        print(f\"worker_id = {worker_id}\")\n    \n        self.preconditions(d, cur_login, cur_password, cur_role, cur_language, cur_license)\n    \n        page = HeaderElement(d, test_link)\n        if not page.current_page_is(test_link):\n            page.open_page()\n            print(f\"{datetime.datetime.now()}   Load page: {test_link}\")\n>       page.click_button_login_on_header()\n\ntests/capital_page_test.py:113: \n_ _ _ _ _ _ _ _ _ _ _ _ _ _ _ _ _ _ _ _ _ _ _ _ _ _ _ _ _ _ _ _ _ _ _ _ _ _ _ _ \npages/capital_com/header_element.py:14: in click_button_login_on_header\n    self.browser.find_element(*HeaderElementLocators.BUTTON_LOGIN).click()\n../../../.cache/pypoetry/virtualenvs/testcapitalcom-G_ZVEfM_-py3.10/lib/python3.10/site-packages/selenium/webdriver/remote/webdriver.py:861: in find_element\n    return self.execute(Command.FIND_ELEMENT, {\"using\": by, \"value\": value})[\"value\"]\n../../../.cache/pypoetry/virtualenvs/testcapitalcom-G_ZVEfM_-py3.10/lib/python3.10/site-packages/selenium/webdriver/remote/webdriver.py:444: in execute\n    self.error_handler.check_response(response)\n_ _ _ _ _ _ _ _ _ _ _ _ _ _ _ _ _ _ _ _ _ _ _ _ _ _ _ _ _ _ _ _ _ _ _ _ _ _ _ _ \n\nself = <selenium.webdriver.remote.errorhandler.ErrorHandler object at 0x7fdbfec70580>\nresponse = {'status': 404, 'value': '{\"value\":{\"error\":\"no such element\",\"message\":\"no such element: Unable to locate element: {\\...\\\\n#16 0x555f08b7be36 \\\\u003Cunknown>\\\\n#17 0x555f08b97333 \\\\u003Cunknown>\\\\n#18 0x7f72f3811b43 \\\\u003Cunknown>\\\\n\"}}'}\n\n    def check_response(self, response: Dict[str, Any]) -> None:\n        \"\"\"\n        Checks that a JSON response from the WebDriver does not have an error.\n    \n        :Args:\n         - response - The JSON response from the WebDriver server as a dictionary\n           object.\n    \n        :Raises: If the response contains an error message.\n        \"\"\"\n        status = response.get(\"status\", None)\n        if not status or status == ErrorCode.SUCCESS:\n            return\n        value = None\n        message = response.get(\"message\", \"\")\n        screen: str = response.get(\"screen\", \"\")\n        stacktrace = None\n        if isinstance(status, int):\n            value_json = response.get(\"value\", None)\n            if value_json and isinstance(value_json, str):\n                import json\n    \n                try:\n                    value = json.loads(value_json)\n                    if len(value.keys()) == 1:\n                        value = value[\"value\"]\n                    status = value.get(\"error\", None)\n                    if not status:\n                        status = value.get(\"status\", ErrorCode.UNKNOWN_ERROR)\n                        message = value.get(\"value\") or value.get(\"message\")\n                        if not isinstance(message, str):\n                            value = message\n                            message = message.get(\"message\")\n                    else:\n                        message = value.get(\"message\", None)\n                except ValueError:\n                    pass\n    \n        exception_class: Type[WebDriverException]\n        if status in ErrorCode.NO_SUCH_ELEMENT:\n            exception_class = NoSuchElementException\n        elif status in ErrorCode.NO_SUCH_FRAME:\n            exception_class = NoSuchFrameException\n        elif status in ErrorCode.NO_SUCH_SHADOW_ROOT:\n            exception_class = NoSuchShadowRootException\n        elif status in ErrorCode.NO_SUCH_WINDOW:\n            exception_class = NoSuchWindowException\n        elif status in ErrorCode.STALE_ELEMENT_REFERENCE:\n            exception_class = StaleElementReferenceException\n        elif status in ErrorCode.ELEMENT_NOT_VISIBLE:\n            exception_class = ElementNotVisibleException\n        elif status in ErrorCode.INVALID_ELEMENT_STATE:\n            exception_class = InvalidElementStateException\n        elif (\n            status in ErrorCode.INVALID_SELECTOR\n            or status in ErrorCode.INVALID_XPATH_SELECTOR\n            or status in ErrorCode.INVALID_XPATH_SELECTOR_RETURN_TYPER\n        ):\n            exception_class = InvalidSelectorException\n        elif status in ErrorCode.ELEMENT_IS_NOT_SELECTABLE:\n            exception_class = ElementNotSelectableException\n        elif status in ErrorCode.ELEMENT_NOT_INTERACTABLE:\n            exception_class = ElementNotInteractableException\n        elif status in ErrorCode.INVALID_COOKIE_DOMAIN:\n            exception_class = InvalidCookieDomainException\n        elif status in ErrorCode.UNABLE_TO_SET_COOKIE:\n            exception_class = UnableToSetCookieException\n        elif status in ErrorCode.TIMEOUT:\n            exception_class = TimeoutException\n        elif status in ErrorCode.SCRIPT_TIMEOUT:\n            exception_class = TimeoutException\n        elif status in ErrorCode.UNKNOWN_ERROR:\n            exception_class = WebDriverException\n        elif status in ErrorCode.UNEXPECTED_ALERT_OPEN:\n            exception_class = UnexpectedAlertPresentException\n        elif status in ErrorCode.NO_ALERT_OPEN:\n            exception_class = NoAlertPresentException\n        elif status in ErrorCode.IME_NOT_AVAILABLE:\n            exception_class = ImeNotAvailableException\n        elif status in ErrorCode.IME_ENGINE_ACTIVATION_FAILED:\n            exception_class = ImeActivationFailedException\n        elif status in ErrorCode.MOVE_TARGET_OUT_OF_BOUNDS:\n            exception_class = MoveTargetOutOfBoundsException\n        elif status in ErrorCode.JAVASCRIPT_ERROR:\n            exception_class = JavascriptException\n        elif status in ErrorCode.SESSION_NOT_CREATED:\n            exception_class = SessionNotCreatedException\n        elif status in ErrorCode.INVALID_ARGUMENT:\n            exception_class = InvalidArgumentException\n        elif status in ErrorCode.NO_SUCH_COOKIE:\n            exception_class = NoSuchCookieException\n        elif status in ErrorCode.UNABLE_TO_CAPTURE_SCREEN:\n            exception_class = ScreenshotException\n        elif status in ErrorCode.ELEMENT_CLICK_INTERCEPTED:\n            exception_class = ElementClickInterceptedException\n        elif status in ErrorCode.INSECURE_CERTIFICATE:\n            exception_class = InsecureCertificateException\n        elif status in ErrorCode.INVALID_COORDINATES:\n            exception_class = InvalidCoordinatesException\n        elif status in ErrorCode.INVALID_SESSION_ID:\n            exception_class = InvalidSessionIdException\n        elif status in ErrorCode.UNKNOWN_METHOD:\n            exception_class = UnknownMethodException\n        else:\n            exception_class = WebDriverException\n        if not value:\n            value = response[\"value\"]\n        if isinstance(value, str):\n            raise exception_class(value)\n        if message == \"\" and \"message\" in value:\n            message = value[\"message\"]\n    \n        screen = None  # type: ignore[assignment]\n        if \"screen\" in value:\n            screen = value[\"screen\"]\n    \n        stacktrace = None\n        st_value = value.get(\"stackTrace\") or value.get(\"stacktrace\")\n        if st_value:\n            if isinstance(st_value, str):\n                stacktrace = st_value.split(\"\\n\")\n            else:\n                stacktrace = []\n                try:\n                    for frame in st_value:\n                        line = frame.get(\"lineNumber\", \"\")\n                        file = frame.get(\"fileName\", \"<anonymous>\")\n                        if line:\n                            file = f\"{file}:{line}\"\n                        meth = frame.get(\"methodName\", \"<anonymous>\")\n                        if \"className\" in frame:\n                            meth = \"{}.{}\".format(frame[\"className\"], meth)\n                        msg = \"    at %s (%s)\"\n                        msg = msg % (meth, file)\n                        stacktrace.append(msg)\n                except TypeError:\n                    pass\n        if exception_class == UnexpectedAlertPresentException:\n            alert_text = None\n            if \"data\" in value:\n                alert_text = value[\"data\"].get(\"text\")\n            elif \"alert\" in value:\n                alert_text = value[\"alert\"].get(\"text\")\n            raise exception_class(message, screen, stacktrace, alert_text)  # type: ignore[call-arg]  # mypy is not smart enough here\n>       raise exception_class(message, screen, stacktrace)\nE       selenium.common.exceptions.NoSuchElementException: Message: no such element: Unable to locate element: {\"method\":\"css selector\",\"selector\":\"div.cc-header__wrap > div#wphWrap a#wg_loginBtn\"}\nE         (Session info: headless chrome=108.0.5359.124)\nE       Stacktrace:\nE       #0 0x555f08b062a3 <unknown>\nE       #1 0x555f088c4f77 <unknown>\nE       #2 0x555f0890180c <unknown>\nE       #3 0x555f08901a71 <unknown>\nE       #4 0x555f0893b734 <unknown>\nE       #5 0x555f08921b5d <unknown>\nE       #6 0x555f0893947c <unknown>\nE       #7 0x555f08921903 <unknown>\nE       #8 0x555f088f4ece <unknown>\nE       #9 0x555f088f5fde <unknown>\nE       #10 0x555f08b5663e <unknown>\nE       #11 0x555f08b59b79 <unknown>\nE       #12 0x555f08b3c89e <unknown>\nE       #13 0x555f08b5aa83 <unknown>\nE       #14 0x555f08b2f505 <unknown>\nE       #15 0x555f08b7bca8 <unknown>\nE       #16 0x555f08b7be36 <unknown>\nE       #17 0x555f08b97333 <unknown>\nE       #18 0x7f72f3811b43 <unknown>\n\n../../../.cache/pypoetry/virtualenvs/testcapitalcom-G_ZVEfM_-py3.10/lib/python3.10/site-packages/selenium/webdriver/remote/errorhandler.py:249: NoSuchElementException","flaky":false,"newFailed":false,"newBroken":true,"newPassed":false,"retriesCount":0,"retriesStatusChange":false,"beforeStages":[{"name":"worker_id","time":{"start":1674076072476,"stop":1674076072476,"duration":0},"status":"passed","steps":[],"attachments":[],"parameters":[],"stepsCount":0,"attachmentsCount":0,"shouldDisplayMessage":false,"hasContent":false},{"name":"d","time":{"start":1674076072477,"stop":1674076074125,"duration":1648},"status":"passed","steps":[],"attachments":[],"parameters":[],"stepsCount":0,"attachmentsCount":0,"shouldDisplayMessage":false,"hasContent":false},{"name":"browser","time":{"start":1674076072477,"stop":1674076072477,"duration":0},"status":"passed","steps":[],"attachments":[],"parameters":[],"stepsCount":0,"attachmentsCount":0,"shouldDisplayMessage":false,"hasContent":false},{"name":"go","time":{"start":1674076074125,"stop":1674076074126,"duration":1},"status":"passed","steps":[],"attachments":[],"parameters":[],"stepsCount":0,"attachmentsCount":0,"shouldDisplayMessage":false,"hasContent":false},{"name":"cur_role","time":{"start":1674076074126,"stop":1674076074126,"duration":0},"status":"passed","steps":[],"attachments":[],"parameters":[],"stepsCount":0,"attachmentsCount":0,"shouldDisplayMessage":false,"hasContent":false},{"name":"cur_language","time":{"start":1674080314094,"stop":1674080314094,"duration":0},"status":"passed","steps":[],"attachments":[],"parameters":[],"stepsCount":0,"attachmentsCount":0,"shouldDisplayMessage":false,"hasContent":false},{"name":"cur_license","time":{"start":1674080373919,"stop":1674080373919,"duration":0},"status":"passed","steps":[],"attachments":[],"parameters":[],"stepsCount":0,"attachmentsCount":0,"shouldDisplayMessage":false,"hasContent":false}],"testStage":{"description":"\n        Check: Header -> button [Log In]\n        Language: All. License: All.\n        ","status":"broken","statusMessage":"selenium.common.exceptions.NoSuchElementException: Message: no such element: Unable to locate element: {\"method\":\"css selector\",\"selector\":\"div.cc-header__wrap > div#wphWrap a#wg_loginBtn\"}\n  (Session info: headless chrome=108.0.5359.124)\nStacktrace:\n#0 0x555f08b062a3 <unknown>\n#1 0x555f088c4f77 <unknown>\n#2 0x555f0890180c <unknown>\n#3 0x555f08901a71 <unknown>\n#4 0x555f0893b734 <unknown>\n#5 0x555f08921b5d <unknown>\n#6 0x555f0893947c <unknown>\n#7 0x555f08921903 <unknown>\n#8 0x555f088f4ece <unknown>\n#9 0x555f088f5fde <unknown>\n#10 0x555f08b5663e <unknown>\n#11 0x555f08b59b79 <unknown>\n#12 0x555f08b3c89e <unknown>\n#13 0x555f08b5aa83 <unknown>\n#14 0x555f08b2f505 <unknown>\n#15 0x555f08b7bca8 <unknown>\n#16 0x555f08b7be36 <unknown>\n#17 0x555f08b97333 <unknown>\n#18 0x7f72f3811b43 <unknown>","statusTrace":"self = <tests.capital_page_test.Tests object at 0x7fdc048c2a70>\nworker_id = 'gw0'\nd = <selenium.webdriver.chrome.webdriver.WebDriver (session=\"9428c18f486894e9d4b9529c36268fc0\")>\ncur_login = 'Empty', cur_password = 'Empty', cur_language = 'lv'\ncur_license = 'SEY', cur_role = 'NoReg'\n\n    @allure.feature(\"F_01 | Testing header\")\n    @allure.story(\"S_01.01 | Testing 'Log In' button on the header\")\n    @allure.step(f\"{datetime.datetime.now()}.   Start test button 'Log In' on header.\")\n    @allure.title(\"TC_01_01 with parameters: {cur_role}, {cur_language}, {cur_license}\")\n    def test_01_01_header_button_login(\n            self, worker_id, d, cur_login, cur_password, cur_language, cur_license, cur_role\n    ):\n        \"\"\"\n        Check: Header -> button [Log In]\n        Language: All. License: All.\n        \"\"\"\n        global test_link\n        global page\n    \n        print(f\"worker_id = {worker_id}\")\n    \n        self.preconditions(d, cur_login, cur_password, cur_role, cur_language, cur_license)\n    \n        page = HeaderElement(d, test_link)\n        if not page.current_page_is(test_link):\n            page.open_page()\n            print(f\"{datetime.datetime.now()}   Load page: {test_link}\")\n>       page.click_button_login_on_header()\n\ntests/capital_page_test.py:113: \n_ _ _ _ _ _ _ _ _ _ _ _ _ _ _ _ _ _ _ _ _ _ _ _ _ _ _ _ _ _ _ _ _ _ _ _ _ _ _ _ \npages/capital_com/header_element.py:14: in click_button_login_on_header\n    self.browser.find_element(*HeaderElementLocators.BUTTON_LOGIN).click()\n../../../.cache/pypoetry/virtualenvs/testcapitalcom-G_ZVEfM_-py3.10/lib/python3.10/site-packages/selenium/webdriver/remote/webdriver.py:861: in find_element\n    return self.execute(Command.FIND_ELEMENT, {\"using\": by, \"value\": value})[\"value\"]\n../../../.cache/pypoetry/virtualenvs/testcapitalcom-G_ZVEfM_-py3.10/lib/python3.10/site-packages/selenium/webdriver/remote/webdriver.py:444: in execute\n    self.error_handler.check_response(response)\n_ _ _ _ _ _ _ _ _ _ _ _ _ _ _ _ _ _ _ _ _ _ _ _ _ _ _ _ _ _ _ _ _ _ _ _ _ _ _ _ \n\nself = <selenium.webdriver.remote.errorhandler.ErrorHandler object at 0x7fdbfec70580>\nresponse = {'status': 404, 'value': '{\"value\":{\"error\":\"no such element\",\"message\":\"no such element: Unable to locate element: {\\...\\\\n#16 0x555f08b7be36 \\\\u003Cunknown>\\\\n#17 0x555f08b97333 \\\\u003Cunknown>\\\\n#18 0x7f72f3811b43 \\\\u003Cunknown>\\\\n\"}}'}\n\n    def check_response(self, response: Dict[str, Any]) -> None:\n        \"\"\"\n        Checks that a JSON response from the WebDriver does not have an error.\n    \n        :Args:\n         - response - The JSON response from the WebDriver server as a dictionary\n           object.\n    \n        :Raises: If the response contains an error message.\n        \"\"\"\n        status = response.get(\"status\", None)\n        if not status or status == ErrorCode.SUCCESS:\n            return\n        value = None\n        message = response.get(\"message\", \"\")\n        screen: str = response.get(\"screen\", \"\")\n        stacktrace = None\n        if isinstance(status, int):\n            value_json = response.get(\"value\", None)\n            if value_json and isinstance(value_json, str):\n                import json\n    \n                try:\n                    value = json.loads(value_json)\n                    if len(value.keys()) == 1:\n                        value = value[\"value\"]\n                    status = value.get(\"error\", None)\n                    if not status:\n                        status = value.get(\"status\", ErrorCode.UNKNOWN_ERROR)\n                        message = value.get(\"value\") or value.get(\"message\")\n                        if not isinstance(message, str):\n                            value = message\n                            message = message.get(\"message\")\n                    else:\n                        message = value.get(\"message\", None)\n                except ValueError:\n                    pass\n    \n        exception_class: Type[WebDriverException]\n        if status in ErrorCode.NO_SUCH_ELEMENT:\n            exception_class = NoSuchElementException\n        elif status in ErrorCode.NO_SUCH_FRAME:\n            exception_class = NoSuchFrameException\n        elif status in ErrorCode.NO_SUCH_SHADOW_ROOT:\n            exception_class = NoSuchShadowRootException\n        elif status in ErrorCode.NO_SUCH_WINDOW:\n            exception_class = NoSuchWindowException\n        elif status in ErrorCode.STALE_ELEMENT_REFERENCE:\n            exception_class = StaleElementReferenceException\n        elif status in ErrorCode.ELEMENT_NOT_VISIBLE:\n            exception_class = ElementNotVisibleException\n        elif status in ErrorCode.INVALID_ELEMENT_STATE:\n            exception_class = InvalidElementStateException\n        elif (\n            status in ErrorCode.INVALID_SELECTOR\n            or status in ErrorCode.INVALID_XPATH_SELECTOR\n            or status in ErrorCode.INVALID_XPATH_SELECTOR_RETURN_TYPER\n        ):\n            exception_class = InvalidSelectorException\n        elif status in ErrorCode.ELEMENT_IS_NOT_SELECTABLE:\n            exception_class = ElementNotSelectableException\n        elif status in ErrorCode.ELEMENT_NOT_INTERACTABLE:\n            exception_class = ElementNotInteractableException\n        elif status in ErrorCode.INVALID_COOKIE_DOMAIN:\n            exception_class = InvalidCookieDomainException\n        elif status in ErrorCode.UNABLE_TO_SET_COOKIE:\n            exception_class = UnableToSetCookieException\n        elif status in ErrorCode.TIMEOUT:\n            exception_class = TimeoutException\n        elif status in ErrorCode.SCRIPT_TIMEOUT:\n            exception_class = TimeoutException\n        elif status in ErrorCode.UNKNOWN_ERROR:\n            exception_class = WebDriverException\n        elif status in ErrorCode.UNEXPECTED_ALERT_OPEN:\n            exception_class = UnexpectedAlertPresentException\n        elif status in ErrorCode.NO_ALERT_OPEN:\n            exception_class = NoAlertPresentException\n        elif status in ErrorCode.IME_NOT_AVAILABLE:\n            exception_class = ImeNotAvailableException\n        elif status in ErrorCode.IME_ENGINE_ACTIVATION_FAILED:\n            exception_class = ImeActivationFailedException\n        elif status in ErrorCode.MOVE_TARGET_OUT_OF_BOUNDS:\n            exception_class = MoveTargetOutOfBoundsException\n        elif status in ErrorCode.JAVASCRIPT_ERROR:\n            exception_class = JavascriptException\n        elif status in ErrorCode.SESSION_NOT_CREATED:\n            exception_class = SessionNotCreatedException\n        elif status in ErrorCode.INVALID_ARGUMENT:\n            exception_class = InvalidArgumentException\n        elif status in ErrorCode.NO_SUCH_COOKIE:\n            exception_class = NoSuchCookieException\n        elif status in ErrorCode.UNABLE_TO_CAPTURE_SCREEN:\n            exception_class = ScreenshotException\n        elif status in ErrorCode.ELEMENT_CLICK_INTERCEPTED:\n            exception_class = ElementClickInterceptedException\n        elif status in ErrorCode.INSECURE_CERTIFICATE:\n            exception_class = InsecureCertificateException\n        elif status in ErrorCode.INVALID_COORDINATES:\n            exception_class = InvalidCoordinatesException\n        elif status in ErrorCode.INVALID_SESSION_ID:\n            exception_class = InvalidSessionIdException\n        elif status in ErrorCode.UNKNOWN_METHOD:\n            exception_class = UnknownMethodException\n        else:\n            exception_class = WebDriverException\n        if not value:\n            value = response[\"value\"]\n        if isinstance(value, str):\n            raise exception_class(value)\n        if message == \"\" and \"message\" in value:\n            message = value[\"message\"]\n    \n        screen = None  # type: ignore[assignment]\n        if \"screen\" in value:\n            screen = value[\"screen\"]\n    \n        stacktrace = None\n        st_value = value.get(\"stackTrace\") or value.get(\"stacktrace\")\n        if st_value:\n            if isinstance(st_value, str):\n                stacktrace = st_value.split(\"\\n\")\n            else:\n                stacktrace = []\n                try:\n                    for frame in st_value:\n                        line = frame.get(\"lineNumber\", \"\")\n                        file = frame.get(\"fileName\", \"<anonymous>\")\n                        if line:\n                            file = f\"{file}:{line}\"\n                        meth = frame.get(\"methodName\", \"<anonymous>\")\n                        if \"className\" in frame:\n                            meth = \"{}.{}\".format(frame[\"className\"], meth)\n                        msg = \"    at %s (%s)\"\n                        msg = msg % (meth, file)\n                        stacktrace.append(msg)\n                except TypeError:\n                    pass\n        if exception_class == UnexpectedAlertPresentException:\n            alert_text = None\n            if \"data\" in value:\n                alert_text = value[\"data\"].get(\"text\")\n            elif \"alert\" in value:\n                alert_text = value[\"alert\"].get(\"text\")\n            raise exception_class(message, screen, stacktrace, alert_text)  # type: ignore[call-arg]  # mypy is not smart enough here\n>       raise exception_class(message, screen, stacktrace)\nE       selenium.common.exceptions.NoSuchElementException: Message: no such element: Unable to locate element: {\"method\":\"css selector\",\"selector\":\"div.cc-header__wrap > div#wphWrap a#wg_loginBtn\"}\nE         (Session info: headless chrome=108.0.5359.124)\nE       Stacktrace:\nE       #0 0x555f08b062a3 <unknown>\nE       #1 0x555f088c4f77 <unknown>\nE       #2 0x555f0890180c <unknown>\nE       #3 0x555f08901a71 <unknown>\nE       #4 0x555f0893b734 <unknown>\nE       #5 0x555f08921b5d <unknown>\nE       #6 0x555f0893947c <unknown>\nE       #7 0x555f08921903 <unknown>\nE       #8 0x555f088f4ece <unknown>\nE       #9 0x555f088f5fde <unknown>\nE       #10 0x555f08b5663e <unknown>\nE       #11 0x555f08b59b79 <unknown>\nE       #12 0x555f08b3c89e <unknown>\nE       #13 0x555f08b5aa83 <unknown>\nE       #14 0x555f08b2f505 <unknown>\nE       #15 0x555f08b7bca8 <unknown>\nE       #16 0x555f08b7be36 <unknown>\nE       #17 0x555f08b97333 <unknown>\nE       #18 0x7f72f3811b43 <unknown>\n\n../../../.cache/pypoetry/virtualenvs/testcapitalcom-G_ZVEfM_-py3.10/lib/python3.10/site-packages/selenium/webdriver/remote/errorhandler.py:249: NoSuchElementException","steps":[{"name":"2023-01-18 21:07:49.628170.   Start test button 'Log In' on header.","time":{"start":1674080373921,"stop":1674080385552,"duration":11631},"status":"broken","statusMessage":"selenium.common.exceptions.NoSuchElementException: Message: no such element: Unable to locate element: {\"method\":\"css selector\",\"selector\":\"div.cc-header__wrap > div#wphWrap a#wg_loginBtn\"}\n  (Session info: headless chrome=108.0.5359.124)\nStacktrace:\n#0 0x555f08b062a3 <unknown>\n#1 0x555f088c4f77 <unknown>\n#2 0x555f0890180c <unknown>\n#3 0x555f08901a71 <unknown>\n#4 0x555f0893b734 <unknown>\n#5 0x555f08921b5d <unknown>\n#6 0x555f0893947c <unknown>\n#7 0x555f08921903 <unknown>\n#8 0x555f088f4ece <unknown>\n#9 0x555f088f5fde <unknown>\n#10 0x555f08b5663e <unknown>\n#11 0x555f08b59b79 <unknown>\n#12 0x555f08b3c89e <unknown>\n#13 0x555f08b5aa83 <unknown>\n#14 0x555f08b2f505 <unknown>\n#15 0x555f08b7bca8 <unknown>\n#16 0x555f08b7be36 <unknown>\n#17 0x555f08b97333 <unknown>\n#18 0x7f72f3811b43 <unknown>\n\n","statusTrace":"  File \"/home/runner/.cache/pypoetry/virtualenvs/testcapitalcom-G_ZVEfM_-py3.10/lib/python3.10/site-packages/allure_commons/_allure.py\", line 192, in impl\n    return func(*a, **kw)\n  File \"/home/runner/work/TestCapitalCom/TestCapitalCom/tests/capital_page_test.py\", line 113, in test_01_01_header_button_login\n    page.click_button_login_on_header()\n  File \"/home/runner/.cache/pypoetry/virtualenvs/testcapitalcom-G_ZVEfM_-py3.10/lib/python3.10/site-packages/allure_commons/_allure.py\", line 192, in impl\n    return func(*a, **kw)\n  File \"/home/runner/work/TestCapitalCom/TestCapitalCom/pages/capital_com/header_element.py\", line 14, in click_button_login_on_header\n    self.browser.find_element(*HeaderElementLocators.BUTTON_LOGIN).click()\n  File \"/home/runner/.cache/pypoetry/virtualenvs/testcapitalcom-G_ZVEfM_-py3.10/lib/python3.10/site-packages/selenium/webdriver/remote/webdriver.py\", line 861, in find_element\n    return self.execute(Command.FIND_ELEMENT, {\"using\": by, \"value\": value})[\"value\"]\n  File \"/home/runner/.cache/pypoetry/virtualenvs/testcapitalcom-G_ZVEfM_-py3.10/lib/python3.10/site-packages/selenium/webdriver/remote/webdriver.py\", line 444, in execute\n    self.error_handler.check_response(response)\n  File \"/home/runner/.cache/pypoetry/virtualenvs/testcapitalcom-G_ZVEfM_-py3.10/lib/python3.10/site-packages/selenium/webdriver/remote/errorhandler.py\", line 249, in check_response\n    raise exception_class(message, screen, stacktrace)\n","steps":[{"name":"2023-01-18 21:07:49.628110.   Set preconditions","time":{"start":1674080373922,"stop":1674080374436,"duration":514},"status":"passed","steps":[],"attachments":[],"parameters":[{"name":"d","value":"<selenium.webdriver.chrome.webdriver.WebDriver (session=\"9428c18f486894e9d4b9529c36268fc0\")>"},{"name":"cur_login","value":"'Empty'"},{"name":"cur_password","value":"'Empty'"},{"name":"cur_role","value":"'NoReg'"},{"name":"cur_language","value":"'lv'"},{"name":"cur_license","value":"'SEY'"}],"stepsCount":0,"attachmentsCount":0,"shouldDisplayMessage":false,"hasContent":true},{"name":"2023-01-18 21:07:49.627295.   Click 'Log In' button.","time":{"start":1674080374945,"stop":1674080385552,"duration":10607},"status":"broken","statusMessage":"selenium.common.exceptions.NoSuchElementException: Message: no such element: Unable to locate element: {\"method\":\"css selector\",\"selector\":\"div.cc-header__wrap > div#wphWrap a#wg_loginBtn\"}\n  (Session info: headless chrome=108.0.5359.124)\nStacktrace:\n#0 0x555f08b062a3 <unknown>\n#1 0x555f088c4f77 <unknown>\n#2 0x555f0890180c <unknown>\n#3 0x555f08901a71 <unknown>\n#4 0x555f0893b734 <unknown>\n#5 0x555f08921b5d <unknown>\n#6 0x555f0893947c <unknown>\n#7 0x555f08921903 <unknown>\n#8 0x555f088f4ece <unknown>\n#9 0x555f088f5fde <unknown>\n#10 0x555f08b5663e <unknown>\n#11 0x555f08b59b79 <unknown>\n#12 0x555f08b3c89e <unknown>\n#13 0x555f08b5aa83 <unknown>\n#14 0x555f08b2f505 <unknown>\n#15 0x555f08b7bca8 <unknown>\n#16 0x555f08b7be36 <unknown>\n#17 0x555f08b97333 <unknown>\n#18 0x7f72f3811b43 <unknown>\n\n","statusTrace":"  File \"/home/runner/.cache/pypoetry/virtualenvs/testcapitalcom-G_ZVEfM_-py3.10/lib/python3.10/site-packages/allure_commons/_allure.py\", line 192, in impl\n    return func(*a, **kw)\n  File \"/home/runner/work/TestCapitalCom/TestCapitalCom/pages/capital_com/header_element.py\", line 14, in click_button_login_on_header\n    self.browser.find_element(*HeaderElementLocators.BUTTON_LOGIN).click()\n  File \"/home/runner/.cache/pypoetry/virtualenvs/testcapitalcom-G_ZVEfM_-py3.10/lib/python3.10/site-packages/selenium/webdriver/remote/webdriver.py\", line 861, in find_element\n    return self.execute(Command.FIND_ELEMENT, {\"using\": by, \"value\": value})[\"value\"]\n  File \"/home/runner/.cache/pypoetry/virtualenvs/testcapitalcom-G_ZVEfM_-py3.10/lib/python3.10/site-packages/selenium/webdriver/remote/webdriver.py\", line 444, in execute\n    self.error_handler.check_response(response)\n  File \"/home/runner/.cache/pypoetry/virtualenvs/testcapitalcom-G_ZVEfM_-py3.10/lib/python3.10/site-packages/selenium/webdriver/remote/errorhandler.py\", line 249, in check_response\n    raise exception_class(message, screen, stacktrace)\n","steps":[],"attachments":[],"parameters":[],"stepsCount":0,"attachmentsCount":0,"shouldDisplayMessage":true,"hasContent":true}],"attachments":[],"parameters":[{"name":"worker_id","value":"'gw0'"},{"name":"d","value":"<selenium.webdriver.chrome.webdriver.WebDriver (session=\"9428c18f486894e9d4b9529c36268fc0\")>"},{"name":"cur_login","value":"'Empty'"},{"name":"cur_password","value":"'Empty'"},{"name":"cur_language","value":"'lv'"},{"name":"cur_license","value":"'SEY'"},{"name":"cur_role","value":"'NoReg'"}],"stepsCount":2,"attachmentsCount":0,"shouldDisplayMessage":false,"hasContent":true}],"attachments":[{"uid":"c6c896043651e766","name":"Screeshot","source":"c6c896043651e766.png","type":"image/png","size":169216},{"uid":"b66b5c19cb6a36f7","name":"log","source":"b66b5c19cb6a36f7.txt","type":"text/plain","size":1277},{"uid":"98f149b885e4baf4","name":"stdout","source":"98f149b885e4baf4.txt","type":"text/plain","size":169}],"parameters":[],"stepsCount":3,"attachmentsCount":3,"shouldDisplayMessage":true,"hasContent":true},"afterStages":[{"name":"go::0","time":{"start":1674083023389,"stop":1674083024548,"duration":1159},"status":"passed","steps":[],"attachments":[],"parameters":[],"stepsCount":0,"attachmentsCount":0,"shouldDisplayMessage":false,"hasContent":false}],"labels":[{"name":"epic","value":"Testing capital.com. All language. All license"},{"name":"story","value":"S_01.01 | Testing 'Log In' button on the header"},{"name":"feature","value":"F_01 | Testing header"},{"name":"parentSuite","value":"tests"},{"name":"suite","value":"capital_page_test"},{"name":"subSuite","value":"Tests"},{"name":"host","value":"fv-az166-654"},{"name":"thread","value":"3117-MainThread"},{"name":"framework","value":"pytest"},{"name":"language","value":"cpython3"},{"name":"package","value":"tests.capital_page_test"},{"name":"resultFormat","value":"allure2"}],"parameters":[{"name":"cur_language","value":"'lv'"},{"name":"cur_license","value":"'SEY'"},{"name":"cur_login","value":"'Empty'"},{"name":"cur_password","value":"'Empty'"},{"name":"cur_role","value":"'NoReg'"},{"name":"go","value":"'chrome'"}],"links":[],"hidden":false,"retry":false,"extra":{"severity":"normal","retries":[],"categories":[{"name":"Test defects","matchedStatuses":[],"flaky":false}],"history":{"statistic":{"failed":0,"broken":1,"skipped":0,"passed":1,"unknown":0,"total":2},"items":[{"uid":"90a415ed2ddcd676","reportUrl":"https://AlexTom22.github.io/TestCapitalCom/4//#testresult/90a415ed2ddcd676","status":"passed","time":{"start":1673913103950,"stop":1673913107156,"duration":3206}}]},"tags":[]},"source":"95076339d53afd84.json","parameterValues":["'lv'","'SEY'","'Empty'","'Empty'","'NoReg'","'chrome'"]}