{"uid":"97dfcc75d357a366","name":"TC_11_01 with parameters: NoReg, ar, FCA","fullName":"tests.capital_page_test.Tests#test_11_01_widget_explore_our_platform","historyId":"aef266d516f079ffce8f4483ee4408e7","time":{"start":1674076200630,"stop":1674076200637,"duration":7},"description":"\n        Check: widget \"Explore our platform\" -> button \"Try now\"\n        Language: All. Licence: All.\n        ","descriptionHtml":"<pre><code>    Check: widget &quot;Explore our platform&quot; -&gt; button &quot;Try now&quot;\n    Language: All. Licence: All.\n</code></pre>\n","status":"broken","statusMessage":"TypeError: BasePage.element_is_present() takes 3 positional arguments but 4 were given","statusTrace":"self = <tests.capital_page_test.Tests object at 0x7fdbff2b34f0>\nworker_id = 'gw0'\nd = <selenium.webdriver.chrome.webdriver.WebDriver (session=\"9428c18f486894e9d4b9529c36268fc0\")>\ncur_login = 'Empty', cur_password = 'Empty', cur_role = 'NoReg'\ncur_language = 'ar', cur_license = 'FCA'\n\n    @allure.feature(\"F_11 | Testing 'Explore our platform' widget\")\n    @allure.story(\"S_11.01 | Testing 'Try now' button on the 'Explore our platform' widget\")\n    @allure.step(f\"{datetime.datetime.now()}.   Run test for widget 'Explore our platform'.\")\n    @allure.title(\"TC_11_01 with parameters: {cur_role}, {cur_language}, {cur_license}\")\n    def test_11_01_widget_explore_our_platform(\n            self, worker_id, d, cur_login, cur_password, cur_role, cur_language, cur_license\n    ):\n        \"\"\"\n        Check: widget \"Explore our platform\" -> button \"Try now\"\n        Language: All. Licence: All.\n        \"\"\"\n        global test_link\n        global page\n    \n        print(f\"worker_id = {worker_id}\")\n    \n        self.preconditions(d, cur_login, cur_password, cur_role, cur_language, cur_license)\n    \n        page = CapitalPage(d, test_link)\n        if not page.current_page_is(test_link):\n            page.open_page()\n            print(f\"{datetime.datetime.now()}   Load page: {test_link}\")\n    \n>       page.widget_explore_our_platform_button_tray_now_click(cur_language)\n\ntests/capital_page_test.py:1286: \n_ _ _ _ _ _ _ _ _ _ _ _ _ _ _ _ _ _ _ _ _ _ _ _ _ _ _ _ _ _ _ _ _ _ _ _ _ _ _ _ \npages/capital_com/capital_page.py:329: in widget_explore_our_platform_button_tray_now_click\n    loc_return = self.element_is_present(*WidgetExploreOurPlatform.BUTTON_TRY_NOW_DE, 10)\n_ _ _ _ _ _ _ _ _ _ _ _ _ _ _ _ _ _ _ _ _ _ _ _ _ _ _ _ _ _ _ _ _ _ _ _ _ _ _ _ \n\nargs = (<pages.capital_com.capital_page.CapitalPage object at 0x7fdbfea74c40>, 'css selector', 'div.explore a.button-main:nth-child(2)', 10)\nkwargs = {}\n\n    def inner_function(*args, **kwargs):\n        self.browser = args[0].browser\n        try:\n>           return func(*args, **kwargs)\nE           TypeError: BasePage.element_is_present() takes 3 positional arguments but 4 were given\n\npages/base_page.py:171: TypeError","flaky":false,"newFailed":false,"newBroken":false,"newPassed":false,"retriesCount":0,"retriesStatusChange":false,"beforeStages":[{"name":"worker_id","time":{"start":1674076072476,"stop":1674076072476,"duration":0},"status":"passed","steps":[],"attachments":[],"parameters":[],"stepsCount":0,"attachmentsCount":0,"shouldDisplayMessage":false,"hasContent":false},{"name":"d","time":{"start":1674076072477,"stop":1674076074125,"duration":1648},"status":"passed","steps":[],"attachments":[],"parameters":[],"stepsCount":0,"attachmentsCount":0,"shouldDisplayMessage":false,"hasContent":false},{"name":"browser","time":{"start":1674076072477,"stop":1674076072477,"duration":0},"status":"passed","steps":[],"attachments":[],"parameters":[],"stepsCount":0,"attachmentsCount":0,"shouldDisplayMessage":false,"hasContent":false},{"name":"go","time":{"start":1674076074125,"stop":1674076074126,"duration":1},"status":"passed","steps":[],"attachments":[],"parameters":[],"stepsCount":0,"attachmentsCount":0,"shouldDisplayMessage":false,"hasContent":false},{"name":"cur_role","time":{"start":1674076074126,"stop":1674076074126,"duration":0},"status":"passed","steps":[],"attachments":[],"parameters":[],"stepsCount":0,"attachmentsCount":0,"shouldDisplayMessage":false,"hasContent":false},{"name":"cur_language","time":{"start":1674076074126,"stop":1674076074126,"duration":0},"status":"passed","steps":[],"attachments":[],"parameters":[],"stepsCount":0,"attachmentsCount":0,"shouldDisplayMessage":false,"hasContent":false},{"name":"cur_license","time":{"start":1674076159168,"stop":1674076159168,"duration":0},"status":"passed","steps":[],"attachments":[],"parameters":[],"stepsCount":0,"attachmentsCount":0,"shouldDisplayMessage":false,"hasContent":false}],"testStage":{"description":"\n        Check: widget \"Explore our platform\" -> button \"Try now\"\n        Language: All. Licence: All.\n        ","status":"broken","statusMessage":"TypeError: BasePage.element_is_present() takes 3 positional arguments but 4 were given","statusTrace":"self = <tests.capital_page_test.Tests object at 0x7fdbff2b34f0>\nworker_id = 'gw0'\nd = <selenium.webdriver.chrome.webdriver.WebDriver (session=\"9428c18f486894e9d4b9529c36268fc0\")>\ncur_login = 'Empty', cur_password = 'Empty', cur_role = 'NoReg'\ncur_language = 'ar', cur_license = 'FCA'\n\n    @allure.feature(\"F_11 | Testing 'Explore our platform' widget\")\n    @allure.story(\"S_11.01 | Testing 'Try now' button on the 'Explore our platform' widget\")\n    @allure.step(f\"{datetime.datetime.now()}.   Run test for widget 'Explore our platform'.\")\n    @allure.title(\"TC_11_01 with parameters: {cur_role}, {cur_language}, {cur_license}\")\n    def test_11_01_widget_explore_our_platform(\n            self, worker_id, d, cur_login, cur_password, cur_role, cur_language, cur_license\n    ):\n        \"\"\"\n        Check: widget \"Explore our platform\" -> button \"Try now\"\n        Language: All. Licence: All.\n        \"\"\"\n        global test_link\n        global page\n    \n        print(f\"worker_id = {worker_id}\")\n    \n        self.preconditions(d, cur_login, cur_password, cur_role, cur_language, cur_license)\n    \n        page = CapitalPage(d, test_link)\n        if not page.current_page_is(test_link):\n            page.open_page()\n            print(f\"{datetime.datetime.now()}   Load page: {test_link}\")\n    \n>       page.widget_explore_our_platform_button_tray_now_click(cur_language)\n\ntests/capital_page_test.py:1286: \n_ _ _ _ _ _ _ _ _ _ _ _ _ _ _ _ _ _ _ _ _ _ _ _ _ _ _ _ _ _ _ _ _ _ _ _ _ _ _ _ \npages/capital_com/capital_page.py:329: in widget_explore_our_platform_button_tray_now_click\n    loc_return = self.element_is_present(*WidgetExploreOurPlatform.BUTTON_TRY_NOW_DE, 10)\n_ _ _ _ _ _ _ _ _ _ _ _ _ _ _ _ _ _ _ _ _ _ _ _ _ _ _ _ _ _ _ _ _ _ _ _ _ _ _ _ \n\nargs = (<pages.capital_com.capital_page.CapitalPage object at 0x7fdbfea74c40>, 'css selector', 'div.explore a.button-main:nth-child(2)', 10)\nkwargs = {}\n\n    def inner_function(*args, **kwargs):\n        self.browser = args[0].browser\n        try:\n>           return func(*args, **kwargs)\nE           TypeError: BasePage.element_is_present() takes 3 positional arguments but 4 were given\n\npages/base_page.py:171: TypeError","steps":[{"name":"2023-01-18 21:07:49.629737.   Run test for widget 'Explore our platform'.","time":{"start":1674076200630,"stop":1674076200637,"duration":7},"status":"broken","statusMessage":"TypeError: BasePage.element_is_present() takes 3 positional arguments but 4 were given\n","statusTrace":"  File \"/home/runner/.cache/pypoetry/virtualenvs/testcapitalcom-G_ZVEfM_-py3.10/lib/python3.10/site-packages/allure_commons/_allure.py\", line 192, in impl\n    return func(*a, **kw)\n  File \"/home/runner/work/TestCapitalCom/TestCapitalCom/tests/capital_page_test.py\", line 1286, in test_11_01_widget_explore_our_platform\n    page.widget_explore_our_platform_button_tray_now_click(cur_language)\n  File \"/home/runner/.cache/pypoetry/virtualenvs/testcapitalcom-G_ZVEfM_-py3.10/lib/python3.10/site-packages/allure_commons/_allure.py\", line 192, in impl\n    return func(*a, **kw)\n  File \"/home/runner/work/TestCapitalCom/TestCapitalCom/pages/capital_com/capital_page.py\", line 329, in widget_explore_our_platform_button_tray_now_click\n    loc_return = self.element_is_present(*WidgetExploreOurPlatform.BUTTON_TRY_NOW_DE, 10)\n  File \"/home/runner/work/TestCapitalCom/TestCapitalCom/pages/base_page.py\", line 171, in inner_function\n    return func(*args, **kwargs)\n","steps":[{"name":"2023-01-18 21:07:49.628110.   Set preconditions","time":{"start":1674076200631,"stop":1674076200631,"duration":0},"status":"passed","steps":[],"attachments":[],"parameters":[{"name":"d","value":"<selenium.webdriver.chrome.webdriver.WebDriver (session=\"9428c18f486894e9d4b9529c36268fc0\")>"},{"name":"cur_login","value":"'Empty'"},{"name":"cur_password","value":"'Empty'"},{"name":"cur_role","value":"'NoReg'"},{"name":"cur_language","value":"'ar'"},{"name":"cur_license","value":"'FCA'"}],"stepsCount":0,"attachmentsCount":0,"shouldDisplayMessage":false,"hasContent":true},{"name":"2023-01-18 21:07:49.626655.   Click button 'Trade Now' on widget 'Explore our platform'.","time":{"start":1674076200637,"stop":1674076200637,"duration":0},"status":"broken","statusMessage":"TypeError: BasePage.element_is_present() takes 3 positional arguments but 4 were given\n","statusTrace":"  File \"/home/runner/.cache/pypoetry/virtualenvs/testcapitalcom-G_ZVEfM_-py3.10/lib/python3.10/site-packages/allure_commons/_allure.py\", line 192, in impl\n    return func(*a, **kw)\n  File \"/home/runner/work/TestCapitalCom/TestCapitalCom/pages/capital_com/capital_page.py\", line 329, in widget_explore_our_platform_button_tray_now_click\n    loc_return = self.element_is_present(*WidgetExploreOurPlatform.BUTTON_TRY_NOW_DE, 10)\n  File \"/home/runner/work/TestCapitalCom/TestCapitalCom/pages/base_page.py\", line 171, in inner_function\n    return func(*args, **kwargs)\n","steps":[],"attachments":[],"parameters":[{"name":"language","value":"'ar'"}],"stepsCount":0,"attachmentsCount":0,"shouldDisplayMessage":true,"hasContent":true}],"attachments":[],"parameters":[{"name":"worker_id","value":"'gw0'"},{"name":"d","value":"<selenium.webdriver.chrome.webdriver.WebDriver (session=\"9428c18f486894e9d4b9529c36268fc0\")>"},{"name":"cur_login","value":"'Empty'"},{"name":"cur_password","value":"'Empty'"},{"name":"cur_role","value":"'NoReg'"},{"name":"cur_language","value":"'ar'"},{"name":"cur_license","value":"'FCA'"}],"stepsCount":2,"attachmentsCount":0,"shouldDisplayMessage":false,"hasContent":true}],"attachments":[{"uid":"d8500b9c1ab51422","name":"Screeshot","source":"d8500b9c1ab51422.png","type":"image/png","size":3313343},{"uid":"5ee8c8c9ac58ef53","name":"stdout","source":"5ee8c8c9ac58ef53.txt","type":"text/plain","size":16}],"parameters":[],"stepsCount":3,"attachmentsCount":2,"shouldDisplayMessage":true,"hasContent":true},"afterStages":[{"name":"go::0","time":{"start":1674083023389,"stop":1674083024548,"duration":1159},"status":"passed","steps":[],"attachments":[],"parameters":[],"stepsCount":0,"attachmentsCount":0,"shouldDisplayMessage":false,"hasContent":false}],"labels":[{"name":"epic","value":"Testing capital.com. All language. All license"},{"name":"feature","value":"F_11 | Testing 'Explore our platform' widget"},{"name":"story","value":"S_11.01 | Testing 'Try now' button on the 'Explore our platform' widget"},{"name":"parentSuite","value":"tests"},{"name":"suite","value":"capital_page_test"},{"name":"subSuite","value":"Tests"},{"name":"host","value":"fv-az166-654"},{"name":"thread","value":"3117-MainThread"},{"name":"framework","value":"pytest"},{"name":"language","value":"cpython3"},{"name":"package","value":"tests.capital_page_test"},{"name":"resultFormat","value":"allure2"}],"parameters":[{"name":"cur_language","value":"'ar'"},{"name":"cur_license","value":"'FCA'"},{"name":"cur_login","value":"'Empty'"},{"name":"cur_password","value":"'Empty'"},{"name":"cur_role","value":"'NoReg'"},{"name":"go","value":"'chrome'"}],"links":[],"hidden":false,"retry":false,"extra":{"severity":"normal","retries":[],"categories":[{"name":"Test defects","matchedStatuses":[],"flaky":false}],"history":{"statistic":{"failed":0,"broken":3,"skipped":0,"passed":0,"unknown":0,"total":3},"items":[{"uid":"38f341aefbae592e","reportUrl":"https://AlexTom22.github.io/TestCapitalCom/4//#testresult/38f341aefbae592e","status":"broken","statusDetails":"selenium.common.exceptions.ElementNotInteractableException: Message: element not interactable\n  (Session info: headless chrome=108.0.5359.124)\nStacktrace:\n#0 0x55d20783e2a3 <unknown>\n#1 0x55d2075fcdfd <unknown>\n#2 0x55d20763a9fc <unknown>\n#3 0x55d20762edc5 <unknown>\n#4 0x55d207659b32 <unknown>\n#5 0x55d20762e61f <unknown>\n#6 0x55d207659cfe <unknown>\n#7 0x55d20767147c <unknown>\n#8 0x55d207659903 <unknown>\n#9 0x55d20762cece <unknown>\n#10 0x55d20762dfde <unknown>\n#11 0x55d20788e63e <unknown>\n#12 0x55d207891b79 <unknown>\n#13 0x55d20787489e <unknown>\n#14 0x55d207892a83 <unknown>\n#15 0x55d207867505 <unknown>\n#16 0x55d2078b3ca8 <unknown>\n#17 0x55d2078b3e36 <unknown>\n#18 0x55d2078cf333 <unknown>\n#19 0x7f6530a9eb43 <unknown>","time":{"start":1673908197405,"stop":1673908202491,"duration":5086}},{"uid":"e0211bc0c6329e14","reportUrl":"https://AlexTom22.github.io/TestCapitalCom/2//#testresult/e0211bc0c6329e14","status":"broken","statusDetails":"selenium.common.exceptions.ElementNotInteractableException: Message: element not interactable\n  (Session info: headless chrome=108.0.5359.124)\nStacktrace:\n#0 0x559ba48032a3 <unknown>\n#1 0x559ba45c1dfd <unknown>\n#2 0x559ba45ff9fc <unknown>\n#3 0x559ba45f3dc5 <unknown>\n#4 0x559ba461eb32 <unknown>\n#5 0x559ba45f361f <unknown>\n#6 0x559ba461ecfe <unknown>\n#7 0x559ba463647c <unknown>\n#8 0x559ba461e903 <unknown>\n#9 0x559ba45f1ece <unknown>\n#10 0x559ba45f2fde <unknown>\n#11 0x559ba485363e <unknown>\n#12 0x559ba4856b79 <unknown>\n#13 0x559ba483989e <unknown>\n#14 0x559ba4857a83 <unknown>\n#15 0x559ba482c505 <unknown>\n#16 0x559ba4878ca8 <unknown>\n#17 0x559ba4878e36 <unknown>\n#18 0x559ba4894333 <unknown>\n#19 0x7f33619b5b43 <unknown>","time":{"start":1673878598595,"stop":1673878603644,"duration":5049}}]},"tags":[]},"source":"97dfcc75d357a366.json","parameterValues":["'ar'","'FCA'","'Empty'","'Empty'","'NoReg'","'chrome'"]}