{"uid":"507d1682c0c31429","name":"TC_06_01 with parameters: NoReg, , SEY.   2023-02-02 20:20:08.000652","fullName":"tests.capital_page_test.Tests#test_06_01_banner_main_tab4_button_explore_features","historyId":"7759d5044e22ed602dc0d523c4f06e7b","time":{"start":1675369208004,"stop":1675369224570,"duration":16566},"description":"\n        Check: tab \"Find us on ...\" -> button \"Explore features\"\n        Language: only En. Licence: All, except BUH.\n        ","descriptionHtml":"<pre><code>    Check: tab &quot;Find us on ...&quot; -&gt; button &quot;Explore features&quot;\n    Language: only En. Licence: All, except BUH.\n</code></pre>\n","status":"broken","statusMessage":"selenium.common.exceptions.NoSuchElementException: Message: no such element: Unable to locate element: {\"method\":\"css selector\",\"selector\":\"div.bannersHome__buttons > a[data-type='banner-tradingview']\"}\n  (Session info: headless chrome=109.0.5414.119)\nStacktrace:\n#0 0x562e6cb1c303 <unknown>\n#1 0x562e6c8f0d37 <unknown>\n#2 0x562e6c92d5b2 <unknown>\n#3 0x562e6c92d6c1 <unknown>\n#4 0x562e6c967b34 <unknown>\n#5 0x562e6c94d9ad <unknown>\n#6 0x562e6c96588c <unknown>\n#7 0x562e6c94d753 <unknown>\n#8 0x562e6c920a14 <unknown>\n#9 0x562e6c921b7e <unknown>\n#10 0x562e6cb6b32e <unknown>\n#11 0x562e6cb6ec0e <unknown>\n#12 0x562e6cb51610 <unknown>\n#13 0x562e6cb6fc23 <unknown>\n#14 0x562e6cb43545 <unknown>\n#15 0x562e6cb906a8 <unknown>\n#16 0x562e6cb90836 <unknown>\n#17 0x562e6cbabd13 <unknown>\n#18 0x7fea71765b43 <unknown>","statusTrace":"self = <tests.capital_page_test.Tests object at 0x7f4448775510>\nworker_id = 'gw1'\nd = <selenium.webdriver.chrome.webdriver.WebDriver (session=\"a38671e4b108f1709e64563ed6401cf1\")>\ncur_login = 'Empty', cur_password = 'Empty', cur_role = 'NoReg'\ncur_language = '', cur_license = 'SEY', prob_run_tc = None\ndatetime_now = '2023-02-02 20:20:08.000652'\n\n    @allure.feature(\"F_06 | Testing '4' tab 'Main' banner. Only for 'En' language\")\n    @allure.story(\"S_06.01 | Testing 'Explore features' button on the 4 tab 'Main' banner\")\n    @allure.step(\"Start test button 'Explore features' on tab4 'Main' banner.\")\n    @allure.title(\"TC_06_01 with parameters: {cur_role}, {cur_language}, {cur_license}.   {datetime_now}\")\n    def test_06_01_banner_main_tab4_button_explore_features(\n            self, worker_id, d, cur_login, cur_password, cur_role, cur_language, cur_license, prob_run_tc, datetime_now\n    ):\n        \"\"\"\n        Check: tab \"Find us on ...\" -> button \"Explore features\"\n        Language: only En. Licence: All, except BUH.\n        \"\"\"\n        global test_link\n        global page\n    \n        print(f\"worker_id = {worker_id}\")\n    \n        if cur_language in [\"\"]:\n            if cur_license not in [\"BAH\"]:\n                self.preconditions(d, cur_login, cur_password, cur_role, cur_language, cur_license)\n                page = CapitalPage(d, test_link)\n                if not page.current_page_is(test_link):\n                    page.open_page()\n                    print(f\"{datetime.datetime.now()}   Load page: {test_link}\")\n    \n                page.tc0601_banner_main_tab4_click()\n>               page.tc0601_banner_main_tab4_button_explore_features_click()\n\ntests/capital_page_test.py:796: \n_ _ _ _ _ _ _ _ _ _ _ _ _ _ _ _ _ _ _ _ _ _ _ _ _ _ _ _ _ _ _ _ _ _ _ _ _ _ _ _ \npages/capital_com/capital_page.py:139: in tc0601_banner_main_tab4_button_explore_features_click\n    self.browser.find_element(*MainBanner.TAB4_EXPLORE_FEATURES).click()\n../../../.cache/pypoetry/virtualenvs/testcapitalcom-G_ZVEfM_-py3.10/lib/python3.10/site-packages/selenium/webdriver/remote/webdriver.py:830: in find_element\n    return self.execute(Command.FIND_ELEMENT, {\"using\": by, \"value\": value})[\"value\"]\n../../../.cache/pypoetry/virtualenvs/testcapitalcom-G_ZVEfM_-py3.10/lib/python3.10/site-packages/selenium/webdriver/remote/webdriver.py:440: in execute\n    self.error_handler.check_response(response)\n_ _ _ _ _ _ _ _ _ _ _ _ _ _ _ _ _ _ _ _ _ _ _ _ _ _ _ _ _ _ _ _ _ _ _ _ _ _ _ _ \n\nself = <selenium.webdriver.remote.errorhandler.ErrorHandler object at 0x7f4443a54520>\nresponse = {'status': 404, 'value': '{\"value\":{\"error\":\"no such element\",\"message\":\"no such element: Unable to locate element: {\\...\\\\n#16 0x562e6cb90836 \\\\u003Cunknown>\\\\n#17 0x562e6cbabd13 \\\\u003Cunknown>\\\\n#18 0x7fea71765b43 \\\\u003Cunknown>\\\\n\"}}'}\n\n    def check_response(self, response: Dict[str, Any]) -> None:\n        \"\"\"Checks that a JSON response from the WebDriver does not have an\n        error.\n    \n        :Args:\n         - response - The JSON response from the WebDriver server as a dictionary\n           object.\n    \n        :Raises: If the response contains an error message.\n        \"\"\"\n        status = response.get(\"status\", None)\n        if not status or status == ErrorCode.SUCCESS:\n            return\n        value = None\n        message = response.get(\"message\", \"\")\n        screen: str = response.get(\"screen\", \"\")\n        stacktrace = None\n        if isinstance(status, int):\n            value_json = response.get(\"value\", None)\n            if value_json and isinstance(value_json, str):\n                import json\n    \n                try:\n                    value = json.loads(value_json)\n                    if len(value.keys()) == 1:\n                        value = value[\"value\"]\n                    status = value.get(\"error\", None)\n                    if not status:\n                        status = value.get(\"status\", ErrorCode.UNKNOWN_ERROR)\n                        message = value.get(\"value\") or value.get(\"message\")\n                        if not isinstance(message, str):\n                            value = message\n                            message = message.get(\"message\")\n                    else:\n                        message = value.get(\"message\", None)\n                except ValueError:\n                    pass\n    \n        exception_class: Type[WebDriverException]\n        if status in ErrorCode.NO_SUCH_ELEMENT:\n            exception_class = NoSuchElementException\n        elif status in ErrorCode.NO_SUCH_FRAME:\n            exception_class = NoSuchFrameException\n        elif status in ErrorCode.NO_SUCH_SHADOW_ROOT:\n            exception_class = NoSuchShadowRootException\n        elif status in ErrorCode.NO_SUCH_WINDOW:\n            exception_class = NoSuchWindowException\n        elif status in ErrorCode.STALE_ELEMENT_REFERENCE:\n            exception_class = StaleElementReferenceException\n        elif status in ErrorCode.ELEMENT_NOT_VISIBLE:\n            exception_class = ElementNotVisibleException\n        elif status in ErrorCode.INVALID_ELEMENT_STATE:\n            exception_class = InvalidElementStateException\n        elif (\n            status in ErrorCode.INVALID_SELECTOR\n            or status in ErrorCode.INVALID_XPATH_SELECTOR\n            or status in ErrorCode.INVALID_XPATH_SELECTOR_RETURN_TYPER\n        ):\n            exception_class = InvalidSelectorException\n        elif status in ErrorCode.ELEMENT_IS_NOT_SELECTABLE:\n            exception_class = ElementNotSelectableException\n        elif status in ErrorCode.ELEMENT_NOT_INTERACTABLE:\n            exception_class = ElementNotInteractableException\n        elif status in ErrorCode.INVALID_COOKIE_DOMAIN:\n            exception_class = InvalidCookieDomainException\n        elif status in ErrorCode.UNABLE_TO_SET_COOKIE:\n            exception_class = UnableToSetCookieException\n        elif status in ErrorCode.TIMEOUT:\n            exception_class = TimeoutException\n        elif status in ErrorCode.SCRIPT_TIMEOUT:\n            exception_class = TimeoutException\n        elif status in ErrorCode.UNKNOWN_ERROR:\n            exception_class = WebDriverException\n        elif status in ErrorCode.UNEXPECTED_ALERT_OPEN:\n            exception_class = UnexpectedAlertPresentException\n        elif status in ErrorCode.NO_ALERT_OPEN:\n            exception_class = NoAlertPresentException\n        elif status in ErrorCode.IME_NOT_AVAILABLE:\n            exception_class = ImeNotAvailableException\n        elif status in ErrorCode.IME_ENGINE_ACTIVATION_FAILED:\n            exception_class = ImeActivationFailedException\n        elif status in ErrorCode.MOVE_TARGET_OUT_OF_BOUNDS:\n            exception_class = MoveTargetOutOfBoundsException\n        elif status in ErrorCode.JAVASCRIPT_ERROR:\n            exception_class = JavascriptException\n        elif status in ErrorCode.SESSION_NOT_CREATED:\n            exception_class = SessionNotCreatedException\n        elif status in ErrorCode.INVALID_ARGUMENT:\n            exception_class = InvalidArgumentException\n        elif status in ErrorCode.NO_SUCH_COOKIE:\n            exception_class = NoSuchCookieException\n        elif status in ErrorCode.UNABLE_TO_CAPTURE_SCREEN:\n            exception_class = ScreenshotException\n        elif status in ErrorCode.ELEMENT_CLICK_INTERCEPTED:\n            exception_class = ElementClickInterceptedException\n        elif status in ErrorCode.INSECURE_CERTIFICATE:\n            exception_class = InsecureCertificateException\n        elif status in ErrorCode.INVALID_COORDINATES:\n            exception_class = InvalidCoordinatesException\n        elif status in ErrorCode.INVALID_SESSION_ID:\n            exception_class = InvalidSessionIdException\n        elif status in ErrorCode.UNKNOWN_METHOD:\n            exception_class = UnknownMethodException\n        else:\n            exception_class = WebDriverException\n        if not value:\n            value = response[\"value\"]\n        if isinstance(value, str):\n            raise exception_class(value)\n        if message == \"\" and \"message\" in value:\n            message = value[\"message\"]\n    \n        screen = None  # type: ignore[assignment]\n        if \"screen\" in value:\n            screen = value[\"screen\"]\n    \n        stacktrace = None\n        st_value = value.get(\"stackTrace\") or value.get(\"stacktrace\")\n        if st_value:\n            if isinstance(st_value, str):\n                stacktrace = st_value.split(\"\\n\")\n            else:\n                stacktrace = []\n                try:\n                    for frame in st_value:\n                        line = frame.get(\"lineNumber\", \"\")\n                        file = frame.get(\"fileName\", \"<anonymous>\")\n                        if line:\n                            file = f\"{file}:{line}\"\n                        meth = frame.get(\"methodName\", \"<anonymous>\")\n                        if \"className\" in frame:\n                            meth = f\"{frame['className']}.{meth}\"\n                        msg = \"    at %s (%s)\"\n                        msg = msg % (meth, file)\n                        stacktrace.append(msg)\n                except TypeError:\n                    pass\n        if exception_class == UnexpectedAlertPresentException:\n            alert_text = None\n            if \"data\" in value:\n                alert_text = value[\"data\"].get(\"text\")\n            elif \"alert\" in value:\n                alert_text = value[\"alert\"].get(\"text\")\n            raise exception_class(message, screen, stacktrace, alert_text)  # type: ignore[call-arg]  # mypy is not smart enough here\n>       raise exception_class(message, screen, stacktrace)\nE       selenium.common.exceptions.NoSuchElementException: Message: no such element: Unable to locate element: {\"method\":\"css selector\",\"selector\":\"div.bannersHome__buttons > a[data-type='banner-tradingview']\"}\nE         (Session info: headless chrome=109.0.5414.119)\nE       Stacktrace:\nE       #0 0x562e6cb1c303 <unknown>\nE       #1 0x562e6c8f0d37 <unknown>\nE       #2 0x562e6c92d5b2 <unknown>\nE       #3 0x562e6c92d6c1 <unknown>\nE       #4 0x562e6c967b34 <unknown>\nE       #5 0x562e6c94d9ad <unknown>\nE       #6 0x562e6c96588c <unknown>\nE       #7 0x562e6c94d753 <unknown>\nE       #8 0x562e6c920a14 <unknown>\nE       #9 0x562e6c921b7e <unknown>\nE       #10 0x562e6cb6b32e <unknown>\nE       #11 0x562e6cb6ec0e <unknown>\nE       #12 0x562e6cb51610 <unknown>\nE       #13 0x562e6cb6fc23 <unknown>\nE       #14 0x562e6cb43545 <unknown>\nE       #15 0x562e6cb906a8 <unknown>\nE       #16 0x562e6cb90836 <unknown>\nE       #17 0x562e6cbabd13 <unknown>\nE       #18 0x7fea71765b43 <unknown>\n\n../../../.cache/pypoetry/virtualenvs/testcapitalcom-G_ZVEfM_-py3.10/lib/python3.10/site-packages/selenium/webdriver/remote/errorhandler.py:245: NoSuchElementException","flaky":false,"newFailed":false,"newBroken":true,"newPassed":false,"retriesCount":0,"retriesStatusChange":false,"beforeStages":[{"name":"worker_id","time":{"start":1675366043268,"stop":1675366043268,"duration":0},"status":"passed","steps":[],"attachments":[],"parameters":[],"stepsCount":0,"attachmentsCount":0,"shouldDisplayMessage":false,"hasContent":false},{"name":"d","time":{"start":1675366043269,"stop":1675366045435,"duration":2166},"status":"passed","steps":[],"attachments":[],"parameters":[],"stepsCount":0,"attachmentsCount":0,"shouldDisplayMessage":false,"hasContent":false},{"name":"browser","time":{"start":1675366043269,"stop":1675366043269,"duration":0},"status":"passed","steps":[],"attachments":[],"parameters":[],"stepsCount":0,"attachmentsCount":0,"shouldDisplayMessage":false,"hasContent":false},{"name":"go","time":{"start":1675366045435,"stop":1675366045436,"duration":1},"status":"passed","steps":[],"attachments":[],"parameters":[],"stepsCount":0,"attachmentsCount":0,"shouldDisplayMessage":false,"hasContent":false},{"name":"cur_role","time":{"start":1675366045436,"stop":1675366045436,"duration":0},"status":"passed","steps":[],"attachments":[],"parameters":[],"stepsCount":0,"attachmentsCount":0,"shouldDisplayMessage":false,"hasContent":false},{"name":"cur_language","time":{"start":1675368857639,"stop":1675368857642,"duration":3},"status":"passed","steps":[],"attachments":[],"parameters":[],"stepsCount":0,"attachmentsCount":0,"shouldDisplayMessage":false,"hasContent":false},{"name":"cur_license","time":{"start":1675369118466,"stop":1675369118466,"duration":0},"status":"passed","steps":[],"attachments":[],"parameters":[],"stepsCount":0,"attachmentsCount":0,"shouldDisplayMessage":false,"hasContent":false},{"name":"prob_run_tc","time":{"start":1675369208000,"stop":1675369208000,"duration":0},"status":"passed","steps":[],"attachments":[],"parameters":[],"stepsCount":0,"attachmentsCount":0,"shouldDisplayMessage":false,"hasContent":false},{"name":"datetime_now","time":{"start":1675369208001,"stop":1675369208001,"duration":0},"status":"passed","steps":[],"attachments":[],"parameters":[],"stepsCount":0,"attachmentsCount":0,"shouldDisplayMessage":false,"hasContent":false}],"testStage":{"description":"\n        Check: tab \"Find us on ...\" -> button \"Explore features\"\n        Language: only En. Licence: All, except BUH.\n        ","status":"broken","statusMessage":"selenium.common.exceptions.NoSuchElementException: Message: no such element: Unable to locate element: {\"method\":\"css selector\",\"selector\":\"div.bannersHome__buttons > a[data-type='banner-tradingview']\"}\n  (Session info: headless chrome=109.0.5414.119)\nStacktrace:\n#0 0x562e6cb1c303 <unknown>\n#1 0x562e6c8f0d37 <unknown>\n#2 0x562e6c92d5b2 <unknown>\n#3 0x562e6c92d6c1 <unknown>\n#4 0x562e6c967b34 <unknown>\n#5 0x562e6c94d9ad <unknown>\n#6 0x562e6c96588c <unknown>\n#7 0x562e6c94d753 <unknown>\n#8 0x562e6c920a14 <unknown>\n#9 0x562e6c921b7e <unknown>\n#10 0x562e6cb6b32e <unknown>\n#11 0x562e6cb6ec0e <unknown>\n#12 0x562e6cb51610 <unknown>\n#13 0x562e6cb6fc23 <unknown>\n#14 0x562e6cb43545 <unknown>\n#15 0x562e6cb906a8 <unknown>\n#16 0x562e6cb90836 <unknown>\n#17 0x562e6cbabd13 <unknown>\n#18 0x7fea71765b43 <unknown>","statusTrace":"self = <tests.capital_page_test.Tests object at 0x7f4448775510>\nworker_id = 'gw1'\nd = <selenium.webdriver.chrome.webdriver.WebDriver (session=\"a38671e4b108f1709e64563ed6401cf1\")>\ncur_login = 'Empty', cur_password = 'Empty', cur_role = 'NoReg'\ncur_language = '', cur_license = 'SEY', prob_run_tc = None\ndatetime_now = '2023-02-02 20:20:08.000652'\n\n    @allure.feature(\"F_06 | Testing '4' tab 'Main' banner. Only for 'En' language\")\n    @allure.story(\"S_06.01 | Testing 'Explore features' button on the 4 tab 'Main' banner\")\n    @allure.step(\"Start test button 'Explore features' on tab4 'Main' banner.\")\n    @allure.title(\"TC_06_01 with parameters: {cur_role}, {cur_language}, {cur_license}.   {datetime_now}\")\n    def test_06_01_banner_main_tab4_button_explore_features(\n            self, worker_id, d, cur_login, cur_password, cur_role, cur_language, cur_license, prob_run_tc, datetime_now\n    ):\n        \"\"\"\n        Check: tab \"Find us on ...\" -> button \"Explore features\"\n        Language: only En. Licence: All, except BUH.\n        \"\"\"\n        global test_link\n        global page\n    \n        print(f\"worker_id = {worker_id}\")\n    \n        if cur_language in [\"\"]:\n            if cur_license not in [\"BAH\"]:\n                self.preconditions(d, cur_login, cur_password, cur_role, cur_language, cur_license)\n                page = CapitalPage(d, test_link)\n                if not page.current_page_is(test_link):\n                    page.open_page()\n                    print(f\"{datetime.datetime.now()}   Load page: {test_link}\")\n    \n                page.tc0601_banner_main_tab4_click()\n>               page.tc0601_banner_main_tab4_button_explore_features_click()\n\ntests/capital_page_test.py:796: \n_ _ _ _ _ _ _ _ _ _ _ _ _ _ _ _ _ _ _ _ _ _ _ _ _ _ _ _ _ _ _ _ _ _ _ _ _ _ _ _ \npages/capital_com/capital_page.py:139: in tc0601_banner_main_tab4_button_explore_features_click\n    self.browser.find_element(*MainBanner.TAB4_EXPLORE_FEATURES).click()\n../../../.cache/pypoetry/virtualenvs/testcapitalcom-G_ZVEfM_-py3.10/lib/python3.10/site-packages/selenium/webdriver/remote/webdriver.py:830: in find_element\n    return self.execute(Command.FIND_ELEMENT, {\"using\": by, \"value\": value})[\"value\"]\n../../../.cache/pypoetry/virtualenvs/testcapitalcom-G_ZVEfM_-py3.10/lib/python3.10/site-packages/selenium/webdriver/remote/webdriver.py:440: in execute\n    self.error_handler.check_response(response)\n_ _ _ _ _ _ _ _ _ _ _ _ _ _ _ _ _ _ _ _ _ _ _ _ _ _ _ _ _ _ _ _ _ _ _ _ _ _ _ _ \n\nself = <selenium.webdriver.remote.errorhandler.ErrorHandler object at 0x7f4443a54520>\nresponse = {'status': 404, 'value': '{\"value\":{\"error\":\"no such element\",\"message\":\"no such element: Unable to locate element: {\\...\\\\n#16 0x562e6cb90836 \\\\u003Cunknown>\\\\n#17 0x562e6cbabd13 \\\\u003Cunknown>\\\\n#18 0x7fea71765b43 \\\\u003Cunknown>\\\\n\"}}'}\n\n    def check_response(self, response: Dict[str, Any]) -> None:\n        \"\"\"Checks that a JSON response from the WebDriver does not have an\n        error.\n    \n        :Args:\n         - response - The JSON response from the WebDriver server as a dictionary\n           object.\n    \n        :Raises: If the response contains an error message.\n        \"\"\"\n        status = response.get(\"status\", None)\n        if not status or status == ErrorCode.SUCCESS:\n            return\n        value = None\n        message = response.get(\"message\", \"\")\n        screen: str = response.get(\"screen\", \"\")\n        stacktrace = None\n        if isinstance(status, int):\n            value_json = response.get(\"value\", None)\n            if value_json and isinstance(value_json, str):\n                import json\n    \n                try:\n                    value = json.loads(value_json)\n                    if len(value.keys()) == 1:\n                        value = value[\"value\"]\n                    status = value.get(\"error\", None)\n                    if not status:\n                        status = value.get(\"status\", ErrorCode.UNKNOWN_ERROR)\n                        message = value.get(\"value\") or value.get(\"message\")\n                        if not isinstance(message, str):\n                            value = message\n                            message = message.get(\"message\")\n                    else:\n                        message = value.get(\"message\", None)\n                except ValueError:\n                    pass\n    \n        exception_class: Type[WebDriverException]\n        if status in ErrorCode.NO_SUCH_ELEMENT:\n            exception_class = NoSuchElementException\n        elif status in ErrorCode.NO_SUCH_FRAME:\n            exception_class = NoSuchFrameException\n        elif status in ErrorCode.NO_SUCH_SHADOW_ROOT:\n            exception_class = NoSuchShadowRootException\n        elif status in ErrorCode.NO_SUCH_WINDOW:\n            exception_class = NoSuchWindowException\n        elif status in ErrorCode.STALE_ELEMENT_REFERENCE:\n            exception_class = StaleElementReferenceException\n        elif status in ErrorCode.ELEMENT_NOT_VISIBLE:\n            exception_class = ElementNotVisibleException\n        elif status in ErrorCode.INVALID_ELEMENT_STATE:\n            exception_class = InvalidElementStateException\n        elif (\n            status in ErrorCode.INVALID_SELECTOR\n            or status in ErrorCode.INVALID_XPATH_SELECTOR\n            or status in ErrorCode.INVALID_XPATH_SELECTOR_RETURN_TYPER\n        ):\n            exception_class = InvalidSelectorException\n        elif status in ErrorCode.ELEMENT_IS_NOT_SELECTABLE:\n            exception_class = ElementNotSelectableException\n        elif status in ErrorCode.ELEMENT_NOT_INTERACTABLE:\n            exception_class = ElementNotInteractableException\n        elif status in ErrorCode.INVALID_COOKIE_DOMAIN:\n            exception_class = InvalidCookieDomainException\n        elif status in ErrorCode.UNABLE_TO_SET_COOKIE:\n            exception_class = UnableToSetCookieException\n        elif status in ErrorCode.TIMEOUT:\n            exception_class = TimeoutException\n        elif status in ErrorCode.SCRIPT_TIMEOUT:\n            exception_class = TimeoutException\n        elif status in ErrorCode.UNKNOWN_ERROR:\n            exception_class = WebDriverException\n        elif status in ErrorCode.UNEXPECTED_ALERT_OPEN:\n            exception_class = UnexpectedAlertPresentException\n        elif status in ErrorCode.NO_ALERT_OPEN:\n            exception_class = NoAlertPresentException\n        elif status in ErrorCode.IME_NOT_AVAILABLE:\n            exception_class = ImeNotAvailableException\n        elif status in ErrorCode.IME_ENGINE_ACTIVATION_FAILED:\n            exception_class = ImeActivationFailedException\n        elif status in ErrorCode.MOVE_TARGET_OUT_OF_BOUNDS:\n            exception_class = MoveTargetOutOfBoundsException\n        elif status in ErrorCode.JAVASCRIPT_ERROR:\n            exception_class = JavascriptException\n        elif status in ErrorCode.SESSION_NOT_CREATED:\n            exception_class = SessionNotCreatedException\n        elif status in ErrorCode.INVALID_ARGUMENT:\n            exception_class = InvalidArgumentException\n        elif status in ErrorCode.NO_SUCH_COOKIE:\n            exception_class = NoSuchCookieException\n        elif status in ErrorCode.UNABLE_TO_CAPTURE_SCREEN:\n            exception_class = ScreenshotException\n        elif status in ErrorCode.ELEMENT_CLICK_INTERCEPTED:\n            exception_class = ElementClickInterceptedException\n        elif status in ErrorCode.INSECURE_CERTIFICATE:\n            exception_class = InsecureCertificateException\n        elif status in ErrorCode.INVALID_COORDINATES:\n            exception_class = InvalidCoordinatesException\n        elif status in ErrorCode.INVALID_SESSION_ID:\n            exception_class = InvalidSessionIdException\n        elif status in ErrorCode.UNKNOWN_METHOD:\n            exception_class = UnknownMethodException\n        else:\n            exception_class = WebDriverException\n        if not value:\n            value = response[\"value\"]\n        if isinstance(value, str):\n            raise exception_class(value)\n        if message == \"\" and \"message\" in value:\n            message = value[\"message\"]\n    \n        screen = None  # type: ignore[assignment]\n        if \"screen\" in value:\n            screen = value[\"screen\"]\n    \n        stacktrace = None\n        st_value = value.get(\"stackTrace\") or value.get(\"stacktrace\")\n        if st_value:\n            if isinstance(st_value, str):\n                stacktrace = st_value.split(\"\\n\")\n            else:\n                stacktrace = []\n                try:\n                    for frame in st_value:\n                        line = frame.get(\"lineNumber\", \"\")\n                        file = frame.get(\"fileName\", \"<anonymous>\")\n                        if line:\n                            file = f\"{file}:{line}\"\n                        meth = frame.get(\"methodName\", \"<anonymous>\")\n                        if \"className\" in frame:\n                            meth = f\"{frame['className']}.{meth}\"\n                        msg = \"    at %s (%s)\"\n                        msg = msg % (meth, file)\n                        stacktrace.append(msg)\n                except TypeError:\n                    pass\n        if exception_class == UnexpectedAlertPresentException:\n            alert_text = None\n            if \"data\" in value:\n                alert_text = value[\"data\"].get(\"text\")\n            elif \"alert\" in value:\n                alert_text = value[\"alert\"].get(\"text\")\n            raise exception_class(message, screen, stacktrace, alert_text)  # type: ignore[call-arg]  # mypy is not smart enough here\n>       raise exception_class(message, screen, stacktrace)\nE       selenium.common.exceptions.NoSuchElementException: Message: no such element: Unable to locate element: {\"method\":\"css selector\",\"selector\":\"div.bannersHome__buttons > a[data-type='banner-tradingview']\"}\nE         (Session info: headless chrome=109.0.5414.119)\nE       Stacktrace:\nE       #0 0x562e6cb1c303 <unknown>\nE       #1 0x562e6c8f0d37 <unknown>\nE       #2 0x562e6c92d5b2 <unknown>\nE       #3 0x562e6c92d6c1 <unknown>\nE       #4 0x562e6c967b34 <unknown>\nE       #5 0x562e6c94d9ad <unknown>\nE       #6 0x562e6c96588c <unknown>\nE       #7 0x562e6c94d753 <unknown>\nE       #8 0x562e6c920a14 <unknown>\nE       #9 0x562e6c921b7e <unknown>\nE       #10 0x562e6cb6b32e <unknown>\nE       #11 0x562e6cb6ec0e <unknown>\nE       #12 0x562e6cb51610 <unknown>\nE       #13 0x562e6cb6fc23 <unknown>\nE       #14 0x562e6cb43545 <unknown>\nE       #15 0x562e6cb906a8 <unknown>\nE       #16 0x562e6cb90836 <unknown>\nE       #17 0x562e6cbabd13 <unknown>\nE       #18 0x7fea71765b43 <unknown>\n\n../../../.cache/pypoetry/virtualenvs/testcapitalcom-G_ZVEfM_-py3.10/lib/python3.10/site-packages/selenium/webdriver/remote/errorhandler.py:245: NoSuchElementException","steps":[{"name":"Start test button 'Explore features' on tab4 'Main' banner.","time":{"start":1675369208004,"stop":1675369224569,"duration":16565},"status":"broken","statusMessage":"selenium.common.exceptions.NoSuchElementException: Message: no such element: Unable to locate element: {\"method\":\"css selector\",\"selector\":\"div.bannersHome__buttons > a[data-type='banner-tradingview']\"}\n  (Session info: headless chrome=109.0.5414.119)\nStacktrace:\n#0 0x562e6cb1c303 <unknown>\n#1 0x562e6c8f0d37 <unknown>\n#2 0x562e6c92d5b2 <unknown>\n#3 0x562e6c92d6c1 <unknown>\n#4 0x562e6c967b34 <unknown>\n#5 0x562e6c94d9ad <unknown>\n#6 0x562e6c96588c <unknown>\n#7 0x562e6c94d753 <unknown>\n#8 0x562e6c920a14 <unknown>\n#9 0x562e6c921b7e <unknown>\n#10 0x562e6cb6b32e <unknown>\n#11 0x562e6cb6ec0e <unknown>\n#12 0x562e6cb51610 <unknown>\n#13 0x562e6cb6fc23 <unknown>\n#14 0x562e6cb43545 <unknown>\n#15 0x562e6cb906a8 <unknown>\n#16 0x562e6cb90836 <unknown>\n#17 0x562e6cbabd13 <unknown>\n#18 0x7fea71765b43 <unknown>\n\n","statusTrace":"  File \"/home/runner/.cache/pypoetry/virtualenvs/testcapitalcom-G_ZVEfM_-py3.10/lib/python3.10/site-packages/allure_commons/_allure.py\", line 192, in impl\n    return func(*a, **kw)\n  File \"/home/runner/work/TestCapitalCom/TestCapitalCom/tests/capital_page_test.py\", line 796, in test_06_01_banner_main_tab4_button_explore_features\n    page.tc0601_banner_main_tab4_button_explore_features_click()\n  File \"/home/runner/.cache/pypoetry/virtualenvs/testcapitalcom-G_ZVEfM_-py3.10/lib/python3.10/site-packages/allure_commons/_allure.py\", line 192, in impl\n    return func(*a, **kw)\n  File \"/home/runner/work/TestCapitalCom/TestCapitalCom/pages/capital_com/capital_page.py\", line 139, in tc0601_banner_main_tab4_button_explore_features_click\n    self.browser.find_element(*MainBanner.TAB4_EXPLORE_FEATURES).click()\n  File \"/home/runner/.cache/pypoetry/virtualenvs/testcapitalcom-G_ZVEfM_-py3.10/lib/python3.10/site-packages/selenium/webdriver/remote/webdriver.py\", line 830, in find_element\n    return self.execute(Command.FIND_ELEMENT, {\"using\": by, \"value\": value})[\"value\"]\n  File \"/home/runner/.cache/pypoetry/virtualenvs/testcapitalcom-G_ZVEfM_-py3.10/lib/python3.10/site-packages/selenium/webdriver/remote/webdriver.py\", line 440, in execute\n    self.error_handler.check_response(response)\n  File \"/home/runner/.cache/pypoetry/virtualenvs/testcapitalcom-G_ZVEfM_-py3.10/lib/python3.10/site-packages/selenium/webdriver/remote/errorhandler.py\", line 245, in check_response\n    raise exception_class(message, screen, stacktrace)\n","steps":[{"name":"Set preconditions","time":{"start":1675369208004,"stop":1675369208004,"duration":0},"status":"passed","steps":[],"attachments":[],"parameters":[{"name":"d","value":"<selenium.webdriver.chrome.webdriver.WebDriver (session=\"a38671e4b108f1709e64563ed6401cf1\")>"},{"name":"cur_login","value":"'Empty'"},{"name":"cur_password","value":"'Empty'"},{"name":"cur_role","value":"'NoReg'"},{"name":"cur_language","value":"''"},{"name":"cur_license","value":"'SEY'"}],"stepsCount":0,"attachmentsCount":0,"shouldDisplayMessage":false,"hasContent":true},{"name":"2023-02-02 19:27:19.681529.   Click tab '4' on banner 'Main'.","time":{"start":1675369208042,"stop":1675369208460,"duration":418},"status":"passed","steps":[],"attachments":[],"parameters":[],"stepsCount":0,"attachmentsCount":0,"shouldDisplayMessage":false,"hasContent":false},{"name":"2023-02-02 19:27:19.681546.   Click button 'Explore features' on banner 'Main' tab '4'.","time":{"start":1675369208460,"stop":1675369224569,"duration":16109},"status":"broken","statusMessage":"selenium.common.exceptions.NoSuchElementException: Message: no such element: Unable to locate element: {\"method\":\"css selector\",\"selector\":\"div.bannersHome__buttons > a[data-type='banner-tradingview']\"}\n  (Session info: headless chrome=109.0.5414.119)\nStacktrace:\n#0 0x562e6cb1c303 <unknown>\n#1 0x562e6c8f0d37 <unknown>\n#2 0x562e6c92d5b2 <unknown>\n#3 0x562e6c92d6c1 <unknown>\n#4 0x562e6c967b34 <unknown>\n#5 0x562e6c94d9ad <unknown>\n#6 0x562e6c96588c <unknown>\n#7 0x562e6c94d753 <unknown>\n#8 0x562e6c920a14 <unknown>\n#9 0x562e6c921b7e <unknown>\n#10 0x562e6cb6b32e <unknown>\n#11 0x562e6cb6ec0e <unknown>\n#12 0x562e6cb51610 <unknown>\n#13 0x562e6cb6fc23 <unknown>\n#14 0x562e6cb43545 <unknown>\n#15 0x562e6cb906a8 <unknown>\n#16 0x562e6cb90836 <unknown>\n#17 0x562e6cbabd13 <unknown>\n#18 0x7fea71765b43 <unknown>\n\n","statusTrace":"  File \"/home/runner/.cache/pypoetry/virtualenvs/testcapitalcom-G_ZVEfM_-py3.10/lib/python3.10/site-packages/allure_commons/_allure.py\", line 192, in impl\n    return func(*a, **kw)\n  File \"/home/runner/work/TestCapitalCom/TestCapitalCom/pages/capital_com/capital_page.py\", line 139, in tc0601_banner_main_tab4_button_explore_features_click\n    self.browser.find_element(*MainBanner.TAB4_EXPLORE_FEATURES).click()\n  File \"/home/runner/.cache/pypoetry/virtualenvs/testcapitalcom-G_ZVEfM_-py3.10/lib/python3.10/site-packages/selenium/webdriver/remote/webdriver.py\", line 830, in find_element\n    return self.execute(Command.FIND_ELEMENT, {\"using\": by, \"value\": value})[\"value\"]\n  File \"/home/runner/.cache/pypoetry/virtualenvs/testcapitalcom-G_ZVEfM_-py3.10/lib/python3.10/site-packages/selenium/webdriver/remote/webdriver.py\", line 440, in execute\n    self.error_handler.check_response(response)\n  File \"/home/runner/.cache/pypoetry/virtualenvs/testcapitalcom-G_ZVEfM_-py3.10/lib/python3.10/site-packages/selenium/webdriver/remote/errorhandler.py\", line 245, in check_response\n    raise exception_class(message, screen, stacktrace)\n","steps":[],"attachments":[],"parameters":[],"stepsCount":0,"attachmentsCount":0,"shouldDisplayMessage":true,"hasContent":true}],"attachments":[],"parameters":[{"name":"worker_id","value":"'gw1'"},{"name":"d","value":"<selenium.webdriver.chrome.webdriver.WebDriver (session=\"a38671e4b108f1709e64563ed6401cf1\")>"},{"name":"cur_login","value":"'Empty'"},{"name":"cur_password","value":"'Empty'"},{"name":"cur_role","value":"'NoReg'"},{"name":"cur_language","value":"''"},{"name":"cur_license","value":"'SEY'"},{"name":"prob_run_tc","value":"None"},{"name":"datetime_now","value":"'2023-02-02 20:20:08.000652'"}],"stepsCount":3,"attachmentsCount":0,"shouldDisplayMessage":false,"hasContent":true}],"attachments":[{"uid":"9989653d894bd9b7","name":"Screeshot","source":"9989653d894bd9b7.png","type":"image/png","size":2686806},{"uid":"d0839ee89fced41f","name":"log","source":"d0839ee89fced41f.txt","type":"text/plain","size":1276},{"uid":"dc901df628217e80","name":"stdout","source":"dc901df628217e80.txt","type":"text/plain","size":16}],"parameters":[],"stepsCount":4,"attachmentsCount":3,"shouldDisplayMessage":true,"hasContent":true},"afterStages":[{"name":"go::0","time":{"start":1675377832334,"stop":1675377832564,"duration":230},"status":"passed","steps":[],"attachments":[],"parameters":[],"stepsCount":0,"attachmentsCount":0,"shouldDisplayMessage":false,"hasContent":false}],"labels":[{"name":"story","value":"S_06.01 | Testing 'Explore features' button on the 4 tab 'Main' banner"},{"name":"epic","value":"Testing capital.com. All language. All license"},{"name":"feature","value":"F_06 | Testing '4' tab 'Main' banner. Only for 'En' language"},{"name":"parentSuite","value":"tests"},{"name":"suite","value":"capital_page_test"},{"name":"subSuite","value":"Tests"},{"name":"host","value":"fv-az257-554"},{"name":"thread","value":"2998-MainThread"},{"name":"framework","value":"pytest"},{"name":"language","value":"cpython3"},{"name":"package","value":"tests.capital_page_test"},{"name":"resultFormat","value":"allure2"}],"parameters":[{"name":"cur_language","value":"''"},{"name":"cur_license","value":"'SEY'"},{"name":"cur_login","value":"'Empty'"},{"name":"cur_password","value":"'Empty'"},{"name":"cur_role","value":"'NoReg'"},{"name":"go","value":"'chrome'"}],"links":[],"hidden":false,"retry":false,"extra":{"severity":"normal","retries":[],"categories":[{"name":"Test defects","matchedStatuses":[],"flaky":false}],"history":{"statistic":{"failed":0,"broken":1,"skipped":0,"passed":2,"unknown":0,"total":3},"items":[{"uid":"68be7e421933ae4d","reportUrl":"https://AlexTom22.github.io/TestCapitalCom/9//#testresult/68be7e421933ae4d","status":"passed","time":{"start":1674778971508,"stop":1674778978992,"duration":7484}},{"uid":"44ed8d55a457799d","reportUrl":"https://AlexTom22.github.io/TestCapitalCom/8//#testresult/44ed8d55a457799d","status":"passed","time":{"start":1674474342740,"stop":1674474348907,"duration":6167}}]},"tags":[]},"source":"507d1682c0c31429.json","parameterValues":["''","'SEY'","'Empty'","'Empty'","'NoReg'","'chrome'"]}