{"uid":"d95187880365fd8c","name":"TC_03_02 with parameters: NoReg, , FCA.   2023-02-02 20:25:45.958683","fullName":"tests.capital_page_test.Tests#test_03_02_banner_main_tab1_button_practise_for_free","historyId":"a794c38f9908265d0afcdaa2c3246c80","time":{"start":1675369545963,"stop":1675369562433,"duration":16470},"description":"\n        Check: tab \"1\" -> button \"Practice for free\"\n        Language: only En. Licence: All.\n        ","descriptionHtml":"<pre><code>    Check: tab &quot;1&quot; -&gt; button &quot;Practice for free&quot;\n    Language: only En. Licence: All.\n</code></pre>\n","status":"skipped","statusMessage":"XFAIL\n\nselenium.common.exceptions.NoSuchElementException: Message: no such element: Unable to locate element: {\"method\":\"css selector\",\"selector\":\"div.bannersHome__buttons > a[data-type='topbanner_trade_cfds_demo']\"}\n  (Session info: headless chrome=109.0.5414.119)\nStacktrace:\n#0 0x555e094fd303 <unknown>\n#1 0x555e092d1d37 <unknown>\n#2 0x555e0930e5b2 <unknown>\n#3 0x555e0930e6c1 <unknown>\n#4 0x555e09348b34 <unknown>\n#5 0x555e0932e9ad <unknown>\n#6 0x555e0934688c <unknown>\n#7 0x555e0932e753 <unknown>\n#8 0x555e09301a14 <unknown>\n#9 0x555e09302b7e <unknown>\n#10 0x555e0954c32e <unknown>\n#11 0x555e0954fc0e <unknown>\n#12 0x555e09532610 <unknown>\n#13 0x555e09550c23 <unknown>\n#14 0x555e09524545 <unknown>\n#15 0x555e095716a8 <unknown>\n#16 0x555e09571836 <unknown>\n#17 0x555e0958cd13 <unknown>\n#18 0x7fc1dbf5eb43 <unknown>","statusTrace":"self = <tests.capital_page_test.Tests object at 0x7f29654bd360>\nworker_id = 'gw0'\nd = <selenium.webdriver.chrome.webdriver.WebDriver (session=\"71000e9b9648d10d26568948690bf0d9\")>\ncur_login = 'Empty', cur_password = 'Empty', cur_role = 'NoReg'\ncur_language = '', cur_license = 'FCA', prob_run_tc = None\ndatetime_now = '2023-02-02 20:25:45.958683'\n\n    @pytest.mark.xfail\n    @allure.feature(\"F_03 | Testing '1' tab 'Main' banner. Only for 'En' language\")\n    @allure.story(\"S_03.02 | Testing 'Practise for free' button on the 1 tab 'Main' banner\")\n    @allure.step(\"Start test button 'Practise for free' on tab1 'Main' banner (for all License).\")\n    @allure.title(\"TC_03_02 with parameters: {cur_role}, {cur_language}, {cur_license}.   {datetime_now}\")\n    def test_03_02_banner_main_tab1_button_practise_for_free(\n            self, worker_id, d, cur_login, cur_password, cur_role, cur_language, cur_license, prob_run_tc, datetime_now\n    ):\n        \"\"\"\n        Check: tab \"1\" -> button \"Practice for free\"\n        Language: only En. Licence: All.\n        \"\"\"\n        # pytest.skip(\"missing in the current layout\")\n    \n        global test_link\n        global page\n    \n        print(f\"worker_id = {worker_id}\")\n    \n        if cur_language in [\"\"]:\n            self.preconditions(d, cur_login, cur_password, cur_role, cur_language, cur_license)\n    \n            page = CapitalPage(d, test_link)\n            if not page.current_page_is(test_link):\n                page.open_page()\n                print(f\"{datetime.datetime.now()}   Load page: {test_link}\")\n    \n            page.banner_main_tab1_click()\n>           page.banner_main_tab1_button_practise_for_free_click()\n\ntests/capital_page_test.py:314: \n_ _ _ _ _ _ _ _ _ _ _ _ _ _ _ _ _ _ _ _ _ _ _ _ _ _ _ _ _ _ _ _ _ _ _ _ _ _ _ _ \npages/capital_com/capital_page.py:64: in banner_main_tab1_button_practise_for_free_click\n    self.browser.find_element(*MainBanner.TAB1_PRACTISE_FOR_FREE).click()\n../../../.cache/pypoetry/virtualenvs/testcapitalcom-G_ZVEfM_-py3.10/lib/python3.10/site-packages/selenium/webdriver/remote/webdriver.py:830: in find_element\n    return self.execute(Command.FIND_ELEMENT, {\"using\": by, \"value\": value})[\"value\"]\n../../../.cache/pypoetry/virtualenvs/testcapitalcom-G_ZVEfM_-py3.10/lib/python3.10/site-packages/selenium/webdriver/remote/webdriver.py:440: in execute\n    self.error_handler.check_response(response)\n_ _ _ _ _ _ _ _ _ _ _ _ _ _ _ _ _ _ _ _ _ _ _ _ _ _ _ _ _ _ _ _ _ _ _ _ _ _ _ _ \n\nself = <selenium.webdriver.remote.errorhandler.ErrorHandler object at 0x7f295ff6ba90>\nresponse = {'status': 404, 'value': '{\"value\":{\"error\":\"no such element\",\"message\":\"no such element: Unable to locate element: {\\...\\\\n#16 0x555e09571836 \\\\u003Cunknown>\\\\n#17 0x555e0958cd13 \\\\u003Cunknown>\\\\n#18 0x7fc1dbf5eb43 \\\\u003Cunknown>\\\\n\"}}'}\n\n    def check_response(self, response: Dict[str, Any]) -> None:\n        \"\"\"Checks that a JSON response from the WebDriver does not have an\n        error.\n    \n        :Args:\n         - response - The JSON response from the WebDriver server as a dictionary\n           object.\n    \n        :Raises: If the response contains an error message.\n        \"\"\"\n        status = response.get(\"status\", None)\n        if not status or status == ErrorCode.SUCCESS:\n            return\n        value = None\n        message = response.get(\"message\", \"\")\n        screen: str = response.get(\"screen\", \"\")\n        stacktrace = None\n        if isinstance(status, int):\n            value_json = response.get(\"value\", None)\n            if value_json and isinstance(value_json, str):\n                import json\n    \n                try:\n                    value = json.loads(value_json)\n                    if len(value.keys()) == 1:\n                        value = value[\"value\"]\n                    status = value.get(\"error\", None)\n                    if not status:\n                        status = value.get(\"status\", ErrorCode.UNKNOWN_ERROR)\n                        message = value.get(\"value\") or value.get(\"message\")\n                        if not isinstance(message, str):\n                            value = message\n                            message = message.get(\"message\")\n                    else:\n                        message = value.get(\"message\", None)\n                except ValueError:\n                    pass\n    \n        exception_class: Type[WebDriverException]\n        if status in ErrorCode.NO_SUCH_ELEMENT:\n            exception_class = NoSuchElementException\n        elif status in ErrorCode.NO_SUCH_FRAME:\n            exception_class = NoSuchFrameException\n        elif status in ErrorCode.NO_SUCH_SHADOW_ROOT:\n            exception_class = NoSuchShadowRootException\n        elif status in ErrorCode.NO_SUCH_WINDOW:\n            exception_class = NoSuchWindowException\n        elif status in ErrorCode.STALE_ELEMENT_REFERENCE:\n            exception_class = StaleElementReferenceException\n        elif status in ErrorCode.ELEMENT_NOT_VISIBLE:\n            exception_class = ElementNotVisibleException\n        elif status in ErrorCode.INVALID_ELEMENT_STATE:\n            exception_class = InvalidElementStateException\n        elif (\n            status in ErrorCode.INVALID_SELECTOR\n            or status in ErrorCode.INVALID_XPATH_SELECTOR\n            or status in ErrorCode.INVALID_XPATH_SELECTOR_RETURN_TYPER\n        ):\n            exception_class = InvalidSelectorException\n        elif status in ErrorCode.ELEMENT_IS_NOT_SELECTABLE:\n            exception_class = ElementNotSelectableException\n        elif status in ErrorCode.ELEMENT_NOT_INTERACTABLE:\n            exception_class = ElementNotInteractableException\n        elif status in ErrorCode.INVALID_COOKIE_DOMAIN:\n            exception_class = InvalidCookieDomainException\n        elif status in ErrorCode.UNABLE_TO_SET_COOKIE:\n            exception_class = UnableToSetCookieException\n        elif status in ErrorCode.TIMEOUT:\n            exception_class = TimeoutException\n        elif status in ErrorCode.SCRIPT_TIMEOUT:\n            exception_class = TimeoutException\n        elif status in ErrorCode.UNKNOWN_ERROR:\n            exception_class = WebDriverException\n        elif status in ErrorCode.UNEXPECTED_ALERT_OPEN:\n            exception_class = UnexpectedAlertPresentException\n        elif status in ErrorCode.NO_ALERT_OPEN:\n            exception_class = NoAlertPresentException\n        elif status in ErrorCode.IME_NOT_AVAILABLE:\n            exception_class = ImeNotAvailableException\n        elif status in ErrorCode.IME_ENGINE_ACTIVATION_FAILED:\n            exception_class = ImeActivationFailedException\n        elif status in ErrorCode.MOVE_TARGET_OUT_OF_BOUNDS:\n            exception_class = MoveTargetOutOfBoundsException\n        elif status in ErrorCode.JAVASCRIPT_ERROR:\n            exception_class = JavascriptException\n        elif status in ErrorCode.SESSION_NOT_CREATED:\n            exception_class = SessionNotCreatedException\n        elif status in ErrorCode.INVALID_ARGUMENT:\n            exception_class = InvalidArgumentException\n        elif status in ErrorCode.NO_SUCH_COOKIE:\n            exception_class = NoSuchCookieException\n        elif status in ErrorCode.UNABLE_TO_CAPTURE_SCREEN:\n            exception_class = ScreenshotException\n        elif status in ErrorCode.ELEMENT_CLICK_INTERCEPTED:\n            exception_class = ElementClickInterceptedException\n        elif status in ErrorCode.INSECURE_CERTIFICATE:\n            exception_class = InsecureCertificateException\n        elif status in ErrorCode.INVALID_COORDINATES:\n            exception_class = InvalidCoordinatesException\n        elif status in ErrorCode.INVALID_SESSION_ID:\n            exception_class = InvalidSessionIdException\n        elif status in ErrorCode.UNKNOWN_METHOD:\n            exception_class = UnknownMethodException\n        else:\n            exception_class = WebDriverException\n        if not value:\n            value = response[\"value\"]\n        if isinstance(value, str):\n            raise exception_class(value)\n        if message == \"\" and \"message\" in value:\n            message = value[\"message\"]\n    \n        screen = None  # type: ignore[assignment]\n        if \"screen\" in value:\n            screen = value[\"screen\"]\n    \n        stacktrace = None\n        st_value = value.get(\"stackTrace\") or value.get(\"stacktrace\")\n        if st_value:\n            if isinstance(st_value, str):\n                stacktrace = st_value.split(\"\\n\")\n            else:\n                stacktrace = []\n                try:\n                    for frame in st_value:\n                        line = frame.get(\"lineNumber\", \"\")\n                        file = frame.get(\"fileName\", \"<anonymous>\")\n                        if line:\n                            file = f\"{file}:{line}\"\n                        meth = frame.get(\"methodName\", \"<anonymous>\")\n                        if \"className\" in frame:\n                            meth = f\"{frame['className']}.{meth}\"\n                        msg = \"    at %s (%s)\"\n                        msg = msg % (meth, file)\n                        stacktrace.append(msg)\n                except TypeError:\n                    pass\n        if exception_class == UnexpectedAlertPresentException:\n            alert_text = None\n            if \"data\" in value:\n                alert_text = value[\"data\"].get(\"text\")\n            elif \"alert\" in value:\n                alert_text = value[\"alert\"].get(\"text\")\n            raise exception_class(message, screen, stacktrace, alert_text)  # type: ignore[call-arg]  # mypy is not smart enough here\n>       raise exception_class(message, screen, stacktrace)\nE       selenium.common.exceptions.NoSuchElementException: Message: no such element: Unable to locate element: {\"method\":\"css selector\",\"selector\":\"div.bannersHome__buttons > a[data-type='topbanner_trade_cfds_demo']\"}\nE         (Session info: headless chrome=109.0.5414.119)\nE       Stacktrace:\nE       #0 0x555e094fd303 <unknown>\nE       #1 0x555e092d1d37 <unknown>\nE       #2 0x555e0930e5b2 <unknown>\nE       #3 0x555e0930e6c1 <unknown>\nE       #4 0x555e09348b34 <unknown>\nE       #5 0x555e0932e9ad <unknown>\nE       #6 0x555e0934688c <unknown>\nE       #7 0x555e0932e753 <unknown>\nE       #8 0x555e09301a14 <unknown>\nE       #9 0x555e09302b7e <unknown>\nE       #10 0x555e0954c32e <unknown>\nE       #11 0x555e0954fc0e <unknown>\nE       #12 0x555e09532610 <unknown>\nE       #13 0x555e09550c23 <unknown>\nE       #14 0x555e09524545 <unknown>\nE       #15 0x555e095716a8 <unknown>\nE       #16 0x555e09571836 <unknown>\nE       #17 0x555e0958cd13 <unknown>\nE       #18 0x7fc1dbf5eb43 <unknown>\n\n../../../.cache/pypoetry/virtualenvs/testcapitalcom-G_ZVEfM_-py3.10/lib/python3.10/site-packages/selenium/webdriver/remote/errorhandler.py:245: NoSuchElementException","flaky":false,"newFailed":false,"newBroken":false,"newPassed":false,"retriesCount":0,"retriesStatusChange":false,"beforeStages":[{"name":"d","time":{"start":1675366043262,"stop":1675366045435,"duration":2173},"status":"passed","steps":[],"attachments":[],"parameters":[],"stepsCount":0,"attachmentsCount":0,"shouldDisplayMessage":false,"hasContent":false},{"name":"worker_id","time":{"start":1675366043262,"stop":1675366043262,"duration":0},"status":"passed","steps":[],"attachments":[],"parameters":[],"stepsCount":0,"attachmentsCount":0,"shouldDisplayMessage":false,"hasContent":false},{"name":"browser","time":{"start":1675366043262,"stop":1675366043262,"duration":0},"status":"passed","steps":[],"attachments":[],"parameters":[],"stepsCount":0,"attachmentsCount":0,"shouldDisplayMessage":false,"hasContent":false},{"name":"go","time":{"start":1675366045435,"stop":1675366045436,"duration":1},"status":"passed","steps":[],"attachments":[],"parameters":[],"stepsCount":0,"attachmentsCount":0,"shouldDisplayMessage":false,"hasContent":false},{"name":"cur_role","time":{"start":1675366045436,"stop":1675366045437,"duration":1},"status":"passed","steps":[],"attachments":[],"parameters":[],"stepsCount":0,"attachmentsCount":0,"shouldDisplayMessage":false,"hasContent":false},{"name":"cur_language","time":{"start":1675368809424,"stop":1675368809424,"duration":0},"status":"passed","steps":[],"attachments":[],"parameters":[],"stepsCount":0,"attachmentsCount":0,"shouldDisplayMessage":false,"hasContent":false},{"name":"cur_license","time":{"start":1675369512019,"stop":1675369512019,"duration":0},"status":"passed","steps":[],"attachments":[],"parameters":[],"stepsCount":0,"attachmentsCount":0,"shouldDisplayMessage":false,"hasContent":false},{"name":"prob_run_tc","time":{"start":1675369545958,"stop":1675369545959,"duration":1},"status":"passed","steps":[],"attachments":[],"parameters":[],"stepsCount":0,"attachmentsCount":0,"shouldDisplayMessage":false,"hasContent":false},{"name":"datetime_now","time":{"start":1675369545959,"stop":1675369545959,"duration":0},"status":"passed","steps":[],"attachments":[],"parameters":[],"stepsCount":0,"attachmentsCount":0,"shouldDisplayMessage":false,"hasContent":false}],"testStage":{"description":"\n        Check: tab \"1\" -> button \"Practice for free\"\n        Language: only En. Licence: All.\n        ","status":"skipped","statusMessage":"XFAIL\n\nselenium.common.exceptions.NoSuchElementException: Message: no such element: Unable to locate element: {\"method\":\"css selector\",\"selector\":\"div.bannersHome__buttons > a[data-type='topbanner_trade_cfds_demo']\"}\n  (Session info: headless chrome=109.0.5414.119)\nStacktrace:\n#0 0x555e094fd303 <unknown>\n#1 0x555e092d1d37 <unknown>\n#2 0x555e0930e5b2 <unknown>\n#3 0x555e0930e6c1 <unknown>\n#4 0x555e09348b34 <unknown>\n#5 0x555e0932e9ad <unknown>\n#6 0x555e0934688c <unknown>\n#7 0x555e0932e753 <unknown>\n#8 0x555e09301a14 <unknown>\n#9 0x555e09302b7e <unknown>\n#10 0x555e0954c32e <unknown>\n#11 0x555e0954fc0e <unknown>\n#12 0x555e09532610 <unknown>\n#13 0x555e09550c23 <unknown>\n#14 0x555e09524545 <unknown>\n#15 0x555e095716a8 <unknown>\n#16 0x555e09571836 <unknown>\n#17 0x555e0958cd13 <unknown>\n#18 0x7fc1dbf5eb43 <unknown>","statusTrace":"self = <tests.capital_page_test.Tests object at 0x7f29654bd360>\nworker_id = 'gw0'\nd = <selenium.webdriver.chrome.webdriver.WebDriver (session=\"71000e9b9648d10d26568948690bf0d9\")>\ncur_login = 'Empty', cur_password = 'Empty', cur_role = 'NoReg'\ncur_language = '', cur_license = 'FCA', prob_run_tc = None\ndatetime_now = '2023-02-02 20:25:45.958683'\n\n    @pytest.mark.xfail\n    @allure.feature(\"F_03 | Testing '1' tab 'Main' banner. Only for 'En' language\")\n    @allure.story(\"S_03.02 | Testing 'Practise for free' button on the 1 tab 'Main' banner\")\n    @allure.step(\"Start test button 'Practise for free' on tab1 'Main' banner (for all License).\")\n    @allure.title(\"TC_03_02 with parameters: {cur_role}, {cur_language}, {cur_license}.   {datetime_now}\")\n    def test_03_02_banner_main_tab1_button_practise_for_free(\n            self, worker_id, d, cur_login, cur_password, cur_role, cur_language, cur_license, prob_run_tc, datetime_now\n    ):\n        \"\"\"\n        Check: tab \"1\" -> button \"Practice for free\"\n        Language: only En. Licence: All.\n        \"\"\"\n        # pytest.skip(\"missing in the current layout\")\n    \n        global test_link\n        global page\n    \n        print(f\"worker_id = {worker_id}\")\n    \n        if cur_language in [\"\"]:\n            self.preconditions(d, cur_login, cur_password, cur_role, cur_language, cur_license)\n    \n            page = CapitalPage(d, test_link)\n            if not page.current_page_is(test_link):\n                page.open_page()\n                print(f\"{datetime.datetime.now()}   Load page: {test_link}\")\n    \n            page.banner_main_tab1_click()\n>           page.banner_main_tab1_button_practise_for_free_click()\n\ntests/capital_page_test.py:314: \n_ _ _ _ _ _ _ _ _ _ _ _ _ _ _ _ _ _ _ _ _ _ _ _ _ _ _ _ _ _ _ _ _ _ _ _ _ _ _ _ \npages/capital_com/capital_page.py:64: in banner_main_tab1_button_practise_for_free_click\n    self.browser.find_element(*MainBanner.TAB1_PRACTISE_FOR_FREE).click()\n../../../.cache/pypoetry/virtualenvs/testcapitalcom-G_ZVEfM_-py3.10/lib/python3.10/site-packages/selenium/webdriver/remote/webdriver.py:830: in find_element\n    return self.execute(Command.FIND_ELEMENT, {\"using\": by, \"value\": value})[\"value\"]\n../../../.cache/pypoetry/virtualenvs/testcapitalcom-G_ZVEfM_-py3.10/lib/python3.10/site-packages/selenium/webdriver/remote/webdriver.py:440: in execute\n    self.error_handler.check_response(response)\n_ _ _ _ _ _ _ _ _ _ _ _ _ _ _ _ _ _ _ _ _ _ _ _ _ _ _ _ _ _ _ _ _ _ _ _ _ _ _ _ \n\nself = <selenium.webdriver.remote.errorhandler.ErrorHandler object at 0x7f295ff6ba90>\nresponse = {'status': 404, 'value': '{\"value\":{\"error\":\"no such element\",\"message\":\"no such element: Unable to locate element: {\\...\\\\n#16 0x555e09571836 \\\\u003Cunknown>\\\\n#17 0x555e0958cd13 \\\\u003Cunknown>\\\\n#18 0x7fc1dbf5eb43 \\\\u003Cunknown>\\\\n\"}}'}\n\n    def check_response(self, response: Dict[str, Any]) -> None:\n        \"\"\"Checks that a JSON response from the WebDriver does not have an\n        error.\n    \n        :Args:\n         - response - The JSON response from the WebDriver server as a dictionary\n           object.\n    \n        :Raises: If the response contains an error message.\n        \"\"\"\n        status = response.get(\"status\", None)\n        if not status or status == ErrorCode.SUCCESS:\n            return\n        value = None\n        message = response.get(\"message\", \"\")\n        screen: str = response.get(\"screen\", \"\")\n        stacktrace = None\n        if isinstance(status, int):\n            value_json = response.get(\"value\", None)\n            if value_json and isinstance(value_json, str):\n                import json\n    \n                try:\n                    value = json.loads(value_json)\n                    if len(value.keys()) == 1:\n                        value = value[\"value\"]\n                    status = value.get(\"error\", None)\n                    if not status:\n                        status = value.get(\"status\", ErrorCode.UNKNOWN_ERROR)\n                        message = value.get(\"value\") or value.get(\"message\")\n                        if not isinstance(message, str):\n                            value = message\n                            message = message.get(\"message\")\n                    else:\n                        message = value.get(\"message\", None)\n                except ValueError:\n                    pass\n    \n        exception_class: Type[WebDriverException]\n        if status in ErrorCode.NO_SUCH_ELEMENT:\n            exception_class = NoSuchElementException\n        elif status in ErrorCode.NO_SUCH_FRAME:\n            exception_class = NoSuchFrameException\n        elif status in ErrorCode.NO_SUCH_SHADOW_ROOT:\n            exception_class = NoSuchShadowRootException\n        elif status in ErrorCode.NO_SUCH_WINDOW:\n            exception_class = NoSuchWindowException\n        elif status in ErrorCode.STALE_ELEMENT_REFERENCE:\n            exception_class = StaleElementReferenceException\n        elif status in ErrorCode.ELEMENT_NOT_VISIBLE:\n            exception_class = ElementNotVisibleException\n        elif status in ErrorCode.INVALID_ELEMENT_STATE:\n            exception_class = InvalidElementStateException\n        elif (\n            status in ErrorCode.INVALID_SELECTOR\n            or status in ErrorCode.INVALID_XPATH_SELECTOR\n            or status in ErrorCode.INVALID_XPATH_SELECTOR_RETURN_TYPER\n        ):\n            exception_class = InvalidSelectorException\n        elif status in ErrorCode.ELEMENT_IS_NOT_SELECTABLE:\n            exception_class = ElementNotSelectableException\n        elif status in ErrorCode.ELEMENT_NOT_INTERACTABLE:\n            exception_class = ElementNotInteractableException\n        elif status in ErrorCode.INVALID_COOKIE_DOMAIN:\n            exception_class = InvalidCookieDomainException\n        elif status in ErrorCode.UNABLE_TO_SET_COOKIE:\n            exception_class = UnableToSetCookieException\n        elif status in ErrorCode.TIMEOUT:\n            exception_class = TimeoutException\n        elif status in ErrorCode.SCRIPT_TIMEOUT:\n            exception_class = TimeoutException\n        elif status in ErrorCode.UNKNOWN_ERROR:\n            exception_class = WebDriverException\n        elif status in ErrorCode.UNEXPECTED_ALERT_OPEN:\n            exception_class = UnexpectedAlertPresentException\n        elif status in ErrorCode.NO_ALERT_OPEN:\n            exception_class = NoAlertPresentException\n        elif status in ErrorCode.IME_NOT_AVAILABLE:\n            exception_class = ImeNotAvailableException\n        elif status in ErrorCode.IME_ENGINE_ACTIVATION_FAILED:\n            exception_class = ImeActivationFailedException\n        elif status in ErrorCode.MOVE_TARGET_OUT_OF_BOUNDS:\n            exception_class = MoveTargetOutOfBoundsException\n        elif status in ErrorCode.JAVASCRIPT_ERROR:\n            exception_class = JavascriptException\n        elif status in ErrorCode.SESSION_NOT_CREATED:\n            exception_class = SessionNotCreatedException\n        elif status in ErrorCode.INVALID_ARGUMENT:\n            exception_class = InvalidArgumentException\n        elif status in ErrorCode.NO_SUCH_COOKIE:\n            exception_class = NoSuchCookieException\n        elif status in ErrorCode.UNABLE_TO_CAPTURE_SCREEN:\n            exception_class = ScreenshotException\n        elif status in ErrorCode.ELEMENT_CLICK_INTERCEPTED:\n            exception_class = ElementClickInterceptedException\n        elif status in ErrorCode.INSECURE_CERTIFICATE:\n            exception_class = InsecureCertificateException\n        elif status in ErrorCode.INVALID_COORDINATES:\n            exception_class = InvalidCoordinatesException\n        elif status in ErrorCode.INVALID_SESSION_ID:\n            exception_class = InvalidSessionIdException\n        elif status in ErrorCode.UNKNOWN_METHOD:\n            exception_class = UnknownMethodException\n        else:\n            exception_class = WebDriverException\n        if not value:\n            value = response[\"value\"]\n        if isinstance(value, str):\n            raise exception_class(value)\n        if message == \"\" and \"message\" in value:\n            message = value[\"message\"]\n    \n        screen = None  # type: ignore[assignment]\n        if \"screen\" in value:\n            screen = value[\"screen\"]\n    \n        stacktrace = None\n        st_value = value.get(\"stackTrace\") or value.get(\"stacktrace\")\n        if st_value:\n            if isinstance(st_value, str):\n                stacktrace = st_value.split(\"\\n\")\n            else:\n                stacktrace = []\n                try:\n                    for frame in st_value:\n                        line = frame.get(\"lineNumber\", \"\")\n                        file = frame.get(\"fileName\", \"<anonymous>\")\n                        if line:\n                            file = f\"{file}:{line}\"\n                        meth = frame.get(\"methodName\", \"<anonymous>\")\n                        if \"className\" in frame:\n                            meth = f\"{frame['className']}.{meth}\"\n                        msg = \"    at %s (%s)\"\n                        msg = msg % (meth, file)\n                        stacktrace.append(msg)\n                except TypeError:\n                    pass\n        if exception_class == UnexpectedAlertPresentException:\n            alert_text = None\n            if \"data\" in value:\n                alert_text = value[\"data\"].get(\"text\")\n            elif \"alert\" in value:\n                alert_text = value[\"alert\"].get(\"text\")\n            raise exception_class(message, screen, stacktrace, alert_text)  # type: ignore[call-arg]  # mypy is not smart enough here\n>       raise exception_class(message, screen, stacktrace)\nE       selenium.common.exceptions.NoSuchElementException: Message: no such element: Unable to locate element: {\"method\":\"css selector\",\"selector\":\"div.bannersHome__buttons > a[data-type='topbanner_trade_cfds_demo']\"}\nE         (Session info: headless chrome=109.0.5414.119)\nE       Stacktrace:\nE       #0 0x555e094fd303 <unknown>\nE       #1 0x555e092d1d37 <unknown>\nE       #2 0x555e0930e5b2 <unknown>\nE       #3 0x555e0930e6c1 <unknown>\nE       #4 0x555e09348b34 <unknown>\nE       #5 0x555e0932e9ad <unknown>\nE       #6 0x555e0934688c <unknown>\nE       #7 0x555e0932e753 <unknown>\nE       #8 0x555e09301a14 <unknown>\nE       #9 0x555e09302b7e <unknown>\nE       #10 0x555e0954c32e <unknown>\nE       #11 0x555e0954fc0e <unknown>\nE       #12 0x555e09532610 <unknown>\nE       #13 0x555e09550c23 <unknown>\nE       #14 0x555e09524545 <unknown>\nE       #15 0x555e095716a8 <unknown>\nE       #16 0x555e09571836 <unknown>\nE       #17 0x555e0958cd13 <unknown>\nE       #18 0x7fc1dbf5eb43 <unknown>\n\n../../../.cache/pypoetry/virtualenvs/testcapitalcom-G_ZVEfM_-py3.10/lib/python3.10/site-packages/selenium/webdriver/remote/errorhandler.py:245: NoSuchElementException","steps":[{"name":"Start test button 'Practise for free' on tab1 'Main' banner (for all License).","time":{"start":1675369545963,"stop":1675369562432,"duration":16469},"status":"broken","statusMessage":"selenium.common.exceptions.NoSuchElementException: Message: no such element: Unable to locate element: {\"method\":\"css selector\",\"selector\":\"div.bannersHome__buttons > a[data-type='topbanner_trade_cfds_demo']\"}\n  (Session info: headless chrome=109.0.5414.119)\nStacktrace:\n#0 0x555e094fd303 <unknown>\n#1 0x555e092d1d37 <unknown>\n#2 0x555e0930e5b2 <unknown>\n#3 0x555e0930e6c1 <unknown>\n#4 0x555e09348b34 <unknown>\n#5 0x555e0932e9ad <unknown>\n#6 0x555e0934688c <unknown>\n#7 0x555e0932e753 <unknown>\n#8 0x555e09301a14 <unknown>\n#9 0x555e09302b7e <unknown>\n#10 0x555e0954c32e <unknown>\n#11 0x555e0954fc0e <unknown>\n#12 0x555e09532610 <unknown>\n#13 0x555e09550c23 <unknown>\n#14 0x555e09524545 <unknown>\n#15 0x555e095716a8 <unknown>\n#16 0x555e09571836 <unknown>\n#17 0x555e0958cd13 <unknown>\n#18 0x7fc1dbf5eb43 <unknown>\n\n","statusTrace":"  File \"/home/runner/.cache/pypoetry/virtualenvs/testcapitalcom-G_ZVEfM_-py3.10/lib/python3.10/site-packages/allure_commons/_allure.py\", line 192, in impl\n    return func(*a, **kw)\n  File \"/home/runner/work/TestCapitalCom/TestCapitalCom/tests/capital_page_test.py\", line 314, in test_03_02_banner_main_tab1_button_practise_for_free\n    page.banner_main_tab1_button_practise_for_free_click()\n  File \"/home/runner/.cache/pypoetry/virtualenvs/testcapitalcom-G_ZVEfM_-py3.10/lib/python3.10/site-packages/allure_commons/_allure.py\", line 192, in impl\n    return func(*a, **kw)\n  File \"/home/runner/work/TestCapitalCom/TestCapitalCom/pages/capital_com/capital_page.py\", line 64, in banner_main_tab1_button_practise_for_free_click\n    self.browser.find_element(*MainBanner.TAB1_PRACTISE_FOR_FREE).click()\n  File \"/home/runner/.cache/pypoetry/virtualenvs/testcapitalcom-G_ZVEfM_-py3.10/lib/python3.10/site-packages/selenium/webdriver/remote/webdriver.py\", line 830, in find_element\n    return self.execute(Command.FIND_ELEMENT, {\"using\": by, \"value\": value})[\"value\"]\n  File \"/home/runner/.cache/pypoetry/virtualenvs/testcapitalcom-G_ZVEfM_-py3.10/lib/python3.10/site-packages/selenium/webdriver/remote/webdriver.py\", line 440, in execute\n    self.error_handler.check_response(response)\n  File \"/home/runner/.cache/pypoetry/virtualenvs/testcapitalcom-G_ZVEfM_-py3.10/lib/python3.10/site-packages/selenium/webdriver/remote/errorhandler.py\", line 245, in check_response\n    raise exception_class(message, screen, stacktrace)\n","steps":[{"name":"Set preconditions","time":{"start":1675369545963,"stop":1675369545963,"duration":0},"status":"passed","steps":[],"attachments":[],"parameters":[{"name":"d","value":"<selenium.webdriver.chrome.webdriver.WebDriver (session=\"71000e9b9648d10d26568948690bf0d9\")>"},{"name":"cur_login","value":"'Empty'"},{"name":"cur_password","value":"'Empty'"},{"name":"cur_role","value":"'NoReg'"},{"name":"cur_language","value":"''"},{"name":"cur_license","value":"'FCA'"}],"stepsCount":0,"attachmentsCount":0,"shouldDisplayMessage":false,"hasContent":true},{"name":"2023-02-02 19:27:19.642834. Click tab 'Spread betting'(tab1) on banner 'Main'.","time":{"start":1675369545968,"stop":1675369546172,"duration":204},"status":"passed","steps":[],"attachments":[],"parameters":[],"stepsCount":0,"attachmentsCount":0,"shouldDisplayMessage":false,"hasContent":false},{"name":"2023-02-02 19:27:19.642873.   Click button 'Practise for free' on banner 'Main' tab '1'.","time":{"start":1675369546172,"stop":1675369562432,"duration":16260},"status":"broken","statusMessage":"selenium.common.exceptions.NoSuchElementException: Message: no such element: Unable to locate element: {\"method\":\"css selector\",\"selector\":\"div.bannersHome__buttons > a[data-type='topbanner_trade_cfds_demo']\"}\n  (Session info: headless chrome=109.0.5414.119)\nStacktrace:\n#0 0x555e094fd303 <unknown>\n#1 0x555e092d1d37 <unknown>\n#2 0x555e0930e5b2 <unknown>\n#3 0x555e0930e6c1 <unknown>\n#4 0x555e09348b34 <unknown>\n#5 0x555e0932e9ad <unknown>\n#6 0x555e0934688c <unknown>\n#7 0x555e0932e753 <unknown>\n#8 0x555e09301a14 <unknown>\n#9 0x555e09302b7e <unknown>\n#10 0x555e0954c32e <unknown>\n#11 0x555e0954fc0e <unknown>\n#12 0x555e09532610 <unknown>\n#13 0x555e09550c23 <unknown>\n#14 0x555e09524545 <unknown>\n#15 0x555e095716a8 <unknown>\n#16 0x555e09571836 <unknown>\n#17 0x555e0958cd13 <unknown>\n#18 0x7fc1dbf5eb43 <unknown>\n\n","statusTrace":"  File \"/home/runner/.cache/pypoetry/virtualenvs/testcapitalcom-G_ZVEfM_-py3.10/lib/python3.10/site-packages/allure_commons/_allure.py\", line 192, in impl\n    return func(*a, **kw)\n  File \"/home/runner/work/TestCapitalCom/TestCapitalCom/pages/capital_com/capital_page.py\", line 64, in banner_main_tab1_button_practise_for_free_click\n    self.browser.find_element(*MainBanner.TAB1_PRACTISE_FOR_FREE).click()\n  File \"/home/runner/.cache/pypoetry/virtualenvs/testcapitalcom-G_ZVEfM_-py3.10/lib/python3.10/site-packages/selenium/webdriver/remote/webdriver.py\", line 830, in find_element\n    return self.execute(Command.FIND_ELEMENT, {\"using\": by, \"value\": value})[\"value\"]\n  File \"/home/runner/.cache/pypoetry/virtualenvs/testcapitalcom-G_ZVEfM_-py3.10/lib/python3.10/site-packages/selenium/webdriver/remote/webdriver.py\", line 440, in execute\n    self.error_handler.check_response(response)\n  File \"/home/runner/.cache/pypoetry/virtualenvs/testcapitalcom-G_ZVEfM_-py3.10/lib/python3.10/site-packages/selenium/webdriver/remote/errorhandler.py\", line 245, in check_response\n    raise exception_class(message, screen, stacktrace)\n","steps":[],"attachments":[],"parameters":[],"stepsCount":0,"attachmentsCount":0,"shouldDisplayMessage":true,"hasContent":true}],"attachments":[],"parameters":[{"name":"worker_id","value":"'gw0'"},{"name":"d","value":"<selenium.webdriver.chrome.webdriver.WebDriver (session=\"71000e9b9648d10d26568948690bf0d9\")>"},{"name":"cur_login","value":"'Empty'"},{"name":"cur_password","value":"'Empty'"},{"name":"cur_role","value":"'NoReg'"},{"name":"cur_language","value":"''"},{"name":"cur_license","value":"'FCA'"},{"name":"prob_run_tc","value":"None"},{"name":"datetime_now","value":"'2023-02-02 20:25:45.958683'"}],"stepsCount":3,"attachmentsCount":0,"shouldDisplayMessage":false,"hasContent":true}],"attachments":[{"uid":"b938909a4e9900be","name":"Screeshot","source":"b938909a4e9900be.png","type":"image/png","size":2603569},{"uid":"be869c1379a6b8a7","name":"log","source":"be869c1379a6b8a7.txt","type":"text/plain","size":1276},{"uid":"5f3742353ec674e5","name":"stdout","source":"5f3742353ec674e5.txt","type":"text/plain","size":16}],"parameters":[],"stepsCount":4,"attachmentsCount":3,"shouldDisplayMessage":true,"hasContent":true},"afterStages":[{"name":"go::0","time":{"start":1675377827589,"stop":1675377827847,"duration":258},"status":"passed","steps":[],"attachments":[],"parameters":[],"stepsCount":0,"attachmentsCount":0,"shouldDisplayMessage":false,"hasContent":false}],"labels":[{"name":"epic","value":"Testing capital.com. All language. All license"},{"name":"story","value":"S_03.02 | Testing 'Practise for free' button on the 1 tab 'Main' banner"},{"name":"feature","value":"F_03 | Testing '1' tab 'Main' banner. Only for 'En' language"},{"name":"tag","value":"@pytest.mark.xfail"},{"name":"parentSuite","value":"tests"},{"name":"suite","value":"capital_page_test"},{"name":"subSuite","value":"Tests"},{"name":"host","value":"fv-az257-554"},{"name":"thread","value":"2995-MainThread"},{"name":"framework","value":"pytest"},{"name":"language","value":"cpython3"},{"name":"package","value":"tests.capital_page_test"},{"name":"resultFormat","value":"allure2"}],"parameters":[{"name":"cur_language","value":"''"},{"name":"cur_license","value":"'FCA'"},{"name":"cur_login","value":"'Empty'"},{"name":"cur_password","value":"'Empty'"},{"name":"cur_role","value":"'NoReg'"},{"name":"go","value":"'chrome'"}],"links":[],"hidden":false,"retry":false,"extra":{"severity":"normal","retries":[],"categories":[],"history":{"statistic":{"failed":0,"broken":0,"skipped":3,"passed":0,"unknown":0,"total":3},"items":[{"uid":"53cd1b198f83efbb","reportUrl":"https://AlexTom22.github.io/TestCapitalCom/9//#testresult/53cd1b198f83efbb","status":"skipped","statusDetails":"XFAIL\n\nselenium.common.exceptions.NoSuchElementException: Message: no such element: Unable to locate element: {\"method\":\"css selector\",\"selector\":\"div.bannersHome__buttons > a[data-type='topbanner_trade_cfds_demo']\"}\n  (Session info: headless chrome=109.0.5414.74)\nStacktrace:\n#0 0x55a91fb67303 <unknown>\n#1 0x55a91f93bd37 <unknown>\n#2 0x55a91f9785b2 <unknown>\n#3 0x55a91f9786c1 <unknown>\n#4 0x55a91f9b2b34 <unknown>\n#5 0x55a91f9989ad <unknown>\n#6 0x55a91f9b088c <unknown>\n#7 0x55a91f998753 <unknown>\n#8 0x55a91f96ba14 <unknown>\n#9 0x55a91f96cb7e <unknown>\n#10 0x55a91fbb632e <unknown>\n#11 0x55a91fbb9c0e <unknown>\n#12 0x55a91fb9c610 <unknown>\n#13 0x55a91fbbac23 <unknown>\n#14 0x55a91fb8e545 <unknown>\n#15 0x55a91fbdb6a8 <unknown>\n#16 0x55a91fbdb836 <unknown>\n#17 0x55a91fbf6d13 <unknown>\n#18 0x7f96b5b2fb43 <unknown>","time":{"start":1674779393008,"stop":1674779409279,"duration":16271}},{"uid":"90951a84f21a2bf","reportUrl":"https://AlexTom22.github.io/TestCapitalCom/8//#testresult/90951a84f21a2bf","status":"skipped","statusDetails":"XFAIL\n\nselenium.common.exceptions.NoSuchElementException: Message: no such element: Unable to locate element: {\"method\":\"css selector\",\"selector\":\"div.bannersHome__buttons > a[data-type='topbanner_trade_cfds_demo']\"}\n  (Session info: headless chrome=109.0.5414.74)\nStacktrace:\n#0 0x564e5dc51303 <unknown>\n#1 0x564e5da25d37 <unknown>\n#2 0x564e5da625b2 <unknown>\n#3 0x564e5da626c1 <unknown>\n#4 0x564e5da9cb34 <unknown>\n#5 0x564e5da829ad <unknown>\n#6 0x564e5da9a88c <unknown>\n#7 0x564e5da82753 <unknown>\n#8 0x564e5da55a14 <unknown>\n#9 0x564e5da56b7e <unknown>\n#10 0x564e5dca032e <unknown>\n#11 0x564e5dca3c0e <unknown>\n#12 0x564e5dc86610 <unknown>\n#13 0x564e5dca4c23 <unknown>\n#14 0x564e5dc78545 <unknown>\n#15 0x564e5dcc56a8 <unknown>\n#16 0x564e5dcc5836 <unknown>\n#17 0x564e5dce0d13 <unknown>\n#18 0x7fe93815cb43 <unknown>","time":{"start":1674474697143,"stop":1674474713471,"duration":16328}}]},"tags":["@pytest.mark.xfail"]},"source":"d95187880365fd8c.json","parameterValues":["''","'FCA'","'Empty'","'Empty'","'NoReg'","'chrome'"]}