2023-01-27 00:33:13 ERROR Element not present after 0.5 seconds on page: https://capital.com/
2023-01-27 00:33:13 ERROR 
Traceback (most recent call last):
  File "/home/runner/work/TestCapitalCom/TestCapitalCom/pages/base_page.py", line 75, in inner_function
    return func(*args, **kwargs)
  File "/home/runner/work/TestCapitalCom/TestCapitalCom/pages/base_page.py", line 332, in element_is_clicable
    return Wait(self.browser, timeout).until(
  File "/home/runner/.cache/pypoetry/virtualenvs/testcapitalcom-G_ZVEfM_-py3.10/lib/python3.10/site-packages/selenium/webdriver/support/wait.py", line 95, in until
    raise TimeoutException(message, screen, stacktrace)
selenium.common.exceptions.TimeoutException: Message: 
Stacktrace:
#0 0x55a91fb67303 <unknown>
#1 0x55a91f93bd37 <unknown>
#2 0x55a91f9785b2 <unknown>
#3 0x55a91f9786c1 <unknown>
#4 0x55a91f9b2b34 <unknown>
#5 0x55a91f9989ad <unknown>
#6 0x55a91f9b088c <unknown>
#7 0x55a91f998753 <unknown>
#8 0x55a91f96ba14 <unknown>
#9 0x55a91f96cb7e <unknown>
#10 0x55a91fbb632e <unknown>
#11 0x55a91fbb9c0e <unknown>
#12 0x55a91fb9c610 <unknown>
#13 0x55a91fbbac23 <unknown>
#14 0x55a91fb8e545 <unknown>
#15 0x55a91fbdb6a8 <unknown>
#16 0x55a91fbdb836 <unknown>
#17 0x55a91fbf6d13 <unknown>
#18 0x7f96b5b2fb43 <unknown>