2023-03-01 08:54:44 ERROR Element not present after 0.5 seconds on page: https://capital.com/ar
2023-03-01 08:54:44 ERROR 
Traceback (most recent call last):
  File "/Users/runner/work/TestCapitalCom/TestCapitalCom/pages/base_page.py", line 78, in inner_function
    return func(*args, **kwargs)
           ^^^^^^^^^^^^^^^^^^^^^
  File "/Users/runner/work/TestCapitalCom/TestCapitalCom/pages/base_page.py", line 364, in element_is_clickable
    return Wait(self.browser, timeout).until(
           ^^^^^^^^^^^^^^^^^^^^^^^^^^^^^^^^^^
  File "/Users/runner/Library/Caches/pypoetry/virtualenvs/testcapitalcom-UU-N3UGl-py3.11/lib/python3.11/site-packages/selenium/webdriver/support/wait.py", line 95, in until
    raise TimeoutException(message, screen, stacktrace)
selenium.common.exceptions.TimeoutException: Message: 
Stacktrace:
0   chromedriver                        0x0000000101dc0138 chromedriver + 4923704
1   chromedriver                        0x0000000101d389d3 chromedriver + 4368851
2   chromedriver                        0x0000000101981787 chromedriver + 472967
3   chromedriver                        0x00000001019c5ba3 chromedriver + 752547
4   chromedriver                        0x00000001019c5df1 chromedriver + 753137
5   chromedriver                        0x0000000101a0c734 chromedriver + 1042228
6   chromedriver                        0x00000001019eefdd chromedriver + 921565
7   chromedriver                        0x0000000101a09c0f chromedriver + 1031183
8   chromedriver                        0x00000001019eed23 chromedriver + 920867
9   chromedriver                        0x00000001019b5a4b chromedriver + 686667
10  chromedriver                        0x00000001019b7044 chromedriver + 692292
11  chromedriver                        0x0000000101d8b8fe chromedriver + 4708606
12  chromedriver                        0x0000000101d90e22 chromedriver + 4730402
13  chromedriver                        0x0000000101d996bf chromedriver + 4765375
14  chromedriver                        0x0000000101d91e80 chromedriver + 4734592
15  chromedriver                        0x0000000101d62975 chromedriver + 4540789
16  chromedriver                        0x0000000101db3e78 chromedriver + 4873848
17  chromedriver                        0x0000000101db3ff5 chromedriver + 4874229
18  chromedriver                        0x0000000101dc86de chromedriver + 4957918
19  libsystem_pthread.dylib             0x00007ff80b2954e1 _pthread_start + 125
20  libsystem_pthread.dylib             0x00007ff80b290f6b thread_start + 15