{"uid":"89b5947b7bd1a337","name":"TC_03_01 with parameters: NoReg, , SEY.   2023-01-23 11:44:20.634073","fullName":"tests.capital_page_test.Tests#test_03_01_banner_main_tab1_button_trade_now","historyId":"df858f410458bd7837cb417257ae2f8f","time":{"start":1674474260636,"stop":1674474277062,"duration":16426},"description":"\n        Check: tab \"1\" -> button \"Trade now\"\n        Language: EN. License: All.\n        ","descriptionHtml":"<pre><code>    Check: tab &quot;1&quot; -&gt; button &quot;Trade now&quot;\n    Language: EN. License: All.\n</code></pre>\n","status":"skipped","statusMessage":"XFAIL\n\nselenium.common.exceptions.NoSuchElementException: Message: no such element: Unable to locate element: {\"method\":\"css selector\",\"selector\":\"div.bannersHome__buttons > a[data-type='topbanner_trade_cfds']\"}\n  (Session info: headless chrome=109.0.5414.74)\nStacktrace:\n#0 0x559256426303 <unknown>\n#1 0x5592561fad37 <unknown>\n#2 0x5592562375b2 <unknown>\n#3 0x5592562376c1 <unknown>\n#4 0x559256271b34 <unknown>\n#5 0x5592562579ad <unknown>\n#6 0x55925626f88c <unknown>\n#7 0x559256257753 <unknown>\n#8 0x55925622aa14 <unknown>\n#9 0x55925622bb7e <unknown>\n#10 0x55925647532e <unknown>\n#11 0x559256478c0e <unknown>\n#12 0x55925645b610 <unknown>\n#13 0x559256479c23 <unknown>\n#14 0x55925644d545 <unknown>\n#15 0x55925649a6a8 <unknown>\n#16 0x55925649a836 <unknown>\n#17 0x5592564b5d13 <unknown>\n#18 0x7fd5478bab43 <unknown>","statusTrace":"self = <tests.capital_page_test.Tests object at 0x7f9cd0c322c0>\nworker_id = 'gw1'\nd = <selenium.webdriver.chrome.webdriver.WebDriver (session=\"0f0c44ff803dbb8fc9d599c44ad61f39\")>\ncur_login = 'Empty', cur_password = 'Empty', cur_role = 'NoReg'\ncur_language = '', cur_license = 'SEY', prob_run_tc = None\ndatetime_now = '2023-01-23 11:44:20.634073'\n\n    @pytest.mark.xfail\n    @allure.feature(\"F_03 | Testing '1' tab 'Main' banner. Only for 'En' language\")\n    @allure.story(\"S_03.01 | Testing 'Trade Now' button on the 1 tab 'Main' banner\")\n    @allure.step(\"Start test button 'Trade Now' on tab1 'Main' banner (for all License).\")\n    @allure.title(\"TC_03_01 with parameters: {cur_role}, {cur_language}, {cur_license}.   {datetime_now}\")\n    def test_03_01_banner_main_tab1_button_trade_now(\n            self, worker_id, d, cur_login, cur_password, cur_role, cur_language, cur_license, prob_run_tc, datetime_now\n    ):\n        \"\"\"\n        Check: tab \"1\" -> button \"Trade now\"\n        Language: EN. License: All.\n        \"\"\"\n        # pytest.skip(\"missing in the current layout\")\n    \n        global test_link\n        global page\n    \n        print(f\"worker_id = {worker_id}\")\n    \n        if cur_language in [\"\"]:\n            self.preconditions(d, cur_login, cur_password, cur_role, cur_language, cur_license)\n    \n            page = CapitalPage(d, test_link)\n            if not page.current_page_is(test_link):\n                page.open_page()\n                print(f\"{datetime.datetime.now()}   Load page: {test_link}\")\n    \n            page.banner_main_tab1_click()\n>           page.banner_main_tab1_button_trade_now_click()\n\ntests/capital_page_test.py:270: \n_ _ _ _ _ _ _ _ _ _ _ _ _ _ _ _ _ _ _ _ _ _ _ _ _ _ _ _ _ _ _ _ _ _ _ _ _ _ _ _ \npages/capital_com/capital_page.py:59: in banner_main_tab1_button_trade_now_click\n    self.browser.find_element(*MainBanner.TAB1_TRADE_NOW).click()\n../../../.cache/pypoetry/virtualenvs/testcapitalcom-G_ZVEfM_-py3.10/lib/python3.10/site-packages/selenium/webdriver/remote/webdriver.py:861: in find_element\n    return self.execute(Command.FIND_ELEMENT, {\"using\": by, \"value\": value})[\"value\"]\n../../../.cache/pypoetry/virtualenvs/testcapitalcom-G_ZVEfM_-py3.10/lib/python3.10/site-packages/selenium/webdriver/remote/webdriver.py:444: in execute\n    self.error_handler.check_response(response)\n_ _ _ _ _ _ _ _ _ _ _ _ _ _ _ _ _ _ _ _ _ _ _ _ _ _ _ _ _ _ _ _ _ _ _ _ _ _ _ _ \n\nself = <selenium.webdriver.remote.errorhandler.ErrorHandler object at 0x7f9ccb25f490>\nresponse = {'status': 404, 'value': '{\"value\":{\"error\":\"no such element\",\"message\":\"no such element: Unable to locate element: {\\...\\\\n#16 0x55925649a836 \\\\u003Cunknown>\\\\n#17 0x5592564b5d13 \\\\u003Cunknown>\\\\n#18 0x7fd5478bab43 \\\\u003Cunknown>\\\\n\"}}'}\n\n    def check_response(self, response: Dict[str, Any]) -> None:\n        \"\"\"\n        Checks that a JSON response from the WebDriver does not have an error.\n    \n        :Args:\n         - response - The JSON response from the WebDriver server as a dictionary\n           object.\n    \n        :Raises: If the response contains an error message.\n        \"\"\"\n        status = response.get(\"status\", None)\n        if not status or status == ErrorCode.SUCCESS:\n            return\n        value = None\n        message = response.get(\"message\", \"\")\n        screen: str = response.get(\"screen\", \"\")\n        stacktrace = None\n        if isinstance(status, int):\n            value_json = response.get(\"value\", None)\n            if value_json and isinstance(value_json, str):\n                import json\n    \n                try:\n                    value = json.loads(value_json)\n                    if len(value.keys()) == 1:\n                        value = value[\"value\"]\n                    status = value.get(\"error\", None)\n                    if not status:\n                        status = value.get(\"status\", ErrorCode.UNKNOWN_ERROR)\n                        message = value.get(\"value\") or value.get(\"message\")\n                        if not isinstance(message, str):\n                            value = message\n                            message = message.get(\"message\")\n                    else:\n                        message = value.get(\"message\", None)\n                except ValueError:\n                    pass\n    \n        exception_class: Type[WebDriverException]\n        if status in ErrorCode.NO_SUCH_ELEMENT:\n            exception_class = NoSuchElementException\n        elif status in ErrorCode.NO_SUCH_FRAME:\n            exception_class = NoSuchFrameException\n        elif status in ErrorCode.NO_SUCH_SHADOW_ROOT:\n            exception_class = NoSuchShadowRootException\n        elif status in ErrorCode.NO_SUCH_WINDOW:\n            exception_class = NoSuchWindowException\n        elif status in ErrorCode.STALE_ELEMENT_REFERENCE:\n            exception_class = StaleElementReferenceException\n        elif status in ErrorCode.ELEMENT_NOT_VISIBLE:\n            exception_class = ElementNotVisibleException\n        elif status in ErrorCode.INVALID_ELEMENT_STATE:\n            exception_class = InvalidElementStateException\n        elif (\n            status in ErrorCode.INVALID_SELECTOR\n            or status in ErrorCode.INVALID_XPATH_SELECTOR\n            or status in ErrorCode.INVALID_XPATH_SELECTOR_RETURN_TYPER\n        ):\n            exception_class = InvalidSelectorException\n        elif status in ErrorCode.ELEMENT_IS_NOT_SELECTABLE:\n            exception_class = ElementNotSelectableException\n        elif status in ErrorCode.ELEMENT_NOT_INTERACTABLE:\n            exception_class = ElementNotInteractableException\n        elif status in ErrorCode.INVALID_COOKIE_DOMAIN:\n            exception_class = InvalidCookieDomainException\n        elif status in ErrorCode.UNABLE_TO_SET_COOKIE:\n            exception_class = UnableToSetCookieException\n        elif status in ErrorCode.TIMEOUT:\n            exception_class = TimeoutException\n        elif status in ErrorCode.SCRIPT_TIMEOUT:\n            exception_class = TimeoutException\n        elif status in ErrorCode.UNKNOWN_ERROR:\n            exception_class = WebDriverException\n        elif status in ErrorCode.UNEXPECTED_ALERT_OPEN:\n            exception_class = UnexpectedAlertPresentException\n        elif status in ErrorCode.NO_ALERT_OPEN:\n            exception_class = NoAlertPresentException\n        elif status in ErrorCode.IME_NOT_AVAILABLE:\n            exception_class = ImeNotAvailableException\n        elif status in ErrorCode.IME_ENGINE_ACTIVATION_FAILED:\n            exception_class = ImeActivationFailedException\n        elif status in ErrorCode.MOVE_TARGET_OUT_OF_BOUNDS:\n            exception_class = MoveTargetOutOfBoundsException\n        elif status in ErrorCode.JAVASCRIPT_ERROR:\n            exception_class = JavascriptException\n        elif status in ErrorCode.SESSION_NOT_CREATED:\n            exception_class = SessionNotCreatedException\n        elif status in ErrorCode.INVALID_ARGUMENT:\n            exception_class = InvalidArgumentException\n        elif status in ErrorCode.NO_SUCH_COOKIE:\n            exception_class = NoSuchCookieException\n        elif status in ErrorCode.UNABLE_TO_CAPTURE_SCREEN:\n            exception_class = ScreenshotException\n        elif status in ErrorCode.ELEMENT_CLICK_INTERCEPTED:\n            exception_class = ElementClickInterceptedException\n        elif status in ErrorCode.INSECURE_CERTIFICATE:\n            exception_class = InsecureCertificateException\n        elif status in ErrorCode.INVALID_COORDINATES:\n            exception_class = InvalidCoordinatesException\n        elif status in ErrorCode.INVALID_SESSION_ID:\n            exception_class = InvalidSessionIdException\n        elif status in ErrorCode.UNKNOWN_METHOD:\n            exception_class = UnknownMethodException\n        else:\n            exception_class = WebDriverException\n        if not value:\n            value = response[\"value\"]\n        if isinstance(value, str):\n            raise exception_class(value)\n        if message == \"\" and \"message\" in value:\n            message = value[\"message\"]\n    \n        screen = None  # type: ignore[assignment]\n        if \"screen\" in value:\n            screen = value[\"screen\"]\n    \n        stacktrace = None\n        st_value = value.get(\"stackTrace\") or value.get(\"stacktrace\")\n        if st_value:\n            if isinstance(st_value, str):\n                stacktrace = st_value.split(\"\\n\")\n            else:\n                stacktrace = []\n                try:\n                    for frame in st_value:\n                        line = frame.get(\"lineNumber\", \"\")\n                        file = frame.get(\"fileName\", \"<anonymous>\")\n                        if line:\n                            file = f\"{file}:{line}\"\n                        meth = frame.get(\"methodName\", \"<anonymous>\")\n                        if \"className\" in frame:\n                            meth = \"{}.{}\".format(frame[\"className\"], meth)\n                        msg = \"    at %s (%s)\"\n                        msg = msg % (meth, file)\n                        stacktrace.append(msg)\n                except TypeError:\n                    pass\n        if exception_class == UnexpectedAlertPresentException:\n            alert_text = None\n            if \"data\" in value:\n                alert_text = value[\"data\"].get(\"text\")\n            elif \"alert\" in value:\n                alert_text = value[\"alert\"].get(\"text\")\n            raise exception_class(message, screen, stacktrace, alert_text)  # type: ignore[call-arg]  # mypy is not smart enough here\n>       raise exception_class(message, screen, stacktrace)\nE       selenium.common.exceptions.NoSuchElementException: Message: no such element: Unable to locate element: {\"method\":\"css selector\",\"selector\":\"div.bannersHome__buttons > a[data-type='topbanner_trade_cfds']\"}\nE         (Session info: headless chrome=109.0.5414.74)\nE       Stacktrace:\nE       #0 0x559256426303 <unknown>\nE       #1 0x5592561fad37 <unknown>\nE       #2 0x5592562375b2 <unknown>\nE       #3 0x5592562376c1 <unknown>\nE       #4 0x559256271b34 <unknown>\nE       #5 0x5592562579ad <unknown>\nE       #6 0x55925626f88c <unknown>\nE       #7 0x559256257753 <unknown>\nE       #8 0x55925622aa14 <unknown>\nE       #9 0x55925622bb7e <unknown>\nE       #10 0x55925647532e <unknown>\nE       #11 0x559256478c0e <unknown>\nE       #12 0x55925645b610 <unknown>\nE       #13 0x559256479c23 <unknown>\nE       #14 0x55925644d545 <unknown>\nE       #15 0x55925649a6a8 <unknown>\nE       #16 0x55925649a836 <unknown>\nE       #17 0x5592564b5d13 <unknown>\nE       #18 0x7fd5478bab43 <unknown>\n\n../../../.cache/pypoetry/virtualenvs/testcapitalcom-G_ZVEfM_-py3.10/lib/python3.10/site-packages/selenium/webdriver/remote/errorhandler.py:249: NoSuchElementException","flaky":false,"newFailed":false,"newBroken":false,"newPassed":false,"retriesCount":0,"retriesStatusChange":false,"beforeStages":[{"name":"browser","time":{"start":1674471450075,"stop":1674471450075,"duration":0},"status":"passed","steps":[],"attachments":[],"parameters":[],"attachmentsCount":0,"shouldDisplayMessage":false,"hasContent":false,"stepsCount":0},{"name":"worker_id","time":{"start":1674471450075,"stop":1674471450075,"duration":0},"status":"passed","steps":[],"attachments":[],"parameters":[],"attachmentsCount":0,"shouldDisplayMessage":false,"hasContent":false,"stepsCount":0},{"name":"d","time":{"start":1674471450076,"stop":1674471451949,"duration":1873},"status":"passed","steps":[],"attachments":[],"parameters":[],"attachmentsCount":0,"shouldDisplayMessage":false,"hasContent":false,"stepsCount":0},{"name":"cur_role","time":{"start":1674471451949,"stop":1674471451950,"duration":1},"status":"passed","steps":[],"attachments":[],"parameters":[],"attachmentsCount":0,"shouldDisplayMessage":false,"hasContent":false,"stepsCount":0},{"name":"go","time":{"start":1674471451949,"stop":1674471451949,"duration":0},"status":"passed","steps":[],"attachments":[],"parameters":[],"attachmentsCount":0,"shouldDisplayMessage":false,"hasContent":false,"stepsCount":0},{"name":"cur_language","time":{"start":1674474047568,"stop":1674474047568,"duration":0},"status":"passed","steps":[],"attachments":[],"parameters":[],"attachmentsCount":0,"shouldDisplayMessage":false,"hasContent":false,"stepsCount":0},{"name":"cur_license","time":{"start":1674474251795,"stop":1674474251795,"duration":0},"status":"passed","steps":[],"attachments":[],"parameters":[],"attachmentsCount":0,"shouldDisplayMessage":false,"hasContent":false,"stepsCount":0},{"name":"datetime_now","time":{"start":1674474260634,"stop":1674474260634,"duration":0},"status":"passed","steps":[],"attachments":[],"parameters":[],"attachmentsCount":0,"shouldDisplayMessage":false,"hasContent":false,"stepsCount":0},{"name":"prob_run_tc","time":{"start":1674474260634,"stop":1674474260634,"duration":0},"status":"passed","steps":[],"attachments":[],"parameters":[],"attachmentsCount":0,"shouldDisplayMessage":false,"hasContent":false,"stepsCount":0}],"testStage":{"description":"\n        Check: tab \"1\" -> button \"Trade now\"\n        Language: EN. License: All.\n        ","status":"skipped","statusMessage":"XFAIL\n\nselenium.common.exceptions.NoSuchElementException: Message: no such element: Unable to locate element: {\"method\":\"css selector\",\"selector\":\"div.bannersHome__buttons > a[data-type='topbanner_trade_cfds']\"}\n  (Session info: headless chrome=109.0.5414.74)\nStacktrace:\n#0 0x559256426303 <unknown>\n#1 0x5592561fad37 <unknown>\n#2 0x5592562375b2 <unknown>\n#3 0x5592562376c1 <unknown>\n#4 0x559256271b34 <unknown>\n#5 0x5592562579ad <unknown>\n#6 0x55925626f88c <unknown>\n#7 0x559256257753 <unknown>\n#8 0x55925622aa14 <unknown>\n#9 0x55925622bb7e <unknown>\n#10 0x55925647532e <unknown>\n#11 0x559256478c0e <unknown>\n#12 0x55925645b610 <unknown>\n#13 0x559256479c23 <unknown>\n#14 0x55925644d545 <unknown>\n#15 0x55925649a6a8 <unknown>\n#16 0x55925649a836 <unknown>\n#17 0x5592564b5d13 <unknown>\n#18 0x7fd5478bab43 <unknown>","statusTrace":"self = <tests.capital_page_test.Tests object at 0x7f9cd0c322c0>\nworker_id = 'gw1'\nd = <selenium.webdriver.chrome.webdriver.WebDriver (session=\"0f0c44ff803dbb8fc9d599c44ad61f39\")>\ncur_login = 'Empty', cur_password = 'Empty', cur_role = 'NoReg'\ncur_language = '', cur_license = 'SEY', prob_run_tc = None\ndatetime_now = '2023-01-23 11:44:20.634073'\n\n    @pytest.mark.xfail\n    @allure.feature(\"F_03 | Testing '1' tab 'Main' banner. Only for 'En' language\")\n    @allure.story(\"S_03.01 | Testing 'Trade Now' button on the 1 tab 'Main' banner\")\n    @allure.step(\"Start test button 'Trade Now' on tab1 'Main' banner (for all License).\")\n    @allure.title(\"TC_03_01 with parameters: {cur_role}, {cur_language}, {cur_license}.   {datetime_now}\")\n    def test_03_01_banner_main_tab1_button_trade_now(\n            self, worker_id, d, cur_login, cur_password, cur_role, cur_language, cur_license, prob_run_tc, datetime_now\n    ):\n        \"\"\"\n        Check: tab \"1\" -> button \"Trade now\"\n        Language: EN. License: All.\n        \"\"\"\n        # pytest.skip(\"missing in the current layout\")\n    \n        global test_link\n        global page\n    \n        print(f\"worker_id = {worker_id}\")\n    \n        if cur_language in [\"\"]:\n            self.preconditions(d, cur_login, cur_password, cur_role, cur_language, cur_license)\n    \n            page = CapitalPage(d, test_link)\n            if not page.current_page_is(test_link):\n                page.open_page()\n                print(f\"{datetime.datetime.now()}   Load page: {test_link}\")\n    \n            page.banner_main_tab1_click()\n>           page.banner_main_tab1_button_trade_now_click()\n\ntests/capital_page_test.py:270: \n_ _ _ _ _ _ _ _ _ _ _ _ _ _ _ _ _ _ _ _ _ _ _ _ _ _ _ _ _ _ _ _ _ _ _ _ _ _ _ _ \npages/capital_com/capital_page.py:59: in banner_main_tab1_button_trade_now_click\n    self.browser.find_element(*MainBanner.TAB1_TRADE_NOW).click()\n../../../.cache/pypoetry/virtualenvs/testcapitalcom-G_ZVEfM_-py3.10/lib/python3.10/site-packages/selenium/webdriver/remote/webdriver.py:861: in find_element\n    return self.execute(Command.FIND_ELEMENT, {\"using\": by, \"value\": value})[\"value\"]\n../../../.cache/pypoetry/virtualenvs/testcapitalcom-G_ZVEfM_-py3.10/lib/python3.10/site-packages/selenium/webdriver/remote/webdriver.py:444: in execute\n    self.error_handler.check_response(response)\n_ _ _ _ _ _ _ _ _ _ _ _ _ _ _ _ _ _ _ _ _ _ _ _ _ _ _ _ _ _ _ _ _ _ _ _ _ _ _ _ \n\nself = <selenium.webdriver.remote.errorhandler.ErrorHandler object at 0x7f9ccb25f490>\nresponse = {'status': 404, 'value': '{\"value\":{\"error\":\"no such element\",\"message\":\"no such element: Unable to locate element: {\\...\\\\n#16 0x55925649a836 \\\\u003Cunknown>\\\\n#17 0x5592564b5d13 \\\\u003Cunknown>\\\\n#18 0x7fd5478bab43 \\\\u003Cunknown>\\\\n\"}}'}\n\n    def check_response(self, response: Dict[str, Any]) -> None:\n        \"\"\"\n        Checks that a JSON response from the WebDriver does not have an error.\n    \n        :Args:\n         - response - The JSON response from the WebDriver server as a dictionary\n           object.\n    \n        :Raises: If the response contains an error message.\n        \"\"\"\n        status = response.get(\"status\", None)\n        if not status or status == ErrorCode.SUCCESS:\n            return\n        value = None\n        message = response.get(\"message\", \"\")\n        screen: str = response.get(\"screen\", \"\")\n        stacktrace = None\n        if isinstance(status, int):\n            value_json = response.get(\"value\", None)\n            if value_json and isinstance(value_json, str):\n                import json\n    \n                try:\n                    value = json.loads(value_json)\n                    if len(value.keys()) == 1:\n                        value = value[\"value\"]\n                    status = value.get(\"error\", None)\n                    if not status:\n                        status = value.get(\"status\", ErrorCode.UNKNOWN_ERROR)\n                        message = value.get(\"value\") or value.get(\"message\")\n                        if not isinstance(message, str):\n                            value = message\n                            message = message.get(\"message\")\n                    else:\n                        message = value.get(\"message\", None)\n                except ValueError:\n                    pass\n    \n        exception_class: Type[WebDriverException]\n        if status in ErrorCode.NO_SUCH_ELEMENT:\n            exception_class = NoSuchElementException\n        elif status in ErrorCode.NO_SUCH_FRAME:\n            exception_class = NoSuchFrameException\n        elif status in ErrorCode.NO_SUCH_SHADOW_ROOT:\n            exception_class = NoSuchShadowRootException\n        elif status in ErrorCode.NO_SUCH_WINDOW:\n            exception_class = NoSuchWindowException\n        elif status in ErrorCode.STALE_ELEMENT_REFERENCE:\n            exception_class = StaleElementReferenceException\n        elif status in ErrorCode.ELEMENT_NOT_VISIBLE:\n            exception_class = ElementNotVisibleException\n        elif status in ErrorCode.INVALID_ELEMENT_STATE:\n            exception_class = InvalidElementStateException\n        elif (\n            status in ErrorCode.INVALID_SELECTOR\n            or status in ErrorCode.INVALID_XPATH_SELECTOR\n            or status in ErrorCode.INVALID_XPATH_SELECTOR_RETURN_TYPER\n        ):\n            exception_class = InvalidSelectorException\n        elif status in ErrorCode.ELEMENT_IS_NOT_SELECTABLE:\n            exception_class = ElementNotSelectableException\n        elif status in ErrorCode.ELEMENT_NOT_INTERACTABLE:\n            exception_class = ElementNotInteractableException\n        elif status in ErrorCode.INVALID_COOKIE_DOMAIN:\n            exception_class = InvalidCookieDomainException\n        elif status in ErrorCode.UNABLE_TO_SET_COOKIE:\n            exception_class = UnableToSetCookieException\n        elif status in ErrorCode.TIMEOUT:\n            exception_class = TimeoutException\n        elif status in ErrorCode.SCRIPT_TIMEOUT:\n            exception_class = TimeoutException\n        elif status in ErrorCode.UNKNOWN_ERROR:\n            exception_class = WebDriverException\n        elif status in ErrorCode.UNEXPECTED_ALERT_OPEN:\n            exception_class = UnexpectedAlertPresentException\n        elif status in ErrorCode.NO_ALERT_OPEN:\n            exception_class = NoAlertPresentException\n        elif status in ErrorCode.IME_NOT_AVAILABLE:\n            exception_class = ImeNotAvailableException\n        elif status in ErrorCode.IME_ENGINE_ACTIVATION_FAILED:\n            exception_class = ImeActivationFailedException\n        elif status in ErrorCode.MOVE_TARGET_OUT_OF_BOUNDS:\n            exception_class = MoveTargetOutOfBoundsException\n        elif status in ErrorCode.JAVASCRIPT_ERROR:\n            exception_class = JavascriptException\n        elif status in ErrorCode.SESSION_NOT_CREATED:\n            exception_class = SessionNotCreatedException\n        elif status in ErrorCode.INVALID_ARGUMENT:\n            exception_class = InvalidArgumentException\n        elif status in ErrorCode.NO_SUCH_COOKIE:\n            exception_class = NoSuchCookieException\n        elif status in ErrorCode.UNABLE_TO_CAPTURE_SCREEN:\n            exception_class = ScreenshotException\n        elif status in ErrorCode.ELEMENT_CLICK_INTERCEPTED:\n            exception_class = ElementClickInterceptedException\n        elif status in ErrorCode.INSECURE_CERTIFICATE:\n            exception_class = InsecureCertificateException\n        elif status in ErrorCode.INVALID_COORDINATES:\n            exception_class = InvalidCoordinatesException\n        elif status in ErrorCode.INVALID_SESSION_ID:\n            exception_class = InvalidSessionIdException\n        elif status in ErrorCode.UNKNOWN_METHOD:\n            exception_class = UnknownMethodException\n        else:\n            exception_class = WebDriverException\n        if not value:\n            value = response[\"value\"]\n        if isinstance(value, str):\n            raise exception_class(value)\n        if message == \"\" and \"message\" in value:\n            message = value[\"message\"]\n    \n        screen = None  # type: ignore[assignment]\n        if \"screen\" in value:\n            screen = value[\"screen\"]\n    \n        stacktrace = None\n        st_value = value.get(\"stackTrace\") or value.get(\"stacktrace\")\n        if st_value:\n            if isinstance(st_value, str):\n                stacktrace = st_value.split(\"\\n\")\n            else:\n                stacktrace = []\n                try:\n                    for frame in st_value:\n                        line = frame.get(\"lineNumber\", \"\")\n                        file = frame.get(\"fileName\", \"<anonymous>\")\n                        if line:\n                            file = f\"{file}:{line}\"\n                        meth = frame.get(\"methodName\", \"<anonymous>\")\n                        if \"className\" in frame:\n                            meth = \"{}.{}\".format(frame[\"className\"], meth)\n                        msg = \"    at %s (%s)\"\n                        msg = msg % (meth, file)\n                        stacktrace.append(msg)\n                except TypeError:\n                    pass\n        if exception_class == UnexpectedAlertPresentException:\n            alert_text = None\n            if \"data\" in value:\n                alert_text = value[\"data\"].get(\"text\")\n            elif \"alert\" in value:\n                alert_text = value[\"alert\"].get(\"text\")\n            raise exception_class(message, screen, stacktrace, alert_text)  # type: ignore[call-arg]  # mypy is not smart enough here\n>       raise exception_class(message, screen, stacktrace)\nE       selenium.common.exceptions.NoSuchElementException: Message: no such element: Unable to locate element: {\"method\":\"css selector\",\"selector\":\"div.bannersHome__buttons > a[data-type='topbanner_trade_cfds']\"}\nE         (Session info: headless chrome=109.0.5414.74)\nE       Stacktrace:\nE       #0 0x559256426303 <unknown>\nE       #1 0x5592561fad37 <unknown>\nE       #2 0x5592562375b2 <unknown>\nE       #3 0x5592562376c1 <unknown>\nE       #4 0x559256271b34 <unknown>\nE       #5 0x5592562579ad <unknown>\nE       #6 0x55925626f88c <unknown>\nE       #7 0x559256257753 <unknown>\nE       #8 0x55925622aa14 <unknown>\nE       #9 0x55925622bb7e <unknown>\nE       #10 0x55925647532e <unknown>\nE       #11 0x559256478c0e <unknown>\nE       #12 0x55925645b610 <unknown>\nE       #13 0x559256479c23 <unknown>\nE       #14 0x55925644d545 <unknown>\nE       #15 0x55925649a6a8 <unknown>\nE       #16 0x55925649a836 <unknown>\nE       #17 0x5592564b5d13 <unknown>\nE       #18 0x7fd5478bab43 <unknown>\n\n../../../.cache/pypoetry/virtualenvs/testcapitalcom-G_ZVEfM_-py3.10/lib/python3.10/site-packages/selenium/webdriver/remote/errorhandler.py:249: NoSuchElementException","steps":[{"name":"Start test button 'Trade Now' on tab1 'Main' banner (for all License).","time":{"start":1674474260636,"stop":1674474277062,"duration":16426},"status":"broken","statusMessage":"selenium.common.exceptions.NoSuchElementException: Message: no such element: Unable to locate element: {\"method\":\"css selector\",\"selector\":\"div.bannersHome__buttons > a[data-type='topbanner_trade_cfds']\"}\n  (Session info: headless chrome=109.0.5414.74)\nStacktrace:\n#0 0x559256426303 <unknown>\n#1 0x5592561fad37 <unknown>\n#2 0x5592562375b2 <unknown>\n#3 0x5592562376c1 <unknown>\n#4 0x559256271b34 <unknown>\n#5 0x5592562579ad <unknown>\n#6 0x55925626f88c <unknown>\n#7 0x559256257753 <unknown>\n#8 0x55925622aa14 <unknown>\n#9 0x55925622bb7e <unknown>\n#10 0x55925647532e <unknown>\n#11 0x559256478c0e <unknown>\n#12 0x55925645b610 <unknown>\n#13 0x559256479c23 <unknown>\n#14 0x55925644d545 <unknown>\n#15 0x55925649a6a8 <unknown>\n#16 0x55925649a836 <unknown>\n#17 0x5592564b5d13 <unknown>\n#18 0x7fd5478bab43 <unknown>\n\n","statusTrace":"  File \"/home/runner/.cache/pypoetry/virtualenvs/testcapitalcom-G_ZVEfM_-py3.10/lib/python3.10/site-packages/allure_commons/_allure.py\", line 192, in impl\n    return func(*a, **kw)\n  File \"/home/runner/work/TestCapitalCom/TestCapitalCom/tests/capital_page_test.py\", line 270, in test_03_01_banner_main_tab1_button_trade_now\n    page.banner_main_tab1_button_trade_now_click()\n  File \"/home/runner/.cache/pypoetry/virtualenvs/testcapitalcom-G_ZVEfM_-py3.10/lib/python3.10/site-packages/allure_commons/_allure.py\", line 192, in impl\n    return func(*a, **kw)\n  File \"/home/runner/work/TestCapitalCom/TestCapitalCom/pages/capital_com/capital_page.py\", line 59, in banner_main_tab1_button_trade_now_click\n    self.browser.find_element(*MainBanner.TAB1_TRADE_NOW).click()\n  File \"/home/runner/.cache/pypoetry/virtualenvs/testcapitalcom-G_ZVEfM_-py3.10/lib/python3.10/site-packages/selenium/webdriver/remote/webdriver.py\", line 861, in find_element\n    return self.execute(Command.FIND_ELEMENT, {\"using\": by, \"value\": value})[\"value\"]\n  File \"/home/runner/.cache/pypoetry/virtualenvs/testcapitalcom-G_ZVEfM_-py3.10/lib/python3.10/site-packages/selenium/webdriver/remote/webdriver.py\", line 444, in execute\n    self.error_handler.check_response(response)\n  File \"/home/runner/.cache/pypoetry/virtualenvs/testcapitalcom-G_ZVEfM_-py3.10/lib/python3.10/site-packages/selenium/webdriver/remote/errorhandler.py\", line 249, in check_response\n    raise exception_class(message, screen, stacktrace)\n","steps":[{"name":"Set preconditions","time":{"start":1674474260636,"stop":1674474260636,"duration":0},"status":"passed","steps":[],"attachments":[],"parameters":[{"name":"d","value":"<selenium.webdriver.chrome.webdriver.WebDriver (session=\"0f0c44ff803dbb8fc9d599c44ad61f39\")>"},{"name":"cur_login","value":"'Empty'"},{"name":"cur_password","value":"'Empty'"},{"name":"cur_role","value":"'NoReg'"},{"name":"cur_language","value":"''"},{"name":"cur_license","value":"'SEY'"}],"attachmentsCount":0,"shouldDisplayMessage":false,"hasContent":true,"stepsCount":0},{"name":"2023-01-23 10:57:26.394863. Click tab 'Spread betting'(tab1) on banner 'Main'.","time":{"start":1674474260641,"stop":1674474260874,"duration":233},"status":"passed","steps":[],"attachments":[],"parameters":[],"attachmentsCount":0,"shouldDisplayMessage":false,"hasContent":false,"stepsCount":0},{"name":"2023-01-23 10:57:26.394906.   Click button 'Trade now' on banner 'Main' tab '1'.","time":{"start":1674474260874,"stop":1674474277061,"duration":16187},"status":"broken","statusMessage":"selenium.common.exceptions.NoSuchElementException: Message: no such element: Unable to locate element: {\"method\":\"css selector\",\"selector\":\"div.bannersHome__buttons > a[data-type='topbanner_trade_cfds']\"}\n  (Session info: headless chrome=109.0.5414.74)\nStacktrace:\n#0 0x559256426303 <unknown>\n#1 0x5592561fad37 <unknown>\n#2 0x5592562375b2 <unknown>\n#3 0x5592562376c1 <unknown>\n#4 0x559256271b34 <unknown>\n#5 0x5592562579ad <unknown>\n#6 0x55925626f88c <unknown>\n#7 0x559256257753 <unknown>\n#8 0x55925622aa14 <unknown>\n#9 0x55925622bb7e <unknown>\n#10 0x55925647532e <unknown>\n#11 0x559256478c0e <unknown>\n#12 0x55925645b610 <unknown>\n#13 0x559256479c23 <unknown>\n#14 0x55925644d545 <unknown>\n#15 0x55925649a6a8 <unknown>\n#16 0x55925649a836 <unknown>\n#17 0x5592564b5d13 <unknown>\n#18 0x7fd5478bab43 <unknown>\n\n","statusTrace":"  File \"/home/runner/.cache/pypoetry/virtualenvs/testcapitalcom-G_ZVEfM_-py3.10/lib/python3.10/site-packages/allure_commons/_allure.py\", line 192, in impl\n    return func(*a, **kw)\n  File \"/home/runner/work/TestCapitalCom/TestCapitalCom/pages/capital_com/capital_page.py\", line 59, in banner_main_tab1_button_trade_now_click\n    self.browser.find_element(*MainBanner.TAB1_TRADE_NOW).click()\n  File \"/home/runner/.cache/pypoetry/virtualenvs/testcapitalcom-G_ZVEfM_-py3.10/lib/python3.10/site-packages/selenium/webdriver/remote/webdriver.py\", line 861, in find_element\n    return self.execute(Command.FIND_ELEMENT, {\"using\": by, \"value\": value})[\"value\"]\n  File \"/home/runner/.cache/pypoetry/virtualenvs/testcapitalcom-G_ZVEfM_-py3.10/lib/python3.10/site-packages/selenium/webdriver/remote/webdriver.py\", line 444, in execute\n    self.error_handler.check_response(response)\n  File \"/home/runner/.cache/pypoetry/virtualenvs/testcapitalcom-G_ZVEfM_-py3.10/lib/python3.10/site-packages/selenium/webdriver/remote/errorhandler.py\", line 249, in check_response\n    raise exception_class(message, screen, stacktrace)\n","steps":[],"attachments":[],"parameters":[],"attachmentsCount":0,"shouldDisplayMessage":true,"hasContent":true,"stepsCount":0}],"attachments":[],"parameters":[{"name":"worker_id","value":"'gw1'"},{"name":"d","value":"<selenium.webdriver.chrome.webdriver.WebDriver (session=\"0f0c44ff803dbb8fc9d599c44ad61f39\")>"},{"name":"cur_login","value":"'Empty'"},{"name":"cur_password","value":"'Empty'"},{"name":"cur_role","value":"'NoReg'"},{"name":"cur_language","value":"''"},{"name":"cur_license","value":"'SEY'"},{"name":"prob_run_tc","value":"None"},{"name":"datetime_now","value":"'2023-01-23 11:44:20.634073'"}],"attachmentsCount":0,"shouldDisplayMessage":false,"hasContent":true,"stepsCount":3}],"attachments":[{"uid":"24bb3d8c05f78095","name":"Screeshot","source":"24bb3d8c05f78095.png","type":"image/png","size":2655898},{"uid":"6d6b3f2e912b43bb","name":"log","source":"6d6b3f2e912b43bb.txt","type":"text/plain","size":1276},{"uid":"128d83f891139771","name":"stdout","source":"128d83f891139771.txt","type":"text/plain","size":16}],"parameters":[],"attachmentsCount":3,"shouldDisplayMessage":true,"hasContent":true,"stepsCount":4},"afterStages":[{"name":"go::0","time":{"start":1674482985266,"stop":1674482985623,"duration":357},"status":"passed","steps":[],"attachments":[],"parameters":[],"attachmentsCount":0,"shouldDisplayMessage":false,"hasContent":false,"stepsCount":0}],"labels":[{"name":"feature","value":"F_03 | Testing '1' tab 'Main' banner. Only for 'En' language"},{"name":"story","value":"S_03.01 | Testing 'Trade Now' button on the 1 tab 'Main' banner"},{"name":"epic","value":"Testing capital.com. All language. All license"},{"name":"tag","value":"@pytest.mark.xfail"},{"name":"parentSuite","value":"tests"},{"name":"suite","value":"capital_page_test"},{"name":"subSuite","value":"Tests"},{"name":"host","value":"fv-az262-984"},{"name":"thread","value":"2958-MainThread"},{"name":"framework","value":"pytest"},{"name":"language","value":"cpython3"},{"name":"package","value":"tests.capital_page_test"},{"name":"resultFormat","value":"allure2"}],"parameters":[{"name":"cur_language","value":"''"},{"name":"cur_license","value":"'SEY'"},{"name":"cur_login","value":"'Empty'"},{"name":"cur_password","value":"'Empty'"},{"name":"cur_role","value":"'NoReg'"},{"name":"go","value":"'chrome'"}],"links":[],"hidden":false,"retry":false,"extra":{"severity":"normal","retries":[],"categories":[],"tags":["@pytest.mark.xfail"]},"source":"89b5947b7bd1a337.json","parameterValues":["''","'SEY'","'Empty'","'Empty'","'NoReg'","'chrome'"]}