2023-03-02 14:14:17 ERROR Element not present after 0.5 seconds on page: https://capital.com/china-construction-bank-corporation-definition
2023-03-02 14:14:17 ERROR 
Traceback (most recent call last):
  File "/home/runner/work/TestCapitalCom/TestCapitalCom/pages/base_page.py", line 78, in inner_function
    return func(*args, **kwargs)
  File "/home/runner/work/TestCapitalCom/TestCapitalCom/pages/base_page.py", line 364, in element_is_clickable
    return Wait(self.browser, timeout).until(
  File "/home/runner/.cache/pypoetry/virtualenvs/testcapitalcom-G_ZVEfM_-py3.10/lib/python3.10/site-packages/selenium/webdriver/support/wait.py", line 95, in until
    raise TimeoutException(message, screen, stacktrace)
selenium.common.exceptions.TimeoutException: Message: