2023-03-14 14:10:53 ERROR Element not present after 0.5 seconds on page: https://capital.com/de/working-order-definition
2023-03-14 14:10:53 ERROR 
Traceback (most recent call last):
  File "/home/runner/work/TestCapitalCom/TestCapitalCom/pages/base_page.py", line 80, in inner_function
    return func(*args, **kwargs)
           ^^^^^^^^^^^^^^^^^^^^^
  File "/home/runner/work/TestCapitalCom/TestCapitalCom/pages/base_page.py", line 351, in element_is_visible
    return Wait(self.browser, timeout).until(
           ^^^^^^^^^^^^^^^^^^^^^^^^^^^^^^^^^^
  File "/home/runner/.cache/pypoetry/virtualenvs/testcapitalcom-G_ZVEfM_-py3.11/lib/python3.11/site-packages/selenium/webdriver/support/wait.py", line 95, in until
    raise TimeoutException(message, screen, stacktrace)
selenium.common.exceptions.TimeoutException: Message: 
Stacktrace:
#0 0x55d92da8cd93 <unknown>
#1 0x55d92d85b2d7 <unknown>
#2 0x55d92d897caa <unknown>
#3 0x55d92d897db1 <unknown>
#4 0x55d92d8d58f4 <unknown>
#5 0x55d92d8bb61d <unknown>
#6 0x55d92d8d3619 <unknown>
#7 0x55d92d8bb353 <unknown>
#8 0x55d92d88ae40 <unknown>
#9 0x55d92d88c038 <unknown>
#10 0x55d92dae08be <unknown>
#11 0x55d92dae48f0 <unknown>
#12 0x55d92dac4f90 <unknown>
#13 0x55d92dae5b7d <unknown>
#14 0x55d92dab6578 <unknown>
#15 0x55d92db0a348 <unknown>
#16 0x55d92db0a4d6 <unknown>
#17 0x55d92db24341 <unknown>
#18 0x7fbff103eb43 <unknown>