2023-03-14 14:06:19 ERROR Element not present after 0.5 seconds on page: https://capital.com/de/tagesauftrag-definition
2023-03-14 14:06:19 ERROR 
Traceback (most recent call last):
  File "/home/runner/work/TestCapitalCom/TestCapitalCom/pages/base_page.py", line 80, in inner_function
    return func(*args, **kwargs)
           ^^^^^^^^^^^^^^^^^^^^^
  File "/home/runner/work/TestCapitalCom/TestCapitalCom/pages/base_page.py", line 351, in element_is_visible
    return Wait(self.browser, timeout).until(
           ^^^^^^^^^^^^^^^^^^^^^^^^^^^^^^^^^^
  File "/home/runner/.cache/pypoetry/virtualenvs/testcapitalcom-G_ZVEfM_-py3.11/lib/python3.11/site-packages/selenium/webdriver/support/wait.py", line 95, in until
    raise TimeoutException(message, screen, stacktrace)
selenium.common.exceptions.TimeoutException: Message: 
Stacktrace:
#0 0x55e274464d93 <unknown>
#1 0x55e2742332d7 <unknown>
#2 0x55e27426fcaa <unknown>
#3 0x55e27426fdb1 <unknown>
#4 0x55e2742ad8f4 <unknown>
#5 0x55e27429361d <unknown>
#6 0x55e2742ab619 <unknown>
#7 0x55e274293353 <unknown>
#8 0x55e274262e40 <unknown>
#9 0x55e274264038 <unknown>
#10 0x55e2744b88be <unknown>
#11 0x55e2744bc8f0 <unknown>
#12 0x55e27449cf90 <unknown>
#13 0x55e2744bdb7d <unknown>
#14 0x55e27448e578 <unknown>
#15 0x55e2744e2348 <unknown>
#16 0x55e2744e24d6 <unknown>
#17 0x55e2744fc341 <unknown>
#18 0x7f5bda633b43 <unknown>