2023-01-23 11:44:54 ERROR Element not present after 0.5 seconds on page: https://capital.com/
2023-01-23 11:44:54 ERROR 
Traceback (most recent call last):
  File "/home/runner/work/TestCapitalCom/TestCapitalCom/pages/base_page.py", line 75, in inner_function
    return func(*args, **kwargs)
  File "/home/runner/work/TestCapitalCom/TestCapitalCom/pages/base_page.py", line 332, in element_is_clicable
    return Wait(self.browser, timeout).until(
  File "/home/runner/.cache/pypoetry/virtualenvs/testcapitalcom-G_ZVEfM_-py3.10/lib/python3.10/site-packages/selenium/webdriver/support/wait.py", line 95, in until
    raise TimeoutException(message, screen, stacktrace)
selenium.common.exceptions.TimeoutException: Message: 
Stacktrace:
#0 0x559256426303 <unknown>
#1 0x5592561fad37 <unknown>
#2 0x5592562375b2 <unknown>
#3 0x5592562376c1 <unknown>
#4 0x559256271b34 <unknown>
#5 0x5592562579ad <unknown>
#6 0x55925626f88c <unknown>
#7 0x559256257753 <unknown>
#8 0x55925622aa14 <unknown>
#9 0x55925622bb7e <unknown>
#10 0x55925647532e <unknown>
#11 0x559256478c0e <unknown>
#12 0x55925645b610 <unknown>
#13 0x559256479c23 <unknown>
#14 0x55925644d545 <unknown>
#15 0x55925649a6a8 <unknown>
#16 0x55925649a836 <unknown>
#17 0x5592564b5d13 <unknown>
#18 0x7fd5478bab43 <unknown>