2023-01-23 11:51:23 ERROR Element not present after 0.5 seconds on page: https://capital.com/
2023-01-23 11:51:23 ERROR 
Traceback (most recent call last):
  File "/home/runner/work/TestCapitalCom/TestCapitalCom/pages/base_page.py", line 75, in inner_function
    return func(*args, **kwargs)
  File "/home/runner/work/TestCapitalCom/TestCapitalCom/pages/base_page.py", line 332, in element_is_clicable
    return Wait(self.browser, timeout).until(
  File "/home/runner/.cache/pypoetry/virtualenvs/testcapitalcom-G_ZVEfM_-py3.10/lib/python3.10/site-packages/selenium/webdriver/support/wait.py", line 95, in until
    raise TimeoutException(message, screen, stacktrace)
selenium.common.exceptions.TimeoutException: Message: 
Stacktrace:
#0 0x564e5dc51303 <unknown>
#1 0x564e5da25d37 <unknown>
#2 0x564e5da625b2 <unknown>
#3 0x564e5da626c1 <unknown>
#4 0x564e5da9cb34 <unknown>
#5 0x564e5da829ad <unknown>
#6 0x564e5da9a88c <unknown>
#7 0x564e5da82753 <unknown>
#8 0x564e5da55a14 <unknown>
#9 0x564e5da56b7e <unknown>
#10 0x564e5dca032e <unknown>
#11 0x564e5dca3c0e <unknown>
#12 0x564e5dc86610 <unknown>
#13 0x564e5dca4c23 <unknown>
#14 0x564e5dc78545 <unknown>
#15 0x564e5dcc56a8 <unknown>
#16 0x564e5dcc5836 <unknown>
#17 0x564e5dce0d13 <unknown>
#18 0x7fe93815cb43 <unknown>