2023-02-15 22:28:57 ERROR Could not find elements on page: https://capital.com/vi/?license=FCA
2023-02-15 22:28:57 ERROR no such element: Unable to locate element: {"method":"css selector","selector":"div.explore a.button-main.js_signup"}
  (Session info: chrome=109.0.5414.119)
Traceback (most recent call last):
  File "/home/runner/work/TestCapitalCom/TestCapitalCom/pages/base_page.py", line 175, in inner_function
    return func(*args, **kwargs)
  File "/home/runner/work/TestCapitalCom/TestCapitalCom/pages/base_page.py", line 273, in element_is_present
    return self.browser.find_element(method, locator)
  File "/home/runner/.cache/pypoetry/virtualenvs/testcapitalcom-G_ZVEfM_-py3.10/lib/python3.10/site-packages/selenium/webdriver/remote/webdriver.py", line 830, in find_element
    return self.execute(Command.FIND_ELEMENT, {"using": by, "value": value})["value"]
  File "/home/runner/.cache/pypoetry/virtualenvs/testcapitalcom-G_ZVEfM_-py3.10/lib/python3.10/site-packages/selenium/webdriver/remote/webdriver.py", line 440, in execute
    self.error_handler.check_response(response)
  File "/home/runner/.cache/pypoetry/virtualenvs/testcapitalcom-G_ZVEfM_-py3.10/lib/python3.10/site-packages/selenium/webdriver/remote/errorhandler.py", line 245, in check_response
    raise exception_class(message, screen, stacktrace)
selenium.common.exceptions.NoSuchElementException: Message: no such element: Unable to locate element: {"method":"css selector","selector":"div.explore a.button-main.js_signup"}
  (Session info: chrome=109.0.5414.119)
Stacktrace:
#0 0x5635fadc9303 <unknown>
#1 0x5635fab9dd37 <unknown>
#2 0x5635fabda5b2 <unknown>
#3 0x5635fabda6c1 <unknown>
#4 0x5635fac14b34 <unknown>
#5 0x5635fabfa9ad <unknown>
#6 0x5635fac1288c <unknown>
#7 0x5635fabfa753 <unknown>
#8 0x5635fabcda14 <unknown>
#9 0x5635fabceb7e <unknown>
#10 0x5635fae1832e <unknown>
#11 0x5635fae1bc0e <unknown>
#12 0x5635fadfe610 <unknown>
#13 0x5635fae1cc23 <unknown>
#14 0x5635fadf0545 <unknown>
#15 0x5635fae3d6a8 <unknown>
#16 0x5635fae3d836 <unknown>
#17 0x5635fae58d13 <unknown>
#18 0x7f59386e7b43 <unknown>