2023-02-15 21:34:29 ERROR Element not present after 0.5 seconds on page: https://capital.com/?license=ASIC
2023-02-15 21:34:29 ERROR 
Traceback (most recent call last):
  File "/home/runner/work/TestCapitalCom/TestCapitalCom/pages/base_page.py", line 79, in inner_function
    return func(*args, **kwargs)
  File "/home/runner/work/TestCapitalCom/TestCapitalCom/pages/base_page.py", line 364, in element_is_clickable
    return Wait(self.browser, timeout).until(
  File "/home/runner/.cache/pypoetry/virtualenvs/testcapitalcom-G_ZVEfM_-py3.10/lib/python3.10/site-packages/selenium/webdriver/support/wait.py", line 95, in until
    raise TimeoutException(message, screen, stacktrace)
selenium.common.exceptions.TimeoutException: Message: 
Stacktrace:
#0 0x55cd6cd8f303 <unknown>
#1 0x55cd6cb63d37 <unknown>
#2 0x55cd6cba05b2 <unknown>
#3 0x55cd6cba06c1 <unknown>
#4 0x55cd6cbdab34 <unknown>
#5 0x55cd6cbc09ad <unknown>
#6 0x55cd6cbd888c <unknown>
#7 0x55cd6cbc0753 <unknown>
#8 0x55cd6cb93a14 <unknown>
#9 0x55cd6cb94b7e <unknown>
#10 0x55cd6cdde32e <unknown>
#11 0x55cd6cde1c0e <unknown>
#12 0x55cd6cdc4610 <unknown>
#13 0x55cd6cde2c23 <unknown>
#14 0x55cd6cdb6545 <unknown>
#15 0x55cd6ce036a8 <unknown>
#16 0x55cd6ce03836 <unknown>
#17 0x55cd6ce1ed13 <unknown>
#18 0x7efe54cc8b43 <unknown>